[0.008s] Invoking command in '/home/russell/ROS2_REPAS/build/ur_moveit_config': CMAKE_PREFIX_PATH=${CMAKE_PREFIX_PATH}:/opt/ros/jazzy DEBUGINFOD_URLS=https://debuginfod.ubuntu.com /usr/bin/cmake /home/russell/ROS2_REPAS/src/Universal_Robots_ROS2_Driver/ur_moveit_config -DCMAKE_INSTALL_PREFIX=/home/russell/ROS2_REPAS/install/ur_moveit_config
[0.122s] -- Found ament_cmake: 2.5.3 (/opt/ros/jazzy/share/ament_cmake/cmake)
[0.284s] -- Found Python3: /usr/bin/python3 (found version "3.12.3") found components: Interpreter 
[0.509s] -- Configuring done (0.5s)
[0.513s] -- Generating done (0.0s)
[0.515s] -- Build files have been written to: /home/russell/ROS2_REPAS/build/ur_moveit_config
[0.521s] Invoked command in '/home/russell/ROS2_REPAS/build/ur_moveit_config' returned '0': CMAKE_PREFIX_PATH=${CMAKE_PREFIX_PATH}:/opt/ros/jazzy DEBUGINFOD_URLS=https://debuginfod.ubuntu.com /usr/bin/cmake /home/russell/ROS2_REPAS/src/Universal_Robots_ROS2_Driver/ur_moveit_config -DCMAKE_INSTALL_PREFIX=/home/russell/ROS2_REPAS/install/ur_moveit_config
[0.521s] Invoking command in '/home/russell/ROS2_REPAS/build/ur_moveit_config': CMAKE_PREFIX_PATH=${CMAKE_PREFIX_PATH}:/opt/ros/jazzy DEBUGINFOD_URLS=https://debuginfod.ubuntu.com /usr/bin/cmake --build /home/russell/ROS2_REPAS/build/ur_moveit_config -- -j24 -l24
[0.564s] Invoked command in '/home/russell/ROS2_REPAS/build/ur_moveit_config' returned '0': CMAKE_PREFIX_PATH=${CMAKE_PREFIX_PATH}:/opt/ros/jazzy DEBUGINFOD_URLS=https://debuginfod.ubuntu.com /usr/bin/cmake --build /home/russell/ROS2_REPAS/build/ur_moveit_config -- -j24 -l24
[0.574s] Invoking command in '/home/russell/ROS2_REPAS/build/ur_moveit_config': CMAKE_PREFIX_PATH=${CMAKE_PREFIX_PATH}:/opt/ros/jazzy DEBUGINFOD_URLS=https://debuginfod.ubuntu.com /usr/bin/cmake --install /home/russell/ROS2_REPAS/build/ur_moveit_config
[0.582s] -- Install configuration: ""
[0.582s] -- Installing: /home/russell/ROS2_REPAS/install/ur_moveit_config/share/ament_index/resource_index/package_run_dependencies/ur_moveit_config
[0.582s] -- Installing: /home/russell/ROS2_REPAS/install/ur_moveit_config/share/ament_index/resource_index/parent_prefix_path/ur_moveit_config
[0.582s] -- Installing: /home/russell/ROS2_REPAS/install/ur_moveit_config/share/ur_moveit_config/environment/ament_prefix_path.sh
[0.583s] -- Installing: /home/russell/ROS2_REPAS/install/ur_moveit_config/share/ur_moveit_config/environment/ament_prefix_path.dsv
[0.583s] -- Installing: /home/russell/ROS2_REPAS/install/ur_moveit_config/share/ur_moveit_config/environment/path.sh
[0.583s] -- Installing: /home/russell/ROS2_REPAS/install/ur_moveit_config/share/ur_moveit_config/environment/path.dsv
[0.583s] -- Installing: /home/russell/ROS2_REPAS/install/ur_moveit_config/share/ur_moveit_config/local_setup.bash
[0.583s] -- Installing: /home/russell/ROS2_REPAS/install/ur_moveit_config/share/ur_moveit_config/local_setup.sh
[0.583s] -- Installing: /home/russell/ROS2_REPAS/install/ur_moveit_config/share/ur_moveit_config/local_setup.zsh
[0.584s] -- Installing: /home/russell/ROS2_REPAS/install/ur_moveit_config/share/ur_moveit_config/local_setup.dsv
[0.584s] -- Installing: /home/russell/ROS2_REPAS/install/ur_moveit_config/share/ur_moveit_config/package.dsv
[0.584s] -- Installing: /home/russell/ROS2_REPAS/install/ur_moveit_config/share/ament_index/resource_index/packages/ur_moveit_config
[0.584s] -- Installing: /home/russell/ROS2_REPAS/install/ur_moveit_config/share/ur_moveit_config/cmake/ur_moveit_configConfig.cmake
[0.584s] -- Installing: /home/russell/ROS2_REPAS/install/ur_moveit_config/share/ur_moveit_config/cmake/ur_moveit_configConfig-version.cmake
[0.585s] -- Installing: /home/russell/ROS2_REPAS/install/ur_moveit_config/share/ur_moveit_config/package.xml
[0.585s] -- Installing: /home/russell/ROS2_REPAS/install/ur_moveit_config/share/ur_moveit_config/config
[0.585s] -- Installing: /home/russell/ROS2_REPAS/install/ur_moveit_config/share/ur_moveit_config/config/moveit.rviz
[0.585s] -- Installing: /home/russell/ROS2_REPAS/install/ur_moveit_config/share/ur_moveit_config/config/moveit_controllers.yaml
[0.585s] -- Installing: /home/russell/ROS2_REPAS/install/ur_moveit_config/share/ur_moveit_config/config/pilz_industrial_motion_planner_planning.yaml
[0.585s] -- Installing: /home/russell/ROS2_REPAS/install/ur_moveit_config/share/ur_moveit_config/config/ompl_planning.yaml
[0.586s] -- Installing: /home/russell/ROS2_REPAS/install/ur_moveit_config/share/ur_moveit_config/config/pilz_cartesian_limits.yaml
[0.586s] -- Installing: /home/russell/ROS2_REPAS/install/ur_moveit_config/share/ur_moveit_config/config/ur_servo.yaml
[0.586s] -- Installing: /home/russell/ROS2_REPAS/install/ur_moveit_config/share/ur_moveit_config/config/joint_limits.yaml
[0.586s] -- Installing: /home/russell/ROS2_REPAS/install/ur_moveit_config/share/ur_moveit_config/config/chomp_planning.yaml
[0.586s] -- Installing: /home/russell/ROS2_REPAS/install/ur_moveit_config/share/ur_moveit_config/config/kinematics.yaml
[0.586s] -- Installing: /home/russell/ROS2_REPAS/install/ur_moveit_config/share/ur_moveit_config/launch
[0.586s] -- Installing: /home/russell/ROS2_REPAS/install/ur_moveit_config/share/ur_moveit_config/launch/ur_moveit.launch.py
[0.586s] -- Installing: /home/russell/ROS2_REPAS/install/ur_moveit_config/share/ur_moveit_config/srdf
[0.586s] -- Installing: /home/russell/ROS2_REPAS/install/ur_moveit_config/share/ur_moveit_config/srdf/ur_macro.srdf.xacro
[0.586s] -- Installing: /home/russell/ROS2_REPAS/install/ur_moveit_config/share/ur_moveit_config/srdf/ur.srdf.xacro
[0.587s] Invoked command in '/home/russell/ROS2_REPAS/build/ur_moveit_config' returned '0': CMAKE_PREFIX_PATH=${CMAKE_PREFIX_PATH}:/opt/ros/jazzy DEBUGINFOD_URLS=https://debuginfod.ubuntu.com /usr/bin/cmake --install /home/russell/ROS2_REPAS/build/ur_moveit_config
