[0.008s] Invoking command in '/home/russell/ROS2_REPAS/build/ur_moveit_config': CMAKE_PREFIX_PATH=/home/russell/ROS2_REPAS/install/ur_description:/home/russell/ROS2_REPAS/install/ur_simulation_gz:/home/russell/ROS2_REPAS/install/ur:/home/russell/ROS2_REPAS/install/ur_calibration:/home/russell/ROS2_REPAS/install/ur_robot_driver:/home/russell/ROS2_REPAS/install/ur_moveit_config:/home/russell/ROS2_REPAS/install/ur_controllers:/home/russell/ROS2_REPAS/install/ur_dashboard_msgs:/home/russell/ROS2_REPAS/install/ur5e_control:/opt/ros/jazzy:/home/russell/ROS2_REPAS/install/my_ur5e_moveit2_control:/home/russell/ROS2_REPAS/install/moveit2_scripts:/home/russell/ROS2_REPAS/install/hello_moveit:/opt/ros/jazzy/opt/gz_sim_vendor:/opt/ros/jazzy/opt/gz_sensors_vendor:/opt/ros/jazzy/opt/gz_physics_vendor:/opt/ros/jazzy/opt/sdformat_vendor:/opt/ros/jazzy/opt/gz_gui_vendor:/opt/ros/jazzy/opt/gz_transport_vendor:/opt/ros/jazzy/opt/gz_rendering_vendor:/opt/ros/jazzy/opt/gz_plugin_vendor:/opt/ros/jazzy/opt/gz_fuel_tools_vendor:/opt/ros/jazzy/opt/gz_msgs_vendor:/opt/ros/jazzy/opt/gz_common_vendor:/opt/ros/jazzy/opt/gz_math_vendor:/opt/ros/jazzy/opt/gz_utils_vendor:/opt/ros/jazzy/opt/gz_tools_vendor:/opt/ros/jazzy/opt/gz_ogre_next_vendor:/opt/ros/jazzy/opt/gz_dartsim_vendor:/opt/ros/jazzy/opt/gz_cmake_vendor DEBUGINFOD_URLS=https://debuginfod.ubuntu.com /usr/bin/cmake --build /home/russell/ROS2_REPAS/build/ur_moveit_config -- -j24 -l24
[0.059s] Invoked command in '/home/russell/ROS2_REPAS/build/ur_moveit_config' returned '0': CMAKE_PREFIX_PATH=/home/russell/ROS2_REPAS/install/ur_description:/home/russell/ROS2_REPAS/install/ur_simulation_gz:/home/russell/ROS2_REPAS/install/ur:/home/russell/ROS2_REPAS/install/ur_calibration:/home/russell/ROS2_REPAS/install/ur_robot_driver:/home/russell/ROS2_REPAS/install/ur_moveit_config:/home/russell/ROS2_REPAS/install/ur_controllers:/home/russell/ROS2_REPAS/install/ur_dashboard_msgs:/home/russell/ROS2_REPAS/install/ur5e_control:/opt/ros/jazzy:/home/russell/ROS2_REPAS/install/my_ur5e_moveit2_control:/home/russell/ROS2_REPAS/install/moveit2_scripts:/home/russell/ROS2_REPAS/install/hello_moveit:/opt/ros/jazzy/opt/gz_sim_vendor:/opt/ros/jazzy/opt/gz_sensors_vendor:/opt/ros/jazzy/opt/gz_physics_vendor:/opt/ros/jazzy/opt/sdformat_vendor:/opt/ros/jazzy/opt/gz_gui_vendor:/opt/ros/jazzy/opt/gz_transport_vendor:/opt/ros/jazzy/opt/gz_rendering_vendor:/opt/ros/jazzy/opt/gz_plugin_vendor:/opt/ros/jazzy/opt/gz_fuel_tools_vendor:/opt/ros/jazzy/opt/gz_msgs_vendor:/opt/ros/jazzy/opt/gz_common_vendor:/opt/ros/jazzy/opt/gz_math_vendor:/opt/ros/jazzy/opt/gz_utils_vendor:/opt/ros/jazzy/opt/gz_tools_vendor:/opt/ros/jazzy/opt/gz_ogre_next_vendor:/opt/ros/jazzy/opt/gz_dartsim_vendor:/opt/ros/jazzy/opt/gz_cmake_vendor DEBUGINFOD_URLS=https://debuginfod.ubuntu.com /usr/bin/cmake --build /home/russell/ROS2_REPAS/build/ur_moveit_config -- -j24 -l24
[0.060s] Invoking command in '/home/russell/ROS2_REPAS/build/ur_moveit_config': CMAKE_PREFIX_PATH=/home/russell/ROS2_REPAS/install/ur_description:/home/russell/ROS2_REPAS/install/ur_simulation_gz:/home/russell/ROS2_REPAS/install/ur:/home/russell/ROS2_REPAS/install/ur_calibration:/home/russell/ROS2_REPAS/install/ur_robot_driver:/home/russell/ROS2_REPAS/install/ur_moveit_config:/home/russell/ROS2_REPAS/install/ur_controllers:/home/russell/ROS2_REPAS/install/ur_dashboard_msgs:/home/russell/ROS2_REPAS/install/ur5e_control:/opt/ros/jazzy:/home/russell/ROS2_REPAS/install/my_ur5e_moveit2_control:/home/russell/ROS2_REPAS/install/moveit2_scripts:/home/russell/ROS2_REPAS/install/hello_moveit:/opt/ros/jazzy/opt/gz_sim_vendor:/opt/ros/jazzy/opt/gz_sensors_vendor:/opt/ros/jazzy/opt/gz_physics_vendor:/opt/ros/jazzy/opt/sdformat_vendor:/opt/ros/jazzy/opt/gz_gui_vendor:/opt/ros/jazzy/opt/gz_transport_vendor:/opt/ros/jazzy/opt/gz_rendering_vendor:/opt/ros/jazzy/opt/gz_plugin_vendor:/opt/ros/jazzy/opt/gz_fuel_tools_vendor:/opt/ros/jazzy/opt/gz_msgs_vendor:/opt/ros/jazzy/opt/gz_common_vendor:/opt/ros/jazzy/opt/gz_math_vendor:/opt/ros/jazzy/opt/gz_utils_vendor:/opt/ros/jazzy/opt/gz_tools_vendor:/opt/ros/jazzy/opt/gz_ogre_next_vendor:/opt/ros/jazzy/opt/gz_dartsim_vendor:/opt/ros/jazzy/opt/gz_cmake_vendor DEBUGINFOD_URLS=https://debuginfod.ubuntu.com /usr/bin/cmake --install /home/russell/ROS2_REPAS/build/ur_moveit_config
[0.069s] -- Install configuration: ""
[0.069s] -- Up-to-date: /home/russell/ROS2_REPAS/install/ur_moveit_config/share/ament_index/resource_index/package_run_dependencies/ur_moveit_config
[0.069s] -- Up-to-date: /home/russell/ROS2_REPAS/install/ur_moveit_config/share/ament_index/resource_index/parent_prefix_path/ur_moveit_config
[0.069s] -- Up-to-date: /home/russell/ROS2_REPAS/install/ur_moveit_config/share/ur_moveit_config/environment/ament_prefix_path.sh
[0.069s] -- Up-to-date: /home/russell/ROS2_REPAS/install/ur_moveit_config/share/ur_moveit_config/environment/ament_prefix_path.dsv
[0.070s] -- Up-to-date: /home/russell/ROS2_REPAS/install/ur_moveit_config/share/ur_moveit_config/environment/path.sh
[0.070s] -- Up-to-date: /home/russell/ROS2_REPAS/install/ur_moveit_config/share/ur_moveit_config/environment/path.dsv
[0.070s] -- Up-to-date: /home/russell/ROS2_REPAS/install/ur_moveit_config/share/ur_moveit_config/local_setup.bash
[0.070s] -- Up-to-date: /home/russell/ROS2_REPAS/install/ur_moveit_config/share/ur_moveit_config/local_setup.sh
[0.070s] -- Up-to-date: /home/russell/ROS2_REPAS/install/ur_moveit_config/share/ur_moveit_config/local_setup.zsh
[0.070s] -- Up-to-date: /home/russell/ROS2_REPAS/install/ur_moveit_config/share/ur_moveit_config/local_setup.dsv
[0.070s] -- Up-to-date: /home/russell/ROS2_REPAS/install/ur_moveit_config/share/ur_moveit_config/package.dsv
[0.070s] -- Up-to-date: /home/russell/ROS2_REPAS/install/ur_moveit_config/share/ament_index/resource_index/packages/ur_moveit_config
[0.071s] -- Up-to-date: /home/russell/ROS2_REPAS/install/ur_moveit_config/share/ur_moveit_config/cmake/ur_moveit_configConfig.cmake
[0.071s] -- Up-to-date: /home/russell/ROS2_REPAS/install/ur_moveit_config/share/ur_moveit_config/cmake/ur_moveit_configConfig-version.cmake
[0.071s] -- Up-to-date: /home/russell/ROS2_REPAS/install/ur_moveit_config/share/ur_moveit_config/package.xml
[0.071s] -- Up-to-date: /home/russell/ROS2_REPAS/install/ur_moveit_config/share/ur_moveit_config/config
[0.071s] -- Up-to-date: /home/russell/ROS2_REPAS/install/ur_moveit_config/share/ur_moveit_config/config/moveit.rviz
[0.071s] -- Up-to-date: /home/russell/ROS2_REPAS/install/ur_moveit_config/share/ur_moveit_config/config/moveit_controllers.yaml
[0.071s] -- Up-to-date: /home/russell/ROS2_REPAS/install/ur_moveit_config/share/ur_moveit_config/config/pilz_industrial_motion_planner_planning.yaml
[0.071s] -- Up-to-date: /home/russell/ROS2_REPAS/install/ur_moveit_config/share/ur_moveit_config/config/ompl_planning.yaml
[0.071s] -- Up-to-date: /home/russell/ROS2_REPAS/install/ur_moveit_config/share/ur_moveit_config/config/pilz_cartesian_limits.yaml
[0.071s] -- Up-to-date: /home/russell/ROS2_REPAS/install/ur_moveit_config/share/ur_moveit_config/config/ur_servo.yaml
[0.071s] -- Up-to-date: /home/russell/ROS2_REPAS/install/ur_moveit_config/share/ur_moveit_config/config/joint_limits.yaml
[0.071s] -- Up-to-date: /home/russell/ROS2_REPAS/install/ur_moveit_config/share/ur_moveit_config/config/chomp_planning.yaml
[0.071s] -- Up-to-date: /home/russell/ROS2_REPAS/install/ur_moveit_config/share/ur_moveit_config/config/kinematics.yaml
[0.072s] -- Up-to-date: /home/russell/ROS2_REPAS/install/ur_moveit_config/share/ur_moveit_config/launch
[0.072s] -- Up-to-date: /home/russell/ROS2_REPAS/install/ur_moveit_config/share/ur_moveit_config/launch/ur_moveit.launch.py
[0.072s] -- Up-to-date: /home/russell/ROS2_REPAS/install/ur_moveit_config/share/ur_moveit_config/srdf
[0.072s] -- Up-to-date: /home/russell/ROS2_REPAS/install/ur_moveit_config/share/ur_moveit_config/srdf/ur_macro.srdf.xacro
[0.072s] -- Up-to-date: /home/russell/ROS2_REPAS/install/ur_moveit_config/share/ur_moveit_config/srdf/ur.srdf.xacro
[0.073s] Invoked command in '/home/russell/ROS2_REPAS/build/ur_moveit_config' returned '0': CMAKE_PREFIX_PATH=/home/russell/ROS2_REPAS/install/ur_description:/home/russell/ROS2_REPAS/install/ur_simulation_gz:/home/russell/ROS2_REPAS/install/ur:/home/russell/ROS2_REPAS/install/ur_calibration:/home/russell/ROS2_REPAS/install/ur_robot_driver:/home/russell/ROS2_REPAS/install/ur_moveit_config:/home/russell/ROS2_REPAS/install/ur_controllers:/home/russell/ROS2_REPAS/install/ur_dashboard_msgs:/home/russell/ROS2_REPAS/install/ur5e_control:/opt/ros/jazzy:/home/russell/ROS2_REPAS/install/my_ur5e_moveit2_control:/home/russell/ROS2_REPAS/install/moveit2_scripts:/home/russell/ROS2_REPAS/install/hello_moveit:/opt/ros/jazzy/opt/gz_sim_vendor:/opt/ros/jazzy/opt/gz_sensors_vendor:/opt/ros/jazzy/opt/gz_physics_vendor:/opt/ros/jazzy/opt/sdformat_vendor:/opt/ros/jazzy/opt/gz_gui_vendor:/opt/ros/jazzy/opt/gz_transport_vendor:/opt/ros/jazzy/opt/gz_rendering_vendor:/opt/ros/jazzy/opt/gz_plugin_vendor:/opt/ros/jazzy/opt/gz_fuel_tools_vendor:/opt/ros/jazzy/opt/gz_msgs_vendor:/opt/ros/jazzy/opt/gz_common_vendor:/opt/ros/jazzy/opt/gz_math_vendor:/opt/ros/jazzy/opt/gz_utils_vendor:/opt/ros/jazzy/opt/gz_tools_vendor:/opt/ros/jazzy/opt/gz_ogre_next_vendor:/opt/ros/jazzy/opt/gz_dartsim_vendor:/opt/ros/jazzy/opt/gz_cmake_vendor DEBUGINFOD_URLS=https://debuginfod.ubuntu.com /usr/bin/cmake --install /home/russell/ROS2_REPAS/build/ur_moveit_config
