[0.011s] Invoking command in '/home/russell/ROS2_REPAS/build/ur5e_moveit_demo': CMAKE_PREFIX_PATH=/home/russell/ROS2_REPAS/install/ur_simulation_gz:/home/russell/ROS2_REPAS/install/ur_description:/home/russell/ROS2_REPAS/install/ur5e_moveit_demo:/opt/ros/jazzy/opt/gz_sim_vendor:/opt/ros/jazzy/opt/gz_sensors_vendor:/opt/ros/jazzy/opt/gz_physics_vendor:/opt/ros/jazzy/opt/sdformat_vendor:/opt/ros/jazzy/opt/gz_gui_vendor:/opt/ros/jazzy/opt/gz_transport_vendor:/opt/ros/jazzy/opt/gz_rendering_vendor:/opt/ros/jazzy/opt/gz_plugin_vendor:/opt/ros/jazzy/opt/gz_fuel_tools_vendor:/opt/ros/jazzy/opt/gz_msgs_vendor:/opt/ros/jazzy/opt/gz_common_vendor:/opt/ros/jazzy/opt/gz_math_vendor:/opt/ros/jazzy/opt/gz_utils_vendor:/opt/ros/jazzy/opt/gz_tools_vendor:/opt/ros/jazzy/opt/gz_ogre_next_vendor:/opt/ros/jazzy/opt/gz_dartsim_vendor:/opt/ros/jazzy/opt/gz_cmake_vendor:/opt/ros/jazzy DEBUGINFOD_URLS=https://debuginfod.ubuntu.com /usr/bin/cmake --build /home/russell/ROS2_REPAS/build/ur5e_moveit_demo -- -j24 -l24
[0.096s] [ 66%] Built target move_ur5e
[0.096s] [ 66%] Built target home
[0.106s] [ 83%] [32mBuilding CXX object CMakeFiles/russell_script1.dir/src/russell_script1.cpp.o[0m
[4.181s] In file included from [01m[K/opt/ros/jazzy/include/rclcpp/rclcpp/copy_all_parameter_values.hpp:27[m[K,
[4.182s]                  from [01m[K/opt/ros/jazzy/include/rclcpp/rclcpp/rclcpp.hpp:171[m[K,
[4.182s]                  from [01m[K/home/russell/ROS2_REPAS/src/ur5e_moveit_demo/src/russell_script1.cpp:1[m[K:
[4.182s] [01m[K/home/russell/ROS2_REPAS/src/ur5e_moveit_demo/src/russell_script1.cpp:[m[K In function ‘[01m[Kint[01;32m[K main[m[K(int, char**)[m[K’:
[4.182s] [01m[K/home/russell/ROS2_REPAS/src/ur5e_moveit_demo/src/russell_script1.cpp:39:15:[m[K [01;31m[Kerror: [m[K‘[01m[KLOGGER[m[K’ was not declared in this scope
[4.182s]    39 |   RCLCPP_INFO([01;31m[KLOGGER[m[K, "Approach to object!");
[4.182s]       |               [01;31m[K^~~~~~[m[K
[4.182s] [01m[K/home/russell/ROS2_REPAS/src/ur5e_moveit_demo/src/russell_script1.cpp:39:3:[m[K [01;31m[Kerror: [m[Ktemplate argument 1 is invalid
[4.182s]    39 |   [01;31m[KRCLCPP_INFO[m[K(LOGGER, "Approach to object!");
[4.182s]       |   [01;31m[K^~~~~~~~~~~[m[K
[4.183s] [01m[K/home/russell/ROS2_REPAS/src/ur5e_moveit_demo/src/russell_script1.cpp:39:3:[m[K [01;31m[Kerror: [m[Ktemplate argument 1 is invalid
[4.183s]    39 |   [01;31m[KRCLCPP_INFO[m[K(LOGGER, "Approach to object!");
[4.183s]       |   [01;31m[K^~~~~~~~~~~[m[K
[4.183s] [01m[K/home/russell/ROS2_REPAS/src/ur5e_moveit_demo/src/russell_script1.cpp:39:3:[m[K [01;31m[Kerror: [m[Ktemplate argument 1 is invalid
[4.183s]    39 |   [01;31m[KRCLCPP_INFO[m[K(LOGGER, "Approach to object!");
[4.183s]       |   [01;31m[K^~~~~~~~~~~[m[K
[4.185s] [01m[K/home/russell/ROS2_REPAS/src/ur5e_moveit_demo/src/russell_script1.cpp:42:3:[m[K [01;31m[Kerror: [m[K‘[01m[Ktarget_pose1[m[K’ was not declared in this scope; did you mean ‘[01m[Ktarget_pose[m[K’?
[4.185s]    42 |   [01;31m[Ktarget_pose1[m[K.position.z -= 0.03;
[4.185s]       |   [01;31m[K^~~~~~~~~~~~[m[K
[4.186s]       |   [32m[Ktarget_pose[m[K
[4.190s] [01m[K/home/russell/ROS2_REPAS/src/ur5e_moveit_demo/src/russell_script1.cpp:52:21:[m[K [01;31m[Kerror: [m[K‘[01m[Kmove_group_arm[m[K’ was not declared in this scope; did you mean ‘[01m[Kmove_group[m[K’?
[4.190s]    52 |   double fraction = [01;31m[Kmove_group_arm[m[K.computeCartesianPath(
[4.191s]       |                     [01;31m[K^~~~~~~~~~~~~~[m[K
[4.191s]       |                     [32m[Kmove_group[m[K
[4.194s] [01m[K/home/russell/ROS2_REPAS/src/ur5e_moveit_demo/src/russell_script1.cpp:59:15:[m[K [01;31m[Kerror: [m[K‘[01m[KLOGGER[m[K’ was not declared in this scope
[4.194s]    59 |   RCLCPP_INFO([01;31m[KLOGGER[m[K, "Retreat from object!");
[4.194s]       |               [01;31m[K^~~~~~[m[K
[4.194s] [01m[K/home/russell/ROS2_REPAS/src/ur5e_moveit_demo/src/russell_script1.cpp:59:3:[m[K [01;31m[Kerror: [m[Ktemplate argument 1 is invalid
[4.194s]    59 |   [01;31m[KRCLCPP_INFO[m[K(LOGGER, "Retreat from object!");
[4.194s]       |   [01;31m[K^~~~~~~~~~~[m[K
[4.194s] [01m[K/home/russell/ROS2_REPAS/src/ur5e_moveit_demo/src/russell_script1.cpp:59:3:[m[K [01;31m[Kerror: [m[Ktemplate argument 1 is invalid
[4.195s]    59 |   [01;31m[KRCLCPP_INFO[m[K(LOGGER, "Retreat from object!");
[4.195s]       |   [01;31m[K^~~~~~~~~~~[m[K
[4.195s] [01m[K/home/russell/ROS2_REPAS/src/ur5e_moveit_demo/src/russell_script1.cpp:59:3:[m[K [01;31m[Kerror: [m[Ktemplate argument 1 is invalid
[4.195s]    59 |   [01;31m[KRCLCPP_INFO[m[K(LOGGER, "Retreat from object!");
[4.195s]       |   [01;31m[K^~~~~~~~~~~[m[K
[6.009s] gmake[2]: *** [CMakeFiles/russell_script1.dir/build.make:76: CMakeFiles/russell_script1.dir/src/russell_script1.cpp.o] Error 1
[6.010s] gmake[1]: *** [CMakeFiles/Makefile2:193: CMakeFiles/russell_script1.dir/all] Error 2
[6.010s] gmake: *** [Makefile:146: all] Error 2
[6.014s] Invoked command in '/home/russell/ROS2_REPAS/build/ur5e_moveit_demo' returned '2': CMAKE_PREFIX_PATH=/home/russell/ROS2_REPAS/install/ur_simulation_gz:/home/russell/ROS2_REPAS/install/ur_description:/home/russell/ROS2_REPAS/install/ur5e_moveit_demo:/opt/ros/jazzy/opt/gz_sim_vendor:/opt/ros/jazzy/opt/gz_sensors_vendor:/opt/ros/jazzy/opt/gz_physics_vendor:/opt/ros/jazzy/opt/sdformat_vendor:/opt/ros/jazzy/opt/gz_gui_vendor:/opt/ros/jazzy/opt/gz_transport_vendor:/opt/ros/jazzy/opt/gz_rendering_vendor:/opt/ros/jazzy/opt/gz_plugin_vendor:/opt/ros/jazzy/opt/gz_fuel_tools_vendor:/opt/ros/jazzy/opt/gz_msgs_vendor:/opt/ros/jazzy/opt/gz_common_vendor:/opt/ros/jazzy/opt/gz_math_vendor:/opt/ros/jazzy/opt/gz_utils_vendor:/opt/ros/jazzy/opt/gz_tools_vendor:/opt/ros/jazzy/opt/gz_ogre_next_vendor:/opt/ros/jazzy/opt/gz_dartsim_vendor:/opt/ros/jazzy/opt/gz_cmake_vendor:/opt/ros/jazzy DEBUGINFOD_URLS=https://debuginfod.ubuntu.com /usr/bin/cmake --build /home/russell/ROS2_REPAS/build/ur5e_moveit_demo -- -j24 -l24
