[  0%] Built target ur_dashboard_msgs__rosidl_generator_type_description
[  0%] Built target ur_dashboard_msgs__cpp
[ 27%] Built target ur_dashboard_msgs__rosidl_generator_c
[ 27%] Built target ament_cmake_python_copy_ur_dashboard_msgs
[ 37%] Built target ur_dashboard_msgs__rosidl_typesupport_c
[ 47%] Built target ur_dashboard_msgs__rosidl_typesupport_cpp
[ 57%] Built target ur_dashboard_msgs__rosidl_typesupport_introspection_c
[ 67%] Built target ur_dashboard_msgs__rosidl_typesupport_introspection_cpp
[ 77%] Built target ur_dashboard_msgs__rosidl_typesupport_fastrtps_c
[ 86%] Built target ur_dashboard_msgs__rosidl_typesupport_fastrtps_cpp
[ 86%] Built target ur_dashboard_msgs
[ 87%] Built target ur_dashboard_msgs__py
[ 96%] Built target ur_dashboard_msgs__rosidl_generator_py
[ 97%] Built target ur_dashboard_msgs_s__rosidl_typesupport_fastrtps_c
running egg_info
[ 99%] Built target ur_dashboard_msgs_s__rosidl_typesupport_introspection_c
writing ur_dashboard_msgs.egg-info/PKG-INFO
writing dependency_links to ur_dashboard_msgs.egg-info/dependency_links.txt
writing top-level names to ur_dashboard_msgs.egg-info/top_level.txt
[100%] Built target ur_dashboard_msgs_s__rosidl_typesupport_c
reading manifest file 'ur_dashboard_msgs.egg-info/SOURCES.txt'
writing manifest file 'ur_dashboard_msgs.egg-info/SOURCES.txt'
[100%] Built target ament_cmake_python_build_ur_dashboard_msgs_egg
-- Install configuration: ""
-- Installing: /home/russell/ROS2_REPAS/install/ur_dashboard_msgs/share/ament_index/resource_index/rosidl_interfaces/ur_dashboard_msgs
-- Installing: /home/russell/ROS2_REPAS/install/ur_dashboard_msgs/share/ur_dashboard_msgs/msg/ProgramState.json
-- Installing: /home/russell/ROS2_REPAS/install/ur_dashboard_msgs/share/ur_dashboard_msgs/msg/RobotMode.json
-- Installing: /home/russell/ROS2_REPAS/install/ur_dashboard_msgs/share/ur_dashboard_msgs/msg/SafetyMode.json
-- Installing: /home/russell/ROS2_REPAS/install/ur_dashboard_msgs/share/ur_dashboard_msgs/srv/AddToLog.json
-- Installing: /home/russell/ROS2_REPAS/install/ur_dashboard_msgs/share/ur_dashboard_msgs/srv/GetLoadedProgram.json
-- Installing: /home/russell/ROS2_REPAS/install/ur_dashboard_msgs/share/ur_dashboard_msgs/srv/GetProgramState.json
-- Installing: /home/russell/ROS2_REPAS/install/ur_dashboard_msgs/share/ur_dashboard_msgs/srv/GetRobotMode.json
-- Installing: /home/russell/ROS2_REPAS/install/ur_dashboard_msgs/share/ur_dashboard_msgs/srv/GetSafetyMode.json
-- Installing: /home/russell/ROS2_REPAS/install/ur_dashboard_msgs/share/ur_dashboard_msgs/srv/IsProgramRunning.json
-- Installing: /home/russell/ROS2_REPAS/install/ur_dashboard_msgs/share/ur_dashboard_msgs/srv/IsProgramSaved.json
-- Installing: /home/russell/ROS2_REPAS/install/ur_dashboard_msgs/share/ur_dashboard_msgs/srv/Load.json
-- Installing: /home/russell/ROS2_REPAS/install/ur_dashboard_msgs/share/ur_dashboard_msgs/srv/Popup.json
-- Installing: /home/russell/ROS2_REPAS/install/ur_dashboard_msgs/share/ur_dashboard_msgs/srv/RawRequest.json
-- Installing: /home/russell/ROS2_REPAS/install/ur_dashboard_msgs/share/ur_dashboard_msgs/action/SetMode.json
-- Installing: /home/russell/ROS2_REPAS/install/ur_dashboard_msgs/include/ur_dashboard_msgs/ur_dashboard_msgs
-- Installing: /home/russell/ROS2_REPAS/install/ur_dashboard_msgs/include/ur_dashboard_msgs/ur_dashboard_msgs/msg
-- Installing: /home/russell/ROS2_REPAS/install/ur_dashboard_msgs/include/ur_dashboard_msgs/ur_dashboard_msgs/msg/program_state.h
-- Installing: /home/russell/ROS2_REPAS/install/ur_dashboard_msgs/include/ur_dashboard_msgs/ur_dashboard_msgs/msg/rosidl_generator_c__visibility_control.h
-- Installing: /home/russell/ROS2_REPAS/install/ur_dashboard_msgs/include/ur_dashboard_msgs/ur_dashboard_msgs/msg/detail
-- Installing: /home/russell/ROS2_REPAS/install/ur_dashboard_msgs/include/ur_dashboard_msgs/ur_dashboard_msgs/msg/detail/safety_mode__type_support.c
-- Installing: /home/russell/ROS2_REPAS/install/ur_dashboard_msgs/include/ur_dashboard_msgs/ur_dashboard_msgs/msg/detail/safety_mode__functions.h
-- Installing: /home/russell/ROS2_REPAS/install/ur_dashboard_msgs/include/ur_dashboard_msgs/ur_dashboard_msgs/msg/detail/robot_mode__description.c
-- Installing: /home/russell/ROS2_REPAS/install/ur_dashboard_msgs/include/ur_dashboard_msgs/ur_dashboard_msgs/msg/detail/safety_mode__struct.h
-- Installing: /home/russell/ROS2_REPAS/install/ur_dashboard_msgs/include/ur_dashboard_msgs/ur_dashboard_msgs/msg/detail/program_state__type_support.h
-- Installing: /home/russell/ROS2_REPAS/install/ur_dashboard_msgs/include/ur_dashboard_msgs/ur_dashboard_msgs/msg/detail/safety_mode__description.c
-- Installing: /home/russell/ROS2_REPAS/install/ur_dashboard_msgs/include/ur_dashboard_msgs/ur_dashboard_msgs/msg/detail/robot_mode__type_support.h
-- Installing: /home/russell/ROS2_REPAS/install/ur_dashboard_msgs/include/ur_dashboard_msgs/ur_dashboard_msgs/msg/detail/program_state__struct.h
-- Installing: /home/russell/ROS2_REPAS/install/ur_dashboard_msgs/include/ur_dashboard_msgs/ur_dashboard_msgs/msg/detail/robot_mode__type_support.c
-- Installing: /home/russell/ROS2_REPAS/install/ur_dashboard_msgs/include/ur_dashboard_msgs/ur_dashboard_msgs/msg/detail/robot_mode__functions.c
-- Installing: /home/russell/ROS2_REPAS/install/ur_dashboard_msgs/include/ur_dashboard_msgs/ur_dashboard_msgs/msg/detail/program_state__functions.c
-- Installing: /home/russell/ROS2_REPAS/install/ur_dashboard_msgs/include/ur_dashboard_msgs/ur_dashboard_msgs/msg/detail/robot_mode__struct.h
-- Installing: /home/russell/ROS2_REPAS/install/ur_dashboard_msgs/include/ur_dashboard_msgs/ur_dashboard_msgs/msg/detail/robot_mode__functions.h
-- Installing: /home/russell/ROS2_REPAS/install/ur_dashboard_msgs/include/ur_dashboard_msgs/ur_dashboard_msgs/msg/detail/program_state__type_support.c
-- Installing: /home/russell/ROS2_REPAS/install/ur_dashboard_msgs/include/ur_dashboard_msgs/ur_dashboard_msgs/msg/detail/program_state__description.c
-- Installing: /home/russell/ROS2_REPAS/install/ur_dashboard_msgs/include/ur_dashboard_msgs/ur_dashboard_msgs/msg/detail/safety_mode__functions.c
-- Installing: /home/russell/ROS2_REPAS/install/ur_dashboard_msgs/include/ur_dashboard_msgs/ur_dashboard_msgs/msg/detail/safety_mode__type_support.h
-- Installing: /home/russell/ROS2_REPAS/install/ur_dashboard_msgs/include/ur_dashboard_msgs/ur_dashboard_msgs/msg/detail/program_state__functions.h
-- Installing: /home/russell/ROS2_REPAS/install/ur_dashboard_msgs/include/ur_dashboard_msgs/ur_dashboard_msgs/msg/robot_mode.h
-- Installing: /home/russell/ROS2_REPAS/install/ur_dashboard_msgs/include/ur_dashboard_msgs/ur_dashboard_msgs/msg/safety_mode.h
-- Installing: /home/russell/ROS2_REPAS/install/ur_dashboard_msgs/include/ur_dashboard_msgs/ur_dashboard_msgs/action
-- Installing: /home/russell/ROS2_REPAS/install/ur_dashboard_msgs/include/ur_dashboard_msgs/ur_dashboard_msgs/action/detail
-- Installing: /home/russell/ROS2_REPAS/install/ur_dashboard_msgs/include/ur_dashboard_msgs/ur_dashboard_msgs/action/detail/set_mode__type_support.c
-- Installing: /home/russell/ROS2_REPAS/install/ur_dashboard_msgs/include/ur_dashboard_msgs/ur_dashboard_msgs/action/detail/set_mode__type_support.h
-- Installing: /home/russell/ROS2_REPAS/install/ur_dashboard_msgs/include/ur_dashboard_msgs/ur_dashboard_msgs/action/detail/set_mode__functions.h
-- Installing: /home/russell/ROS2_REPAS/install/ur_dashboard_msgs/include/ur_dashboard_msgs/ur_dashboard_msgs/action/detail/set_mode__description.c
-- Installing: /home/russell/ROS2_REPAS/install/ur_dashboard_msgs/include/ur_dashboard_msgs/ur_dashboard_msgs/action/detail/set_mode__struct.h
-- Installing: /home/russell/ROS2_REPAS/install/ur_dashboard_msgs/include/ur_dashboard_msgs/ur_dashboard_msgs/action/detail/set_mode__functions.c
-- Installing: /home/russell/ROS2_REPAS/install/ur_dashboard_msgs/include/ur_dashboard_msgs/ur_dashboard_msgs/action/set_mode.h
-- Installing: /home/russell/ROS2_REPAS/install/ur_dashboard_msgs/include/ur_dashboard_msgs/ur_dashboard_msgs/srv
-- Installing: /home/russell/ROS2_REPAS/install/ur_dashboard_msgs/include/ur_dashboard_msgs/ur_dashboard_msgs/srv/is_program_saved.h
-- Installing: /home/russell/ROS2_REPAS/install/ur_dashboard_msgs/include/ur_dashboard_msgs/ur_dashboard_msgs/srv/get_loaded_program.h
-- Installing: /home/russell/ROS2_REPAS/install/ur_dashboard_msgs/include/ur_dashboard_msgs/ur_dashboard_msgs/srv/detail
-- Installing: /home/russell/ROS2_REPAS/install/ur_dashboard_msgs/include/ur_dashboard_msgs/ur_dashboard_msgs/srv/detail/get_program_state__type_support.h
-- Installing: /home/russell/ROS2_REPAS/install/ur_dashboard_msgs/include/ur_dashboard_msgs/ur_dashboard_msgs/srv/detail/get_robot_mode__type_support.h
-- Installing: /home/russell/ROS2_REPAS/install/ur_dashboard_msgs/include/ur_dashboard_msgs/ur_dashboard_msgs/srv/detail/is_program_running__type_support.h
-- Installing: /home/russell/ROS2_REPAS/install/ur_dashboard_msgs/include/ur_dashboard_msgs/ur_dashboard_msgs/srv/detail/raw_request__functions.c
-- Installing: /home/russell/ROS2_REPAS/install/ur_dashboard_msgs/include/ur_dashboard_msgs/ur_dashboard_msgs/srv/detail/get_robot_mode__functions.c
-- Installing: /home/russell/ROS2_REPAS/install/ur_dashboard_msgs/include/ur_dashboard_msgs/ur_dashboard_msgs/srv/detail/raw_request__functions.h
-- Installing: /home/russell/ROS2_REPAS/install/ur_dashboard_msgs/include/ur_dashboard_msgs/ur_dashboard_msgs/srv/detail/get_safety_mode__struct.h
-- Installing: /home/russell/ROS2_REPAS/install/ur_dashboard_msgs/include/ur_dashboard_msgs/ur_dashboard_msgs/srv/detail/load__type_support.c
-- Installing: /home/russell/ROS2_REPAS/install/ur_dashboard_msgs/include/ur_dashboard_msgs/ur_dashboard_msgs/srv/detail/get_robot_mode__functions.h
-- Installing: /home/russell/ROS2_REPAS/install/ur_dashboard_msgs/include/ur_dashboard_msgs/ur_dashboard_msgs/srv/detail/is_program_running__description.c
-- Installing: /home/russell/ROS2_REPAS/install/ur_dashboard_msgs/include/ur_dashboard_msgs/ur_dashboard_msgs/srv/detail/add_to_log__type_support.h
-- Installing: /home/russell/ROS2_REPAS/install/ur_dashboard_msgs/include/ur_dashboard_msgs/ur_dashboard_msgs/srv/detail/is_program_saved__type_support.h
-- Installing: /home/russell/ROS2_REPAS/install/ur_dashboard_msgs/include/ur_dashboard_msgs/ur_dashboard_msgs/srv/detail/get_safety_mode__description.c
-- Installing: /home/russell/ROS2_REPAS/install/ur_dashboard_msgs/include/ur_dashboard_msgs/ur_dashboard_msgs/srv/detail/get_robot_mode__struct.h
-- Installing: /home/russell/ROS2_REPAS/install/ur_dashboard_msgs/include/ur_dashboard_msgs/ur_dashboard_msgs/srv/detail/get_safety_mode__functions.h
-- Installing: /home/russell/ROS2_REPAS/install/ur_dashboard_msgs/include/ur_dashboard_msgs/ur_dashboard_msgs/srv/detail/popup__type_support.h
-- Installing: /home/russell/ROS2_REPAS/install/ur_dashboard_msgs/include/ur_dashboard_msgs/ur_dashboard_msgs/srv/detail/get_program_state__struct.h
-- Installing: /home/russell/ROS2_REPAS/install/ur_dashboard_msgs/include/ur_dashboard_msgs/ur_dashboard_msgs/srv/detail/get_robot_mode__description.c
-- Installing: /home/russell/ROS2_REPAS/install/ur_dashboard_msgs/include/ur_dashboard_msgs/ur_dashboard_msgs/srv/detail/get_loaded_program__type_support.h
-- Installing: /home/russell/ROS2_REPAS/install/ur_dashboard_msgs/include/ur_dashboard_msgs/ur_dashboard_msgs/srv/detail/get_loaded_program__struct.h
-- Installing: /home/russell/ROS2_REPAS/install/ur_dashboard_msgs/include/ur_dashboard_msgs/ur_dashboard_msgs/srv/detail/get_safety_mode__type_support.c
-- Installing: /home/russell/ROS2_REPAS/install/ur_dashboard_msgs/include/ur_dashboard_msgs/ur_dashboard_msgs/srv/detail/is_program_running__type_support.c
-- Installing: /home/russell/ROS2_REPAS/install/ur_dashboard_msgs/include/ur_dashboard_msgs/ur_dashboard_msgs/srv/detail/raw_request__type_support.c
-- Installing: /home/russell/ROS2_REPAS/install/ur_dashboard_msgs/include/ur_dashboard_msgs/ur_dashboard_msgs/srv/detail/popup__functions.h
-- Installing: /home/russell/ROS2_REPAS/install/ur_dashboard_msgs/include/ur_dashboard_msgs/ur_dashboard_msgs/srv/detail/is_program_saved__type_support.c
-- Installing: /home/russell/ROS2_REPAS/install/ur_dashboard_msgs/include/ur_dashboard_msgs/ur_dashboard_msgs/srv/detail/popup__struct.h
-- Installing: /home/russell/ROS2_REPAS/install/ur_dashboard_msgs/include/ur_dashboard_msgs/ur_dashboard_msgs/srv/detail/get_program_state__functions.h
-- Installing: /home/russell/ROS2_REPAS/install/ur_dashboard_msgs/include/ur_dashboard_msgs/ur_dashboard_msgs/srv/detail/is_program_running__functions.h
-- Installing: /home/russell/ROS2_REPAS/install/ur_dashboard_msgs/include/ur_dashboard_msgs/ur_dashboard_msgs/srv/detail/add_to_log__type_support.c
-- Installing: /home/russell/ROS2_REPAS/install/ur_dashboard_msgs/include/ur_dashboard_msgs/ur_dashboard_msgs/srv/detail/get_loaded_program__functions.c
-- Installing: /home/russell/ROS2_REPAS/install/ur_dashboard_msgs/include/ur_dashboard_msgs/ur_dashboard_msgs/srv/detail/get_program_state__type_support.c
-- Installing: /home/russell/ROS2_REPAS/install/ur_dashboard_msgs/include/ur_dashboard_msgs/ur_dashboard_msgs/srv/detail/add_to_log__description.c
-- Installing: /home/russell/ROS2_REPAS/install/ur_dashboard_msgs/include/ur_dashboard_msgs/ur_dashboard_msgs/srv/detail/get_safety_mode__type_support.h
-- Installing: /home/russell/ROS2_REPAS/install/ur_dashboard_msgs/include/ur_dashboard_msgs/ur_dashboard_msgs/srv/detail/is_program_saved__description.c
-- Installing: /home/russell/ROS2_REPAS/install/ur_dashboard_msgs/include/ur_dashboard_msgs/ur_dashboard_msgs/srv/detail/load__description.c
-- Installing: /home/russell/ROS2_REPAS/install/ur_dashboard_msgs/include/ur_dashboard_msgs/ur_dashboard_msgs/srv/detail/load__struct.h
-- Installing: /home/russell/ROS2_REPAS/install/ur_dashboard_msgs/include/ur_dashboard_msgs/ur_dashboard_msgs/srv/detail/is_program_saved__struct.h
-- Installing: /home/russell/ROS2_REPAS/install/ur_dashboard_msgs/include/ur_dashboard_msgs/ur_dashboard_msgs/srv/detail/raw_request__description.c
-- Installing: /home/russell/ROS2_REPAS/install/ur_dashboard_msgs/include/ur_dashboard_msgs/ur_dashboard_msgs/srv/detail/is_program_running__struct.h
-- Installing: /home/russell/ROS2_REPAS/install/ur_dashboard_msgs/include/ur_dashboard_msgs/ur_dashboard_msgs/srv/detail/is_program_saved__functions.c
-- Installing: /home/russell/ROS2_REPAS/install/ur_dashboard_msgs/include/ur_dashboard_msgs/ur_dashboard_msgs/srv/detail/get_program_state__description.c
-- Installing: /home/russell/ROS2_REPAS/install/ur_dashboard_msgs/include/ur_dashboard_msgs/ur_dashboard_msgs/srv/detail/get_robot_mode__type_support.c
-- Installing: /home/russell/ROS2_REPAS/install/ur_dashboard_msgs/include/ur_dashboard_msgs/ur_dashboard_msgs/srv/detail/is_program_saved__functions.h
-- Installing: /home/russell/ROS2_REPAS/install/ur_dashboard_msgs/include/ur_dashboard_msgs/ur_dashboard_msgs/srv/detail/is_program_running__functions.c
-- Installing: /home/russell/ROS2_REPAS/install/ur_dashboard_msgs/include/ur_dashboard_msgs/ur_dashboard_msgs/srv/detail/raw_request__type_support.h
-- Installing: /home/russell/ROS2_REPAS/install/ur_dashboard_msgs/include/ur_dashboard_msgs/ur_dashboard_msgs/srv/detail/add_to_log__functions.c
-- Installing: /home/russell/ROS2_REPAS/install/ur_dashboard_msgs/include/ur_dashboard_msgs/ur_dashboard_msgs/srv/detail/load__type_support.h
-- Installing: /home/russell/ROS2_REPAS/install/ur_dashboard_msgs/include/ur_dashboard_msgs/ur_dashboard_msgs/srv/detail/load__functions.c
-- Installing: /home/russell/ROS2_REPAS/install/ur_dashboard_msgs/include/ur_dashboard_msgs/ur_dashboard_msgs/srv/detail/get_loaded_program__type_support.c
-- Installing: /home/russell/ROS2_REPAS/install/ur_dashboard_msgs/include/ur_dashboard_msgs/ur_dashboard_msgs/srv/detail/popup__type_support.c
-- Installing: /home/russell/ROS2_REPAS/install/ur_dashboard_msgs/include/ur_dashboard_msgs/ur_dashboard_msgs/srv/detail/get_safety_mode__functions.c
-- Installing: /home/russell/ROS2_REPAS/install/ur_dashboard_msgs/include/ur_dashboard_msgs/ur_dashboard_msgs/srv/detail/load__functions.h
-- Installing: /home/russell/ROS2_REPAS/install/ur_dashboard_msgs/include/ur_dashboard_msgs/ur_dashboard_msgs/srv/detail/add_to_log__functions.h
-- Installing: /home/russell/ROS2_REPAS/install/ur_dashboard_msgs/include/ur_dashboard_msgs/ur_dashboard_msgs/srv/detail/get_program_state__functions.c
-- Installing: /home/russell/ROS2_REPAS/install/ur_dashboard_msgs/include/ur_dashboard_msgs/ur_dashboard_msgs/srv/detail/popup__functions.c
-- Installing: /home/russell/ROS2_REPAS/install/ur_dashboard_msgs/include/ur_dashboard_msgs/ur_dashboard_msgs/srv/detail/popup__description.c
-- Installing: /home/russell/ROS2_REPAS/install/ur_dashboard_msgs/include/ur_dashboard_msgs/ur_dashboard_msgs/srv/detail/raw_request__struct.h
-- Installing: /home/russell/ROS2_REPAS/install/ur_dashboard_msgs/include/ur_dashboard_msgs/ur_dashboard_msgs/srv/detail/get_loaded_program__description.c
-- Installing: /home/russell/ROS2_REPAS/install/ur_dashboard_msgs/include/ur_dashboard_msgs/ur_dashboard_msgs/srv/detail/add_to_log__struct.h
-- Installing: /home/russell/ROS2_REPAS/install/ur_dashboard_msgs/include/ur_dashboard_msgs/ur_dashboard_msgs/srv/detail/get_loaded_program__functions.h
-- Installing: /home/russell/ROS2_REPAS/install/ur_dashboard_msgs/include/ur_dashboard_msgs/ur_dashboard_msgs/srv/popup.h
-- Installing: /home/russell/ROS2_REPAS/install/ur_dashboard_msgs/include/ur_dashboard_msgs/ur_dashboard_msgs/srv/add_to_log.h
-- Installing: /home/russell/ROS2_REPAS/install/ur_dashboard_msgs/include/ur_dashboard_msgs/ur_dashboard_msgs/srv/get_robot_mode.h
-- Installing: /home/russell/ROS2_REPAS/install/ur_dashboard_msgs/include/ur_dashboard_msgs/ur_dashboard_msgs/srv/load.h
-- Installing: /home/russell/ROS2_REPAS/install/ur_dashboard_msgs/include/ur_dashboard_msgs/ur_dashboard_msgs/srv/get_program_state.h
-- Installing: /home/russell/ROS2_REPAS/install/ur_dashboard_msgs/include/ur_dashboard_msgs/ur_dashboard_msgs/srv/get_safety_mode.h
-- Installing: /home/russell/ROS2_REPAS/install/ur_dashboard_msgs/include/ur_dashboard_msgs/ur_dashboard_msgs/srv/raw_request.h
-- Installing: /home/russell/ROS2_REPAS/install/ur_dashboard_msgs/include/ur_dashboard_msgs/ur_dashboard_msgs/srv/is_program_running.h
-- Installing: /home/russell/ROS2_REPAS/install/ur_dashboard_msgs/share/ur_dashboard_msgs/environment/library_path.sh
-- Installing: /home/russell/ROS2_REPAS/install/ur_dashboard_msgs/share/ur_dashboard_msgs/environment/library_path.dsv
-- Installing: /home/russell/ROS2_REPAS/install/ur_dashboard_msgs/lib/libur_dashboard_msgs__rosidl_generator_c.so
-- Set non-toolchain portion of runtime path of "/home/russell/ROS2_REPAS/install/ur_dashboard_msgs/lib/libur_dashboard_msgs__rosidl_generator_c.so" to ""
-- Up-to-date: /home/russell/ROS2_REPAS/install/ur_dashboard_msgs/include/ur_dashboard_msgs/ur_dashboard_msgs
-- Up-to-date: /home/russell/ROS2_REPAS/install/ur_dashboard_msgs/include/ur_dashboard_msgs/ur_dashboard_msgs/msg
-- Up-to-date: /home/russell/ROS2_REPAS/install/ur_dashboard_msgs/include/ur_dashboard_msgs/ur_dashboard_msgs/msg/detail
-- Installing: /home/russell/ROS2_REPAS/install/ur_dashboard_msgs/include/ur_dashboard_msgs/ur_dashboard_msgs/msg/detail/robot_mode__rosidl_typesupport_fastrtps_c.h
-- Installing: /home/russell/ROS2_REPAS/install/ur_dashboard_msgs/include/ur_dashboard_msgs/ur_dashboard_msgs/msg/detail/safety_mode__rosidl_typesupport_fastrtps_c.h
-- Installing: /home/russell/ROS2_REPAS/install/ur_dashboard_msgs/include/ur_dashboard_msgs/ur_dashboard_msgs/msg/detail/program_state__rosidl_typesupport_fastrtps_c.h
-- Installing: /home/russell/ROS2_REPAS/install/ur_dashboard_msgs/include/ur_dashboard_msgs/ur_dashboard_msgs/msg/rosidl_typesupport_fastrtps_c__visibility_control.h
-- Up-to-date: /home/russell/ROS2_REPAS/install/ur_dashboard_msgs/include/ur_dashboard_msgs/ur_dashboard_msgs/action
-- Up-to-date: /home/russell/ROS2_REPAS/install/ur_dashboard_msgs/include/ur_dashboard_msgs/ur_dashboard_msgs/action/detail
-- Installing: /home/russell/ROS2_REPAS/install/ur_dashboard_msgs/include/ur_dashboard_msgs/ur_dashboard_msgs/action/detail/set_mode__rosidl_typesupport_fastrtps_c.h
-- Up-to-date: /home/russell/ROS2_REPAS/install/ur_dashboard_msgs/include/ur_dashboard_msgs/ur_dashboard_msgs/srv
-- Up-to-date: /home/russell/ROS2_REPAS/install/ur_dashboard_msgs/include/ur_dashboard_msgs/ur_dashboard_msgs/srv/detail
-- Installing: /home/russell/ROS2_REPAS/install/ur_dashboard_msgs/include/ur_dashboard_msgs/ur_dashboard_msgs/srv/detail/popup__rosidl_typesupport_fastrtps_c.h
-- Installing: /home/russell/ROS2_REPAS/install/ur_dashboard_msgs/include/ur_dashboard_msgs/ur_dashboard_msgs/srv/detail/get_robot_mode__rosidl_typesupport_fastrtps_c.h
-- Installing: /home/russell/ROS2_REPAS/install/ur_dashboard_msgs/include/ur_dashboard_msgs/ur_dashboard_msgs/srv/detail/get_safety_mode__rosidl_typesupport_fastrtps_c.h
-- Installing: /home/russell/ROS2_REPAS/install/ur_dashboard_msgs/include/ur_dashboard_msgs/ur_dashboard_msgs/srv/detail/get_loaded_program__rosidl_typesupport_fastrtps_c.h
-- Installing: /home/russell/ROS2_REPAS/install/ur_dashboard_msgs/include/ur_dashboard_msgs/ur_dashboard_msgs/srv/detail/raw_request__rosidl_typesupport_fastrtps_c.h
-- Installing: /home/russell/ROS2_REPAS/install/ur_dashboard_msgs/include/ur_dashboard_msgs/ur_dashboard_msgs/srv/detail/load__rosidl_typesupport_fastrtps_c.h
-- Installing: /home/russell/ROS2_REPAS/install/ur_dashboard_msgs/include/ur_dashboard_msgs/ur_dashboard_msgs/srv/detail/is_program_saved__rosidl_typesupport_fastrtps_c.h
-- Installing: /home/russell/ROS2_REPAS/install/ur_dashboard_msgs/include/ur_dashboard_msgs/ur_dashboard_msgs/srv/detail/add_to_log__rosidl_typesupport_fastrtps_c.h
-- Installing: /home/russell/ROS2_REPAS/install/ur_dashboard_msgs/include/ur_dashboard_msgs/ur_dashboard_msgs/srv/detail/get_program_state__rosidl_typesupport_fastrtps_c.h
-- Installing: /home/russell/ROS2_REPAS/install/ur_dashboard_msgs/include/ur_dashboard_msgs/ur_dashboard_msgs/srv/detail/is_program_running__rosidl_typesupport_fastrtps_c.h
-- Installing: /home/russell/ROS2_REPAS/install/ur_dashboard_msgs/lib/libur_dashboard_msgs__rosidl_typesupport_fastrtps_c.so
-- Set non-toolchain portion of runtime path of "/home/russell/ROS2_REPAS/install/ur_dashboard_msgs/lib/libur_dashboard_msgs__rosidl_typesupport_fastrtps_c.so" to ""
-- Up-to-date: /home/russell/ROS2_REPAS/install/ur_dashboard_msgs/include/ur_dashboard_msgs/ur_dashboard_msgs
-- Up-to-date: /home/russell/ROS2_REPAS/install/ur_dashboard_msgs/include/ur_dashboard_msgs/ur_dashboard_msgs/msg
-- Installing: /home/russell/ROS2_REPAS/install/ur_dashboard_msgs/include/ur_dashboard_msgs/ur_dashboard_msgs/msg/rosidl_typesupport_introspection_c__visibility_control.h
-- Up-to-date: /home/russell/ROS2_REPAS/install/ur_dashboard_msgs/include/ur_dashboard_msgs/ur_dashboard_msgs/msg/detail
-- Installing: /home/russell/ROS2_REPAS/install/ur_dashboard_msgs/include/ur_dashboard_msgs/ur_dashboard_msgs/msg/detail/safety_mode__type_support.c
-- Installing: /home/russell/ROS2_REPAS/install/ur_dashboard_msgs/include/ur_dashboard_msgs/ur_dashboard_msgs/msg/detail/safety_mode__rosidl_typesupport_introspection_c.h
-- Installing: /home/russell/ROS2_REPAS/install/ur_dashboard_msgs/include/ur_dashboard_msgs/ur_dashboard_msgs/msg/detail/robot_mode__type_support.c
-- Installing: /home/russell/ROS2_REPAS/install/ur_dashboard_msgs/include/ur_dashboard_msgs/ur_dashboard_msgs/msg/detail/program_state__type_support.c
-- Installing: /home/russell/ROS2_REPAS/install/ur_dashboard_msgs/include/ur_dashboard_msgs/ur_dashboard_msgs/msg/detail/program_state__rosidl_typesupport_introspection_c.h
-- Installing: /home/russell/ROS2_REPAS/install/ur_dashboard_msgs/include/ur_dashboard_msgs/ur_dashboard_msgs/msg/detail/robot_mode__rosidl_typesupport_introspection_c.h
-- Up-to-date: /home/russell/ROS2_REPAS/install/ur_dashboard_msgs/include/ur_dashboard_msgs/ur_dashboard_msgs/action
-- Up-to-date: /home/russell/ROS2_REPAS/install/ur_dashboard_msgs/include/ur_dashboard_msgs/ur_dashboard_msgs/action/detail
-- Installing: /home/russell/ROS2_REPAS/install/ur_dashboard_msgs/include/ur_dashboard_msgs/ur_dashboard_msgs/action/detail/set_mode__type_support.c
-- Installing: /home/russell/ROS2_REPAS/install/ur_dashboard_msgs/include/ur_dashboard_msgs/ur_dashboard_msgs/action/detail/set_mode__rosidl_typesupport_introspection_c.h
-- Up-to-date: /home/russell/ROS2_REPAS/install/ur_dashboard_msgs/include/ur_dashboard_msgs/ur_dashboard_msgs/srv
-- Up-to-date: /home/russell/ROS2_REPAS/install/ur_dashboard_msgs/include/ur_dashboard_msgs/ur_dashboard_msgs/srv/detail
-- Installing: /home/russell/ROS2_REPAS/install/ur_dashboard_msgs/include/ur_dashboard_msgs/ur_dashboard_msgs/srv/detail/get_safety_mode__rosidl_typesupport_introspection_c.h
-- Installing: /home/russell/ROS2_REPAS/install/ur_dashboard_msgs/include/ur_dashboard_msgs/ur_dashboard_msgs/srv/detail/is_program_running__rosidl_typesupport_introspection_c.h
-- Installing: /home/russell/ROS2_REPAS/install/ur_dashboard_msgs/include/ur_dashboard_msgs/ur_dashboard_msgs/srv/detail/load__type_support.c
-- Installing: /home/russell/ROS2_REPAS/install/ur_dashboard_msgs/include/ur_dashboard_msgs/ur_dashboard_msgs/srv/detail/add_to_log__rosidl_typesupport_introspection_c.h
-- Installing: /home/russell/ROS2_REPAS/install/ur_dashboard_msgs/include/ur_dashboard_msgs/ur_dashboard_msgs/srv/detail/get_safety_mode__type_support.c
-- Installing: /home/russell/ROS2_REPAS/install/ur_dashboard_msgs/include/ur_dashboard_msgs/ur_dashboard_msgs/srv/detail/popup__rosidl_typesupport_introspection_c.h
-- Installing: /home/russell/ROS2_REPAS/install/ur_dashboard_msgs/include/ur_dashboard_msgs/ur_dashboard_msgs/srv/detail/is_program_running__type_support.c
-- Installing: /home/russell/ROS2_REPAS/install/ur_dashboard_msgs/include/ur_dashboard_msgs/ur_dashboard_msgs/srv/detail/raw_request__type_support.c
-- Installing: /home/russell/ROS2_REPAS/install/ur_dashboard_msgs/include/ur_dashboard_msgs/ur_dashboard_msgs/srv/detail/is_program_saved__type_support.c
-- Installing: /home/russell/ROS2_REPAS/install/ur_dashboard_msgs/include/ur_dashboard_msgs/ur_dashboard_msgs/srv/detail/add_to_log__type_support.c
-- Installing: /home/russell/ROS2_REPAS/install/ur_dashboard_msgs/include/ur_dashboard_msgs/ur_dashboard_msgs/srv/detail/get_program_state__rosidl_typesupport_introspection_c.h
-- Installing: /home/russell/ROS2_REPAS/install/ur_dashboard_msgs/include/ur_dashboard_msgs/ur_dashboard_msgs/srv/detail/get_program_state__type_support.c
-- Installing: /home/russell/ROS2_REPAS/install/ur_dashboard_msgs/include/ur_dashboard_msgs/ur_dashboard_msgs/srv/detail/load__rosidl_typesupport_introspection_c.h
-- Installing: /home/russell/ROS2_REPAS/install/ur_dashboard_msgs/include/ur_dashboard_msgs/ur_dashboard_msgs/srv/detail/get_robot_mode__rosidl_typesupport_introspection_c.h
-- Installing: /home/russell/ROS2_REPAS/install/ur_dashboard_msgs/include/ur_dashboard_msgs/ur_dashboard_msgs/srv/detail/raw_request__rosidl_typesupport_introspection_c.h
-- Installing: /home/russell/ROS2_REPAS/install/ur_dashboard_msgs/include/ur_dashboard_msgs/ur_dashboard_msgs/srv/detail/get_robot_mode__type_support.c
-- Installing: /home/russell/ROS2_REPAS/install/ur_dashboard_msgs/include/ur_dashboard_msgs/ur_dashboard_msgs/srv/detail/get_loaded_program__type_support.c
-- Installing: /home/russell/ROS2_REPAS/install/ur_dashboard_msgs/include/ur_dashboard_msgs/ur_dashboard_msgs/srv/detail/popup__type_support.c
-- Installing: /home/russell/ROS2_REPAS/install/ur_dashboard_msgs/include/ur_dashboard_msgs/ur_dashboard_msgs/srv/detail/get_loaded_program__rosidl_typesupport_introspection_c.h
-- Installing: /home/russell/ROS2_REPAS/install/ur_dashboard_msgs/include/ur_dashboard_msgs/ur_dashboard_msgs/srv/detail/is_program_saved__rosidl_typesupport_introspection_c.h
-- Installing: /home/russell/ROS2_REPAS/install/ur_dashboard_msgs/lib/libur_dashboard_msgs__rosidl_typesupport_introspection_c.so
-- Set non-toolchain portion of runtime path of "/home/russell/ROS2_REPAS/install/ur_dashboard_msgs/lib/libur_dashboard_msgs__rosidl_typesupport_introspection_c.so" to ""
-- Installing: /home/russell/ROS2_REPAS/install/ur_dashboard_msgs/lib/libur_dashboard_msgs__rosidl_typesupport_c.so
-- Set non-toolchain portion of runtime path of "/home/russell/ROS2_REPAS/install/ur_dashboard_msgs/lib/libur_dashboard_msgs__rosidl_typesupport_c.so" to ""
-- Up-to-date: /home/russell/ROS2_REPAS/install/ur_dashboard_msgs/include/ur_dashboard_msgs/ur_dashboard_msgs
-- Up-to-date: /home/russell/ROS2_REPAS/install/ur_dashboard_msgs/include/ur_dashboard_msgs/ur_dashboard_msgs/msg
-- Up-to-date: /home/russell/ROS2_REPAS/install/ur_dashboard_msgs/include/ur_dashboard_msgs/ur_dashboard_msgs/msg/detail
-- Installing: /home/russell/ROS2_REPAS/install/ur_dashboard_msgs/include/ur_dashboard_msgs/ur_dashboard_msgs/msg/detail/robot_mode__builder.hpp
-- Installing: /home/russell/ROS2_REPAS/install/ur_dashboard_msgs/include/ur_dashboard_msgs/ur_dashboard_msgs/msg/detail/safety_mode__type_support.hpp
-- Installing: /home/russell/ROS2_REPAS/install/ur_dashboard_msgs/include/ur_dashboard_msgs/ur_dashboard_msgs/msg/detail/robot_mode__struct.hpp
-- Installing: /home/russell/ROS2_REPAS/install/ur_dashboard_msgs/include/ur_dashboard_msgs/ur_dashboard_msgs/msg/detail/safety_mode__struct.hpp
-- Installing: /home/russell/ROS2_REPAS/install/ur_dashboard_msgs/include/ur_dashboard_msgs/ur_dashboard_msgs/msg/detail/safety_mode__builder.hpp
-- Installing: /home/russell/ROS2_REPAS/install/ur_dashboard_msgs/include/ur_dashboard_msgs/ur_dashboard_msgs/msg/detail/program_state__builder.hpp
-- Installing: /home/russell/ROS2_REPAS/install/ur_dashboard_msgs/include/ur_dashboard_msgs/ur_dashboard_msgs/msg/detail/robot_mode__type_support.hpp
-- Installing: /home/russell/ROS2_REPAS/install/ur_dashboard_msgs/include/ur_dashboard_msgs/ur_dashboard_msgs/msg/detail/program_state__struct.hpp
-- Installing: /home/russell/ROS2_REPAS/install/ur_dashboard_msgs/include/ur_dashboard_msgs/ur_dashboard_msgs/msg/detail/safety_mode__traits.hpp
-- Installing: /home/russell/ROS2_REPAS/install/ur_dashboard_msgs/include/ur_dashboard_msgs/ur_dashboard_msgs/msg/detail/program_state__traits.hpp
-- Installing: /home/russell/ROS2_REPAS/install/ur_dashboard_msgs/include/ur_dashboard_msgs/ur_dashboard_msgs/msg/detail/program_state__type_support.hpp
-- Installing: /home/russell/ROS2_REPAS/install/ur_dashboard_msgs/include/ur_dashboard_msgs/ur_dashboard_msgs/msg/detail/robot_mode__traits.hpp
-- Installing: /home/russell/ROS2_REPAS/install/ur_dashboard_msgs/include/ur_dashboard_msgs/ur_dashboard_msgs/msg/safety_mode.hpp
-- Installing: /home/russell/ROS2_REPAS/install/ur_dashboard_msgs/include/ur_dashboard_msgs/ur_dashboard_msgs/msg/rosidl_generator_cpp__visibility_control.hpp
-- Installing: /home/russell/ROS2_REPAS/install/ur_dashboard_msgs/include/ur_dashboard_msgs/ur_dashboard_msgs/msg/program_state.hpp
-- Installing: /home/russell/ROS2_REPAS/install/ur_dashboard_msgs/include/ur_dashboard_msgs/ur_dashboard_msgs/msg/robot_mode.hpp
-- Up-to-date: /home/russell/ROS2_REPAS/install/ur_dashboard_msgs/include/ur_dashboard_msgs/ur_dashboard_msgs/action
-- Up-to-date: /home/russell/ROS2_REPAS/install/ur_dashboard_msgs/include/ur_dashboard_msgs/ur_dashboard_msgs/action/detail
-- Installing: /home/russell/ROS2_REPAS/install/ur_dashboard_msgs/include/ur_dashboard_msgs/ur_dashboard_msgs/action/detail/set_mode__struct.hpp
-- Installing: /home/russell/ROS2_REPAS/install/ur_dashboard_msgs/include/ur_dashboard_msgs/ur_dashboard_msgs/action/detail/set_mode__builder.hpp
-- Installing: /home/russell/ROS2_REPAS/install/ur_dashboard_msgs/include/ur_dashboard_msgs/ur_dashboard_msgs/action/detail/set_mode__type_support.hpp
-- Installing: /home/russell/ROS2_REPAS/install/ur_dashboard_msgs/include/ur_dashboard_msgs/ur_dashboard_msgs/action/detail/set_mode__traits.hpp
-- Installing: /home/russell/ROS2_REPAS/install/ur_dashboard_msgs/include/ur_dashboard_msgs/ur_dashboard_msgs/action/set_mode.hpp
-- Up-to-date: /home/russell/ROS2_REPAS/install/ur_dashboard_msgs/include/ur_dashboard_msgs/ur_dashboard_msgs/srv
-- Installing: /home/russell/ROS2_REPAS/install/ur_dashboard_msgs/include/ur_dashboard_msgs/ur_dashboard_msgs/srv/is_program_running.hpp
-- Installing: /home/russell/ROS2_REPAS/install/ur_dashboard_msgs/include/ur_dashboard_msgs/ur_dashboard_msgs/srv/get_robot_mode.hpp
-- Installing: /home/russell/ROS2_REPAS/install/ur_dashboard_msgs/include/ur_dashboard_msgs/ur_dashboard_msgs/srv/get_safety_mode.hpp
-- Installing: /home/russell/ROS2_REPAS/install/ur_dashboard_msgs/include/ur_dashboard_msgs/ur_dashboard_msgs/srv/get_loaded_program.hpp
-- Up-to-date: /home/russell/ROS2_REPAS/install/ur_dashboard_msgs/include/ur_dashboard_msgs/ur_dashboard_msgs/srv/detail
-- Installing: /home/russell/ROS2_REPAS/install/ur_dashboard_msgs/include/ur_dashboard_msgs/ur_dashboard_msgs/srv/detail/is_program_running__builder.hpp
-- Installing: /home/russell/ROS2_REPAS/install/ur_dashboard_msgs/include/ur_dashboard_msgs/ur_dashboard_msgs/srv/detail/get_robot_mode__builder.hpp
-- Installing: /home/russell/ROS2_REPAS/install/ur_dashboard_msgs/include/ur_dashboard_msgs/ur_dashboard_msgs/srv/detail/get_robot_mode__traits.hpp
-- Installing: /home/russell/ROS2_REPAS/install/ur_dashboard_msgs/include/ur_dashboard_msgs/ur_dashboard_msgs/srv/detail/add_to_log__struct.hpp
-- Installing: /home/russell/ROS2_REPAS/install/ur_dashboard_msgs/include/ur_dashboard_msgs/ur_dashboard_msgs/srv/detail/is_program_saved__traits.hpp
-- Installing: /home/russell/ROS2_REPAS/install/ur_dashboard_msgs/include/ur_dashboard_msgs/ur_dashboard_msgs/srv/detail/raw_request__struct.hpp
-- Installing: /home/russell/ROS2_REPAS/install/ur_dashboard_msgs/include/ur_dashboard_msgs/ur_dashboard_msgs/srv/detail/add_to_log__type_support.hpp
-- Installing: /home/russell/ROS2_REPAS/install/ur_dashboard_msgs/include/ur_dashboard_msgs/ur_dashboard_msgs/srv/detail/is_program_saved__type_support.hpp
-- Installing: /home/russell/ROS2_REPAS/install/ur_dashboard_msgs/include/ur_dashboard_msgs/ur_dashboard_msgs/srv/detail/add_to_log__traits.hpp
-- Installing: /home/russell/ROS2_REPAS/install/ur_dashboard_msgs/include/ur_dashboard_msgs/ur_dashboard_msgs/srv/detail/get_safety_mode__traits.hpp
-- Installing: /home/russell/ROS2_REPAS/install/ur_dashboard_msgs/include/ur_dashboard_msgs/ur_dashboard_msgs/srv/detail/popup__type_support.hpp
-- Installing: /home/russell/ROS2_REPAS/install/ur_dashboard_msgs/include/ur_dashboard_msgs/ur_dashboard_msgs/srv/detail/get_safety_mode__builder.hpp
-- Installing: /home/russell/ROS2_REPAS/install/ur_dashboard_msgs/include/ur_dashboard_msgs/ur_dashboard_msgs/srv/detail/add_to_log__builder.hpp
-- Installing: /home/russell/ROS2_REPAS/install/ur_dashboard_msgs/include/ur_dashboard_msgs/ur_dashboard_msgs/srv/detail/load__traits.hpp
-- Installing: /home/russell/ROS2_REPAS/install/ur_dashboard_msgs/include/ur_dashboard_msgs/ur_dashboard_msgs/srv/detail/raw_request__type_support.hpp
-- Installing: /home/russell/ROS2_REPAS/install/ur_dashboard_msgs/include/ur_dashboard_msgs/ur_dashboard_msgs/srv/detail/is_program_saved__builder.hpp
-- Installing: /home/russell/ROS2_REPAS/install/ur_dashboard_msgs/include/ur_dashboard_msgs/ur_dashboard_msgs/srv/detail/is_program_saved__struct.hpp
-- Installing: /home/russell/ROS2_REPAS/install/ur_dashboard_msgs/include/ur_dashboard_msgs/ur_dashboard_msgs/srv/detail/raw_request__traits.hpp
-- Installing: /home/russell/ROS2_REPAS/install/ur_dashboard_msgs/include/ur_dashboard_msgs/ur_dashboard_msgs/srv/detail/get_loaded_program__type_support.hpp
-- Installing: /home/russell/ROS2_REPAS/install/ur_dashboard_msgs/include/ur_dashboard_msgs/ur_dashboard_msgs/srv/detail/raw_request__builder.hpp
-- Installing: /home/russell/ROS2_REPAS/install/ur_dashboard_msgs/include/ur_dashboard_msgs/ur_dashboard_msgs/srv/detail/get_robot_mode__struct.hpp
-- Installing: /home/russell/ROS2_REPAS/install/ur_dashboard_msgs/include/ur_dashboard_msgs/ur_dashboard_msgs/srv/detail/get_loaded_program__struct.hpp
-- Installing: /home/russell/ROS2_REPAS/install/ur_dashboard_msgs/include/ur_dashboard_msgs/ur_dashboard_msgs/srv/detail/get_loaded_program__builder.hpp
-- Installing: /home/russell/ROS2_REPAS/install/ur_dashboard_msgs/include/ur_dashboard_msgs/ur_dashboard_msgs/srv/detail/is_program_running__traits.hpp
-- Installing: /home/russell/ROS2_REPAS/install/ur_dashboard_msgs/include/ur_dashboard_msgs/ur_dashboard_msgs/srv/detail/get_program_state__struct.hpp
-- Installing: /home/russell/ROS2_REPAS/install/ur_dashboard_msgs/include/ur_dashboard_msgs/ur_dashboard_msgs/srv/detail/load__struct.hpp
-- Installing: /home/russell/ROS2_REPAS/install/ur_dashboard_msgs/include/ur_dashboard_msgs/ur_dashboard_msgs/srv/detail/is_program_running__type_support.hpp
-- Installing: /home/russell/ROS2_REPAS/install/ur_dashboard_msgs/include/ur_dashboard_msgs/ur_dashboard_msgs/srv/detail/get_program_state__type_support.hpp
-- Installing: /home/russell/ROS2_REPAS/install/ur_dashboard_msgs/include/ur_dashboard_msgs/ur_dashboard_msgs/srv/detail/popup__struct.hpp
-- Installing: /home/russell/ROS2_REPAS/install/ur_dashboard_msgs/include/ur_dashboard_msgs/ur_dashboard_msgs/srv/detail/get_loaded_program__traits.hpp
-- Installing: /home/russell/ROS2_REPAS/install/ur_dashboard_msgs/include/ur_dashboard_msgs/ur_dashboard_msgs/srv/detail/load__type_support.hpp
-- Installing: /home/russell/ROS2_REPAS/install/ur_dashboard_msgs/include/ur_dashboard_msgs/ur_dashboard_msgs/srv/detail/load__builder.hpp
-- Installing: /home/russell/ROS2_REPAS/install/ur_dashboard_msgs/include/ur_dashboard_msgs/ur_dashboard_msgs/srv/detail/get_robot_mode__type_support.hpp
-- Installing: /home/russell/ROS2_REPAS/install/ur_dashboard_msgs/include/ur_dashboard_msgs/ur_dashboard_msgs/srv/detail/popup__builder.hpp
-- Installing: /home/russell/ROS2_REPAS/install/ur_dashboard_msgs/include/ur_dashboard_msgs/ur_dashboard_msgs/srv/detail/get_program_state__builder.hpp
-- Installing: /home/russell/ROS2_REPAS/install/ur_dashboard_msgs/include/ur_dashboard_msgs/ur_dashboard_msgs/srv/detail/get_safety_mode__struct.hpp
-- Installing: /home/russell/ROS2_REPAS/install/ur_dashboard_msgs/include/ur_dashboard_msgs/ur_dashboard_msgs/srv/detail/popup__traits.hpp
-- Installing: /home/russell/ROS2_REPAS/install/ur_dashboard_msgs/include/ur_dashboard_msgs/ur_dashboard_msgs/srv/detail/get_program_state__traits.hpp
-- Installing: /home/russell/ROS2_REPAS/install/ur_dashboard_msgs/include/ur_dashboard_msgs/ur_dashboard_msgs/srv/detail/is_program_running__struct.hpp
-- Installing: /home/russell/ROS2_REPAS/install/ur_dashboard_msgs/include/ur_dashboard_msgs/ur_dashboard_msgs/srv/detail/get_safety_mode__type_support.hpp
-- Installing: /home/russell/ROS2_REPAS/install/ur_dashboard_msgs/include/ur_dashboard_msgs/ur_dashboard_msgs/srv/get_program_state.hpp
-- Installing: /home/russell/ROS2_REPAS/install/ur_dashboard_msgs/include/ur_dashboard_msgs/ur_dashboard_msgs/srv/popup.hpp
-- Installing: /home/russell/ROS2_REPAS/install/ur_dashboard_msgs/include/ur_dashboard_msgs/ur_dashboard_msgs/srv/raw_request.hpp
-- Installing: /home/russell/ROS2_REPAS/install/ur_dashboard_msgs/include/ur_dashboard_msgs/ur_dashboard_msgs/srv/add_to_log.hpp
-- Installing: /home/russell/ROS2_REPAS/install/ur_dashboard_msgs/include/ur_dashboard_msgs/ur_dashboard_msgs/srv/is_program_saved.hpp
-- Installing: /home/russell/ROS2_REPAS/install/ur_dashboard_msgs/include/ur_dashboard_msgs/ur_dashboard_msgs/srv/load.hpp
-- Up-to-date: /home/russell/ROS2_REPAS/install/ur_dashboard_msgs/include/ur_dashboard_msgs/ur_dashboard_msgs
-- Up-to-date: /home/russell/ROS2_REPAS/install/ur_dashboard_msgs/include/ur_dashboard_msgs/ur_dashboard_msgs/msg
-- Up-to-date: /home/russell/ROS2_REPAS/install/ur_dashboard_msgs/include/ur_dashboard_msgs/ur_dashboard_msgs/msg/detail
-- Installing: /home/russell/ROS2_REPAS/install/ur_dashboard_msgs/include/ur_dashboard_msgs/ur_dashboard_msgs/msg/detail/robot_mode__rosidl_typesupport_fastrtps_cpp.hpp
-- Installing: /home/russell/ROS2_REPAS/install/ur_dashboard_msgs/include/ur_dashboard_msgs/ur_dashboard_msgs/msg/detail/safety_mode__rosidl_typesupport_fastrtps_cpp.hpp
-- Installing: /home/russell/ROS2_REPAS/install/ur_dashboard_msgs/include/ur_dashboard_msgs/ur_dashboard_msgs/msg/detail/program_state__rosidl_typesupport_fastrtps_cpp.hpp
-- Installing: /home/russell/ROS2_REPAS/install/ur_dashboard_msgs/include/ur_dashboard_msgs/ur_dashboard_msgs/msg/detail/dds_fastrtps
-- Installing: /home/russell/ROS2_REPAS/install/ur_dashboard_msgs/include/ur_dashboard_msgs/ur_dashboard_msgs/msg/rosidl_typesupport_fastrtps_cpp__visibility_control.h
-- Up-to-date: /home/russell/ROS2_REPAS/install/ur_dashboard_msgs/include/ur_dashboard_msgs/ur_dashboard_msgs/action
-- Up-to-date: /home/russell/ROS2_REPAS/install/ur_dashboard_msgs/include/ur_dashboard_msgs/ur_dashboard_msgs/action/detail
-- Installing: /home/russell/ROS2_REPAS/install/ur_dashboard_msgs/include/ur_dashboard_msgs/ur_dashboard_msgs/action/detail/set_mode__rosidl_typesupport_fastrtps_cpp.hpp
-- Installing: /home/russell/ROS2_REPAS/install/ur_dashboard_msgs/include/ur_dashboard_msgs/ur_dashboard_msgs/action/detail/dds_fastrtps
-- Up-to-date: /home/russell/ROS2_REPAS/install/ur_dashboard_msgs/include/ur_dashboard_msgs/ur_dashboard_msgs/srv
-- Up-to-date: /home/russell/ROS2_REPAS/install/ur_dashboard_msgs/include/ur_dashboard_msgs/ur_dashboard_msgs/srv/detail
-- Installing: /home/russell/ROS2_REPAS/install/ur_dashboard_msgs/include/ur_dashboard_msgs/ur_dashboard_msgs/srv/detail/get_program_state__rosidl_typesupport_fastrtps_cpp.hpp
-- Installing: /home/russell/ROS2_REPAS/install/ur_dashboard_msgs/include/ur_dashboard_msgs/ur_dashboard_msgs/srv/detail/get_loaded_program__rosidl_typesupport_fastrtps_cpp.hpp
-- Installing: /home/russell/ROS2_REPAS/install/ur_dashboard_msgs/include/ur_dashboard_msgs/ur_dashboard_msgs/srv/detail/popup__rosidl_typesupport_fastrtps_cpp.hpp
-- Installing: /home/russell/ROS2_REPAS/install/ur_dashboard_msgs/include/ur_dashboard_msgs/ur_dashboard_msgs/srv/detail/raw_request__rosidl_typesupport_fastrtps_cpp.hpp
-- Installing: /home/russell/ROS2_REPAS/install/ur_dashboard_msgs/include/ur_dashboard_msgs/ur_dashboard_msgs/srv/detail/is_program_running__rosidl_typesupport_fastrtps_cpp.hpp
-- Installing: /home/russell/ROS2_REPAS/install/ur_dashboard_msgs/include/ur_dashboard_msgs/ur_dashboard_msgs/srv/detail/is_program_saved__rosidl_typesupport_fastrtps_cpp.hpp
-- Installing: /home/russell/ROS2_REPAS/install/ur_dashboard_msgs/include/ur_dashboard_msgs/ur_dashboard_msgs/srv/detail/get_robot_mode__rosidl_typesupport_fastrtps_cpp.hpp
-- Installing: /home/russell/ROS2_REPAS/install/ur_dashboard_msgs/include/ur_dashboard_msgs/ur_dashboard_msgs/srv/detail/dds_fastrtps
-- Installing: /home/russell/ROS2_REPAS/install/ur_dashboard_msgs/include/ur_dashboard_msgs/ur_dashboard_msgs/srv/detail/get_safety_mode__rosidl_typesupport_fastrtps_cpp.hpp
-- Installing: /home/russell/ROS2_REPAS/install/ur_dashboard_msgs/include/ur_dashboard_msgs/ur_dashboard_msgs/srv/detail/add_to_log__rosidl_typesupport_fastrtps_cpp.hpp
-- Installing: /home/russell/ROS2_REPAS/install/ur_dashboard_msgs/include/ur_dashboard_msgs/ur_dashboard_msgs/srv/detail/load__rosidl_typesupport_fastrtps_cpp.hpp
-- Installing: /home/russell/ROS2_REPAS/install/ur_dashboard_msgs/lib/libur_dashboard_msgs__rosidl_typesupport_fastrtps_cpp.so
-- Set non-toolchain portion of runtime path of "/home/russell/ROS2_REPAS/install/ur_dashboard_msgs/lib/libur_dashboard_msgs__rosidl_typesupport_fastrtps_cpp.so" to ""
-- Up-to-date: /home/russell/ROS2_REPAS/install/ur_dashboard_msgs/include/ur_dashboard_msgs/ur_dashboard_msgs
-- Up-to-date: /home/russell/ROS2_REPAS/install/ur_dashboard_msgs/include/ur_dashboard_msgs/ur_dashboard_msgs/msg
-- Up-to-date: /home/russell/ROS2_REPAS/install/ur_dashboard_msgs/include/ur_dashboard_msgs/ur_dashboard_msgs/msg/detail
-- Installing: /home/russell/ROS2_REPAS/install/ur_dashboard_msgs/include/ur_dashboard_msgs/ur_dashboard_msgs/msg/detail/robot_mode__type_support.cpp
-- Installing: /home/russell/ROS2_REPAS/install/ur_dashboard_msgs/include/ur_dashboard_msgs/ur_dashboard_msgs/msg/detail/safety_mode__type_support.cpp
-- Installing: /home/russell/ROS2_REPAS/install/ur_dashboard_msgs/include/ur_dashboard_msgs/ur_dashboard_msgs/msg/detail/safety_mode__rosidl_typesupport_introspection_cpp.hpp
-- Installing: /home/russell/ROS2_REPAS/install/ur_dashboard_msgs/include/ur_dashboard_msgs/ur_dashboard_msgs/msg/detail/program_state__type_support.cpp
-- Installing: /home/russell/ROS2_REPAS/install/ur_dashboard_msgs/include/ur_dashboard_msgs/ur_dashboard_msgs/msg/detail/program_state__rosidl_typesupport_introspection_cpp.hpp
-- Installing: /home/russell/ROS2_REPAS/install/ur_dashboard_msgs/include/ur_dashboard_msgs/ur_dashboard_msgs/msg/detail/robot_mode__rosidl_typesupport_introspection_cpp.hpp
-- Up-to-date: /home/russell/ROS2_REPAS/install/ur_dashboard_msgs/include/ur_dashboard_msgs/ur_dashboard_msgs/action
-- Up-to-date: /home/russell/ROS2_REPAS/install/ur_dashboard_msgs/include/ur_dashboard_msgs/ur_dashboard_msgs/action/detail
-- Installing: /home/russell/ROS2_REPAS/install/ur_dashboard_msgs/include/ur_dashboard_msgs/ur_dashboard_msgs/action/detail/set_mode__rosidl_typesupport_introspection_cpp.hpp
-- Installing: /home/russell/ROS2_REPAS/install/ur_dashboard_msgs/include/ur_dashboard_msgs/ur_dashboard_msgs/action/detail/set_mode__type_support.cpp
-- Up-to-date: /home/russell/ROS2_REPAS/install/ur_dashboard_msgs/include/ur_dashboard_msgs/ur_dashboard_msgs/srv
-- Up-to-date: /home/russell/ROS2_REPAS/install/ur_dashboard_msgs/include/ur_dashboard_msgs/ur_dashboard_msgs/srv/detail
-- Installing: /home/russell/ROS2_REPAS/install/ur_dashboard_msgs/include/ur_dashboard_msgs/ur_dashboard_msgs/srv/detail/is_program_saved__type_support.cpp
-- Installing: /home/russell/ROS2_REPAS/install/ur_dashboard_msgs/include/ur_dashboard_msgs/ur_dashboard_msgs/srv/detail/get_safety_mode__type_support.cpp
-- Installing: /home/russell/ROS2_REPAS/install/ur_dashboard_msgs/include/ur_dashboard_msgs/ur_dashboard_msgs/srv/detail/popup__rosidl_typesupport_introspection_cpp.hpp
-- Installing: /home/russell/ROS2_REPAS/install/ur_dashboard_msgs/include/ur_dashboard_msgs/ur_dashboard_msgs/srv/detail/get_program_state__rosidl_typesupport_introspection_cpp.hpp
-- Installing: /home/russell/ROS2_REPAS/install/ur_dashboard_msgs/include/ur_dashboard_msgs/ur_dashboard_msgs/srv/detail/raw_request__type_support.cpp
-- Installing: /home/russell/ROS2_REPAS/install/ur_dashboard_msgs/include/ur_dashboard_msgs/ur_dashboard_msgs/srv/detail/is_program_running__rosidl_typesupport_introspection_cpp.hpp
-- Installing: /home/russell/ROS2_REPAS/install/ur_dashboard_msgs/include/ur_dashboard_msgs/ur_dashboard_msgs/srv/detail/popup__type_support.cpp
-- Installing: /home/russell/ROS2_REPAS/install/ur_dashboard_msgs/include/ur_dashboard_msgs/ur_dashboard_msgs/srv/detail/get_robot_mode__type_support.cpp
-- Installing: /home/russell/ROS2_REPAS/install/ur_dashboard_msgs/include/ur_dashboard_msgs/ur_dashboard_msgs/srv/detail/get_loaded_program__type_support.cpp
-- Installing: /home/russell/ROS2_REPAS/install/ur_dashboard_msgs/include/ur_dashboard_msgs/ur_dashboard_msgs/srv/detail/add_to_log__type_support.cpp
-- Installing: /home/russell/ROS2_REPAS/install/ur_dashboard_msgs/include/ur_dashboard_msgs/ur_dashboard_msgs/srv/detail/get_program_state__type_support.cpp
-- Installing: /home/russell/ROS2_REPAS/install/ur_dashboard_msgs/include/ur_dashboard_msgs/ur_dashboard_msgs/srv/detail/get_loaded_program__rosidl_typesupport_introspection_cpp.hpp
-- Installing: /home/russell/ROS2_REPAS/install/ur_dashboard_msgs/include/ur_dashboard_msgs/ur_dashboard_msgs/srv/detail/add_to_log__rosidl_typesupport_introspection_cpp.hpp
-- Installing: /home/russell/ROS2_REPAS/install/ur_dashboard_msgs/include/ur_dashboard_msgs/ur_dashboard_msgs/srv/detail/load__rosidl_typesupport_introspection_cpp.hpp
-- Installing: /home/russell/ROS2_REPAS/install/ur_dashboard_msgs/include/ur_dashboard_msgs/ur_dashboard_msgs/srv/detail/raw_request__rosidl_typesupport_introspection_cpp.hpp
-- Installing: /home/russell/ROS2_REPAS/install/ur_dashboard_msgs/include/ur_dashboard_msgs/ur_dashboard_msgs/srv/detail/get_safety_mode__rosidl_typesupport_introspection_cpp.hpp
-- Installing: /home/russell/ROS2_REPAS/install/ur_dashboard_msgs/include/ur_dashboard_msgs/ur_dashboard_msgs/srv/detail/get_robot_mode__rosidl_typesupport_introspection_cpp.hpp
-- Installing: /home/russell/ROS2_REPAS/install/ur_dashboard_msgs/include/ur_dashboard_msgs/ur_dashboard_msgs/srv/detail/load__type_support.cpp
-- Installing: /home/russell/ROS2_REPAS/install/ur_dashboard_msgs/include/ur_dashboard_msgs/ur_dashboard_msgs/srv/detail/is_program_saved__rosidl_typesupport_introspection_cpp.hpp
-- Installing: /home/russell/ROS2_REPAS/install/ur_dashboard_msgs/include/ur_dashboard_msgs/ur_dashboard_msgs/srv/detail/is_program_running__type_support.cpp
-- Installing: /home/russell/ROS2_REPAS/install/ur_dashboard_msgs/lib/libur_dashboard_msgs__rosidl_typesupport_introspection_cpp.so
-- Set non-toolchain portion of runtime path of "/home/russell/ROS2_REPAS/install/ur_dashboard_msgs/lib/libur_dashboard_msgs__rosidl_typesupport_introspection_cpp.so" to ""
-- Installing: /home/russell/ROS2_REPAS/install/ur_dashboard_msgs/lib/libur_dashboard_msgs__rosidl_typesupport_cpp.so
-- Set non-toolchain portion of runtime path of "/home/russell/ROS2_REPAS/install/ur_dashboard_msgs/lib/libur_dashboard_msgs__rosidl_typesupport_cpp.so" to ""
-- Installing: /home/russell/ROS2_REPAS/install/ur_dashboard_msgs/share/ur_dashboard_msgs/environment/pythonpath.sh
-- Installing: /home/russell/ROS2_REPAS/install/ur_dashboard_msgs/share/ur_dashboard_msgs/environment/pythonpath.dsv
-- Installing: /home/russell/ROS2_REPAS/install/ur_dashboard_msgs/lib/python3.12/site-packages/ur_dashboard_msgs-3.2.1-py3.12.egg-info
-- Installing: /home/russell/ROS2_REPAS/install/ur_dashboard_msgs/lib/python3.12/site-packages/ur_dashboard_msgs-3.2.1-py3.12.egg-info/dependency_links.txt
-- Installing: /home/russell/ROS2_REPAS/install/ur_dashboard_msgs/lib/python3.12/site-packages/ur_dashboard_msgs-3.2.1-py3.12.egg-info/PKG-INFO
-- Installing: /home/russell/ROS2_REPAS/install/ur_dashboard_msgs/lib/python3.12/site-packages/ur_dashboard_msgs-3.2.1-py3.12.egg-info/SOURCES.txt
-- Installing: /home/russell/ROS2_REPAS/install/ur_dashboard_msgs/lib/python3.12/site-packages/ur_dashboard_msgs-3.2.1-py3.12.egg-info/top_level.txt
-- Installing: /home/russell/ROS2_REPAS/install/ur_dashboard_msgs/lib/python3.12/site-packages/ur_dashboard_msgs
-- Installing: /home/russell/ROS2_REPAS/install/ur_dashboard_msgs/lib/python3.12/site-packages/ur_dashboard_msgs/ur_dashboard_msgs_s__rosidl_typesupport_c.so
-- Installing: /home/russell/ROS2_REPAS/install/ur_dashboard_msgs/lib/python3.12/site-packages/ur_dashboard_msgs/msg
-- Installing: /home/russell/ROS2_REPAS/install/ur_dashboard_msgs/lib/python3.12/site-packages/ur_dashboard_msgs/msg/_robot_mode_s.c
-- Installing: /home/russell/ROS2_REPAS/install/ur_dashboard_msgs/lib/python3.12/site-packages/ur_dashboard_msgs/msg/_safety_mode_s.c
-- Installing: /home/russell/ROS2_REPAS/install/ur_dashboard_msgs/lib/python3.12/site-packages/ur_dashboard_msgs/msg/_robot_mode.py
-- Installing: /home/russell/ROS2_REPAS/install/ur_dashboard_msgs/lib/python3.12/site-packages/ur_dashboard_msgs/msg/__init__.py
-- Installing: /home/russell/ROS2_REPAS/install/ur_dashboard_msgs/lib/python3.12/site-packages/ur_dashboard_msgs/msg/_program_state_s.c
-- Installing: /home/russell/ROS2_REPAS/install/ur_dashboard_msgs/lib/python3.12/site-packages/ur_dashboard_msgs/msg/_safety_mode.py
-- Installing: /home/russell/ROS2_REPAS/install/ur_dashboard_msgs/lib/python3.12/site-packages/ur_dashboard_msgs/msg/_program_state.py
-- Installing: /home/russell/ROS2_REPAS/install/ur_dashboard_msgs/lib/python3.12/site-packages/ur_dashboard_msgs/action
-- Installing: /home/russell/ROS2_REPAS/install/ur_dashboard_msgs/lib/python3.12/site-packages/ur_dashboard_msgs/action/_set_mode.py
-- Installing: /home/russell/ROS2_REPAS/install/ur_dashboard_msgs/lib/python3.12/site-packages/ur_dashboard_msgs/action/_set_mode_s.c
-- Installing: /home/russell/ROS2_REPAS/install/ur_dashboard_msgs/lib/python3.12/site-packages/ur_dashboard_msgs/action/__init__.py
-- Installing: /home/russell/ROS2_REPAS/install/ur_dashboard_msgs/lib/python3.12/site-packages/ur_dashboard_msgs/ur_dashboard_msgs_s__rosidl_typesupport_fastrtps_c.so
-- Installing: /home/russell/ROS2_REPAS/install/ur_dashboard_msgs/lib/python3.12/site-packages/ur_dashboard_msgs/srv
-- Installing: /home/russell/ROS2_REPAS/install/ur_dashboard_msgs/lib/python3.12/site-packages/ur_dashboard_msgs/srv/_get_robot_mode.py
-- Installing: /home/russell/ROS2_REPAS/install/ur_dashboard_msgs/lib/python3.12/site-packages/ur_dashboard_msgs/srv/_load.py
-- Installing: /home/russell/ROS2_REPAS/install/ur_dashboard_msgs/lib/python3.12/site-packages/ur_dashboard_msgs/srv/_get_safety_mode.py
-- Installing: /home/russell/ROS2_REPAS/install/ur_dashboard_msgs/lib/python3.12/site-packages/ur_dashboard_msgs/srv/_is_program_running.py
-- Installing: /home/russell/ROS2_REPAS/install/ur_dashboard_msgs/lib/python3.12/site-packages/ur_dashboard_msgs/srv/_get_program_state_s.c
-- Installing: /home/russell/ROS2_REPAS/install/ur_dashboard_msgs/lib/python3.12/site-packages/ur_dashboard_msgs/srv/_get_safety_mode_s.c
-- Installing: /home/russell/ROS2_REPAS/install/ur_dashboard_msgs/lib/python3.12/site-packages/ur_dashboard_msgs/srv/_raw_request_s.c
-- Installing: /home/russell/ROS2_REPAS/install/ur_dashboard_msgs/lib/python3.12/site-packages/ur_dashboard_msgs/srv/_load_s.c
-- Installing: /home/russell/ROS2_REPAS/install/ur_dashboard_msgs/lib/python3.12/site-packages/ur_dashboard_msgs/srv/_get_loaded_program.py
-- Installing: /home/russell/ROS2_REPAS/install/ur_dashboard_msgs/lib/python3.12/site-packages/ur_dashboard_msgs/srv/_add_to_log.py
-- Installing: /home/russell/ROS2_REPAS/install/ur_dashboard_msgs/lib/python3.12/site-packages/ur_dashboard_msgs/srv/_get_loaded_program_s.c
-- Installing: /home/russell/ROS2_REPAS/install/ur_dashboard_msgs/lib/python3.12/site-packages/ur_dashboard_msgs/srv/_get_robot_mode_s.c
-- Installing: /home/russell/ROS2_REPAS/install/ur_dashboard_msgs/lib/python3.12/site-packages/ur_dashboard_msgs/srv/_get_program_state.py
-- Installing: /home/russell/ROS2_REPAS/install/ur_dashboard_msgs/lib/python3.12/site-packages/ur_dashboard_msgs/srv/_is_program_saved.py
-- Installing: /home/russell/ROS2_REPAS/install/ur_dashboard_msgs/lib/python3.12/site-packages/ur_dashboard_msgs/srv/_is_program_saved_s.c
-- Installing: /home/russell/ROS2_REPAS/install/ur_dashboard_msgs/lib/python3.12/site-packages/ur_dashboard_msgs/srv/_is_program_running_s.c
-- Installing: /home/russell/ROS2_REPAS/install/ur_dashboard_msgs/lib/python3.12/site-packages/ur_dashboard_msgs/srv/__init__.py
-- Installing: /home/russell/ROS2_REPAS/install/ur_dashboard_msgs/lib/python3.12/site-packages/ur_dashboard_msgs/srv/_raw_request.py
-- Installing: /home/russell/ROS2_REPAS/install/ur_dashboard_msgs/lib/python3.12/site-packages/ur_dashboard_msgs/srv/_popup.py
-- Installing: /home/russell/ROS2_REPAS/install/ur_dashboard_msgs/lib/python3.12/site-packages/ur_dashboard_msgs/srv/_popup_s.c
-- Installing: /home/russell/ROS2_REPAS/install/ur_dashboard_msgs/lib/python3.12/site-packages/ur_dashboard_msgs/srv/_add_to_log_s.c
-- Installing: /home/russell/ROS2_REPAS/install/ur_dashboard_msgs/lib/python3.12/site-packages/ur_dashboard_msgs/_ur_dashboard_msgs_s.ep.rosidl_typesupport_c.c
-- Installing: /home/russell/ROS2_REPAS/install/ur_dashboard_msgs/lib/python3.12/site-packages/ur_dashboard_msgs/ur_dashboard_msgs_s__rosidl_typesupport_introspection_c.so
-- Installing: /home/russell/ROS2_REPAS/install/ur_dashboard_msgs/lib/python3.12/site-packages/ur_dashboard_msgs/__init__.py
-- Installing: /home/russell/ROS2_REPAS/install/ur_dashboard_msgs/lib/python3.12/site-packages/ur_dashboard_msgs/_ur_dashboard_msgs_s.ep.rosidl_typesupport_fastrtps_c.c
-- Installing: /home/russell/ROS2_REPAS/install/ur_dashboard_msgs/lib/python3.12/site-packages/ur_dashboard_msgs/_ur_dashboard_msgs_s.ep.rosidl_typesupport_introspection_c.c
Listing '/home/russell/ROS2_REPAS/install/ur_dashboard_msgs/lib/python3.12/site-packages/ur_dashboard_msgs'...
Compiling '/home/russell/ROS2_REPAS/install/ur_dashboard_msgs/lib/python3.12/site-packages/ur_dashboard_msgs/__init__.py'...
Listing '/home/russell/ROS2_REPAS/install/ur_dashboard_msgs/lib/python3.12/site-packages/ur_dashboard_msgs/action'...
Compiling '/home/russell/ROS2_REPAS/install/ur_dashboard_msgs/lib/python3.12/site-packages/ur_dashboard_msgs/action/__init__.py'...
Compiling '/home/russell/ROS2_REPAS/install/ur_dashboard_msgs/lib/python3.12/site-packages/ur_dashboard_msgs/action/_set_mode.py'...
Listing '/home/russell/ROS2_REPAS/install/ur_dashboard_msgs/lib/python3.12/site-packages/ur_dashboard_msgs/msg'...
Compiling '/home/russell/ROS2_REPAS/install/ur_dashboard_msgs/lib/python3.12/site-packages/ur_dashboard_msgs/msg/__init__.py'...
Compiling '/home/russell/ROS2_REPAS/install/ur_dashboard_msgs/lib/python3.12/site-packages/ur_dashboard_msgs/msg/_program_state.py'...
Compiling '/home/russell/ROS2_REPAS/install/ur_dashboard_msgs/lib/python3.12/site-packages/ur_dashboard_msgs/msg/_robot_mode.py'...
Compiling '/home/russell/ROS2_REPAS/install/ur_dashboard_msgs/lib/python3.12/site-packages/ur_dashboard_msgs/msg/_safety_mode.py'...
Listing '/home/russell/ROS2_REPAS/install/ur_dashboard_msgs/lib/python3.12/site-packages/ur_dashboard_msgs/srv'...
Compiling '/home/russell/ROS2_REPAS/install/ur_dashboard_msgs/lib/python3.12/site-packages/ur_dashboard_msgs/srv/__init__.py'...
Compiling '/home/russell/ROS2_REPAS/install/ur_dashboard_msgs/lib/python3.12/site-packages/ur_dashboard_msgs/srv/_add_to_log.py'...
Compiling '/home/russell/ROS2_REPAS/install/ur_dashboard_msgs/lib/python3.12/site-packages/ur_dashboard_msgs/srv/_get_loaded_program.py'...
Compiling '/home/russell/ROS2_REPAS/install/ur_dashboard_msgs/lib/python3.12/site-packages/ur_dashboard_msgs/srv/_get_program_state.py'...
Compiling '/home/russell/ROS2_REPAS/install/ur_dashboard_msgs/lib/python3.12/site-packages/ur_dashboard_msgs/srv/_get_robot_mode.py'...
Compiling '/home/russell/ROS2_REPAS/install/ur_dashboard_msgs/lib/python3.12/site-packages/ur_dashboard_msgs/srv/_get_safety_mode.py'...
Compiling '/home/russell/ROS2_REPAS/install/ur_dashboard_msgs/lib/python3.12/site-packages/ur_dashboard_msgs/srv/_is_program_running.py'...
Compiling '/home/russell/ROS2_REPAS/install/ur_dashboard_msgs/lib/python3.12/site-packages/ur_dashboard_msgs/srv/_is_program_saved.py'...
Compiling '/home/russell/ROS2_REPAS/install/ur_dashboard_msgs/lib/python3.12/site-packages/ur_dashboard_msgs/srv/_load.py'...
Compiling '/home/russell/ROS2_REPAS/install/ur_dashboard_msgs/lib/python3.12/site-packages/ur_dashboard_msgs/srv/_popup.py'...
Compiling '/home/russell/ROS2_REPAS/install/ur_dashboard_msgs/lib/python3.12/site-packages/ur_dashboard_msgs/srv/_raw_request.py'...
-- Installing: /home/russell/ROS2_REPAS/install/ur_dashboard_msgs/lib/python3.12/site-packages/ur_dashboard_msgs/ur_dashboard_msgs_s__rosidl_typesupport_fastrtps_c.so
-- Set non-toolchain portion of runtime path of "/home/russell/ROS2_REPAS/install/ur_dashboard_msgs/lib/python3.12/site-packages/ur_dashboard_msgs/ur_dashboard_msgs_s__rosidl_typesupport_fastrtps_c.so" to ""
-- Installing: /home/russell/ROS2_REPAS/install/ur_dashboard_msgs/lib/python3.12/site-packages/ur_dashboard_msgs/ur_dashboard_msgs_s__rosidl_typesupport_introspection_c.so
-- Set non-toolchain portion of runtime path of "/home/russell/ROS2_REPAS/install/ur_dashboard_msgs/lib/python3.12/site-packages/ur_dashboard_msgs/ur_dashboard_msgs_s__rosidl_typesupport_introspection_c.so" to ""
-- Installing: /home/russell/ROS2_REPAS/install/ur_dashboard_msgs/lib/python3.12/site-packages/ur_dashboard_msgs/ur_dashboard_msgs_s__rosidl_typesupport_c.so
-- Set non-toolchain portion of runtime path of "/home/russell/ROS2_REPAS/install/ur_dashboard_msgs/lib/python3.12/site-packages/ur_dashboard_msgs/ur_dashboard_msgs_s__rosidl_typesupport_c.so" to ""
-- Installing: /home/russell/ROS2_REPAS/install/ur_dashboard_msgs/lib/libur_dashboard_msgs__rosidl_generator_py.so
-- Set non-toolchain portion of runtime path of "/home/russell/ROS2_REPAS/install/ur_dashboard_msgs/lib/libur_dashboard_msgs__rosidl_generator_py.so" to ""
-- Installing: /home/russell/ROS2_REPAS/install/ur_dashboard_msgs/share/ur_dashboard_msgs/msg/ProgramState.idl
-- Installing: /home/russell/ROS2_REPAS/install/ur_dashboard_msgs/share/ur_dashboard_msgs/msg/RobotMode.idl
-- Installing: /home/russell/ROS2_REPAS/install/ur_dashboard_msgs/share/ur_dashboard_msgs/msg/SafetyMode.idl
-- Installing: /home/russell/ROS2_REPAS/install/ur_dashboard_msgs/share/ur_dashboard_msgs/srv/AddToLog.idl
-- Installing: /home/russell/ROS2_REPAS/install/ur_dashboard_msgs/share/ur_dashboard_msgs/srv/GetLoadedProgram.idl
-- Installing: /home/russell/ROS2_REPAS/install/ur_dashboard_msgs/share/ur_dashboard_msgs/srv/GetProgramState.idl
-- Installing: /home/russell/ROS2_REPAS/install/ur_dashboard_msgs/share/ur_dashboard_msgs/srv/GetRobotMode.idl
-- Installing: /home/russell/ROS2_REPAS/install/ur_dashboard_msgs/share/ur_dashboard_msgs/srv/GetSafetyMode.idl
-- Installing: /home/russell/ROS2_REPAS/install/ur_dashboard_msgs/share/ur_dashboard_msgs/srv/IsProgramRunning.idl
-- Installing: /home/russell/ROS2_REPAS/install/ur_dashboard_msgs/share/ur_dashboard_msgs/srv/IsProgramSaved.idl
-- Installing: /home/russell/ROS2_REPAS/install/ur_dashboard_msgs/share/ur_dashboard_msgs/srv/Load.idl
-- Installing: /home/russell/ROS2_REPAS/install/ur_dashboard_msgs/share/ur_dashboard_msgs/srv/Popup.idl
-- Installing: /home/russell/ROS2_REPAS/install/ur_dashboard_msgs/share/ur_dashboard_msgs/srv/RawRequest.idl
-- Installing: /home/russell/ROS2_REPAS/install/ur_dashboard_msgs/share/ur_dashboard_msgs/action/SetMode.idl
-- Installing: /home/russell/ROS2_REPAS/install/ur_dashboard_msgs/share/ur_dashboard_msgs/msg/ProgramState.msg
-- Installing: /home/russell/ROS2_REPAS/install/ur_dashboard_msgs/share/ur_dashboard_msgs/msg/RobotMode.msg
-- Installing: /home/russell/ROS2_REPAS/install/ur_dashboard_msgs/share/ur_dashboard_msgs/msg/SafetyMode.msg
-- Installing: /home/russell/ROS2_REPAS/install/ur_dashboard_msgs/share/ur_dashboard_msgs/srv/AddToLog.srv
-- Installing: /home/russell/ROS2_REPAS/install/ur_dashboard_msgs/share/ur_dashboard_msgs/srv/GetLoadedProgram.srv
-- Installing: /home/russell/ROS2_REPAS/install/ur_dashboard_msgs/share/ur_dashboard_msgs/srv/GetProgramState.srv
-- Installing: /home/russell/ROS2_REPAS/install/ur_dashboard_msgs/share/ur_dashboard_msgs/srv/GetRobotMode.srv
-- Installing: /home/russell/ROS2_REPAS/install/ur_dashboard_msgs/share/ur_dashboard_msgs/srv/GetSafetyMode.srv
-- Installing: /home/russell/ROS2_REPAS/install/ur_dashboard_msgs/share/ur_dashboard_msgs/srv/IsProgramRunning.srv
-- Installing: /home/russell/ROS2_REPAS/install/ur_dashboard_msgs/share/ur_dashboard_msgs/srv/IsProgramSaved.srv
-- Installing: /home/russell/ROS2_REPAS/install/ur_dashboard_msgs/share/ur_dashboard_msgs/srv/Load.srv
-- Installing: /home/russell/ROS2_REPAS/install/ur_dashboard_msgs/share/ur_dashboard_msgs/srv/Popup.srv
-- Installing: /home/russell/ROS2_REPAS/install/ur_dashboard_msgs/share/ur_dashboard_msgs/srv/RawRequest.srv
-- Installing: /home/russell/ROS2_REPAS/install/ur_dashboard_msgs/share/ur_dashboard_msgs/action/SetMode.action
-- Installing: /home/russell/ROS2_REPAS/install/ur_dashboard_msgs/share/ament_index/resource_index/package_run_dependencies/ur_dashboard_msgs
-- Installing: /home/russell/ROS2_REPAS/install/ur_dashboard_msgs/share/ament_index/resource_index/parent_prefix_path/ur_dashboard_msgs
-- Installing: /home/russell/ROS2_REPAS/install/ur_dashboard_msgs/share/ur_dashboard_msgs/environment/ament_prefix_path.sh
-- Installing: /home/russell/ROS2_REPAS/install/ur_dashboard_msgs/share/ur_dashboard_msgs/environment/ament_prefix_path.dsv
-- Installing: /home/russell/ROS2_REPAS/install/ur_dashboard_msgs/share/ur_dashboard_msgs/environment/path.sh
-- Installing: /home/russell/ROS2_REPAS/install/ur_dashboard_msgs/share/ur_dashboard_msgs/environment/path.dsv
-- Installing: /home/russell/ROS2_REPAS/install/ur_dashboard_msgs/share/ur_dashboard_msgs/local_setup.bash
-- Installing: /home/russell/ROS2_REPAS/install/ur_dashboard_msgs/share/ur_dashboard_msgs/local_setup.sh
-- Installing: /home/russell/ROS2_REPAS/install/ur_dashboard_msgs/share/ur_dashboard_msgs/local_setup.zsh
-- Installing: /home/russell/ROS2_REPAS/install/ur_dashboard_msgs/share/ur_dashboard_msgs/local_setup.dsv
-- Installing: /home/russell/ROS2_REPAS/install/ur_dashboard_msgs/share/ur_dashboard_msgs/package.dsv
-- Installing: /home/russell/ROS2_REPAS/install/ur_dashboard_msgs/share/ament_index/resource_index/packages/ur_dashboard_msgs
-- Installing: /home/russell/ROS2_REPAS/install/ur_dashboard_msgs/share/ur_dashboard_msgs/cmake/export_ur_dashboard_msgs__rosidl_generator_cExport.cmake
-- Installing: /home/russell/ROS2_REPAS/install/ur_dashboard_msgs/share/ur_dashboard_msgs/cmake/export_ur_dashboard_msgs__rosidl_generator_cExport-noconfig.cmake
-- Installing: /home/russell/ROS2_REPAS/install/ur_dashboard_msgs/share/ur_dashboard_msgs/cmake/export_ur_dashboard_msgs__rosidl_typesupport_fastrtps_cExport.cmake
-- Installing: /home/russell/ROS2_REPAS/install/ur_dashboard_msgs/share/ur_dashboard_msgs/cmake/export_ur_dashboard_msgs__rosidl_typesupport_fastrtps_cExport-noconfig.cmake
-- Installing: /home/russell/ROS2_REPAS/install/ur_dashboard_msgs/share/ur_dashboard_msgs/cmake/ur_dashboard_msgs__rosidl_typesupport_introspection_cExport.cmake
-- Installing: /home/russell/ROS2_REPAS/install/ur_dashboard_msgs/share/ur_dashboard_msgs/cmake/ur_dashboard_msgs__rosidl_typesupport_introspection_cExport-noconfig.cmake
-- Installing: /home/russell/ROS2_REPAS/install/ur_dashboard_msgs/share/ur_dashboard_msgs/cmake/ur_dashboard_msgs__rosidl_typesupport_cExport.cmake
-- Installing: /home/russell/ROS2_REPAS/install/ur_dashboard_msgs/share/ur_dashboard_msgs/cmake/ur_dashboard_msgs__rosidl_typesupport_cExport-noconfig.cmake
-- Installing: /home/russell/ROS2_REPAS/install/ur_dashboard_msgs/share/ur_dashboard_msgs/cmake/export_ur_dashboard_msgs__rosidl_generator_cppExport.cmake
-- Installing: /home/russell/ROS2_REPAS/install/ur_dashboard_msgs/share/ur_dashboard_msgs/cmake/export_ur_dashboard_msgs__rosidl_typesupport_fastrtps_cppExport.cmake
-- Installing: /home/russell/ROS2_REPAS/install/ur_dashboard_msgs/share/ur_dashboard_msgs/cmake/export_ur_dashboard_msgs__rosidl_typesupport_fastrtps_cppExport-noconfig.cmake
-- Installing: /home/russell/ROS2_REPAS/install/ur_dashboard_msgs/share/ur_dashboard_msgs/cmake/ur_dashboard_msgs__rosidl_typesupport_introspection_cppExport.cmake
-- Installing: /home/russell/ROS2_REPAS/install/ur_dashboard_msgs/share/ur_dashboard_msgs/cmake/ur_dashboard_msgs__rosidl_typesupport_introspection_cppExport-noconfig.cmake
-- Installing: /home/russell/ROS2_REPAS/install/ur_dashboard_msgs/share/ur_dashboard_msgs/cmake/ur_dashboard_msgs__rosidl_typesupport_cppExport.cmake
-- Installing: /home/russell/ROS2_REPAS/install/ur_dashboard_msgs/share/ur_dashboard_msgs/cmake/ur_dashboard_msgs__rosidl_typesupport_cppExport-noconfig.cmake
-- Installing: /home/russell/ROS2_REPAS/install/ur_dashboard_msgs/share/ur_dashboard_msgs/cmake/export_ur_dashboard_msgs__rosidl_generator_pyExport.cmake
-- Installing: /home/russell/ROS2_REPAS/install/ur_dashboard_msgs/share/ur_dashboard_msgs/cmake/export_ur_dashboard_msgs__rosidl_generator_pyExport-noconfig.cmake
-- Installing: /home/russell/ROS2_REPAS/install/ur_dashboard_msgs/share/ur_dashboard_msgs/cmake/rosidl_cmake-extras.cmake
-- Installing: /home/russell/ROS2_REPAS/install/ur_dashboard_msgs/share/ur_dashboard_msgs/cmake/ament_cmake_export_dependencies-extras.cmake
-- Installing: /home/russell/ROS2_REPAS/install/ur_dashboard_msgs/share/ur_dashboard_msgs/cmake/ament_cmake_export_include_directories-extras.cmake
-- Installing: /home/russell/ROS2_REPAS/install/ur_dashboard_msgs/share/ur_dashboard_msgs/cmake/ament_cmake_export_libraries-extras.cmake
-- Installing: /home/russell/ROS2_REPAS/install/ur_dashboard_msgs/share/ur_dashboard_msgs/cmake/ament_cmake_export_targets-extras.cmake
-- Installing: /home/russell/ROS2_REPAS/install/ur_dashboard_msgs/share/ur_dashboard_msgs/cmake/rosidl_cmake_export_typesupport_targets-extras.cmake
-- Installing: /home/russell/ROS2_REPAS/install/ur_dashboard_msgs/share/ur_dashboard_msgs/cmake/rosidl_cmake_export_typesupport_libraries-extras.cmake
-- Installing: /home/russell/ROS2_REPAS/install/ur_dashboard_msgs/share/ur_dashboard_msgs/cmake/ur_dashboard_msgsConfig.cmake
-- Installing: /home/russell/ROS2_REPAS/install/ur_dashboard_msgs/share/ur_dashboard_msgs/cmake/ur_dashboard_msgsConfig-version.cmake
-- Installing: /home/russell/ROS2_REPAS/install/ur_dashboard_msgs/share/ur_dashboard_msgs/package.xml
