[0.090s] Invoking command in '/home/russell/ROS2_REPAS/build/ur_dashboard_msgs': CMAKE_PREFIX_PATH=${CMAKE_PREFIX_PATH}:/opt/ros/jazzy DEBUGINFOD_URLS=https://debuginfod.ubuntu.com /usr/bin/cmake --build /home/russell/ROS2_REPAS/build/ur_dashboard_msgs -- -j24 -l24
[0.653s] [  0%] Built target ur_dashboard_msgs__rosidl_generator_type_description
[0.808s] [  0%] Built target ur_dashboard_msgs__cpp
[1.531s] [ 27%] Built target ur_dashboard_msgs__rosidl_generator_c
[1.679s] [ 27%] Built target ament_cmake_python_copy_ur_dashboard_msgs
[1.821s] [ 37%] Built target ur_dashboard_msgs__rosidl_typesupport_c
[1.831s] [ 47%] Built target ur_dashboard_msgs__rosidl_typesupport_cpp
[1.838s] [ 57%] Built target ur_dashboard_msgs__rosidl_typesupport_introspection_c
[1.838s] [ 67%] Built target ur_dashboard_msgs__rosidl_typesupport_introspection_cpp
[1.841s] [ 77%] Built target ur_dashboard_msgs__rosidl_typesupport_fastrtps_c
[1.842s] [ 86%] Built target ur_dashboard_msgs__rosidl_typesupport_fastrtps_cpp
[1.870s] [ 86%] Built target ur_dashboard_msgs
[1.932s] [ 87%] Built target ur_dashboard_msgs__py
[2.013s] [ 96%] Built target ur_dashboard_msgs__rosidl_generator_py
[2.115s] [ 97%] Built target ur_dashboard_msgs_s__rosidl_typesupport_fastrtps_c
[2.140s] running egg_info
[2.153s] [ 99%] Built target ur_dashboard_msgs_s__rosidl_typesupport_introspection_c
[2.159s] writing ur_dashboard_msgs.egg-info/PKG-INFO
[2.159s] writing dependency_links to ur_dashboard_msgs.egg-info/dependency_links.txt
[2.159s] writing top-level names to ur_dashboard_msgs.egg-info/top_level.txt
[2.178s] [100%] Built target ur_dashboard_msgs_s__rosidl_typesupport_c
[2.217s] reading manifest file 'ur_dashboard_msgs.egg-info/SOURCES.txt'
[2.218s] writing manifest file 'ur_dashboard_msgs.egg-info/SOURCES.txt'
[2.240s] [100%] Built target ament_cmake_python_build_ur_dashboard_msgs_egg
[2.256s] Invoked command in '/home/russell/ROS2_REPAS/build/ur_dashboard_msgs' returned '0': CMAKE_PREFIX_PATH=${CMAKE_PREFIX_PATH}:/opt/ros/jazzy DEBUGINFOD_URLS=https://debuginfod.ubuntu.com /usr/bin/cmake --build /home/russell/ROS2_REPAS/build/ur_dashboard_msgs -- -j24 -l24
[2.277s] Invoking command in '/home/russell/ROS2_REPAS/build/ur_dashboard_msgs': CMAKE_PREFIX_PATH=${CMAKE_PREFIX_PATH}:/opt/ros/jazzy DEBUGINFOD_URLS=https://debuginfod.ubuntu.com /usr/bin/cmake --install /home/russell/ROS2_REPAS/build/ur_dashboard_msgs
[2.295s] -- Install configuration: ""
[2.296s] -- Installing: /home/russell/ROS2_REPAS/install/ur_dashboard_msgs/share/ament_index/resource_index/rosidl_interfaces/ur_dashboard_msgs
[2.314s] -- Installing: /home/russell/ROS2_REPAS/install/ur_dashboard_msgs/share/ur_dashboard_msgs/msg/ProgramState.json
[2.314s] -- Installing: /home/russell/ROS2_REPAS/install/ur_dashboard_msgs/share/ur_dashboard_msgs/msg/RobotMode.json
[2.314s] -- Installing: /home/russell/ROS2_REPAS/install/ur_dashboard_msgs/share/ur_dashboard_msgs/msg/SafetyMode.json
[2.314s] -- Installing: /home/russell/ROS2_REPAS/install/ur_dashboard_msgs/share/ur_dashboard_msgs/srv/AddToLog.json
[2.315s] -- Installing: /home/russell/ROS2_REPAS/install/ur_dashboard_msgs/share/ur_dashboard_msgs/srv/GetLoadedProgram.json
[2.315s] -- Installing: /home/russell/ROS2_REPAS/install/ur_dashboard_msgs/share/ur_dashboard_msgs/srv/GetProgramState.json
[2.315s] -- Installing: /home/russell/ROS2_REPAS/install/ur_dashboard_msgs/share/ur_dashboard_msgs/srv/GetRobotMode.json
[2.316s] -- Installing: /home/russell/ROS2_REPAS/install/ur_dashboard_msgs/share/ur_dashboard_msgs/srv/GetSafetyMode.json
[2.316s] -- Installing: /home/russell/ROS2_REPAS/install/ur_dashboard_msgs/share/ur_dashboard_msgs/srv/IsProgramRunning.json
[2.316s] -- Installing: /home/russell/ROS2_REPAS/install/ur_dashboard_msgs/share/ur_dashboard_msgs/srv/IsProgramSaved.json
[2.316s] -- Installing: /home/russell/ROS2_REPAS/install/ur_dashboard_msgs/share/ur_dashboard_msgs/srv/Load.json
[2.317s] -- Installing: /home/russell/ROS2_REPAS/install/ur_dashboard_msgs/share/ur_dashboard_msgs/srv/Popup.json
[2.317s] -- Installing: /home/russell/ROS2_REPAS/install/ur_dashboard_msgs/share/ur_dashboard_msgs/srv/RawRequest.json
[2.346s] -- Installing: /home/russell/ROS2_REPAS/install/ur_dashboard_msgs/share/ur_dashboard_msgs/action/SetMode.json
[2.347s] -- Installing: /home/russell/ROS2_REPAS/install/ur_dashboard_msgs/include/ur_dashboard_msgs/ur_dashboard_msgs
[2.347s] -- Installing: /home/russell/ROS2_REPAS/install/ur_dashboard_msgs/include/ur_dashboard_msgs/ur_dashboard_msgs/msg
[2.347s] -- Installing: /home/russell/ROS2_REPAS/install/ur_dashboard_msgs/include/ur_dashboard_msgs/ur_dashboard_msgs/msg/program_state.h
[2.347s] -- Installing: /home/russell/ROS2_REPAS/install/ur_dashboard_msgs/include/ur_dashboard_msgs/ur_dashboard_msgs/msg/rosidl_generator_c__visibility_control.h
[2.372s] -- Installing: /home/russell/ROS2_REPAS/install/ur_dashboard_msgs/include/ur_dashboard_msgs/ur_dashboard_msgs/msg/detail
[2.373s] -- Installing: /home/russell/ROS2_REPAS/install/ur_dashboard_msgs/include/ur_dashboard_msgs/ur_dashboard_msgs/msg/detail/safety_mode__type_support.c
[2.373s] -- Installing: /home/russell/ROS2_REPAS/install/ur_dashboard_msgs/include/ur_dashboard_msgs/ur_dashboard_msgs/msg/detail/safety_mode__functions.h
[2.373s] -- Installing: /home/russell/ROS2_REPAS/install/ur_dashboard_msgs/include/ur_dashboard_msgs/ur_dashboard_msgs/msg/detail/robot_mode__description.c
[2.374s] -- Installing: /home/russell/ROS2_REPAS/install/ur_dashboard_msgs/include/ur_dashboard_msgs/ur_dashboard_msgs/msg/detail/safety_mode__struct.h
[2.374s] -- Installing: /home/russell/ROS2_REPAS/install/ur_dashboard_msgs/include/ur_dashboard_msgs/ur_dashboard_msgs/msg/detail/program_state__type_support.h
[2.374s] -- Installing: /home/russell/ROS2_REPAS/install/ur_dashboard_msgs/include/ur_dashboard_msgs/ur_dashboard_msgs/msg/detail/safety_mode__description.c
[2.375s] -- Installing: /home/russell/ROS2_REPAS/install/ur_dashboard_msgs/include/ur_dashboard_msgs/ur_dashboard_msgs/msg/detail/robot_mode__type_support.h
[2.375s] -- Installing: /home/russell/ROS2_REPAS/install/ur_dashboard_msgs/include/ur_dashboard_msgs/ur_dashboard_msgs/msg/detail/program_state__struct.h
[2.375s] -- Installing: /home/russell/ROS2_REPAS/install/ur_dashboard_msgs/include/ur_dashboard_msgs/ur_dashboard_msgs/msg/detail/robot_mode__type_support.c
[2.376s] -- Installing: /home/russell/ROS2_REPAS/install/ur_dashboard_msgs/include/ur_dashboard_msgs/ur_dashboard_msgs/msg/detail/robot_mode__functions.c
[2.376s] -- Installing: /home/russell/ROS2_REPAS/install/ur_dashboard_msgs/include/ur_dashboard_msgs/ur_dashboard_msgs/msg/detail/program_state__functions.c
[2.377s] -- Installing: /home/russell/ROS2_REPAS/install/ur_dashboard_msgs/include/ur_dashboard_msgs/ur_dashboard_msgs/msg/detail/robot_mode__struct.h
[2.377s] -- Installing: /home/russell/ROS2_REPAS/install/ur_dashboard_msgs/include/ur_dashboard_msgs/ur_dashboard_msgs/msg/detail/robot_mode__functions.h
[2.377s] -- Installing: /home/russell/ROS2_REPAS/install/ur_dashboard_msgs/include/ur_dashboard_msgs/ur_dashboard_msgs/msg/detail/program_state__type_support.c
[2.377s] -- Installing: /home/russell/ROS2_REPAS/install/ur_dashboard_msgs/include/ur_dashboard_msgs/ur_dashboard_msgs/msg/detail/program_state__description.c
[2.377s] -- Installing: /home/russell/ROS2_REPAS/install/ur_dashboard_msgs/include/ur_dashboard_msgs/ur_dashboard_msgs/msg/detail/safety_mode__functions.c
[2.378s] -- Installing: /home/russell/ROS2_REPAS/install/ur_dashboard_msgs/include/ur_dashboard_msgs/ur_dashboard_msgs/msg/detail/safety_mode__type_support.h
[2.378s] -- Installing: /home/russell/ROS2_REPAS/install/ur_dashboard_msgs/include/ur_dashboard_msgs/ur_dashboard_msgs/msg/detail/program_state__functions.h
[2.378s] -- Installing: /home/russell/ROS2_REPAS/install/ur_dashboard_msgs/include/ur_dashboard_msgs/ur_dashboard_msgs/msg/robot_mode.h
[2.378s] -- Installing: /home/russell/ROS2_REPAS/install/ur_dashboard_msgs/include/ur_dashboard_msgs/ur_dashboard_msgs/msg/safety_mode.h
[2.378s] -- Installing: /home/russell/ROS2_REPAS/install/ur_dashboard_msgs/include/ur_dashboard_msgs/ur_dashboard_msgs/action
[2.378s] -- Installing: /home/russell/ROS2_REPAS/install/ur_dashboard_msgs/include/ur_dashboard_msgs/ur_dashboard_msgs/action/detail
[2.379s] -- Installing: /home/russell/ROS2_REPAS/install/ur_dashboard_msgs/include/ur_dashboard_msgs/ur_dashboard_msgs/action/detail/set_mode__type_support.c
[2.400s] -- Installing: /home/russell/ROS2_REPAS/install/ur_dashboard_msgs/include/ur_dashboard_msgs/ur_dashboard_msgs/action/detail/set_mode__type_support.h
[2.401s] -- Installing: /home/russell/ROS2_REPAS/install/ur_dashboard_msgs/include/ur_dashboard_msgs/ur_dashboard_msgs/action/detail/set_mode__functions.h
[2.430s] -- Installing: /home/russell/ROS2_REPAS/install/ur_dashboard_msgs/include/ur_dashboard_msgs/ur_dashboard_msgs/action/detail/set_mode__description.c
[2.441s] -- Installing: /home/russell/ROS2_REPAS/install/ur_dashboard_msgs/include/ur_dashboard_msgs/ur_dashboard_msgs/action/detail/set_mode__struct.h
[2.441s] -- Installing: /home/russell/ROS2_REPAS/install/ur_dashboard_msgs/include/ur_dashboard_msgs/ur_dashboard_msgs/action/detail/set_mode__functions.c
[2.442s] -- Installing: /home/russell/ROS2_REPAS/install/ur_dashboard_msgs/include/ur_dashboard_msgs/ur_dashboard_msgs/action/set_mode.h
[2.442s] -- Installing: /home/russell/ROS2_REPAS/install/ur_dashboard_msgs/include/ur_dashboard_msgs/ur_dashboard_msgs/srv
[2.442s] -- Installing: /home/russell/ROS2_REPAS/install/ur_dashboard_msgs/include/ur_dashboard_msgs/ur_dashboard_msgs/srv/is_program_saved.h
[2.450s] -- Installing: /home/russell/ROS2_REPAS/install/ur_dashboard_msgs/include/ur_dashboard_msgs/ur_dashboard_msgs/srv/get_loaded_program.h
[2.458s] -- Installing: /home/russell/ROS2_REPAS/install/ur_dashboard_msgs/include/ur_dashboard_msgs/ur_dashboard_msgs/srv/detail
[2.458s] -- Installing: /home/russell/ROS2_REPAS/install/ur_dashboard_msgs/include/ur_dashboard_msgs/ur_dashboard_msgs/srv/detail/get_program_state__type_support.h
[2.461s] -- Installing: /home/russell/ROS2_REPAS/install/ur_dashboard_msgs/include/ur_dashboard_msgs/ur_dashboard_msgs/srv/detail/get_robot_mode__type_support.h
[2.462s] -- Installing: /home/russell/ROS2_REPAS/install/ur_dashboard_msgs/include/ur_dashboard_msgs/ur_dashboard_msgs/srv/detail/is_program_running__type_support.h
[2.462s] -- Installing: /home/russell/ROS2_REPAS/install/ur_dashboard_msgs/include/ur_dashboard_msgs/ur_dashboard_msgs/srv/detail/raw_request__functions.c
[2.463s] -- Installing: /home/russell/ROS2_REPAS/install/ur_dashboard_msgs/include/ur_dashboard_msgs/ur_dashboard_msgs/srv/detail/get_robot_mode__functions.c
[2.463s] -- Installing: /home/russell/ROS2_REPAS/install/ur_dashboard_msgs/include/ur_dashboard_msgs/ur_dashboard_msgs/srv/detail/raw_request__functions.h
[2.464s] -- Installing: /home/russell/ROS2_REPAS/install/ur_dashboard_msgs/include/ur_dashboard_msgs/ur_dashboard_msgs/srv/detail/get_safety_mode__struct.h
[2.464s] -- Installing: /home/russell/ROS2_REPAS/install/ur_dashboard_msgs/include/ur_dashboard_msgs/ur_dashboard_msgs/srv/detail/load__type_support.c
[2.464s] -- Installing: /home/russell/ROS2_REPAS/install/ur_dashboard_msgs/include/ur_dashboard_msgs/ur_dashboard_msgs/srv/detail/get_robot_mode__functions.h
[2.465s] -- Installing: /home/russell/ROS2_REPAS/install/ur_dashboard_msgs/include/ur_dashboard_msgs/ur_dashboard_msgs/srv/detail/is_program_running__description.c
[2.465s] -- Installing: /home/russell/ROS2_REPAS/install/ur_dashboard_msgs/include/ur_dashboard_msgs/ur_dashboard_msgs/srv/detail/add_to_log__type_support.h
[2.466s] -- Installing: /home/russell/ROS2_REPAS/install/ur_dashboard_msgs/include/ur_dashboard_msgs/ur_dashboard_msgs/srv/detail/is_program_saved__type_support.h
[2.467s] -- Installing: /home/russell/ROS2_REPAS/install/ur_dashboard_msgs/include/ur_dashboard_msgs/ur_dashboard_msgs/srv/detail/get_safety_mode__description.c
[2.467s] -- Installing: /home/russell/ROS2_REPAS/install/ur_dashboard_msgs/include/ur_dashboard_msgs/ur_dashboard_msgs/srv/detail/get_robot_mode__struct.h
[2.467s] -- Installing: /home/russell/ROS2_REPAS/install/ur_dashboard_msgs/include/ur_dashboard_msgs/ur_dashboard_msgs/srv/detail/get_safety_mode__functions.h
[2.467s] -- Installing: /home/russell/ROS2_REPAS/install/ur_dashboard_msgs/include/ur_dashboard_msgs/ur_dashboard_msgs/srv/detail/popup__type_support.h
[2.471s] -- Installing: /home/russell/ROS2_REPAS/install/ur_dashboard_msgs/include/ur_dashboard_msgs/ur_dashboard_msgs/srv/detail/get_program_state__struct.h
[2.471s] -- Installing: /home/russell/ROS2_REPAS/install/ur_dashboard_msgs/include/ur_dashboard_msgs/ur_dashboard_msgs/srv/detail/get_robot_mode__description.c
[2.472s] -- Installing: /home/russell/ROS2_REPAS/install/ur_dashboard_msgs/include/ur_dashboard_msgs/ur_dashboard_msgs/srv/detail/get_loaded_program__type_support.h
[2.472s] -- Installing: /home/russell/ROS2_REPAS/install/ur_dashboard_msgs/include/ur_dashboard_msgs/ur_dashboard_msgs/srv/detail/get_loaded_program__struct.h
[2.472s] -- Installing: /home/russell/ROS2_REPAS/install/ur_dashboard_msgs/include/ur_dashboard_msgs/ur_dashboard_msgs/srv/detail/get_safety_mode__type_support.c
[2.472s] -- Installing: /home/russell/ROS2_REPAS/install/ur_dashboard_msgs/include/ur_dashboard_msgs/ur_dashboard_msgs/srv/detail/is_program_running__type_support.c
[2.472s] -- Installing: /home/russell/ROS2_REPAS/install/ur_dashboard_msgs/include/ur_dashboard_msgs/ur_dashboard_msgs/srv/detail/raw_request__type_support.c
[2.473s] -- Installing: /home/russell/ROS2_REPAS/install/ur_dashboard_msgs/include/ur_dashboard_msgs/ur_dashboard_msgs/srv/detail/popup__functions.h
[2.473s] -- Installing: /home/russell/ROS2_REPAS/install/ur_dashboard_msgs/include/ur_dashboard_msgs/ur_dashboard_msgs/srv/detail/is_program_saved__type_support.c
[2.473s] -- Installing: /home/russell/ROS2_REPAS/install/ur_dashboard_msgs/include/ur_dashboard_msgs/ur_dashboard_msgs/srv/detail/popup__struct.h
[2.473s] -- Installing: /home/russell/ROS2_REPAS/install/ur_dashboard_msgs/include/ur_dashboard_msgs/ur_dashboard_msgs/srv/detail/get_program_state__functions.h
[2.474s] -- Installing: /home/russell/ROS2_REPAS/install/ur_dashboard_msgs/include/ur_dashboard_msgs/ur_dashboard_msgs/srv/detail/is_program_running__functions.h
[2.474s] -- Installing: /home/russell/ROS2_REPAS/install/ur_dashboard_msgs/include/ur_dashboard_msgs/ur_dashboard_msgs/srv/detail/add_to_log__type_support.c
[2.483s] -- Installing: /home/russell/ROS2_REPAS/install/ur_dashboard_msgs/include/ur_dashboard_msgs/ur_dashboard_msgs/srv/detail/get_loaded_program__functions.c
[2.483s] -- Installing: /home/russell/ROS2_REPAS/install/ur_dashboard_msgs/include/ur_dashboard_msgs/ur_dashboard_msgs/srv/detail/get_program_state__type_support.c
[2.484s] -- Installing: /home/russell/ROS2_REPAS/install/ur_dashboard_msgs/include/ur_dashboard_msgs/ur_dashboard_msgs/srv/detail/add_to_log__description.c
[2.491s] -- Installing: /home/russell/ROS2_REPAS/install/ur_dashboard_msgs/include/ur_dashboard_msgs/ur_dashboard_msgs/srv/detail/get_safety_mode__type_support.h
[2.491s] -- Installing: /home/russell/ROS2_REPAS/install/ur_dashboard_msgs/include/ur_dashboard_msgs/ur_dashboard_msgs/srv/detail/is_program_saved__description.c
[2.491s] -- Installing: /home/russell/ROS2_REPAS/install/ur_dashboard_msgs/include/ur_dashboard_msgs/ur_dashboard_msgs/srv/detail/load__description.c
[2.492s] -- Installing: /home/russell/ROS2_REPAS/install/ur_dashboard_msgs/include/ur_dashboard_msgs/ur_dashboard_msgs/srv/detail/load__struct.h
[2.492s] -- Installing: /home/russell/ROS2_REPAS/install/ur_dashboard_msgs/include/ur_dashboard_msgs/ur_dashboard_msgs/srv/detail/is_program_saved__struct.h
[2.492s] -- Installing: /home/russell/ROS2_REPAS/install/ur_dashboard_msgs/include/ur_dashboard_msgs/ur_dashboard_msgs/srv/detail/raw_request__description.c
[2.492s] -- Installing: /home/russell/ROS2_REPAS/install/ur_dashboard_msgs/include/ur_dashboard_msgs/ur_dashboard_msgs/srv/detail/is_program_running__struct.h
[2.492s] -- Installing: /home/russell/ROS2_REPAS/install/ur_dashboard_msgs/include/ur_dashboard_msgs/ur_dashboard_msgs/srv/detail/is_program_saved__functions.c
[2.493s] -- Installing: /home/russell/ROS2_REPAS/install/ur_dashboard_msgs/include/ur_dashboard_msgs/ur_dashboard_msgs/srv/detail/get_program_state__description.c
[2.493s] -- Installing: /home/russell/ROS2_REPAS/install/ur_dashboard_msgs/include/ur_dashboard_msgs/ur_dashboard_msgs/srv/detail/get_robot_mode__type_support.c
[2.493s] -- Installing: /home/russell/ROS2_REPAS/install/ur_dashboard_msgs/include/ur_dashboard_msgs/ur_dashboard_msgs/srv/detail/is_program_saved__functions.h
[2.494s] -- Installing: /home/russell/ROS2_REPAS/install/ur_dashboard_msgs/include/ur_dashboard_msgs/ur_dashboard_msgs/srv/detail/is_program_running__functions.c
[2.494s] -- Installing: /home/russell/ROS2_REPAS/install/ur_dashboard_msgs/include/ur_dashboard_msgs/ur_dashboard_msgs/srv/detail/raw_request__type_support.h
[2.494s] -- Installing: /home/russell/ROS2_REPAS/install/ur_dashboard_msgs/include/ur_dashboard_msgs/ur_dashboard_msgs/srv/detail/add_to_log__functions.c
[2.495s] -- Installing: /home/russell/ROS2_REPAS/install/ur_dashboard_msgs/include/ur_dashboard_msgs/ur_dashboard_msgs/srv/detail/load__type_support.h
[2.495s] -- Installing: /home/russell/ROS2_REPAS/install/ur_dashboard_msgs/include/ur_dashboard_msgs/ur_dashboard_msgs/srv/detail/load__functions.c
[2.495s] -- Installing: /home/russell/ROS2_REPAS/install/ur_dashboard_msgs/include/ur_dashboard_msgs/ur_dashboard_msgs/srv/detail/get_loaded_program__type_support.c
[2.495s] -- Installing: /home/russell/ROS2_REPAS/install/ur_dashboard_msgs/include/ur_dashboard_msgs/ur_dashboard_msgs/srv/detail/popup__type_support.c
[2.496s] -- Installing: /home/russell/ROS2_REPAS/install/ur_dashboard_msgs/include/ur_dashboard_msgs/ur_dashboard_msgs/srv/detail/get_safety_mode__functions.c
[2.496s] -- Installing: /home/russell/ROS2_REPAS/install/ur_dashboard_msgs/include/ur_dashboard_msgs/ur_dashboard_msgs/srv/detail/load__functions.h
[2.497s] -- Installing: /home/russell/ROS2_REPAS/install/ur_dashboard_msgs/include/ur_dashboard_msgs/ur_dashboard_msgs/srv/detail/add_to_log__functions.h
[2.497s] -- Installing: /home/russell/ROS2_REPAS/install/ur_dashboard_msgs/include/ur_dashboard_msgs/ur_dashboard_msgs/srv/detail/get_program_state__functions.c
[2.498s] -- Installing: /home/russell/ROS2_REPAS/install/ur_dashboard_msgs/include/ur_dashboard_msgs/ur_dashboard_msgs/srv/detail/popup__functions.c
[2.498s] -- Installing: /home/russell/ROS2_REPAS/install/ur_dashboard_msgs/include/ur_dashboard_msgs/ur_dashboard_msgs/srv/detail/popup__description.c
[2.498s] -- Installing: /home/russell/ROS2_REPAS/install/ur_dashboard_msgs/include/ur_dashboard_msgs/ur_dashboard_msgs/srv/detail/raw_request__struct.h
[2.499s] -- Installing: /home/russell/ROS2_REPAS/install/ur_dashboard_msgs/include/ur_dashboard_msgs/ur_dashboard_msgs/srv/detail/get_loaded_program__description.c
[2.500s] -- Installing: /home/russell/ROS2_REPAS/install/ur_dashboard_msgs/include/ur_dashboard_msgs/ur_dashboard_msgs/srv/detail/add_to_log__struct.h
[2.500s] -- Installing: /home/russell/ROS2_REPAS/install/ur_dashboard_msgs/include/ur_dashboard_msgs/ur_dashboard_msgs/srv/detail/get_loaded_program__functions.h
[2.500s] -- Installing: /home/russell/ROS2_REPAS/install/ur_dashboard_msgs/include/ur_dashboard_msgs/ur_dashboard_msgs/srv/popup.h
[2.501s] -- Installing: /home/russell/ROS2_REPAS/install/ur_dashboard_msgs/include/ur_dashboard_msgs/ur_dashboard_msgs/srv/add_to_log.h
[2.501s] -- Installing: /home/russell/ROS2_REPAS/install/ur_dashboard_msgs/include/ur_dashboard_msgs/ur_dashboard_msgs/srv/get_robot_mode.h
[2.501s] -- Installing: /home/russell/ROS2_REPAS/install/ur_dashboard_msgs/include/ur_dashboard_msgs/ur_dashboard_msgs/srv/load.h
[2.501s] -- Installing: /home/russell/ROS2_REPAS/install/ur_dashboard_msgs/include/ur_dashboard_msgs/ur_dashboard_msgs/srv/get_program_state.h
[2.502s] -- Installing: /home/russell/ROS2_REPAS/install/ur_dashboard_msgs/include/ur_dashboard_msgs/ur_dashboard_msgs/srv/get_safety_mode.h
[2.502s] -- Installing: /home/russell/ROS2_REPAS/install/ur_dashboard_msgs/include/ur_dashboard_msgs/ur_dashboard_msgs/srv/raw_request.h
[2.502s] -- Installing: /home/russell/ROS2_REPAS/install/ur_dashboard_msgs/include/ur_dashboard_msgs/ur_dashboard_msgs/srv/is_program_running.h
[2.502s] -- Installing: /home/russell/ROS2_REPAS/install/ur_dashboard_msgs/share/ur_dashboard_msgs/environment/library_path.sh
[2.522s] -- Installing: /home/russell/ROS2_REPAS/install/ur_dashboard_msgs/share/ur_dashboard_msgs/environment/library_path.dsv
[2.523s] -- Installing: /home/russell/ROS2_REPAS/install/ur_dashboard_msgs/lib/libur_dashboard_msgs__rosidl_generator_c.so
[2.550s] -- Set non-toolchain portion of runtime path of "/home/russell/ROS2_REPAS/install/ur_dashboard_msgs/lib/libur_dashboard_msgs__rosidl_generator_c.so" to ""
[2.550s] -- Up-to-date: /home/russell/ROS2_REPAS/install/ur_dashboard_msgs/include/ur_dashboard_msgs/ur_dashboard_msgs
[2.550s] -- Up-to-date: /home/russell/ROS2_REPAS/install/ur_dashboard_msgs/include/ur_dashboard_msgs/ur_dashboard_msgs/msg
[2.550s] -- Up-to-date: /home/russell/ROS2_REPAS/install/ur_dashboard_msgs/include/ur_dashboard_msgs/ur_dashboard_msgs/msg/detail
[2.551s] -- Installing: /home/russell/ROS2_REPAS/install/ur_dashboard_msgs/include/ur_dashboard_msgs/ur_dashboard_msgs/msg/detail/robot_mode__rosidl_typesupport_fastrtps_c.h
[2.552s] -- Installing: /home/russell/ROS2_REPAS/install/ur_dashboard_msgs/include/ur_dashboard_msgs/ur_dashboard_msgs/msg/detail/safety_mode__rosidl_typesupport_fastrtps_c.h
[2.553s] -- Installing: /home/russell/ROS2_REPAS/install/ur_dashboard_msgs/include/ur_dashboard_msgs/ur_dashboard_msgs/msg/detail/program_state__rosidl_typesupport_fastrtps_c.h
[2.560s] -- Installing: /home/russell/ROS2_REPAS/install/ur_dashboard_msgs/include/ur_dashboard_msgs/ur_dashboard_msgs/msg/rosidl_typesupport_fastrtps_c__visibility_control.h
[2.581s] -- Up-to-date: /home/russell/ROS2_REPAS/install/ur_dashboard_msgs/include/ur_dashboard_msgs/ur_dashboard_msgs/action
[2.581s] -- Up-to-date: /home/russell/ROS2_REPAS/install/ur_dashboard_msgs/include/ur_dashboard_msgs/ur_dashboard_msgs/action/detail
[2.581s] -- Installing: /home/russell/ROS2_REPAS/install/ur_dashboard_msgs/include/ur_dashboard_msgs/ur_dashboard_msgs/action/detail/set_mode__rosidl_typesupport_fastrtps_c.h
[2.594s] -- Up-to-date: /home/russell/ROS2_REPAS/install/ur_dashboard_msgs/include/ur_dashboard_msgs/ur_dashboard_msgs/srv
[2.594s] -- Up-to-date: /home/russell/ROS2_REPAS/install/ur_dashboard_msgs/include/ur_dashboard_msgs/ur_dashboard_msgs/srv/detail
[2.594s] -- Installing: /home/russell/ROS2_REPAS/install/ur_dashboard_msgs/include/ur_dashboard_msgs/ur_dashboard_msgs/srv/detail/popup__rosidl_typesupport_fastrtps_c.h
[2.599s] -- Installing: /home/russell/ROS2_REPAS/install/ur_dashboard_msgs/include/ur_dashboard_msgs/ur_dashboard_msgs/srv/detail/get_robot_mode__rosidl_typesupport_fastrtps_c.h
[2.614s] -- Installing: /home/russell/ROS2_REPAS/install/ur_dashboard_msgs/include/ur_dashboard_msgs/ur_dashboard_msgs/srv/detail/get_safety_mode__rosidl_typesupport_fastrtps_c.h
[2.632s] -- Installing: /home/russell/ROS2_REPAS/install/ur_dashboard_msgs/include/ur_dashboard_msgs/ur_dashboard_msgs/srv/detail/get_loaded_program__rosidl_typesupport_fastrtps_c.h
[2.650s] -- Installing: /home/russell/ROS2_REPAS/install/ur_dashboard_msgs/include/ur_dashboard_msgs/ur_dashboard_msgs/srv/detail/raw_request__rosidl_typesupport_fastrtps_c.h
[2.667s] -- Installing: /home/russell/ROS2_REPAS/install/ur_dashboard_msgs/include/ur_dashboard_msgs/ur_dashboard_msgs/srv/detail/load__rosidl_typesupport_fastrtps_c.h
[2.672s] -- Installing: /home/russell/ROS2_REPAS/install/ur_dashboard_msgs/include/ur_dashboard_msgs/ur_dashboard_msgs/srv/detail/is_program_saved__rosidl_typesupport_fastrtps_c.h
[2.678s] -- Installing: /home/russell/ROS2_REPAS/install/ur_dashboard_msgs/include/ur_dashboard_msgs/ur_dashboard_msgs/srv/detail/add_to_log__rosidl_typesupport_fastrtps_c.h
[2.679s] -- Installing: /home/russell/ROS2_REPAS/install/ur_dashboard_msgs/include/ur_dashboard_msgs/ur_dashboard_msgs/srv/detail/get_program_state__rosidl_typesupport_fastrtps_c.h
[2.694s] -- Installing: /home/russell/ROS2_REPAS/install/ur_dashboard_msgs/include/ur_dashboard_msgs/ur_dashboard_msgs/srv/detail/is_program_running__rosidl_typesupport_fastrtps_c.h
[2.695s] -- Installing: /home/russell/ROS2_REPAS/install/ur_dashboard_msgs/lib/libur_dashboard_msgs__rosidl_typesupport_fastrtps_c.so
[2.701s] -- Set non-toolchain portion of runtime path of "/home/russell/ROS2_REPAS/install/ur_dashboard_msgs/lib/libur_dashboard_msgs__rosidl_typesupport_fastrtps_c.so" to ""
[2.701s] -- Up-to-date: /home/russell/ROS2_REPAS/install/ur_dashboard_msgs/include/ur_dashboard_msgs/ur_dashboard_msgs
[2.701s] -- Up-to-date: /home/russell/ROS2_REPAS/install/ur_dashboard_msgs/include/ur_dashboard_msgs/ur_dashboard_msgs/msg
[2.701s] -- Installing: /home/russell/ROS2_REPAS/install/ur_dashboard_msgs/include/ur_dashboard_msgs/ur_dashboard_msgs/msg/rosidl_typesupport_introspection_c__visibility_control.h
[2.702s] -- Up-to-date: /home/russell/ROS2_REPAS/install/ur_dashboard_msgs/include/ur_dashboard_msgs/ur_dashboard_msgs/msg/detail
[2.702s] -- Installing: /home/russell/ROS2_REPAS/install/ur_dashboard_msgs/include/ur_dashboard_msgs/ur_dashboard_msgs/msg/detail/safety_mode__type_support.c
[2.702s] -- Installing: /home/russell/ROS2_REPAS/install/ur_dashboard_msgs/include/ur_dashboard_msgs/ur_dashboard_msgs/msg/detail/safety_mode__rosidl_typesupport_introspection_c.h
[2.703s] -- Installing: /home/russell/ROS2_REPAS/install/ur_dashboard_msgs/include/ur_dashboard_msgs/ur_dashboard_msgs/msg/detail/robot_mode__type_support.c
[2.703s] -- Installing: /home/russell/ROS2_REPAS/install/ur_dashboard_msgs/include/ur_dashboard_msgs/ur_dashboard_msgs/msg/detail/program_state__type_support.c
[2.703s] -- Installing: /home/russell/ROS2_REPAS/install/ur_dashboard_msgs/include/ur_dashboard_msgs/ur_dashboard_msgs/msg/detail/program_state__rosidl_typesupport_introspection_c.h
[2.704s] -- Installing: /home/russell/ROS2_REPAS/install/ur_dashboard_msgs/include/ur_dashboard_msgs/ur_dashboard_msgs/msg/detail/robot_mode__rosidl_typesupport_introspection_c.h
[2.704s] -- Up-to-date: /home/russell/ROS2_REPAS/install/ur_dashboard_msgs/include/ur_dashboard_msgs/ur_dashboard_msgs/action
[2.704s] -- Up-to-date: /home/russell/ROS2_REPAS/install/ur_dashboard_msgs/include/ur_dashboard_msgs/ur_dashboard_msgs/action/detail
[2.704s] -- Installing: /home/russell/ROS2_REPAS/install/ur_dashboard_msgs/include/ur_dashboard_msgs/ur_dashboard_msgs/action/detail/set_mode__type_support.c
[2.712s] -- Installing: /home/russell/ROS2_REPAS/install/ur_dashboard_msgs/include/ur_dashboard_msgs/ur_dashboard_msgs/action/detail/set_mode__rosidl_typesupport_introspection_c.h
[2.713s] -- Up-to-date: /home/russell/ROS2_REPAS/install/ur_dashboard_msgs/include/ur_dashboard_msgs/ur_dashboard_msgs/srv
[2.713s] -- Up-to-date: /home/russell/ROS2_REPAS/install/ur_dashboard_msgs/include/ur_dashboard_msgs/ur_dashboard_msgs/srv/detail
[2.713s] -- Installing: /home/russell/ROS2_REPAS/install/ur_dashboard_msgs/include/ur_dashboard_msgs/ur_dashboard_msgs/srv/detail/get_safety_mode__rosidl_typesupport_introspection_c.h
[2.713s] -- Installing: /home/russell/ROS2_REPAS/install/ur_dashboard_msgs/include/ur_dashboard_msgs/ur_dashboard_msgs/srv/detail/is_program_running__rosidl_typesupport_introspection_c.h
[2.713s] -- Installing: /home/russell/ROS2_REPAS/install/ur_dashboard_msgs/include/ur_dashboard_msgs/ur_dashboard_msgs/srv/detail/load__type_support.c
[2.714s] -- Installing: /home/russell/ROS2_REPAS/install/ur_dashboard_msgs/include/ur_dashboard_msgs/ur_dashboard_msgs/srv/detail/add_to_log__rosidl_typesupport_introspection_c.h
[2.714s] -- Installing: /home/russell/ROS2_REPAS/install/ur_dashboard_msgs/include/ur_dashboard_msgs/ur_dashboard_msgs/srv/detail/get_safety_mode__type_support.c
[2.714s] -- Installing: /home/russell/ROS2_REPAS/install/ur_dashboard_msgs/include/ur_dashboard_msgs/ur_dashboard_msgs/srv/detail/popup__rosidl_typesupport_introspection_c.h
[2.714s] -- Installing: /home/russell/ROS2_REPAS/install/ur_dashboard_msgs/include/ur_dashboard_msgs/ur_dashboard_msgs/srv/detail/is_program_running__type_support.c
[2.721s] -- Installing: /home/russell/ROS2_REPAS/install/ur_dashboard_msgs/include/ur_dashboard_msgs/ur_dashboard_msgs/srv/detail/raw_request__type_support.c
[2.721s] -- Installing: /home/russell/ROS2_REPAS/install/ur_dashboard_msgs/include/ur_dashboard_msgs/ur_dashboard_msgs/srv/detail/is_program_saved__type_support.c
[2.721s] -- Installing: /home/russell/ROS2_REPAS/install/ur_dashboard_msgs/include/ur_dashboard_msgs/ur_dashboard_msgs/srv/detail/add_to_log__type_support.c
[2.722s] -- Installing: /home/russell/ROS2_REPAS/install/ur_dashboard_msgs/include/ur_dashboard_msgs/ur_dashboard_msgs/srv/detail/get_program_state__rosidl_typesupport_introspection_c.h
[2.722s] -- Installing: /home/russell/ROS2_REPAS/install/ur_dashboard_msgs/include/ur_dashboard_msgs/ur_dashboard_msgs/srv/detail/get_program_state__type_support.c
[2.722s] -- Installing: /home/russell/ROS2_REPAS/install/ur_dashboard_msgs/include/ur_dashboard_msgs/ur_dashboard_msgs/srv/detail/load__rosidl_typesupport_introspection_c.h
[2.723s] -- Installing: /home/russell/ROS2_REPAS/install/ur_dashboard_msgs/include/ur_dashboard_msgs/ur_dashboard_msgs/srv/detail/get_robot_mode__rosidl_typesupport_introspection_c.h
[2.723s] -- Installing: /home/russell/ROS2_REPAS/install/ur_dashboard_msgs/include/ur_dashboard_msgs/ur_dashboard_msgs/srv/detail/raw_request__rosidl_typesupport_introspection_c.h
[2.723s] -- Installing: /home/russell/ROS2_REPAS/install/ur_dashboard_msgs/include/ur_dashboard_msgs/ur_dashboard_msgs/srv/detail/get_robot_mode__type_support.c
[2.723s] -- Installing: /home/russell/ROS2_REPAS/install/ur_dashboard_msgs/include/ur_dashboard_msgs/ur_dashboard_msgs/srv/detail/get_loaded_program__type_support.c
[2.724s] -- Installing: /home/russell/ROS2_REPAS/install/ur_dashboard_msgs/include/ur_dashboard_msgs/ur_dashboard_msgs/srv/detail/popup__type_support.c
[2.724s] -- Installing: /home/russell/ROS2_REPAS/install/ur_dashboard_msgs/include/ur_dashboard_msgs/ur_dashboard_msgs/srv/detail/get_loaded_program__rosidl_typesupport_introspection_c.h
[2.724s] -- Installing: /home/russell/ROS2_REPAS/install/ur_dashboard_msgs/include/ur_dashboard_msgs/ur_dashboard_msgs/srv/detail/is_program_saved__rosidl_typesupport_introspection_c.h
[2.725s] -- Installing: /home/russell/ROS2_REPAS/install/ur_dashboard_msgs/lib/libur_dashboard_msgs__rosidl_typesupport_introspection_c.so
[2.733s] -- Set non-toolchain portion of runtime path of "/home/russell/ROS2_REPAS/install/ur_dashboard_msgs/lib/libur_dashboard_msgs__rosidl_typesupport_introspection_c.so" to ""
[2.733s] -- Installing: /home/russell/ROS2_REPAS/install/ur_dashboard_msgs/lib/libur_dashboard_msgs__rosidl_typesupport_c.so
[2.742s] -- Set non-toolchain portion of runtime path of "/home/russell/ROS2_REPAS/install/ur_dashboard_msgs/lib/libur_dashboard_msgs__rosidl_typesupport_c.so" to ""
[2.742s] -- Up-to-date: /home/russell/ROS2_REPAS/install/ur_dashboard_msgs/include/ur_dashboard_msgs/ur_dashboard_msgs
[2.743s] -- Up-to-date: /home/russell/ROS2_REPAS/install/ur_dashboard_msgs/include/ur_dashboard_msgs/ur_dashboard_msgs/msg
[2.743s] -- Up-to-date: /home/russell/ROS2_REPAS/install/ur_dashboard_msgs/include/ur_dashboard_msgs/ur_dashboard_msgs/msg/detail
[2.743s] -- Installing: /home/russell/ROS2_REPAS/install/ur_dashboard_msgs/include/ur_dashboard_msgs/ur_dashboard_msgs/msg/detail/robot_mode__builder.hpp
[2.743s] -- Installing: /home/russell/ROS2_REPAS/install/ur_dashboard_msgs/include/ur_dashboard_msgs/ur_dashboard_msgs/msg/detail/safety_mode__type_support.hpp
[2.743s] -- Installing: /home/russell/ROS2_REPAS/install/ur_dashboard_msgs/include/ur_dashboard_msgs/ur_dashboard_msgs/msg/detail/robot_mode__struct.hpp
[2.743s] -- Installing: /home/russell/ROS2_REPAS/install/ur_dashboard_msgs/include/ur_dashboard_msgs/ur_dashboard_msgs/msg/detail/safety_mode__struct.hpp
[2.743s] -- Installing: /home/russell/ROS2_REPAS/install/ur_dashboard_msgs/include/ur_dashboard_msgs/ur_dashboard_msgs/msg/detail/safety_mode__builder.hpp
[2.743s] -- Installing: /home/russell/ROS2_REPAS/install/ur_dashboard_msgs/include/ur_dashboard_msgs/ur_dashboard_msgs/msg/detail/program_state__builder.hpp
[2.747s] -- Installing: /home/russell/ROS2_REPAS/install/ur_dashboard_msgs/include/ur_dashboard_msgs/ur_dashboard_msgs/msg/detail/robot_mode__type_support.hpp
[2.747s] -- Installing: /home/russell/ROS2_REPAS/install/ur_dashboard_msgs/include/ur_dashboard_msgs/ur_dashboard_msgs/msg/detail/program_state__struct.hpp
[2.747s] -- Installing: /home/russell/ROS2_REPAS/install/ur_dashboard_msgs/include/ur_dashboard_msgs/ur_dashboard_msgs/msg/detail/safety_mode__traits.hpp
[2.748s] -- Installing: /home/russell/ROS2_REPAS/install/ur_dashboard_msgs/include/ur_dashboard_msgs/ur_dashboard_msgs/msg/detail/program_state__traits.hpp
[2.748s] -- Installing: /home/russell/ROS2_REPAS/install/ur_dashboard_msgs/include/ur_dashboard_msgs/ur_dashboard_msgs/msg/detail/program_state__type_support.hpp
[2.748s] -- Installing: /home/russell/ROS2_REPAS/install/ur_dashboard_msgs/include/ur_dashboard_msgs/ur_dashboard_msgs/msg/detail/robot_mode__traits.hpp
[2.748s] -- Installing: /home/russell/ROS2_REPAS/install/ur_dashboard_msgs/include/ur_dashboard_msgs/ur_dashboard_msgs/msg/safety_mode.hpp
[2.748s] -- Installing: /home/russell/ROS2_REPAS/install/ur_dashboard_msgs/include/ur_dashboard_msgs/ur_dashboard_msgs/msg/rosidl_generator_cpp__visibility_control.hpp
[2.749s] -- Installing: /home/russell/ROS2_REPAS/install/ur_dashboard_msgs/include/ur_dashboard_msgs/ur_dashboard_msgs/msg/program_state.hpp
[2.749s] -- Installing: /home/russell/ROS2_REPAS/install/ur_dashboard_msgs/include/ur_dashboard_msgs/ur_dashboard_msgs/msg/robot_mode.hpp
[2.749s] -- Up-to-date: /home/russell/ROS2_REPAS/install/ur_dashboard_msgs/include/ur_dashboard_msgs/ur_dashboard_msgs/action
[2.749s] -- Up-to-date: /home/russell/ROS2_REPAS/install/ur_dashboard_msgs/include/ur_dashboard_msgs/ur_dashboard_msgs/action/detail
[2.749s] -- Installing: /home/russell/ROS2_REPAS/install/ur_dashboard_msgs/include/ur_dashboard_msgs/ur_dashboard_msgs/action/detail/set_mode__struct.hpp
[2.749s] -- Installing: /home/russell/ROS2_REPAS/install/ur_dashboard_msgs/include/ur_dashboard_msgs/ur_dashboard_msgs/action/detail/set_mode__builder.hpp
[2.750s] -- Installing: /home/russell/ROS2_REPAS/install/ur_dashboard_msgs/include/ur_dashboard_msgs/ur_dashboard_msgs/action/detail/set_mode__type_support.hpp
[2.750s] -- Installing: /home/russell/ROS2_REPAS/install/ur_dashboard_msgs/include/ur_dashboard_msgs/ur_dashboard_msgs/action/detail/set_mode__traits.hpp
[2.750s] -- Installing: /home/russell/ROS2_REPAS/install/ur_dashboard_msgs/include/ur_dashboard_msgs/ur_dashboard_msgs/action/set_mode.hpp
[2.750s] -- Up-to-date: /home/russell/ROS2_REPAS/install/ur_dashboard_msgs/include/ur_dashboard_msgs/ur_dashboard_msgs/srv
[2.750s] -- Installing: /home/russell/ROS2_REPAS/install/ur_dashboard_msgs/include/ur_dashboard_msgs/ur_dashboard_msgs/srv/is_program_running.hpp
[2.753s] -- Installing: /home/russell/ROS2_REPAS/install/ur_dashboard_msgs/include/ur_dashboard_msgs/ur_dashboard_msgs/srv/get_robot_mode.hpp
[2.759s] -- Installing: /home/russell/ROS2_REPAS/install/ur_dashboard_msgs/include/ur_dashboard_msgs/ur_dashboard_msgs/srv/get_safety_mode.hpp
[2.760s] -- Installing: /home/russell/ROS2_REPAS/install/ur_dashboard_msgs/include/ur_dashboard_msgs/ur_dashboard_msgs/srv/get_loaded_program.hpp
[2.760s] -- Up-to-date: /home/russell/ROS2_REPAS/install/ur_dashboard_msgs/include/ur_dashboard_msgs/ur_dashboard_msgs/srv/detail
[2.760s] -- Installing: /home/russell/ROS2_REPAS/install/ur_dashboard_msgs/include/ur_dashboard_msgs/ur_dashboard_msgs/srv/detail/is_program_running__builder.hpp
[2.760s] -- Installing: /home/russell/ROS2_REPAS/install/ur_dashboard_msgs/include/ur_dashboard_msgs/ur_dashboard_msgs/srv/detail/get_robot_mode__builder.hpp
[2.760s] -- Installing: /home/russell/ROS2_REPAS/install/ur_dashboard_msgs/include/ur_dashboard_msgs/ur_dashboard_msgs/srv/detail/get_robot_mode__traits.hpp
[2.761s] -- Installing: /home/russell/ROS2_REPAS/install/ur_dashboard_msgs/include/ur_dashboard_msgs/ur_dashboard_msgs/srv/detail/add_to_log__struct.hpp
[2.765s] -- Installing: /home/russell/ROS2_REPAS/install/ur_dashboard_msgs/include/ur_dashboard_msgs/ur_dashboard_msgs/srv/detail/is_program_saved__traits.hpp
[2.766s] -- Installing: /home/russell/ROS2_REPAS/install/ur_dashboard_msgs/include/ur_dashboard_msgs/ur_dashboard_msgs/srv/detail/raw_request__struct.hpp
[2.766s] -- Installing: /home/russell/ROS2_REPAS/install/ur_dashboard_msgs/include/ur_dashboard_msgs/ur_dashboard_msgs/srv/detail/add_to_log__type_support.hpp
[2.766s] -- Installing: /home/russell/ROS2_REPAS/install/ur_dashboard_msgs/include/ur_dashboard_msgs/ur_dashboard_msgs/srv/detail/is_program_saved__type_support.hpp
[2.766s] -- Installing: /home/russell/ROS2_REPAS/install/ur_dashboard_msgs/include/ur_dashboard_msgs/ur_dashboard_msgs/srv/detail/add_to_log__traits.hpp
[2.767s] -- Installing: /home/russell/ROS2_REPAS/install/ur_dashboard_msgs/include/ur_dashboard_msgs/ur_dashboard_msgs/srv/detail/get_safety_mode__traits.hpp
[2.767s] -- Installing: /home/russell/ROS2_REPAS/install/ur_dashboard_msgs/include/ur_dashboard_msgs/ur_dashboard_msgs/srv/detail/popup__type_support.hpp
[2.767s] -- Installing: /home/russell/ROS2_REPAS/install/ur_dashboard_msgs/include/ur_dashboard_msgs/ur_dashboard_msgs/srv/detail/get_safety_mode__builder.hpp
[2.767s] -- Installing: /home/russell/ROS2_REPAS/install/ur_dashboard_msgs/include/ur_dashboard_msgs/ur_dashboard_msgs/srv/detail/add_to_log__builder.hpp
[2.768s] -- Installing: /home/russell/ROS2_REPAS/install/ur_dashboard_msgs/include/ur_dashboard_msgs/ur_dashboard_msgs/srv/detail/load__traits.hpp
[2.768s] -- Installing: /home/russell/ROS2_REPAS/install/ur_dashboard_msgs/include/ur_dashboard_msgs/ur_dashboard_msgs/srv/detail/raw_request__type_support.hpp
[2.768s] -- Installing: /home/russell/ROS2_REPAS/install/ur_dashboard_msgs/include/ur_dashboard_msgs/ur_dashboard_msgs/srv/detail/is_program_saved__builder.hpp
[2.768s] -- Installing: /home/russell/ROS2_REPAS/install/ur_dashboard_msgs/include/ur_dashboard_msgs/ur_dashboard_msgs/srv/detail/is_program_saved__struct.hpp
[2.769s] -- Installing: /home/russell/ROS2_REPAS/install/ur_dashboard_msgs/include/ur_dashboard_msgs/ur_dashboard_msgs/srv/detail/raw_request__traits.hpp
[2.769s] -- Installing: /home/russell/ROS2_REPAS/install/ur_dashboard_msgs/include/ur_dashboard_msgs/ur_dashboard_msgs/srv/detail/get_loaded_program__type_support.hpp
[2.769s] -- Installing: /home/russell/ROS2_REPAS/install/ur_dashboard_msgs/include/ur_dashboard_msgs/ur_dashboard_msgs/srv/detail/raw_request__builder.hpp
[2.769s] -- Installing: /home/russell/ROS2_REPAS/install/ur_dashboard_msgs/include/ur_dashboard_msgs/ur_dashboard_msgs/srv/detail/get_robot_mode__struct.hpp
[2.770s] -- Installing: /home/russell/ROS2_REPAS/install/ur_dashboard_msgs/include/ur_dashboard_msgs/ur_dashboard_msgs/srv/detail/get_loaded_program__struct.hpp
[2.770s] -- Installing: /home/russell/ROS2_REPAS/install/ur_dashboard_msgs/include/ur_dashboard_msgs/ur_dashboard_msgs/srv/detail/get_loaded_program__builder.hpp
[2.770s] -- Installing: /home/russell/ROS2_REPAS/install/ur_dashboard_msgs/include/ur_dashboard_msgs/ur_dashboard_msgs/srv/detail/is_program_running__traits.hpp
[2.771s] -- Installing: /home/russell/ROS2_REPAS/install/ur_dashboard_msgs/include/ur_dashboard_msgs/ur_dashboard_msgs/srv/detail/get_program_state__struct.hpp
[2.771s] -- Installing: /home/russell/ROS2_REPAS/install/ur_dashboard_msgs/include/ur_dashboard_msgs/ur_dashboard_msgs/srv/detail/load__struct.hpp
[2.772s] -- Installing: /home/russell/ROS2_REPAS/install/ur_dashboard_msgs/include/ur_dashboard_msgs/ur_dashboard_msgs/srv/detail/is_program_running__type_support.hpp
[2.772s] -- Installing: /home/russell/ROS2_REPAS/install/ur_dashboard_msgs/include/ur_dashboard_msgs/ur_dashboard_msgs/srv/detail/get_program_state__type_support.hpp
[2.772s] -- Installing: /home/russell/ROS2_REPAS/install/ur_dashboard_msgs/include/ur_dashboard_msgs/ur_dashboard_msgs/srv/detail/popup__struct.hpp
[2.772s] -- Installing: /home/russell/ROS2_REPAS/install/ur_dashboard_msgs/include/ur_dashboard_msgs/ur_dashboard_msgs/srv/detail/get_loaded_program__traits.hpp
[2.773s] -- Installing: /home/russell/ROS2_REPAS/install/ur_dashboard_msgs/include/ur_dashboard_msgs/ur_dashboard_msgs/srv/detail/load__type_support.hpp
[2.773s] -- Installing: /home/russell/ROS2_REPAS/install/ur_dashboard_msgs/include/ur_dashboard_msgs/ur_dashboard_msgs/srv/detail/load__builder.hpp
[2.773s] -- Installing: /home/russell/ROS2_REPAS/install/ur_dashboard_msgs/include/ur_dashboard_msgs/ur_dashboard_msgs/srv/detail/get_robot_mode__type_support.hpp
[2.773s] -- Installing: /home/russell/ROS2_REPAS/install/ur_dashboard_msgs/include/ur_dashboard_msgs/ur_dashboard_msgs/srv/detail/popup__builder.hpp
[2.774s] -- Installing: /home/russell/ROS2_REPAS/install/ur_dashboard_msgs/include/ur_dashboard_msgs/ur_dashboard_msgs/srv/detail/get_program_state__builder.hpp
[2.775s] -- Installing: /home/russell/ROS2_REPAS/install/ur_dashboard_msgs/include/ur_dashboard_msgs/ur_dashboard_msgs/srv/detail/get_safety_mode__struct.hpp
[2.775s] -- Installing: /home/russell/ROS2_REPAS/install/ur_dashboard_msgs/include/ur_dashboard_msgs/ur_dashboard_msgs/srv/detail/popup__traits.hpp
[2.775s] -- Installing: /home/russell/ROS2_REPAS/install/ur_dashboard_msgs/include/ur_dashboard_msgs/ur_dashboard_msgs/srv/detail/get_program_state__traits.hpp
[2.775s] -- Installing: /home/russell/ROS2_REPAS/install/ur_dashboard_msgs/include/ur_dashboard_msgs/ur_dashboard_msgs/srv/detail/is_program_running__struct.hpp
[2.776s] -- Installing: /home/russell/ROS2_REPAS/install/ur_dashboard_msgs/include/ur_dashboard_msgs/ur_dashboard_msgs/srv/detail/get_safety_mode__type_support.hpp
[2.776s] -- Installing: /home/russell/ROS2_REPAS/install/ur_dashboard_msgs/include/ur_dashboard_msgs/ur_dashboard_msgs/srv/get_program_state.hpp
[2.776s] -- Installing: /home/russell/ROS2_REPAS/install/ur_dashboard_msgs/include/ur_dashboard_msgs/ur_dashboard_msgs/srv/popup.hpp
[2.776s] -- Installing: /home/russell/ROS2_REPAS/install/ur_dashboard_msgs/include/ur_dashboard_msgs/ur_dashboard_msgs/srv/raw_request.hpp
[2.776s] -- Installing: /home/russell/ROS2_REPAS/install/ur_dashboard_msgs/include/ur_dashboard_msgs/ur_dashboard_msgs/srv/add_to_log.hpp
[2.777s] -- Installing: /home/russell/ROS2_REPAS/install/ur_dashboard_msgs/include/ur_dashboard_msgs/ur_dashboard_msgs/srv/is_program_saved.hpp
[2.777s] -- Installing: /home/russell/ROS2_REPAS/install/ur_dashboard_msgs/include/ur_dashboard_msgs/ur_dashboard_msgs/srv/load.hpp
[2.777s] -- Up-to-date: /home/russell/ROS2_REPAS/install/ur_dashboard_msgs/include/ur_dashboard_msgs/ur_dashboard_msgs
[2.777s] -- Up-to-date: /home/russell/ROS2_REPAS/install/ur_dashboard_msgs/include/ur_dashboard_msgs/ur_dashboard_msgs/msg
[2.777s] -- Up-to-date: /home/russell/ROS2_REPAS/install/ur_dashboard_msgs/include/ur_dashboard_msgs/ur_dashboard_msgs/msg/detail
[2.777s] -- Installing: /home/russell/ROS2_REPAS/install/ur_dashboard_msgs/include/ur_dashboard_msgs/ur_dashboard_msgs/msg/detail/robot_mode__rosidl_typesupport_fastrtps_cpp.hpp
[2.778s] -- Installing: /home/russell/ROS2_REPAS/install/ur_dashboard_msgs/include/ur_dashboard_msgs/ur_dashboard_msgs/msg/detail/safety_mode__rosidl_typesupport_fastrtps_cpp.hpp
[2.778s] -- Installing: /home/russell/ROS2_REPAS/install/ur_dashboard_msgs/include/ur_dashboard_msgs/ur_dashboard_msgs/msg/detail/program_state__rosidl_typesupport_fastrtps_cpp.hpp
[2.778s] -- Installing: /home/russell/ROS2_REPAS/install/ur_dashboard_msgs/include/ur_dashboard_msgs/ur_dashboard_msgs/msg/detail/dds_fastrtps
[2.778s] -- Installing: /home/russell/ROS2_REPAS/install/ur_dashboard_msgs/include/ur_dashboard_msgs/ur_dashboard_msgs/msg/rosidl_typesupport_fastrtps_cpp__visibility_control.h
[2.778s] -- Up-to-date: /home/russell/ROS2_REPAS/install/ur_dashboard_msgs/include/ur_dashboard_msgs/ur_dashboard_msgs/action
[2.778s] -- Up-to-date: /home/russell/ROS2_REPAS/install/ur_dashboard_msgs/include/ur_dashboard_msgs/ur_dashboard_msgs/action/detail
[2.778s] -- Installing: /home/russell/ROS2_REPAS/install/ur_dashboard_msgs/include/ur_dashboard_msgs/ur_dashboard_msgs/action/detail/set_mode__rosidl_typesupport_fastrtps_cpp.hpp
[2.779s] -- Installing: /home/russell/ROS2_REPAS/install/ur_dashboard_msgs/include/ur_dashboard_msgs/ur_dashboard_msgs/action/detail/dds_fastrtps
[2.779s] -- Up-to-date: /home/russell/ROS2_REPAS/install/ur_dashboard_msgs/include/ur_dashboard_msgs/ur_dashboard_msgs/srv
[2.779s] -- Up-to-date: /home/russell/ROS2_REPAS/install/ur_dashboard_msgs/include/ur_dashboard_msgs/ur_dashboard_msgs/srv/detail
[2.779s] -- Installing: /home/russell/ROS2_REPAS/install/ur_dashboard_msgs/include/ur_dashboard_msgs/ur_dashboard_msgs/srv/detail/get_program_state__rosidl_typesupport_fastrtps_cpp.hpp
[2.779s] -- Installing: /home/russell/ROS2_REPAS/install/ur_dashboard_msgs/include/ur_dashboard_msgs/ur_dashboard_msgs/srv/detail/get_loaded_program__rosidl_typesupport_fastrtps_cpp.hpp
[2.779s] -- Installing: /home/russell/ROS2_REPAS/install/ur_dashboard_msgs/include/ur_dashboard_msgs/ur_dashboard_msgs/srv/detail/popup__rosidl_typesupport_fastrtps_cpp.hpp
[2.779s] -- Installing: /home/russell/ROS2_REPAS/install/ur_dashboard_msgs/include/ur_dashboard_msgs/ur_dashboard_msgs/srv/detail/raw_request__rosidl_typesupport_fastrtps_cpp.hpp
[2.780s] -- Installing: /home/russell/ROS2_REPAS/install/ur_dashboard_msgs/include/ur_dashboard_msgs/ur_dashboard_msgs/srv/detail/is_program_running__rosidl_typesupport_fastrtps_cpp.hpp
[2.780s] -- Installing: /home/russell/ROS2_REPAS/install/ur_dashboard_msgs/include/ur_dashboard_msgs/ur_dashboard_msgs/srv/detail/is_program_saved__rosidl_typesupport_fastrtps_cpp.hpp
[2.781s] -- Installing: /home/russell/ROS2_REPAS/install/ur_dashboard_msgs/include/ur_dashboard_msgs/ur_dashboard_msgs/srv/detail/get_robot_mode__rosidl_typesupport_fastrtps_cpp.hpp
[2.781s] -- Installing: /home/russell/ROS2_REPAS/install/ur_dashboard_msgs/include/ur_dashboard_msgs/ur_dashboard_msgs/srv/detail/dds_fastrtps
[2.781s] -- Installing: /home/russell/ROS2_REPAS/install/ur_dashboard_msgs/include/ur_dashboard_msgs/ur_dashboard_msgs/srv/detail/get_safety_mode__rosidl_typesupport_fastrtps_cpp.hpp
[2.781s] -- Installing: /home/russell/ROS2_REPAS/install/ur_dashboard_msgs/include/ur_dashboard_msgs/ur_dashboard_msgs/srv/detail/add_to_log__rosidl_typesupport_fastrtps_cpp.hpp
[2.782s] -- Installing: /home/russell/ROS2_REPAS/install/ur_dashboard_msgs/include/ur_dashboard_msgs/ur_dashboard_msgs/srv/detail/load__rosidl_typesupport_fastrtps_cpp.hpp
[2.782s] -- Installing: /home/russell/ROS2_REPAS/install/ur_dashboard_msgs/lib/libur_dashboard_msgs__rosidl_typesupport_fastrtps_cpp.so
[2.820s] -- Set non-toolchain portion of runtime path of "/home/russell/ROS2_REPAS/install/ur_dashboard_msgs/lib/libur_dashboard_msgs__rosidl_typesupport_fastrtps_cpp.so" to ""
[2.820s] -- Up-to-date: /home/russell/ROS2_REPAS/install/ur_dashboard_msgs/include/ur_dashboard_msgs/ur_dashboard_msgs
[2.820s] -- Up-to-date: /home/russell/ROS2_REPAS/install/ur_dashboard_msgs/include/ur_dashboard_msgs/ur_dashboard_msgs/msg
[2.820s] -- Up-to-date: /home/russell/ROS2_REPAS/install/ur_dashboard_msgs/include/ur_dashboard_msgs/ur_dashboard_msgs/msg/detail
[2.820s] -- Installing: /home/russell/ROS2_REPAS/install/ur_dashboard_msgs/include/ur_dashboard_msgs/ur_dashboard_msgs/msg/detail/robot_mode__type_support.cpp
[2.821s] -- Installing: /home/russell/ROS2_REPAS/install/ur_dashboard_msgs/include/ur_dashboard_msgs/ur_dashboard_msgs/msg/detail/safety_mode__type_support.cpp
[2.821s] -- Installing: /home/russell/ROS2_REPAS/install/ur_dashboard_msgs/include/ur_dashboard_msgs/ur_dashboard_msgs/msg/detail/safety_mode__rosidl_typesupport_introspection_cpp.hpp
[2.821s] -- Installing: /home/russell/ROS2_REPAS/install/ur_dashboard_msgs/include/ur_dashboard_msgs/ur_dashboard_msgs/msg/detail/program_state__type_support.cpp
[2.821s] -- Installing: /home/russell/ROS2_REPAS/install/ur_dashboard_msgs/include/ur_dashboard_msgs/ur_dashboard_msgs/msg/detail/program_state__rosidl_typesupport_introspection_cpp.hpp
[2.821s] -- Installing: /home/russell/ROS2_REPAS/install/ur_dashboard_msgs/include/ur_dashboard_msgs/ur_dashboard_msgs/msg/detail/robot_mode__rosidl_typesupport_introspection_cpp.hpp
[2.821s] -- Up-to-date: /home/russell/ROS2_REPAS/install/ur_dashboard_msgs/include/ur_dashboard_msgs/ur_dashboard_msgs/action
[2.821s] -- Up-to-date: /home/russell/ROS2_REPAS/install/ur_dashboard_msgs/include/ur_dashboard_msgs/ur_dashboard_msgs/action/detail
[2.821s] -- Installing: /home/russell/ROS2_REPAS/install/ur_dashboard_msgs/include/ur_dashboard_msgs/ur_dashboard_msgs/action/detail/set_mode__rosidl_typesupport_introspection_cpp.hpp
[2.822s] -- Installing: /home/russell/ROS2_REPAS/install/ur_dashboard_msgs/include/ur_dashboard_msgs/ur_dashboard_msgs/action/detail/set_mode__type_support.cpp
[2.839s] -- Up-to-date: /home/russell/ROS2_REPAS/install/ur_dashboard_msgs/include/ur_dashboard_msgs/ur_dashboard_msgs/srv
[2.839s] -- Up-to-date: /home/russell/ROS2_REPAS/install/ur_dashboard_msgs/include/ur_dashboard_msgs/ur_dashboard_msgs/srv/detail
[2.840s] -- Installing: /home/russell/ROS2_REPAS/install/ur_dashboard_msgs/include/ur_dashboard_msgs/ur_dashboard_msgs/srv/detail/is_program_saved__type_support.cpp
[2.840s] -- Installing: /home/russell/ROS2_REPAS/install/ur_dashboard_msgs/include/ur_dashboard_msgs/ur_dashboard_msgs/srv/detail/get_safety_mode__type_support.cpp
[2.840s] -- Installing: /home/russell/ROS2_REPAS/install/ur_dashboard_msgs/include/ur_dashboard_msgs/ur_dashboard_msgs/srv/detail/popup__rosidl_typesupport_introspection_cpp.hpp
[2.840s] -- Installing: /home/russell/ROS2_REPAS/install/ur_dashboard_msgs/include/ur_dashboard_msgs/ur_dashboard_msgs/srv/detail/get_program_state__rosidl_typesupport_introspection_cpp.hpp
[2.840s] -- Installing: /home/russell/ROS2_REPAS/install/ur_dashboard_msgs/include/ur_dashboard_msgs/ur_dashboard_msgs/srv/detail/raw_request__type_support.cpp
[2.841s] -- Installing: /home/russell/ROS2_REPAS/install/ur_dashboard_msgs/include/ur_dashboard_msgs/ur_dashboard_msgs/srv/detail/is_program_running__rosidl_typesupport_introspection_cpp.hpp
[2.841s] -- Installing: /home/russell/ROS2_REPAS/install/ur_dashboard_msgs/include/ur_dashboard_msgs/ur_dashboard_msgs/srv/detail/popup__type_support.cpp
[2.841s] -- Installing: /home/russell/ROS2_REPAS/install/ur_dashboard_msgs/include/ur_dashboard_msgs/ur_dashboard_msgs/srv/detail/get_robot_mode__type_support.cpp
[2.851s] -- Installing: /home/russell/ROS2_REPAS/install/ur_dashboard_msgs/include/ur_dashboard_msgs/ur_dashboard_msgs/srv/detail/get_loaded_program__type_support.cpp
[2.852s] -- Installing: /home/russell/ROS2_REPAS/install/ur_dashboard_msgs/include/ur_dashboard_msgs/ur_dashboard_msgs/srv/detail/add_to_log__type_support.cpp
[2.852s] -- Installing: /home/russell/ROS2_REPAS/install/ur_dashboard_msgs/include/ur_dashboard_msgs/ur_dashboard_msgs/srv/detail/get_program_state__type_support.cpp
[2.852s] -- Installing: /home/russell/ROS2_REPAS/install/ur_dashboard_msgs/include/ur_dashboard_msgs/ur_dashboard_msgs/srv/detail/get_loaded_program__rosidl_typesupport_introspection_cpp.hpp
[2.852s] -- Installing: /home/russell/ROS2_REPAS/install/ur_dashboard_msgs/include/ur_dashboard_msgs/ur_dashboard_msgs/srv/detail/add_to_log__rosidl_typesupport_introspection_cpp.hpp
[2.853s] -- Installing: /home/russell/ROS2_REPAS/install/ur_dashboard_msgs/include/ur_dashboard_msgs/ur_dashboard_msgs/srv/detail/load__rosidl_typesupport_introspection_cpp.hpp
[2.853s] -- Installing: /home/russell/ROS2_REPAS/install/ur_dashboard_msgs/include/ur_dashboard_msgs/ur_dashboard_msgs/srv/detail/raw_request__rosidl_typesupport_introspection_cpp.hpp
[2.853s] -- Installing: /home/russell/ROS2_REPAS/install/ur_dashboard_msgs/include/ur_dashboard_msgs/ur_dashboard_msgs/srv/detail/get_safety_mode__rosidl_typesupport_introspection_cpp.hpp
[2.853s] -- Installing: /home/russell/ROS2_REPAS/install/ur_dashboard_msgs/include/ur_dashboard_msgs/ur_dashboard_msgs/srv/detail/get_robot_mode__rosidl_typesupport_introspection_cpp.hpp
[2.854s] -- Installing: /home/russell/ROS2_REPAS/install/ur_dashboard_msgs/include/ur_dashboard_msgs/ur_dashboard_msgs/srv/detail/load__type_support.cpp
[2.854s] -- Installing: /home/russell/ROS2_REPAS/install/ur_dashboard_msgs/include/ur_dashboard_msgs/ur_dashboard_msgs/srv/detail/is_program_saved__rosidl_typesupport_introspection_cpp.hpp
[2.854s] -- Installing: /home/russell/ROS2_REPAS/install/ur_dashboard_msgs/include/ur_dashboard_msgs/ur_dashboard_msgs/srv/detail/is_program_running__type_support.cpp
[2.855s] -- Installing: /home/russell/ROS2_REPAS/install/ur_dashboard_msgs/lib/libur_dashboard_msgs__rosidl_typesupport_introspection_cpp.so
[2.879s] -- Set non-toolchain portion of runtime path of "/home/russell/ROS2_REPAS/install/ur_dashboard_msgs/lib/libur_dashboard_msgs__rosidl_typesupport_introspection_cpp.so" to ""
[2.879s] -- Installing: /home/russell/ROS2_REPAS/install/ur_dashboard_msgs/lib/libur_dashboard_msgs__rosidl_typesupport_cpp.so
[2.889s] -- Set non-toolchain portion of runtime path of "/home/russell/ROS2_REPAS/install/ur_dashboard_msgs/lib/libur_dashboard_msgs__rosidl_typesupport_cpp.so" to ""
[2.889s] -- Installing: /home/russell/ROS2_REPAS/install/ur_dashboard_msgs/share/ur_dashboard_msgs/environment/pythonpath.sh
[2.889s] -- Installing: /home/russell/ROS2_REPAS/install/ur_dashboard_msgs/share/ur_dashboard_msgs/environment/pythonpath.dsv
[2.889s] -- Installing: /home/russell/ROS2_REPAS/install/ur_dashboard_msgs/lib/python3.12/site-packages/ur_dashboard_msgs-3.2.1-py3.12.egg-info
[2.889s] -- Installing: /home/russell/ROS2_REPAS/install/ur_dashboard_msgs/lib/python3.12/site-packages/ur_dashboard_msgs-3.2.1-py3.12.egg-info/dependency_links.txt
[2.890s] -- Installing: /home/russell/ROS2_REPAS/install/ur_dashboard_msgs/lib/python3.12/site-packages/ur_dashboard_msgs-3.2.1-py3.12.egg-info/PKG-INFO
[2.890s] -- Installing: /home/russell/ROS2_REPAS/install/ur_dashboard_msgs/lib/python3.12/site-packages/ur_dashboard_msgs-3.2.1-py3.12.egg-info/SOURCES.txt
[2.890s] -- Installing: /home/russell/ROS2_REPAS/install/ur_dashboard_msgs/lib/python3.12/site-packages/ur_dashboard_msgs-3.2.1-py3.12.egg-info/top_level.txt
[2.890s] -- Installing: /home/russell/ROS2_REPAS/install/ur_dashboard_msgs/lib/python3.12/site-packages/ur_dashboard_msgs
[2.890s] -- Installing: /home/russell/ROS2_REPAS/install/ur_dashboard_msgs/lib/python3.12/site-packages/ur_dashboard_msgs/ur_dashboard_msgs_s__rosidl_typesupport_c.so
[2.890s] -- Installing: /home/russell/ROS2_REPAS/install/ur_dashboard_msgs/lib/python3.12/site-packages/ur_dashboard_msgs/msg
[2.890s] -- Installing: /home/russell/ROS2_REPAS/install/ur_dashboard_msgs/lib/python3.12/site-packages/ur_dashboard_msgs/msg/_robot_mode_s.c
[2.891s] -- Installing: /home/russell/ROS2_REPAS/install/ur_dashboard_msgs/lib/python3.12/site-packages/ur_dashboard_msgs/msg/_safety_mode_s.c
[2.891s] -- Installing: /home/russell/ROS2_REPAS/install/ur_dashboard_msgs/lib/python3.12/site-packages/ur_dashboard_msgs/msg/_robot_mode.py
[2.891s] -- Installing: /home/russell/ROS2_REPAS/install/ur_dashboard_msgs/lib/python3.12/site-packages/ur_dashboard_msgs/msg/__init__.py
[2.891s] -- Installing: /home/russell/ROS2_REPAS/install/ur_dashboard_msgs/lib/python3.12/site-packages/ur_dashboard_msgs/msg/_program_state_s.c
[2.891s] -- Installing: /home/russell/ROS2_REPAS/install/ur_dashboard_msgs/lib/python3.12/site-packages/ur_dashboard_msgs/msg/_safety_mode.py
[2.891s] -- Installing: /home/russell/ROS2_REPAS/install/ur_dashboard_msgs/lib/python3.12/site-packages/ur_dashboard_msgs/msg/_program_state.py
[2.891s] -- Installing: /home/russell/ROS2_REPAS/install/ur_dashboard_msgs/lib/python3.12/site-packages/ur_dashboard_msgs/action
[2.892s] -- Installing: /home/russell/ROS2_REPAS/install/ur_dashboard_msgs/lib/python3.12/site-packages/ur_dashboard_msgs/action/_set_mode.py
[2.892s] -- Installing: /home/russell/ROS2_REPAS/install/ur_dashboard_msgs/lib/python3.12/site-packages/ur_dashboard_msgs/action/_set_mode_s.c
[2.892s] -- Installing: /home/russell/ROS2_REPAS/install/ur_dashboard_msgs/lib/python3.12/site-packages/ur_dashboard_msgs/action/__init__.py
[2.892s] -- Installing: /home/russell/ROS2_REPAS/install/ur_dashboard_msgs/lib/python3.12/site-packages/ur_dashboard_msgs/ur_dashboard_msgs_s__rosidl_typesupport_fastrtps_c.so
[2.892s] -- Installing: /home/russell/ROS2_REPAS/install/ur_dashboard_msgs/lib/python3.12/site-packages/ur_dashboard_msgs/srv
[2.892s] -- Installing: /home/russell/ROS2_REPAS/install/ur_dashboard_msgs/lib/python3.12/site-packages/ur_dashboard_msgs/srv/_get_robot_mode.py
[2.892s] -- Installing: /home/russell/ROS2_REPAS/install/ur_dashboard_msgs/lib/python3.12/site-packages/ur_dashboard_msgs/srv/_load.py
[2.893s] -- Installing: /home/russell/ROS2_REPAS/install/ur_dashboard_msgs/lib/python3.12/site-packages/ur_dashboard_msgs/srv/_get_safety_mode.py
[2.893s] -- Installing: /home/russell/ROS2_REPAS/install/ur_dashboard_msgs/lib/python3.12/site-packages/ur_dashboard_msgs/srv/_is_program_running.py
[2.893s] -- Installing: /home/russell/ROS2_REPAS/install/ur_dashboard_msgs/lib/python3.12/site-packages/ur_dashboard_msgs/srv/_get_program_state_s.c
[2.893s] -- Installing: /home/russell/ROS2_REPAS/install/ur_dashboard_msgs/lib/python3.12/site-packages/ur_dashboard_msgs/srv/_get_safety_mode_s.c
[2.893s] -- Installing: /home/russell/ROS2_REPAS/install/ur_dashboard_msgs/lib/python3.12/site-packages/ur_dashboard_msgs/srv/_raw_request_s.c
[2.893s] -- Installing: /home/russell/ROS2_REPAS/install/ur_dashboard_msgs/lib/python3.12/site-packages/ur_dashboard_msgs/srv/_load_s.c
[2.893s] -- Installing: /home/russell/ROS2_REPAS/install/ur_dashboard_msgs/lib/python3.12/site-packages/ur_dashboard_msgs/srv/_get_loaded_program.py
[2.894s] -- Installing: /home/russell/ROS2_REPAS/install/ur_dashboard_msgs/lib/python3.12/site-packages/ur_dashboard_msgs/srv/_add_to_log.py
[2.894s] -- Installing: /home/russell/ROS2_REPAS/install/ur_dashboard_msgs/lib/python3.12/site-packages/ur_dashboard_msgs/srv/_get_loaded_program_s.c
[2.894s] -- Installing: /home/russell/ROS2_REPAS/install/ur_dashboard_msgs/lib/python3.12/site-packages/ur_dashboard_msgs/srv/_get_robot_mode_s.c
[2.894s] -- Installing: /home/russell/ROS2_REPAS/install/ur_dashboard_msgs/lib/python3.12/site-packages/ur_dashboard_msgs/srv/_get_program_state.py
[2.894s] -- Installing: /home/russell/ROS2_REPAS/install/ur_dashboard_msgs/lib/python3.12/site-packages/ur_dashboard_msgs/srv/_is_program_saved.py
[2.894s] -- Installing: /home/russell/ROS2_REPAS/install/ur_dashboard_msgs/lib/python3.12/site-packages/ur_dashboard_msgs/srv/_is_program_saved_s.c
[2.894s] -- Installing: /home/russell/ROS2_REPAS/install/ur_dashboard_msgs/lib/python3.12/site-packages/ur_dashboard_msgs/srv/_is_program_running_s.c
[2.895s] -- Installing: /home/russell/ROS2_REPAS/install/ur_dashboard_msgs/lib/python3.12/site-packages/ur_dashboard_msgs/srv/__init__.py
[2.895s] -- Installing: /home/russell/ROS2_REPAS/install/ur_dashboard_msgs/lib/python3.12/site-packages/ur_dashboard_msgs/srv/_raw_request.py
[2.895s] -- Installing: /home/russell/ROS2_REPAS/install/ur_dashboard_msgs/lib/python3.12/site-packages/ur_dashboard_msgs/srv/_popup.py
[2.895s] -- Installing: /home/russell/ROS2_REPAS/install/ur_dashboard_msgs/lib/python3.12/site-packages/ur_dashboard_msgs/srv/_popup_s.c
[2.895s] -- Installing: /home/russell/ROS2_REPAS/install/ur_dashboard_msgs/lib/python3.12/site-packages/ur_dashboard_msgs/srv/_add_to_log_s.c
[2.895s] -- Installing: /home/russell/ROS2_REPAS/install/ur_dashboard_msgs/lib/python3.12/site-packages/ur_dashboard_msgs/_ur_dashboard_msgs_s.ep.rosidl_typesupport_c.c
[2.896s] -- Installing: /home/russell/ROS2_REPAS/install/ur_dashboard_msgs/lib/python3.12/site-packages/ur_dashboard_msgs/ur_dashboard_msgs_s__rosidl_typesupport_introspection_c.so
[2.896s] -- Installing: /home/russell/ROS2_REPAS/install/ur_dashboard_msgs/lib/python3.12/site-packages/ur_dashboard_msgs/__init__.py
[2.896s] -- Installing: /home/russell/ROS2_REPAS/install/ur_dashboard_msgs/lib/python3.12/site-packages/ur_dashboard_msgs/_ur_dashboard_msgs_s.ep.rosidl_typesupport_fastrtps_c.c
[2.896s] -- Installing: /home/russell/ROS2_REPAS/install/ur_dashboard_msgs/lib/python3.12/site-packages/ur_dashboard_msgs/_ur_dashboard_msgs_s.ep.rosidl_typesupport_introspection_c.c
[3.003s] Listing '/home/russell/ROS2_REPAS/install/ur_dashboard_msgs/lib/python3.12/site-packages/ur_dashboard_msgs'...
[3.003s] Compiling '/home/russell/ROS2_REPAS/install/ur_dashboard_msgs/lib/python3.12/site-packages/ur_dashboard_msgs/__init__.py'...
[3.003s] Listing '/home/russell/ROS2_REPAS/install/ur_dashboard_msgs/lib/python3.12/site-packages/ur_dashboard_msgs/action'...
[3.003s] Compiling '/home/russell/ROS2_REPAS/install/ur_dashboard_msgs/lib/python3.12/site-packages/ur_dashboard_msgs/action/__init__.py'...
[3.003s] Compiling '/home/russell/ROS2_REPAS/install/ur_dashboard_msgs/lib/python3.12/site-packages/ur_dashboard_msgs/action/_set_mode.py'...
[3.003s] Listing '/home/russell/ROS2_REPAS/install/ur_dashboard_msgs/lib/python3.12/site-packages/ur_dashboard_msgs/msg'...
[3.003s] Compiling '/home/russell/ROS2_REPAS/install/ur_dashboard_msgs/lib/python3.12/site-packages/ur_dashboard_msgs/msg/__init__.py'...
[3.003s] Compiling '/home/russell/ROS2_REPAS/install/ur_dashboard_msgs/lib/python3.12/site-packages/ur_dashboard_msgs/msg/_program_state.py'...
[3.003s] Compiling '/home/russell/ROS2_REPAS/install/ur_dashboard_msgs/lib/python3.12/site-packages/ur_dashboard_msgs/msg/_robot_mode.py'...
[3.003s] Compiling '/home/russell/ROS2_REPAS/install/ur_dashboard_msgs/lib/python3.12/site-packages/ur_dashboard_msgs/msg/_safety_mode.py'...
[3.003s] Listing '/home/russell/ROS2_REPAS/install/ur_dashboard_msgs/lib/python3.12/site-packages/ur_dashboard_msgs/srv'...
[3.003s] Compiling '/home/russell/ROS2_REPAS/install/ur_dashboard_msgs/lib/python3.12/site-packages/ur_dashboard_msgs/srv/__init__.py'...
[3.004s] Compiling '/home/russell/ROS2_REPAS/install/ur_dashboard_msgs/lib/python3.12/site-packages/ur_dashboard_msgs/srv/_add_to_log.py'...
[3.004s] Compiling '/home/russell/ROS2_REPAS/install/ur_dashboard_msgs/lib/python3.12/site-packages/ur_dashboard_msgs/srv/_get_loaded_program.py'...
[3.004s] Compiling '/home/russell/ROS2_REPAS/install/ur_dashboard_msgs/lib/python3.12/site-packages/ur_dashboard_msgs/srv/_get_program_state.py'...
[3.004s] Compiling '/home/russell/ROS2_REPAS/install/ur_dashboard_msgs/lib/python3.12/site-packages/ur_dashboard_msgs/srv/_get_robot_mode.py'...
[3.004s] Compiling '/home/russell/ROS2_REPAS/install/ur_dashboard_msgs/lib/python3.12/site-packages/ur_dashboard_msgs/srv/_get_safety_mode.py'...
[3.004s] Compiling '/home/russell/ROS2_REPAS/install/ur_dashboard_msgs/lib/python3.12/site-packages/ur_dashboard_msgs/srv/_is_program_running.py'...
[3.004s] Compiling '/home/russell/ROS2_REPAS/install/ur_dashboard_msgs/lib/python3.12/site-packages/ur_dashboard_msgs/srv/_is_program_saved.py'...
[3.004s] Compiling '/home/russell/ROS2_REPAS/install/ur_dashboard_msgs/lib/python3.12/site-packages/ur_dashboard_msgs/srv/_load.py'...
[3.004s] Compiling '/home/russell/ROS2_REPAS/install/ur_dashboard_msgs/lib/python3.12/site-packages/ur_dashboard_msgs/srv/_popup.py'...
[3.004s] Compiling '/home/russell/ROS2_REPAS/install/ur_dashboard_msgs/lib/python3.12/site-packages/ur_dashboard_msgs/srv/_raw_request.py'...
[3.009s] -- Installing: /home/russell/ROS2_REPAS/install/ur_dashboard_msgs/lib/python3.12/site-packages/ur_dashboard_msgs/ur_dashboard_msgs_s__rosidl_typesupport_fastrtps_c.so
[3.009s] -- Set non-toolchain portion of runtime path of "/home/russell/ROS2_REPAS/install/ur_dashboard_msgs/lib/python3.12/site-packages/ur_dashboard_msgs/ur_dashboard_msgs_s__rosidl_typesupport_fastrtps_c.so" to ""
[3.009s] -- Installing: /home/russell/ROS2_REPAS/install/ur_dashboard_msgs/lib/python3.12/site-packages/ur_dashboard_msgs/ur_dashboard_msgs_s__rosidl_typesupport_introspection_c.so
[3.010s] -- Set non-toolchain portion of runtime path of "/home/russell/ROS2_REPAS/install/ur_dashboard_msgs/lib/python3.12/site-packages/ur_dashboard_msgs/ur_dashboard_msgs_s__rosidl_typesupport_introspection_c.so" to ""
[3.010s] -- Installing: /home/russell/ROS2_REPAS/install/ur_dashboard_msgs/lib/python3.12/site-packages/ur_dashboard_msgs/ur_dashboard_msgs_s__rosidl_typesupport_c.so
[3.011s] -- Set non-toolchain portion of runtime path of "/home/russell/ROS2_REPAS/install/ur_dashboard_msgs/lib/python3.12/site-packages/ur_dashboard_msgs/ur_dashboard_msgs_s__rosidl_typesupport_c.so" to ""
[3.011s] -- Installing: /home/russell/ROS2_REPAS/install/ur_dashboard_msgs/lib/libur_dashboard_msgs__rosidl_generator_py.so
[3.053s] -- Set non-toolchain portion of runtime path of "/home/russell/ROS2_REPAS/install/ur_dashboard_msgs/lib/libur_dashboard_msgs__rosidl_generator_py.so" to ""
[3.053s] -- Installing: /home/russell/ROS2_REPAS/install/ur_dashboard_msgs/share/ur_dashboard_msgs/msg/ProgramState.idl
[3.070s] -- Installing: /home/russell/ROS2_REPAS/install/ur_dashboard_msgs/share/ur_dashboard_msgs/msg/RobotMode.idl
[3.071s] -- Installing: /home/russell/ROS2_REPAS/install/ur_dashboard_msgs/share/ur_dashboard_msgs/msg/SafetyMode.idl
[3.071s] -- Installing: /home/russell/ROS2_REPAS/install/ur_dashboard_msgs/share/ur_dashboard_msgs/srv/AddToLog.idl
[3.072s] -- Installing: /home/russell/ROS2_REPAS/install/ur_dashboard_msgs/share/ur_dashboard_msgs/srv/GetLoadedProgram.idl
[3.072s] -- Installing: /home/russell/ROS2_REPAS/install/ur_dashboard_msgs/share/ur_dashboard_msgs/srv/GetProgramState.idl
[3.072s] -- Installing: /home/russell/ROS2_REPAS/install/ur_dashboard_msgs/share/ur_dashboard_msgs/srv/GetRobotMode.idl
[3.073s] -- Installing: /home/russell/ROS2_REPAS/install/ur_dashboard_msgs/share/ur_dashboard_msgs/srv/GetSafetyMode.idl
[3.073s] -- Installing: /home/russell/ROS2_REPAS/install/ur_dashboard_msgs/share/ur_dashboard_msgs/srv/IsProgramRunning.idl
[3.074s] -- Installing: /home/russell/ROS2_REPAS/install/ur_dashboard_msgs/share/ur_dashboard_msgs/srv/IsProgramSaved.idl
[3.074s] -- Installing: /home/russell/ROS2_REPAS/install/ur_dashboard_msgs/share/ur_dashboard_msgs/srv/Load.idl
[3.074s] -- Installing: /home/russell/ROS2_REPAS/install/ur_dashboard_msgs/share/ur_dashboard_msgs/srv/Popup.idl
[3.075s] -- Installing: /home/russell/ROS2_REPAS/install/ur_dashboard_msgs/share/ur_dashboard_msgs/srv/RawRequest.idl
[3.075s] -- Installing: /home/russell/ROS2_REPAS/install/ur_dashboard_msgs/share/ur_dashboard_msgs/action/SetMode.idl
[3.076s] -- Installing: /home/russell/ROS2_REPAS/install/ur_dashboard_msgs/share/ur_dashboard_msgs/msg/ProgramState.msg
[3.076s] -- Installing: /home/russell/ROS2_REPAS/install/ur_dashboard_msgs/share/ur_dashboard_msgs/msg/RobotMode.msg
[3.076s] -- Installing: /home/russell/ROS2_REPAS/install/ur_dashboard_msgs/share/ur_dashboard_msgs/msg/SafetyMode.msg
[3.076s] -- Installing: /home/russell/ROS2_REPAS/install/ur_dashboard_msgs/share/ur_dashboard_msgs/srv/AddToLog.srv
[3.076s] -- Installing: /home/russell/ROS2_REPAS/install/ur_dashboard_msgs/share/ur_dashboard_msgs/srv/GetLoadedProgram.srv
[3.076s] -- Installing: /home/russell/ROS2_REPAS/install/ur_dashboard_msgs/share/ur_dashboard_msgs/srv/GetProgramState.srv
[3.077s] -- Installing: /home/russell/ROS2_REPAS/install/ur_dashboard_msgs/share/ur_dashboard_msgs/srv/GetRobotMode.srv
[3.077s] -- Installing: /home/russell/ROS2_REPAS/install/ur_dashboard_msgs/share/ur_dashboard_msgs/srv/GetSafetyMode.srv
[3.077s] -- Installing: /home/russell/ROS2_REPAS/install/ur_dashboard_msgs/share/ur_dashboard_msgs/srv/IsProgramRunning.srv
[3.077s] -- Installing: /home/russell/ROS2_REPAS/install/ur_dashboard_msgs/share/ur_dashboard_msgs/srv/IsProgramSaved.srv
[3.077s] -- Installing: /home/russell/ROS2_REPAS/install/ur_dashboard_msgs/share/ur_dashboard_msgs/srv/Load.srv
[3.077s] -- Installing: /home/russell/ROS2_REPAS/install/ur_dashboard_msgs/share/ur_dashboard_msgs/srv/Popup.srv
[3.077s] -- Installing: /home/russell/ROS2_REPAS/install/ur_dashboard_msgs/share/ur_dashboard_msgs/srv/RawRequest.srv
[3.078s] -- Installing: /home/russell/ROS2_REPAS/install/ur_dashboard_msgs/share/ur_dashboard_msgs/action/SetMode.action
[3.078s] -- Installing: /home/russell/ROS2_REPAS/install/ur_dashboard_msgs/share/ament_index/resource_index/package_run_dependencies/ur_dashboard_msgs
[3.078s] -- Installing: /home/russell/ROS2_REPAS/install/ur_dashboard_msgs/share/ament_index/resource_index/parent_prefix_path/ur_dashboard_msgs
[3.078s] -- Installing: /home/russell/ROS2_REPAS/install/ur_dashboard_msgs/share/ur_dashboard_msgs/environment/ament_prefix_path.sh
[3.079s] -- Installing: /home/russell/ROS2_REPAS/install/ur_dashboard_msgs/share/ur_dashboard_msgs/environment/ament_prefix_path.dsv
[3.079s] -- Installing: /home/russell/ROS2_REPAS/install/ur_dashboard_msgs/share/ur_dashboard_msgs/environment/path.sh
[3.079s] -- Installing: /home/russell/ROS2_REPAS/install/ur_dashboard_msgs/share/ur_dashboard_msgs/environment/path.dsv
[3.079s] -- Installing: /home/russell/ROS2_REPAS/install/ur_dashboard_msgs/share/ur_dashboard_msgs/local_setup.bash
[3.079s] -- Installing: /home/russell/ROS2_REPAS/install/ur_dashboard_msgs/share/ur_dashboard_msgs/local_setup.sh
[3.080s] -- Installing: /home/russell/ROS2_REPAS/install/ur_dashboard_msgs/share/ur_dashboard_msgs/local_setup.zsh
[3.080s] -- Installing: /home/russell/ROS2_REPAS/install/ur_dashboard_msgs/share/ur_dashboard_msgs/local_setup.dsv
[3.080s] -- Installing: /home/russell/ROS2_REPAS/install/ur_dashboard_msgs/share/ur_dashboard_msgs/package.dsv
[3.080s] -- Installing: /home/russell/ROS2_REPAS/install/ur_dashboard_msgs/share/ament_index/resource_index/packages/ur_dashboard_msgs
[3.081s] -- Installing: /home/russell/ROS2_REPAS/install/ur_dashboard_msgs/share/ur_dashboard_msgs/cmake/export_ur_dashboard_msgs__rosidl_generator_cExport.cmake
[3.081s] -- Installing: /home/russell/ROS2_REPAS/install/ur_dashboard_msgs/share/ur_dashboard_msgs/cmake/export_ur_dashboard_msgs__rosidl_generator_cExport-noconfig.cmake
[3.081s] -- Installing: /home/russell/ROS2_REPAS/install/ur_dashboard_msgs/share/ur_dashboard_msgs/cmake/export_ur_dashboard_msgs__rosidl_typesupport_fastrtps_cExport.cmake
[3.081s] -- Installing: /home/russell/ROS2_REPAS/install/ur_dashboard_msgs/share/ur_dashboard_msgs/cmake/export_ur_dashboard_msgs__rosidl_typesupport_fastrtps_cExport-noconfig.cmake
[3.082s] -- Installing: /home/russell/ROS2_REPAS/install/ur_dashboard_msgs/share/ur_dashboard_msgs/cmake/ur_dashboard_msgs__rosidl_typesupport_introspection_cExport.cmake
[3.082s] -- Installing: /home/russell/ROS2_REPAS/install/ur_dashboard_msgs/share/ur_dashboard_msgs/cmake/ur_dashboard_msgs__rosidl_typesupport_introspection_cExport-noconfig.cmake
[3.082s] -- Installing: /home/russell/ROS2_REPAS/install/ur_dashboard_msgs/share/ur_dashboard_msgs/cmake/ur_dashboard_msgs__rosidl_typesupport_cExport.cmake
[3.083s] -- Installing: /home/russell/ROS2_REPAS/install/ur_dashboard_msgs/share/ur_dashboard_msgs/cmake/ur_dashboard_msgs__rosidl_typesupport_cExport-noconfig.cmake
[3.083s] -- Installing: /home/russell/ROS2_REPAS/install/ur_dashboard_msgs/share/ur_dashboard_msgs/cmake/export_ur_dashboard_msgs__rosidl_generator_cppExport.cmake
[3.083s] -- Installing: /home/russell/ROS2_REPAS/install/ur_dashboard_msgs/share/ur_dashboard_msgs/cmake/export_ur_dashboard_msgs__rosidl_typesupport_fastrtps_cppExport.cmake
[3.083s] -- Installing: /home/russell/ROS2_REPAS/install/ur_dashboard_msgs/share/ur_dashboard_msgs/cmake/export_ur_dashboard_msgs__rosidl_typesupport_fastrtps_cppExport-noconfig.cmake
[3.084s] -- Installing: /home/russell/ROS2_REPAS/install/ur_dashboard_msgs/share/ur_dashboard_msgs/cmake/ur_dashboard_msgs__rosidl_typesupport_introspection_cppExport.cmake
[3.084s] -- Installing: /home/russell/ROS2_REPAS/install/ur_dashboard_msgs/share/ur_dashboard_msgs/cmake/ur_dashboard_msgs__rosidl_typesupport_introspection_cppExport-noconfig.cmake
[3.084s] -- Installing: /home/russell/ROS2_REPAS/install/ur_dashboard_msgs/share/ur_dashboard_msgs/cmake/ur_dashboard_msgs__rosidl_typesupport_cppExport.cmake
[3.084s] -- Installing: /home/russell/ROS2_REPAS/install/ur_dashboard_msgs/share/ur_dashboard_msgs/cmake/ur_dashboard_msgs__rosidl_typesupport_cppExport-noconfig.cmake
[3.085s] -- Installing: /home/russell/ROS2_REPAS/install/ur_dashboard_msgs/share/ur_dashboard_msgs/cmake/export_ur_dashboard_msgs__rosidl_generator_pyExport.cmake
[3.085s] -- Installing: /home/russell/ROS2_REPAS/install/ur_dashboard_msgs/share/ur_dashboard_msgs/cmake/export_ur_dashboard_msgs__rosidl_generator_pyExport-noconfig.cmake
[3.085s] -- Installing: /home/russell/ROS2_REPAS/install/ur_dashboard_msgs/share/ur_dashboard_msgs/cmake/rosidl_cmake-extras.cmake
[3.085s] -- Installing: /home/russell/ROS2_REPAS/install/ur_dashboard_msgs/share/ur_dashboard_msgs/cmake/ament_cmake_export_dependencies-extras.cmake
[3.086s] -- Installing: /home/russell/ROS2_REPAS/install/ur_dashboard_msgs/share/ur_dashboard_msgs/cmake/ament_cmake_export_include_directories-extras.cmake
[3.086s] -- Installing: /home/russell/ROS2_REPAS/install/ur_dashboard_msgs/share/ur_dashboard_msgs/cmake/ament_cmake_export_libraries-extras.cmake
[3.086s] -- Installing: /home/russell/ROS2_REPAS/install/ur_dashboard_msgs/share/ur_dashboard_msgs/cmake/ament_cmake_export_targets-extras.cmake
[3.086s] -- Installing: /home/russell/ROS2_REPAS/install/ur_dashboard_msgs/share/ur_dashboard_msgs/cmake/rosidl_cmake_export_typesupport_targets-extras.cmake
[3.087s] -- Installing: /home/russell/ROS2_REPAS/install/ur_dashboard_msgs/share/ur_dashboard_msgs/cmake/rosidl_cmake_export_typesupport_libraries-extras.cmake
[3.087s] -- Installing: /home/russell/ROS2_REPAS/install/ur_dashboard_msgs/share/ur_dashboard_msgs/cmake/ur_dashboard_msgsConfig.cmake
[3.087s] -- Installing: /home/russell/ROS2_REPAS/install/ur_dashboard_msgs/share/ur_dashboard_msgs/cmake/ur_dashboard_msgsConfig-version.cmake
[3.087s] -- Installing: /home/russell/ROS2_REPAS/install/ur_dashboard_msgs/share/ur_dashboard_msgs/package.xml
[3.091s] Invoked command in '/home/russell/ROS2_REPAS/build/ur_dashboard_msgs' returned '0': CMAKE_PREFIX_PATH=${CMAKE_PREFIX_PATH}:/opt/ros/jazzy DEBUGINFOD_URLS=https://debuginfod.ubuntu.com /usr/bin/cmake --install /home/russell/ROS2_REPAS/build/ur_dashboard_msgs
