[0.135s] Invoking command in '/home/russell/ROS2_REPAS/build/ur_description': CMAKE_PREFIX_PATH=${CMAKE_PREFIX_PATH}:/opt/ros/jazzy DEBUGINFOD_URLS=https://debuginfod.ubuntu.com /usr/bin/cmake --build /home/russell/ROS2_REPAS/build/ur_description -- -j24 -l24
[0.756s] Invoked command in '/home/russell/ROS2_REPAS/build/ur_description' returned '0': CMAKE_PREFIX_PATH=${CMAKE_PREFIX_PATH}:/opt/ros/jazzy DEBUGINFOD_URLS=https://debuginfod.ubuntu.com /usr/bin/cmake --build /home/russell/ROS2_REPAS/build/ur_description -- -j24 -l24
[0.816s] Invoking command in '/home/russell/ROS2_REPAS/build/ur_description': CMAKE_PREFIX_PATH=${CMAKE_PREFIX_PATH}:/opt/ros/jazzy DEBUGINFOD_URLS=https://debuginfod.ubuntu.com /usr/bin/cmake --install /home/russell/ROS2_REPAS/build/ur_description
[0.833s] -- Install configuration: ""
[0.845s] -- Up-to-date: /home/russell/ROS2_REPAS/install/ur_description/share/ur_description/config
[0.922s] -- Up-to-date: /home/russell/ROS2_REPAS/install/ur_description/share/ur_description/config/ur3
[0.922s] -- Up-to-date: /home/russell/ROS2_REPAS/install/ur_description/share/ur_description/config/ur3/default_kinematics.yaml
[0.923s] -- Up-to-date: /home/russell/ROS2_REPAS/install/ur_description/share/ur_description/config/ur3/physical_parameters.yaml
[0.923s] -- Up-to-date: /home/russell/ROS2_REPAS/install/ur_description/share/ur_description/config/ur3/joint_limits.yaml
[0.923s] -- Up-to-date: /home/russell/ROS2_REPAS/install/ur_description/share/ur_description/config/ur3/visual_parameters.yaml
[0.923s] -- Up-to-date: /home/russell/ROS2_REPAS/install/ur_description/share/ur_description/config/ur3e
[0.923s] -- Up-to-date: /home/russell/ROS2_REPAS/install/ur_description/share/ur_description/config/ur3e/default_kinematics.yaml
[0.923s] -- Up-to-date: /home/russell/ROS2_REPAS/install/ur_description/share/ur_description/config/ur3e/physical_parameters.yaml
[0.923s] -- Up-to-date: /home/russell/ROS2_REPAS/install/ur_description/share/ur_description/config/ur3e/joint_limits.yaml
[0.923s] -- Up-to-date: /home/russell/ROS2_REPAS/install/ur_description/share/ur_description/config/ur3e/visual_parameters.yaml
[0.924s] -- Up-to-date: /home/russell/ROS2_REPAS/install/ur_description/share/ur_description/config/ur5e
[0.924s] -- Up-to-date: /home/russell/ROS2_REPAS/install/ur_description/share/ur_description/config/ur5e/default_kinematics.yaml
[0.924s] -- Up-to-date: /home/russell/ROS2_REPAS/install/ur_description/share/ur_description/config/ur5e/physical_parameters.yaml
[0.924s] -- Up-to-date: /home/russell/ROS2_REPAS/install/ur_description/share/ur_description/config/ur5e/joint_limits.yaml
[0.924s] -- Up-to-date: /home/russell/ROS2_REPAS/install/ur_description/share/ur_description/config/ur5e/visual_parameters.yaml
[0.924s] -- Up-to-date: /home/russell/ROS2_REPAS/install/ur_description/share/ur_description/config/ur5
[0.924s] -- Up-to-date: /home/russell/ROS2_REPAS/install/ur_description/share/ur_description/config/ur5/default_kinematics.yaml
[0.924s] -- Up-to-date: /home/russell/ROS2_REPAS/install/ur_description/share/ur_description/config/ur5/physical_parameters.yaml
[0.925s] -- Up-to-date: /home/russell/ROS2_REPAS/install/ur_description/share/ur_description/config/ur5/joint_limits.yaml
[0.925s] -- Up-to-date: /home/russell/ROS2_REPAS/install/ur_description/share/ur_description/config/ur5/visual_parameters.yaml
[0.925s] -- Up-to-date: /home/russell/ROS2_REPAS/install/ur_description/share/ur_description/config/initial_positions.yaml
[0.925s] -- Up-to-date: /home/russell/ROS2_REPAS/install/ur_description/share/ur_description/config/ur7e
[0.925s] -- Up-to-date: /home/russell/ROS2_REPAS/install/ur_description/share/ur_description/config/ur7e/default_kinematics.yaml
[0.925s] -- Up-to-date: /home/russell/ROS2_REPAS/install/ur_description/share/ur_description/config/ur7e/physical_parameters.yaml
[0.925s] -- Up-to-date: /home/russell/ROS2_REPAS/install/ur_description/share/ur_description/config/ur7e/joint_limits.yaml
[0.925s] -- Up-to-date: /home/russell/ROS2_REPAS/install/ur_description/share/ur_description/config/ur7e/visual_parameters.yaml
[0.925s] -- Up-to-date: /home/russell/ROS2_REPAS/install/ur_description/share/ur_description/config/ur30
[0.925s] -- Up-to-date: /home/russell/ROS2_REPAS/install/ur_description/share/ur_description/config/ur30/default_kinematics.yaml
[0.925s] -- Up-to-date: /home/russell/ROS2_REPAS/install/ur_description/share/ur_description/config/ur30/physical_parameters.yaml
[0.925s] -- Up-to-date: /home/russell/ROS2_REPAS/install/ur_description/share/ur_description/config/ur30/joint_limits.yaml
[0.925s] -- Up-to-date: /home/russell/ROS2_REPAS/install/ur_description/share/ur_description/config/ur30/visual_parameters.yaml
[0.925s] -- Up-to-date: /home/russell/ROS2_REPAS/install/ur_description/share/ur_description/config/ur12e
[0.933s] -- Up-to-date: /home/russell/ROS2_REPAS/install/ur_description/share/ur_description/config/ur12e/default_kinematics.yaml
[0.933s] -- Up-to-date: /home/russell/ROS2_REPAS/install/ur_description/share/ur_description/config/ur12e/physical_parameters.yaml
[0.933s] -- Up-to-date: /home/russell/ROS2_REPAS/install/ur_description/share/ur_description/config/ur12e/joint_limits.yaml
[0.933s] -- Up-to-date: /home/russell/ROS2_REPAS/install/ur_description/share/ur_description/config/ur12e/visual_parameters.yaml
[0.933s] -- Up-to-date: /home/russell/ROS2_REPAS/install/ur_description/share/ur_description/config/ur20
[0.954s] -- Up-to-date: /home/russell/ROS2_REPAS/install/ur_description/share/ur_description/config/ur20/default_kinematics.yaml
[0.954s] -- Up-to-date: /home/russell/ROS2_REPAS/install/ur_description/share/ur_description/config/ur20/physical_parameters.yaml
[0.955s] -- Up-to-date: /home/russell/ROS2_REPAS/install/ur_description/share/ur_description/config/ur20/joint_limits.yaml
[0.955s] -- Up-to-date: /home/russell/ROS2_REPAS/install/ur_description/share/ur_description/config/ur20/visual_parameters.yaml
[0.955s] -- Up-to-date: /home/russell/ROS2_REPAS/install/ur_description/share/ur_description/config/ur10e
[0.958s] -- Up-to-date: /home/russell/ROS2_REPAS/install/ur_description/share/ur_description/config/ur10e/default_kinematics.yaml
[0.958s] -- Up-to-date: /home/russell/ROS2_REPAS/install/ur_description/share/ur_description/config/ur10e/physical_parameters.yaml
[0.958s] -- Up-to-date: /home/russell/ROS2_REPAS/install/ur_description/share/ur_description/config/ur10e/joint_limits.yaml
[0.958s] -- Up-to-date: /home/russell/ROS2_REPAS/install/ur_description/share/ur_description/config/ur10e/visual_parameters.yaml
[0.958s] -- Up-to-date: /home/russell/ROS2_REPAS/install/ur_description/share/ur_description/config/ur10
[0.958s] -- Up-to-date: /home/russell/ROS2_REPAS/install/ur_description/share/ur_description/config/ur10/default_kinematics.yaml
[0.959s] -- Up-to-date: /home/russell/ROS2_REPAS/install/ur_description/share/ur_description/config/ur10/physical_parameters.yaml
[0.959s] -- Up-to-date: /home/russell/ROS2_REPAS/install/ur_description/share/ur_description/config/ur10/joint_limits.yaml
[0.959s] -- Up-to-date: /home/russell/ROS2_REPAS/install/ur_description/share/ur_description/config/ur10/visual_parameters.yaml
[0.959s] -- Up-to-date: /home/russell/ROS2_REPAS/install/ur_description/share/ur_description/config/ur16e
[0.959s] -- Up-to-date: /home/russell/ROS2_REPAS/install/ur_description/share/ur_description/config/ur16e/default_kinematics.yaml
[0.959s] -- Up-to-date: /home/russell/ROS2_REPAS/install/ur_description/share/ur_description/config/ur16e/physical_parameters.yaml
[0.959s] -- Up-to-date: /home/russell/ROS2_REPAS/install/ur_description/share/ur_description/config/ur16e/joint_limits.yaml
[0.960s] -- Up-to-date: /home/russell/ROS2_REPAS/install/ur_description/share/ur_description/config/ur16e/visual_parameters.yaml
[0.960s] -- Up-to-date: /home/russell/ROS2_REPAS/install/ur_description/share/ur_description/launch
[0.963s] -- Up-to-date: /home/russell/ROS2_REPAS/install/ur_description/share/ur_description/launch/view_ur.launch.py
[0.963s] -- Up-to-date: /home/russell/ROS2_REPAS/install/ur_description/share/ur_description/meshes
[0.980s] -- Up-to-date: /home/russell/ROS2_REPAS/install/ur_description/share/ur_description/meshes/ur3
[1.011s] -- Up-to-date: /home/russell/ROS2_REPAS/install/ur_description/share/ur_description/meshes/ur3/collision
[1.031s] -- Up-to-date: /home/russell/ROS2_REPAS/install/ur_description/share/ur_description/meshes/ur3/collision/upperarm.stl
[1.031s] -- Up-to-date: /home/russell/ROS2_REPAS/install/ur_description/share/ur_description/meshes/ur3/collision/base.stl
[1.031s] -- Up-to-date: /home/russell/ROS2_REPAS/install/ur_description/share/ur_description/meshes/ur3/collision/wrist1.stl
[1.032s] -- Up-to-date: /home/russell/ROS2_REPAS/install/ur_description/share/ur_description/meshes/ur3/collision/wrist3.stl
[1.032s] -- Up-to-date: /home/russell/ROS2_REPAS/install/ur_description/share/ur_description/meshes/ur3/collision/forearm.stl
[1.032s] -- Up-to-date: /home/russell/ROS2_REPAS/install/ur_description/share/ur_description/meshes/ur3/collision/wrist2.stl
[1.032s] -- Up-to-date: /home/russell/ROS2_REPAS/install/ur_description/share/ur_description/meshes/ur3/collision/shoulder.stl
[1.032s] -- Up-to-date: /home/russell/ROS2_REPAS/install/ur_description/share/ur_description/meshes/ur3/visual
[1.036s] -- Up-to-date: /home/russell/ROS2_REPAS/install/ur_description/share/ur_description/meshes/ur3/visual/upperarm.dae
[1.036s] -- Up-to-date: /home/russell/ROS2_REPAS/install/ur_description/share/ur_description/meshes/ur3/visual/shoulder.dae
[1.036s] -- Up-to-date: /home/russell/ROS2_REPAS/install/ur_description/share/ur_description/meshes/ur3/visual/wrist2.dae
[1.036s] -- Up-to-date: /home/russell/ROS2_REPAS/install/ur_description/share/ur_description/meshes/ur3/visual/forearm.dae
[1.036s] -- Up-to-date: /home/russell/ROS2_REPAS/install/ur_description/share/ur_description/meshes/ur3/visual/base.dae
[1.036s] -- Up-to-date: /home/russell/ROS2_REPAS/install/ur_description/share/ur_description/meshes/ur3/visual/wrist1.dae
[1.036s] -- Up-to-date: /home/russell/ROS2_REPAS/install/ur_description/share/ur_description/meshes/ur3/visual/wrist3.dae
[1.036s] -- Up-to-date: /home/russell/ROS2_REPAS/install/ur_description/share/ur_description/meshes/ur3e
[1.038s] -- Up-to-date: /home/russell/ROS2_REPAS/install/ur_description/share/ur_description/meshes/ur3e/collision
[1.039s] -- Up-to-date: /home/russell/ROS2_REPAS/install/ur_description/share/ur_description/meshes/ur3e/collision/upperarm.stl
[1.039s] -- Up-to-date: /home/russell/ROS2_REPAS/install/ur_description/share/ur_description/meshes/ur3e/collision/base.stl
[1.039s] -- Up-to-date: /home/russell/ROS2_REPAS/install/ur_description/share/ur_description/meshes/ur3e/collision/wrist1.stl
[1.039s] -- Up-to-date: /home/russell/ROS2_REPAS/install/ur_description/share/ur_description/meshes/ur3e/collision/wrist3.stl
[1.039s] -- Up-to-date: /home/russell/ROS2_REPAS/install/ur_description/share/ur_description/meshes/ur3e/collision/forearm.stl
[1.039s] -- Up-to-date: /home/russell/ROS2_REPAS/install/ur_description/share/ur_description/meshes/ur3e/collision/wrist2.stl
[1.039s] -- Up-to-date: /home/russell/ROS2_REPAS/install/ur_description/share/ur_description/meshes/ur3e/collision/shoulder.stl
[1.040s] -- Up-to-date: /home/russell/ROS2_REPAS/install/ur_description/share/ur_description/meshes/ur3e/visual
[1.040s] -- Up-to-date: /home/russell/ROS2_REPAS/install/ur_description/share/ur_description/meshes/ur3e/visual/upperarm.dae
[1.040s] -- Up-to-date: /home/russell/ROS2_REPAS/install/ur_description/share/ur_description/meshes/ur3e/visual/shoulder.dae
[1.040s] -- Up-to-date: /home/russell/ROS2_REPAS/install/ur_description/share/ur_description/meshes/ur3e/visual/wrist2.dae
[1.040s] -- Up-to-date: /home/russell/ROS2_REPAS/install/ur_description/share/ur_description/meshes/ur3e/visual/forearm.dae
[1.040s] -- Up-to-date: /home/russell/ROS2_REPAS/install/ur_description/share/ur_description/meshes/ur3e/visual/base.dae
[1.040s] -- Up-to-date: /home/russell/ROS2_REPAS/install/ur_description/share/ur_description/meshes/ur3e/visual/wrist1.dae
[1.040s] -- Up-to-date: /home/russell/ROS2_REPAS/install/ur_description/share/ur_description/meshes/ur3e/visual/wrist3.dae
[1.040s] -- Up-to-date: /home/russell/ROS2_REPAS/install/ur_description/share/ur_description/meshes/ur5e
[1.077s] -- Up-to-date: /home/russell/ROS2_REPAS/install/ur_description/share/ur_description/meshes/ur5e/collision
[1.177s] -- Up-to-date: /home/russell/ROS2_REPAS/install/ur_description/share/ur_description/meshes/ur5e/collision/upperarm.stl
[1.177s] -- Up-to-date: /home/russell/ROS2_REPAS/install/ur_description/share/ur_description/meshes/ur5e/collision/base.stl
[1.177s] -- Up-to-date: /home/russell/ROS2_REPAS/install/ur_description/share/ur_description/meshes/ur5e/collision/wrist1.stl
[1.177s] -- Up-to-date: /home/russell/ROS2_REPAS/install/ur_description/share/ur_description/meshes/ur5e/collision/wrist3.stl
[1.177s] -- Up-to-date: /home/russell/ROS2_REPAS/install/ur_description/share/ur_description/meshes/ur5e/collision/forearm.stl
[1.178s] -- Up-to-date: /home/russell/ROS2_REPAS/install/ur_description/share/ur_description/meshes/ur5e/collision/wrist2.stl
[1.178s] -- Up-to-date: /home/russell/ROS2_REPAS/install/ur_description/share/ur_description/meshes/ur5e/collision/shoulder.stl
[1.178s] -- Up-to-date: /home/russell/ROS2_REPAS/install/ur_description/share/ur_description/meshes/ur5e/visual
[1.180s] -- Up-to-date: /home/russell/ROS2_REPAS/install/ur_description/share/ur_description/meshes/ur5e/visual/upperarm.dae
[1.180s] -- Up-to-date: /home/russell/ROS2_REPAS/install/ur_description/share/ur_description/meshes/ur5e/visual/shoulder.dae
[1.180s] -- Up-to-date: /home/russell/ROS2_REPAS/install/ur_description/share/ur_description/meshes/ur5e/visual/wrist2.dae
[1.180s] -- Up-to-date: /home/russell/ROS2_REPAS/install/ur_description/share/ur_description/meshes/ur5e/visual/forearm.dae
[1.180s] -- Up-to-date: /home/russell/ROS2_REPAS/install/ur_description/share/ur_description/meshes/ur5e/visual/base.dae
[1.181s] -- Up-to-date: /home/russell/ROS2_REPAS/install/ur_description/share/ur_description/meshes/ur5e/visual/wrist1.dae
[1.181s] -- Up-to-date: /home/russell/ROS2_REPAS/install/ur_description/share/ur_description/meshes/ur5e/visual/wrist3.dae
[1.181s] -- Up-to-date: /home/russell/ROS2_REPAS/install/ur_description/share/ur_description/meshes/ur5
[1.186s] -- Up-to-date: /home/russell/ROS2_REPAS/install/ur_description/share/ur_description/meshes/ur5/collision
[1.186s] -- Up-to-date: /home/russell/ROS2_REPAS/install/ur_description/share/ur_description/meshes/ur5/collision/upperarm.stl
[1.186s] -- Up-to-date: /home/russell/ROS2_REPAS/install/ur_description/share/ur_description/meshes/ur5/collision/base.stl
[1.186s] -- Up-to-date: /home/russell/ROS2_REPAS/install/ur_description/share/ur_description/meshes/ur5/collision/wrist1.stl
[1.186s] -- Up-to-date: /home/russell/ROS2_REPAS/install/ur_description/share/ur_description/meshes/ur5/collision/wrist3.stl
[1.186s] -- Up-to-date: /home/russell/ROS2_REPAS/install/ur_description/share/ur_description/meshes/ur5/collision/forearm.stl
[1.186s] -- Up-to-date: /home/russell/ROS2_REPAS/install/ur_description/share/ur_description/meshes/ur5/collision/wrist2.stl
[1.186s] -- Up-to-date: /home/russell/ROS2_REPAS/install/ur_description/share/ur_description/meshes/ur5/collision/shoulder.stl
[1.187s] -- Up-to-date: /home/russell/ROS2_REPAS/install/ur_description/share/ur_description/meshes/ur5/visual
[1.187s] -- Up-to-date: /home/russell/ROS2_REPAS/install/ur_description/share/ur_description/meshes/ur5/visual/upperarm.dae
[1.187s] -- Up-to-date: /home/russell/ROS2_REPAS/install/ur_description/share/ur_description/meshes/ur5/visual/shoulder.dae
[1.187s] -- Up-to-date: /home/russell/ROS2_REPAS/install/ur_description/share/ur_description/meshes/ur5/visual/wrist2.dae
[1.187s] -- Up-to-date: /home/russell/ROS2_REPAS/install/ur_description/share/ur_description/meshes/ur5/visual/forearm.dae
[1.187s] -- Up-to-date: /home/russell/ROS2_REPAS/install/ur_description/share/ur_description/meshes/ur5/visual/base.dae
[1.187s] -- Up-to-date: /home/russell/ROS2_REPAS/install/ur_description/share/ur_description/meshes/ur5/visual/wrist1.dae
[1.187s] -- Up-to-date: /home/russell/ROS2_REPAS/install/ur_description/share/ur_description/meshes/ur5/visual/wrist3.dae
[1.187s] -- Up-to-date: /home/russell/ROS2_REPAS/install/ur_description/share/ur_description/meshes/ur30
[1.197s] -- Up-to-date: /home/russell/ROS2_REPAS/install/ur_description/share/ur_description/meshes/ur30/LICENSE.txt
[1.197s] -- Up-to-date: /home/russell/ROS2_REPAS/install/ur_description/share/ur_description/meshes/ur30/collision
[1.197s] -- Up-to-date: /home/russell/ROS2_REPAS/install/ur_description/share/ur_description/meshes/ur30/collision/upperarm.stl
[1.197s] -- Up-to-date: /home/russell/ROS2_REPAS/install/ur_description/share/ur_description/meshes/ur30/collision/forearm.stl
[1.197s] -- Up-to-date: /home/russell/ROS2_REPAS/install/ur_description/share/ur_description/meshes/ur30/visual
[1.197s] -- Up-to-date: /home/russell/ROS2_REPAS/install/ur_description/share/ur_description/meshes/ur30/visual/upperarm.dae
[1.198s] -- Up-to-date: /home/russell/ROS2_REPAS/install/ur_description/share/ur_description/meshes/ur30/visual/UR30_DIFF_8bit_2K.png
[1.198s] -- Up-to-date: /home/russell/ROS2_REPAS/install/ur_description/share/ur_description/meshes/ur30/visual/forearm.dae
[1.198s] -- Up-to-date: /home/russell/ROS2_REPAS/install/ur_description/share/ur_description/meshes/ur20
[1.198s] -- Up-to-date: /home/russell/ROS2_REPAS/install/ur_description/share/ur_description/meshes/ur20/LICENSE.txt
[1.198s] -- Up-to-date: /home/russell/ROS2_REPAS/install/ur_description/share/ur_description/meshes/ur20/collision
[1.198s] -- Up-to-date: /home/russell/ROS2_REPAS/install/ur_description/share/ur_description/meshes/ur20/collision/upperarm.stl
[1.198s] -- Up-to-date: /home/russell/ROS2_REPAS/install/ur_description/share/ur_description/meshes/ur20/collision/base.stl
[1.198s] -- Up-to-date: /home/russell/ROS2_REPAS/install/ur_description/share/ur_description/meshes/ur20/collision/wrist1.stl
[1.199s] -- Up-to-date: /home/russell/ROS2_REPAS/install/ur_description/share/ur_description/meshes/ur20/collision/wrist3.stl
[1.199s] -- Up-to-date: /home/russell/ROS2_REPAS/install/ur_description/share/ur_description/meshes/ur20/collision/forearm.stl
[1.199s] -- Up-to-date: /home/russell/ROS2_REPAS/install/ur_description/share/ur_description/meshes/ur20/collision/wrist2.stl
[1.199s] -- Up-to-date: /home/russell/ROS2_REPAS/install/ur_description/share/ur_description/meshes/ur20/collision/shoulder.stl
[1.199s] -- Up-to-date: /home/russell/ROS2_REPAS/install/ur_description/share/ur_description/meshes/ur20/visual
[1.199s] -- Up-to-date: /home/russell/ROS2_REPAS/install/ur_description/share/ur_description/meshes/ur20/visual/upperarm.dae
[1.199s] -- Up-to-date: /home/russell/ROS2_REPAS/install/ur_description/share/ur_description/meshes/ur20/visual/UR20_DIFF_8bit_2K.png
[1.200s] -- Up-to-date: /home/russell/ROS2_REPAS/install/ur_description/share/ur_description/meshes/ur20/visual/shoulder.dae
[1.200s] -- Up-to-date: /home/russell/ROS2_REPAS/install/ur_description/share/ur_description/meshes/ur20/visual/wrist2.dae
[1.200s] -- Up-to-date: /home/russell/ROS2_REPAS/install/ur_description/share/ur_description/meshes/ur20/visual/forearm.dae
[1.200s] -- Up-to-date: /home/russell/ROS2_REPAS/install/ur_description/share/ur_description/meshes/ur20/visual/base.dae
[1.200s] -- Up-to-date: /home/russell/ROS2_REPAS/install/ur_description/share/ur_description/meshes/ur20/visual/wrist1.dae
[1.200s] -- Up-to-date: /home/russell/ROS2_REPAS/install/ur_description/share/ur_description/meshes/ur20/visual/wrist3.dae
[1.200s] -- Up-to-date: /home/russell/ROS2_REPAS/install/ur_description/share/ur_description/meshes/ur10e
[1.200s] -- Up-to-date: /home/russell/ROS2_REPAS/install/ur_description/share/ur_description/meshes/ur10e/collision
[1.217s] -- Up-to-date: /home/russell/ROS2_REPAS/install/ur_description/share/ur_description/meshes/ur10e/collision/upperarm.stl
[1.217s] -- Up-to-date: /home/russell/ROS2_REPAS/install/ur_description/share/ur_description/meshes/ur10e/collision/base.stl
[1.217s] -- Up-to-date: /home/russell/ROS2_REPAS/install/ur_description/share/ur_description/meshes/ur10e/collision/wrist1.stl
[1.217s] -- Up-to-date: /home/russell/ROS2_REPAS/install/ur_description/share/ur_description/meshes/ur10e/collision/wrist3.stl
[1.217s] -- Up-to-date: /home/russell/ROS2_REPAS/install/ur_description/share/ur_description/meshes/ur10e/collision/forearm.stl
[1.217s] -- Up-to-date: /home/russell/ROS2_REPAS/install/ur_description/share/ur_description/meshes/ur10e/collision/wrist2.stl
[1.217s] -- Up-to-date: /home/russell/ROS2_REPAS/install/ur_description/share/ur_description/meshes/ur10e/collision/shoulder.stl
[1.217s] -- Up-to-date: /home/russell/ROS2_REPAS/install/ur_description/share/ur_description/meshes/ur10e/visual
[1.218s] -- Up-to-date: /home/russell/ROS2_REPAS/install/ur_description/share/ur_description/meshes/ur10e/visual/upperarm.dae
[1.218s] -- Up-to-date: /home/russell/ROS2_REPAS/install/ur_description/share/ur_description/meshes/ur10e/visual/shoulder.dae
[1.218s] -- Up-to-date: /home/russell/ROS2_REPAS/install/ur_description/share/ur_description/meshes/ur10e/visual/wrist2.dae
[1.218s] -- Up-to-date: /home/russell/ROS2_REPAS/install/ur_description/share/ur_description/meshes/ur10e/visual/forearm.dae
[1.218s] -- Up-to-date: /home/russell/ROS2_REPAS/install/ur_description/share/ur_description/meshes/ur10e/visual/base.dae
[1.218s] -- Up-to-date: /home/russell/ROS2_REPAS/install/ur_description/share/ur_description/meshes/ur10e/visual/wrist1.dae
[1.218s] -- Up-to-date: /home/russell/ROS2_REPAS/install/ur_description/share/ur_description/meshes/ur10e/visual/wrist3.dae
[1.219s] -- Up-to-date: /home/russell/ROS2_REPAS/install/ur_description/share/ur_description/meshes/ur10
[1.219s] -- Up-to-date: /home/russell/ROS2_REPAS/install/ur_description/share/ur_description/meshes/ur10/collision
[1.219s] -- Up-to-date: /home/russell/ROS2_REPAS/install/ur_description/share/ur_description/meshes/ur10/collision/upperarm.stl
[1.219s] -- Up-to-date: /home/russell/ROS2_REPAS/install/ur_description/share/ur_description/meshes/ur10/collision/base.stl
[1.219s] -- Up-to-date: /home/russell/ROS2_REPAS/install/ur_description/share/ur_description/meshes/ur10/collision/wrist1.stl
[1.219s] -- Up-to-date: /home/russell/ROS2_REPAS/install/ur_description/share/ur_description/meshes/ur10/collision/wrist3.stl
[1.219s] -- Up-to-date: /home/russell/ROS2_REPAS/install/ur_description/share/ur_description/meshes/ur10/collision/forearm.stl
[1.219s] -- Up-to-date: /home/russell/ROS2_REPAS/install/ur_description/share/ur_description/meshes/ur10/collision/wrist2.stl
[1.219s] -- Up-to-date: /home/russell/ROS2_REPAS/install/ur_description/share/ur_description/meshes/ur10/collision/shoulder.stl
[1.220s] -- Up-to-date: /home/russell/ROS2_REPAS/install/ur_description/share/ur_description/meshes/ur10/visual
[1.220s] -- Up-to-date: /home/russell/ROS2_REPAS/install/ur_description/share/ur_description/meshes/ur10/visual/upperarm.dae
[1.220s] -- Up-to-date: /home/russell/ROS2_REPAS/install/ur_description/share/ur_description/meshes/ur10/visual/shoulder.dae
[1.220s] -- Up-to-date: /home/russell/ROS2_REPAS/install/ur_description/share/ur_description/meshes/ur10/visual/wrist2.dae
[1.220s] -- Up-to-date: /home/russell/ROS2_REPAS/install/ur_description/share/ur_description/meshes/ur10/visual/forearm.dae
[1.220s] -- Up-to-date: /home/russell/ROS2_REPAS/install/ur_description/share/ur_description/meshes/ur10/visual/base.dae
[1.220s] -- Up-to-date: /home/russell/ROS2_REPAS/install/ur_description/share/ur_description/meshes/ur10/visual/wrist1.dae
[1.220s] -- Up-to-date: /home/russell/ROS2_REPAS/install/ur_description/share/ur_description/meshes/ur10/visual/wrist3.dae
[1.220s] -- Up-to-date: /home/russell/ROS2_REPAS/install/ur_description/share/ur_description/meshes/ur16e
[1.235s] -- Up-to-date: /home/russell/ROS2_REPAS/install/ur_description/share/ur_description/meshes/ur16e/collision
[1.235s] -- Up-to-date: /home/russell/ROS2_REPAS/install/ur_description/share/ur_description/meshes/ur16e/collision/upperarm.stl
[1.235s] -- Up-to-date: /home/russell/ROS2_REPAS/install/ur_description/share/ur_description/meshes/ur16e/collision/forearm.stl
[1.235s] -- Up-to-date: /home/russell/ROS2_REPAS/install/ur_description/share/ur_description/meshes/ur16e/visual
[1.236s] -- Up-to-date: /home/russell/ROS2_REPAS/install/ur_description/share/ur_description/meshes/ur16e/visual/upperarm.dae
[1.236s] -- Up-to-date: /home/russell/ROS2_REPAS/install/ur_description/share/ur_description/meshes/ur16e/visual/forearm.dae
[1.236s] -- Up-to-date: /home/russell/ROS2_REPAS/install/ur_description/share/ur_description/rviz
[1.236s] -- Up-to-date: /home/russell/ROS2_REPAS/install/ur_description/share/ur_description/rviz/view_robot.rviz
[1.236s] -- Up-to-date: /home/russell/ROS2_REPAS/install/ur_description/share/ur_description/urdf
[1.271s] -- Up-to-date: /home/russell/ROS2_REPAS/install/ur_description/share/ur_description/urdf/inc
[1.290s] -- Up-to-date: /home/russell/ROS2_REPAS/install/ur_description/share/ur_description/urdf/inc/ur_transmissions.xacro
[1.290s] -- Up-to-date: /home/russell/ROS2_REPAS/install/ur_description/share/ur_description/urdf/inc/ur_joint_control.xacro
[1.290s] -- Up-to-date: /home/russell/ROS2_REPAS/install/ur_description/share/ur_description/urdf/inc/ur_sensors.xacro
[1.290s] -- Up-to-date: /home/russell/ROS2_REPAS/install/ur_description/share/ur_description/urdf/inc/ur_common.xacro
[1.290s] -- Up-to-date: /home/russell/ROS2_REPAS/install/ur_description/share/ur_description/urdf/ur_mocked.urdf.xacro
[1.290s] -- Up-to-date: /home/russell/ROS2_REPAS/install/ur_description/share/ur_description/urdf/ur_macro.xacro
[1.290s] -- Up-to-date: /home/russell/ROS2_REPAS/install/ur_description/share/ur_description/urdf/ur.urdf.xacro
[1.290s] -- Up-to-date: /home/russell/ROS2_REPAS/install/ur_description/share/ur_description/urdf/ros2_control_mock_hardware.xacro
[1.291s] -- Up-to-date: /home/russell/ROS2_REPAS/install/ur_description/share/ur_description/test
[1.316s] -- Up-to-date: /home/russell/ROS2_REPAS/install/ur_description/share/ur_description/test/test_ur_urdf_xacro.py
[1.316s] -- Up-to-date: /home/russell/ROS2_REPAS/install/ur_description/share/ur_description/test/test_view_ur_launch.py
[1.317s] -- Up-to-date: /home/russell/ROS2_REPAS/install/ur_description/share/ament_index/resource_index/package_run_dependencies/ur_description
[1.317s] -- Up-to-date: /home/russell/ROS2_REPAS/install/ur_description/share/ament_index/resource_index/parent_prefix_path/ur_description
[1.318s] -- Up-to-date: /home/russell/ROS2_REPAS/install/ur_description/share/ur_description/environment/ament_prefix_path.sh
[1.318s] -- Up-to-date: /home/russell/ROS2_REPAS/install/ur_description/share/ur_description/environment/ament_prefix_path.dsv
[1.318s] -- Up-to-date: /home/russell/ROS2_REPAS/install/ur_description/share/ur_description/environment/path.sh
[1.318s] -- Up-to-date: /home/russell/ROS2_REPAS/install/ur_description/share/ur_description/environment/path.dsv
[1.318s] -- Up-to-date: /home/russell/ROS2_REPAS/install/ur_description/share/ur_description/local_setup.bash
[1.318s] -- Up-to-date: /home/russell/ROS2_REPAS/install/ur_description/share/ur_description/local_setup.sh
[1.318s] -- Up-to-date: /home/russell/ROS2_REPAS/install/ur_description/share/ur_description/local_setup.zsh
[1.318s] -- Up-to-date: /home/russell/ROS2_REPAS/install/ur_description/share/ur_description/local_setup.dsv
[1.319s] -- Installing: /home/russell/ROS2_REPAS/install/ur_description/share/ur_description/package.dsv
[1.323s] -- Up-to-date: /home/russell/ROS2_REPAS/install/ur_description/share/ament_index/resource_index/packages/ur_description
[1.324s] -- Up-to-date: /home/russell/ROS2_REPAS/install/ur_description/share/ur_description/cmake/ur_descriptionConfig.cmake
[1.324s] -- Up-to-date: /home/russell/ROS2_REPAS/install/ur_description/share/ur_description/cmake/ur_descriptionConfig-version.cmake
[1.324s] -- Up-to-date: /home/russell/ROS2_REPAS/install/ur_description/share/ur_description/package.xml
[1.336s] Invoked command in '/home/russell/ROS2_REPAS/build/ur_description' returned '0': CMAKE_PREFIX_PATH=${CMAKE_PREFIX_PATH}:/opt/ros/jazzy DEBUGINFOD_URLS=https://debuginfod.ubuntu.com /usr/bin/cmake --install /home/russell/ROS2_REPAS/build/ur_description
