[0.956s] Invoking command in '/home/russell/ROS2_REPAS/src/camera_sensor': DEBUGINFOD_URLS=https://debuginfod.ubuntu.com PYTHONPATH=/home/russell/ROS2_REPAS/build/camera_sensor/prefix_override:/usr/lib/python3/dist-packages/colcon_core/task/python/colcon_distutils_commands:/home/russell/ROS2_REPAS/install/camera_sensor/lib/python3.12/site-packages:${PYTHONPATH} /usr/bin/python3 -W ignore:setup.py install is deprecated -W ignore:easy_install command is deprecated setup.py egg_info --egg-base ../../build/camera_sensor build --build-base /home/russell/ROS2_REPAS/build/camera_sensor/build install --record /home/russell/ROS2_REPAS/build/camera_sensor/install.log --single-version-externally-managed install_data
[1.247s] running egg_info
[1.271s] writing ../../build/camera_sensor/camera_sensor.egg-info/PKG-INFO
[1.272s] writing dependency_links to ../../build/camera_sensor/camera_sensor.egg-info/dependency_links.txt
[1.272s] writing entry points to ../../build/camera_sensor/camera_sensor.egg-info/entry_points.txt
[1.272s] writing requirements to ../../build/camera_sensor/camera_sensor.egg-info/requires.txt
[1.272s] writing top-level names to ../../build/camera_sensor/camera_sensor.egg-info/top_level.txt
[1.315s] reading manifest file '../../build/camera_sensor/camera_sensor.egg-info/SOURCES.txt'
[1.316s] writing manifest file '../../build/camera_sensor/camera_sensor.egg-info/SOURCES.txt'
[1.316s] running build
[1.316s] running build_py
[1.316s] running install
[1.324s] running install_lib
[1.352s] running install_data
[1.352s] running install_egg_info
[1.374s] removing '/home/russell/ROS2_REPAS/install/camera_sensor/lib/python3.12/site-packages/camera_sensor-0.0.0-py3.12.egg-info' (and everything under it)
[1.375s] Copying ../../build/camera_sensor/camera_sensor.egg-info to /home/russell/ROS2_REPAS/install/camera_sensor/lib/python3.12/site-packages/camera_sensor-0.0.0-py3.12.egg-info
[1.375s] running install_scripts
[1.534s] Installing camera_return_z_publisher script to /home/russell/ROS2_REPAS/install/camera_sensor/lib/camera_sensor
[1.534s] writing list of installed files to '/home/russell/ROS2_REPAS/build/camera_sensor/install.log'
[1.564s] Invoked command in '/home/russell/ROS2_REPAS/src/camera_sensor' returned '0': DEBUGINFOD_URLS=https://debuginfod.ubuntu.com PYTHONPATH=/home/russell/ROS2_REPAS/build/camera_sensor/prefix_override:/usr/lib/python3/dist-packages/colcon_core/task/python/colcon_distutils_commands:/home/russell/ROS2_REPAS/install/camera_sensor/lib/python3.12/site-packages:${PYTHONPATH} /usr/bin/python3 -W ignore:setup.py install is deprecated -W ignore:easy_install command is deprecated setup.py egg_info --egg-base ../../build/camera_sensor build --build-base /home/russell/ROS2_REPAS/build/camera_sensor/build install --record /home/russell/ROS2_REPAS/build/camera_sensor/install.log --single-version-externally-managed install_data
