[ 18%] Built target parlight_grid
[ 18%] Built target waypoint_grid
[ 54%] Built target russell_script1
[ 54%] Built target hydroponic_waypoint_grid_v2
[ 59%] Built target home
[ 54%] Built target hydroponic_waypoint_grid
[ 63%] Built target move_ur5e
[ 72%] Built target parlight_grid_with_parsensor
[ 90%] Built target parlight_grid_with_hydrosystem
[ 90%] Built target parlight_grid_with_cadsensor
[ 95%] [32mBuilding CXX object CMakeFiles/rpm_simple.dir/src/rpm_simple.cpp.o[0m
In file included from [01m[K/home/russell/ROS2_REPAS/src/ur5e_moveit_demo/src/rpm_simple.cpp:2[m[K:
[01m[K/opt/ros/jazzy/include/moveit_ros_planning_interface/moveit/move_group_interface/move_group_interface.h:51:77:[m[K [01;36m[Knote: [m[K‘[01m[K#pragma message: .h header is obsolete. Please use the .hpp header instead.[m[K’
   51 | #pragma message(".h header is obsolete. Please use the .hpp header instead."[01;36m[K)[m[K
      |                                                                             [01;36m[K^[m[K
[100%] [32m[1mLinking CXX executable rpm_simple[0m
[100%] Built target rpm_simple
-- Install configuration: ""
-- Execute custom install script
-- Up-to-date symlink: /home/russell/ROS2_REPAS/install/ur5e_moveit_demo/lib/ur5e_moveit_demo/move_ur5e
-- Up-to-date symlink: /home/russell/ROS2_REPAS/install/ur5e_moveit_demo/lib/ur5e_moveit_demo/home
-- Up-to-date symlink: /home/russell/ROS2_REPAS/install/ur5e_moveit_demo/lib/ur5e_moveit_demo/russell_script1
-- Up-to-date symlink: /home/russell/ROS2_REPAS/install/ur5e_moveit_demo/lib/ur5e_moveit_demo/waypoint_grid
-- Up-to-date symlink: /home/russell/ROS2_REPAS/install/ur5e_moveit_demo/lib/ur5e_moveit_demo/hydroponic_waypoint_grid
-- Up-to-date symlink: /home/russell/ROS2_REPAS/install/ur5e_moveit_demo/lib/ur5e_moveit_demo/hydroponic_waypoint_grid_v2
-- Up-to-date symlink: /home/russell/ROS2_REPAS/install/ur5e_moveit_demo/lib/ur5e_moveit_demo/parlight_grid
-- Up-to-date symlink: /home/russell/ROS2_REPAS/install/ur5e_moveit_demo/lib/ur5e_moveit_demo/parlight_grid_with_hydrosystem
-- Up-to-date symlink: /home/russell/ROS2_REPAS/install/ur5e_moveit_demo/lib/ur5e_moveit_demo/parlight_grid_with_parsensor
-- Up-to-date symlink: /home/russell/ROS2_REPAS/install/ur5e_moveit_demo/lib/ur5e_moveit_demo/parlight_grid_with_cadsensor
-- Up-to-date symlink: /home/russell/ROS2_REPAS/install/ur5e_moveit_demo/lib/ur5e_moveit_demo/rpm_simple
-- Up-to-date symlink: /home/russell/ROS2_REPAS/install/ur5e_moveit_demo/share/ur5e_moveit_demo//launch/home.launch.py
-- Up-to-date symlink: /home/russell/ROS2_REPAS/install/ur5e_moveit_demo/share/ur5e_moveit_demo//launch/hydroponic_waypoint_grid.launch.py
-- Up-to-date symlink: /home/russell/ROS2_REPAS/install/ur5e_moveit_demo/share/ur5e_moveit_demo//launch/hydroponic_waypoint_grid_v2.launch.py
-- Up-to-date symlink: /home/russell/ROS2_REPAS/install/ur5e_moveit_demo/share/ur5e_moveit_demo//launch/move_ur5e.launch.py
-- Up-to-date symlink: /home/russell/ROS2_REPAS/install/ur5e_moveit_demo/share/ur5e_moveit_demo//launch/parlight_grid.launch.py
-- Up-to-date symlink: /home/russell/ROS2_REPAS/install/ur5e_moveit_demo/share/ur5e_moveit_demo//launch/parlight_grid_with_cadsensor.launch.py
-- Up-to-date symlink: /home/russell/ROS2_REPAS/install/ur5e_moveit_demo/share/ur5e_moveit_demo//launch/parlight_grid_with_hydrosystem.launch.py
-- Up-to-date symlink: /home/russell/ROS2_REPAS/install/ur5e_moveit_demo/share/ur5e_moveit_demo//launch/parlight_grid_with_parsensor.launch.py
-- Up-to-date symlink: /home/russell/ROS2_REPAS/install/ur5e_moveit_demo/share/ur5e_moveit_demo//launch/rpm_simple.launch.py
-- Up-to-date symlink: /home/russell/ROS2_REPAS/install/ur5e_moveit_demo/share/ur5e_moveit_demo//launch/russell_script1.launch.py
-- Up-to-date symlink: /home/russell/ROS2_REPAS/install/ur5e_moveit_demo/share/ur5e_moveit_demo//launch/waypoint_grid.launch.py
-- Up-to-date symlink: /home/russell/ROS2_REPAS/install/ur5e_moveit_demo/share/ur5e_moveit_demo/meshes/1010-23-CL.stl
-- Up-to-date symlink: /home/russell/ROS2_REPAS/install/ur5e_moveit_demo/share/ur5e_moveit_demo/meshes/StructureResvrLightBox.stl
-- Up-to-date symlink: /home/russell/ROS2_REPAS/install/ur5e_moveit_demo/share/ur5e_moveit_demo/meshes/light sensor.stl
-- Up-to-date symlink: /home/russell/ROS2_REPAS/install/ur5e_moveit_demo/share/ament_index/resource_index/package_run_dependencies/ur5e_moveit_demo
-- Up-to-date symlink: /home/russell/ROS2_REPAS/install/ur5e_moveit_demo/share/ament_index/resource_index/parent_prefix_path/ur5e_moveit_demo
-- Up-to-date symlink: /home/russell/ROS2_REPAS/install/ur5e_moveit_demo/share/ur5e_moveit_demo/environment/ament_prefix_path.sh
-- Up-to-date symlink: /home/russell/ROS2_REPAS/install/ur5e_moveit_demo/share/ur5e_moveit_demo/environment/ament_prefix_path.dsv
-- Up-to-date symlink: /home/russell/ROS2_REPAS/install/ur5e_moveit_demo/share/ur5e_moveit_demo/environment/path.sh
-- Up-to-date symlink: /home/russell/ROS2_REPAS/install/ur5e_moveit_demo/share/ur5e_moveit_demo/environment/path.dsv
-- Up-to-date symlink: /home/russell/ROS2_REPAS/install/ur5e_moveit_demo/share/ur5e_moveit_demo/local_setup.bash
-- Up-to-date symlink: /home/russell/ROS2_REPAS/install/ur5e_moveit_demo/share/ur5e_moveit_demo/local_setup.sh
-- Up-to-date symlink: /home/russell/ROS2_REPAS/install/ur5e_moveit_demo/share/ur5e_moveit_demo/local_setup.zsh
-- Up-to-date symlink: /home/russell/ROS2_REPAS/install/ur5e_moveit_demo/share/ur5e_moveit_demo/local_setup.dsv
-- Symlinking: /home/russell/ROS2_REPAS/install/ur5e_moveit_demo/share/ur5e_moveit_demo/package.dsv
-- Up-to-date symlink: /home/russell/ROS2_REPAS/install/ur5e_moveit_demo/share/ament_index/resource_index/packages/ur5e_moveit_demo
-- Up-to-date symlink: /home/russell/ROS2_REPAS/install/ur5e_moveit_demo/share/ur5e_moveit_demo/cmake/ur5e_moveit_demoConfig.cmake
-- Up-to-date symlink: /home/russell/ROS2_REPAS/install/ur5e_moveit_demo/share/ur5e_moveit_demo/cmake/ur5e_moveit_demoConfig-version.cmake
-- Up-to-date symlink: /home/russell/ROS2_REPAS/install/ur5e_moveit_demo/share/ur5e_moveit_demo/package.xml
