[0.067s] Invoking command in '/home/russell/ROS2_REPAS/build/serial': CMAKE_PREFIX_PATH=${CMAKE_PREFIX_PATH}:/opt/ros/jazzy DEBUGINFOD_URLS=https://debuginfod.ubuntu.com /usr/bin/cmake --build /home/russell/ROS2_REPAS/build/serial -- -j24 -l24
[1.067s] [100%] Built target serial
[1.156s] Invoked command in '/home/russell/ROS2_REPAS/build/serial' returned '0': CMAKE_PREFIX_PATH=${CMAKE_PREFIX_PATH}:/opt/ros/jazzy DEBUGINFOD_URLS=https://debuginfod.ubuntu.com /usr/bin/cmake --build /home/russell/ROS2_REPAS/build/serial -- -j24 -l24
[1.191s] Invoking command in '/home/russell/ROS2_REPAS/build/serial': CMAKE_PREFIX_PATH=${CMAKE_PREFIX_PATH}:/opt/ros/jazzy DEBUGINFOD_URLS=https://debuginfod.ubuntu.com /usr/bin/cmake --install /home/russell/ROS2_REPAS/build/serial
[1.212s] -- Install configuration: ""
[1.214s] -- Up-to-date: /home/russell/ROS2_REPAS/install/serial/share/serial/environment/library_path.sh
[1.214s] -- Up-to-date: /home/russell/ROS2_REPAS/install/serial/share/serial/environment/library_path.dsv
[1.298s] -- Up-to-date: /home/russell/ROS2_REPAS/install/serial/lib/libserial.so
[1.303s] -- Up-to-date: /home/russell/ROS2_REPAS/install/serial/include/serial/serial.h
[1.303s] -- Up-to-date: /home/russell/ROS2_REPAS/install/serial/include/serial/v8stdint.h
[1.304s] -- Up-to-date: /home/russell/ROS2_REPAS/install/serial/share/ament_index/resource_index/package_run_dependencies/serial
[1.305s] -- Up-to-date: /home/russell/ROS2_REPAS/install/serial/share/ament_index/resource_index/parent_prefix_path/serial
[1.305s] -- Up-to-date: /home/russell/ROS2_REPAS/install/serial/share/serial/environment/ament_prefix_path.sh
[1.306s] -- Up-to-date: /home/russell/ROS2_REPAS/install/serial/share/serial/environment/ament_prefix_path.dsv
[1.306s] -- Up-to-date: /home/russell/ROS2_REPAS/install/serial/share/serial/environment/path.sh
[1.306s] -- Up-to-date: /home/russell/ROS2_REPAS/install/serial/share/serial/environment/path.dsv
[1.306s] -- Up-to-date: /home/russell/ROS2_REPAS/install/serial/share/serial/local_setup.bash
[1.306s] -- Up-to-date: /home/russell/ROS2_REPAS/install/serial/share/serial/local_setup.sh
[1.306s] -- Up-to-date: /home/russell/ROS2_REPAS/install/serial/share/serial/local_setup.zsh
[1.306s] -- Up-to-date: /home/russell/ROS2_REPAS/install/serial/share/serial/local_setup.dsv
[1.306s] -- Installing: /home/russell/ROS2_REPAS/install/serial/share/serial/package.dsv
[1.318s] -- Up-to-date: /home/russell/ROS2_REPAS/install/serial/share/ament_index/resource_index/packages/serial
[1.318s] -- Up-to-date: /home/russell/ROS2_REPAS/install/serial/share/serial/cmake/ament_cmake_export_include_directories-extras.cmake
[1.318s] -- Up-to-date: /home/russell/ROS2_REPAS/install/serial/share/serial/cmake/ament_cmake_export_libraries-extras.cmake
[1.318s] -- Up-to-date: /home/russell/ROS2_REPAS/install/serial/share/serial/cmake/serialConfig.cmake
[1.318s] -- Up-to-date: /home/russell/ROS2_REPAS/install/serial/share/serial/cmake/serialConfig-version.cmake
[1.319s] -- Up-to-date: /home/russell/ROS2_REPAS/install/serial/share/serial/package.xml
[1.322s] Invoked command in '/home/russell/ROS2_REPAS/build/serial' returned '0': CMAKE_PREFIX_PATH=${CMAKE_PREFIX_PATH}:/opt/ros/jazzy DEBUGINFOD_URLS=https://debuginfod.ubuntu.com /usr/bin/cmake --install /home/russell/ROS2_REPAS/build/serial
