[0.201s] Invoking command in '/home/russell/ROS2_REPAS/build/robotiq_2f_gripper_description': CMAKE_PREFIX_PATH=${CMAKE_PREFIX_PATH}:/opt/ros/jazzy DEBUGINFOD_URLS=https://debuginfod.ubuntu.com /usr/bin/cmake /home/russell/ROS2_REPAS/src/robotiq_2f_gripper_ros2/robotiq_2f_gripper_description -DCMAKE_INSTALL_PREFIX=/home/russell/ROS2_REPAS/install/robotiq_2f_gripper_description
[0.258s] -- The C compiler identification is GNU 13.3.0
[0.315s] -- The CXX compiler identification is GNU 13.3.0
[0.333s] -- Detecting C compiler ABI info
[0.429s] -- Detecting C compiler ABI info - done
[0.438s] -- Check for working C compiler: /usr/bin/cc - skipped
[0.438s] -- Detecting C compile features
[0.438s] -- Detecting C compile features - done
[0.448s] -- Detecting CXX compiler ABI info
[0.559s] -- Detecting CXX compiler ABI info - done
[0.568s] -- Check for working CXX compiler: /usr/bin/c++ - skipped
[0.568s] -- Detecting CXX compile features
[0.568s] -- Detecting CXX compile features - done
[0.574s] -- Found ament_cmake: 2.5.4 (/opt/ros/jazzy/share/ament_cmake/cmake)
[0.729s] -- Found Python3: /usr/bin/python3 (found version "3.12.3") found components: Interpreter 
[0.853s] -- Found ament_lint_auto: 0.17.2 (/opt/ros/jazzy/share/ament_lint_auto/cmake)
[0.958s] -- Added test 'lint_cmake' to check CMake code style
[0.961s] -- Added test 'xmllint' to check XML markup files
[0.963s] -- Configuring done (0.8s)
[0.967s] -- Generating done (0.0s)
[0.968s] -- Build files have been written to: /home/russell/ROS2_REPAS/build/robotiq_2f_gripper_description
[0.974s] Invoked command in '/home/russell/ROS2_REPAS/build/robotiq_2f_gripper_description' returned '0': CMAKE_PREFIX_PATH=${CMAKE_PREFIX_PATH}:/opt/ros/jazzy DEBUGINFOD_URLS=https://debuginfod.ubuntu.com /usr/bin/cmake /home/russell/ROS2_REPAS/src/robotiq_2f_gripper_ros2/robotiq_2f_gripper_description -DCMAKE_INSTALL_PREFIX=/home/russell/ROS2_REPAS/install/robotiq_2f_gripper_description
[0.975s] Invoking command in '/home/russell/ROS2_REPAS/build/robotiq_2f_gripper_description': CMAKE_PREFIX_PATH=${CMAKE_PREFIX_PATH}:/opt/ros/jazzy DEBUGINFOD_URLS=https://debuginfod.ubuntu.com /usr/bin/cmake --build /home/russell/ROS2_REPAS/build/robotiq_2f_gripper_description -- -j24 -l24
[1.021s] Invoked command in '/home/russell/ROS2_REPAS/build/robotiq_2f_gripper_description' returned '0': CMAKE_PREFIX_PATH=${CMAKE_PREFIX_PATH}:/opt/ros/jazzy DEBUGINFOD_URLS=https://debuginfod.ubuntu.com /usr/bin/cmake --build /home/russell/ROS2_REPAS/build/robotiq_2f_gripper_description -- -j24 -l24
[1.033s] Invoking command in '/home/russell/ROS2_REPAS/build/robotiq_2f_gripper_description': CMAKE_PREFIX_PATH=${CMAKE_PREFIX_PATH}:/opt/ros/jazzy DEBUGINFOD_URLS=https://debuginfod.ubuntu.com /usr/bin/cmake --install /home/russell/ROS2_REPAS/build/robotiq_2f_gripper_description
[1.042s] -- Install configuration: ""
[1.042s] -- Installing: /home/russell/ROS2_REPAS/install/robotiq_2f_gripper_description/share/robotiq_2f_gripper_description/launch
[1.042s] -- Installing: /home/russell/ROS2_REPAS/install/robotiq_2f_gripper_description/share/robotiq_2f_gripper_description/launch/visualize.launch
[1.042s] -- Installing: /home/russell/ROS2_REPAS/install/robotiq_2f_gripper_description/share/robotiq_2f_gripper_description/launch/robotiq_2f_gripper.rviz
[1.042s] -- Installing: /home/russell/ROS2_REPAS/install/robotiq_2f_gripper_description/share/robotiq_2f_gripper_description/urdf
[1.042s] -- Installing: /home/russell/ROS2_REPAS/install/robotiq_2f_gripper_description/share/robotiq_2f_gripper_description/urdf/robotiq_2f_140.xacro
[1.042s] -- Installing: /home/russell/ROS2_REPAS/install/robotiq_2f_gripper_description/share/robotiq_2f_gripper_description/urdf/robotiq_arg2f_transmission.xacro
[1.042s] -- Installing: /home/russell/ROS2_REPAS/install/robotiq_2f_gripper_description/share/robotiq_2f_gripper_description/urdf/robotiq_arg2f.xacro
[1.042s] -- Installing: /home/russell/ROS2_REPAS/install/robotiq_2f_gripper_description/share/robotiq_2f_gripper_description/urdf/example_use_robotiq_2f_140.urdf.xacro
[1.043s] -- Installing: /home/russell/ROS2_REPAS/install/robotiq_2f_gripper_description/share/robotiq_2f_gripper_description/urdf/robotiq_2f_140_macro.xacro
[1.043s] -- Installing: /home/russell/ROS2_REPAS/install/robotiq_2f_gripper_description/share/robotiq_2f_gripper_description/meshes
[1.043s] -- Installing: /home/russell/ROS2_REPAS/install/robotiq_2f_gripper_description/share/robotiq_2f_gripper_description/meshes/collision
[1.043s] -- Installing: /home/russell/ROS2_REPAS/install/robotiq_2f_gripper_description/share/robotiq_2f_gripper_description/meshes/collision/robotiq_arg2f_140_outer_finger.stl
[1.043s] -- Installing: /home/russell/ROS2_REPAS/install/robotiq_2f_gripper_description/share/robotiq_2f_gripper_description/meshes/collision/robotiq_arg2f_140_inner_knuckle.stl
[1.043s] -- Installing: /home/russell/ROS2_REPAS/install/robotiq_2f_gripper_description/share/robotiq_2f_gripper_description/meshes/collision/robotiq_arg2f_base_link.stl
[1.043s] -- Installing: /home/russell/ROS2_REPAS/install/robotiq_2f_gripper_description/share/robotiq_2f_gripper_description/meshes/collision/robotiq_arg2f_140_inner_finger.stl
[1.043s] -- Installing: /home/russell/ROS2_REPAS/install/robotiq_2f_gripper_description/share/robotiq_2f_gripper_description/meshes/collision/robotiq_arg2f_coupling.stl
[1.044s] -- Installing: /home/russell/ROS2_REPAS/install/robotiq_2f_gripper_description/share/robotiq_2f_gripper_description/meshes/collision/robotiq_arg2f_140_outer_knuckle.stl
[1.044s] -- Installing: /home/russell/ROS2_REPAS/install/robotiq_2f_gripper_description/share/robotiq_2f_gripper_description/meshes/visual
[1.044s] -- Installing: /home/russell/ROS2_REPAS/install/robotiq_2f_gripper_description/share/robotiq_2f_gripper_description/meshes/visual/robotiq_arg2f_140_outer_finger.stl
[1.044s] -- Installing: /home/russell/ROS2_REPAS/install/robotiq_2f_gripper_description/share/robotiq_2f_gripper_description/meshes/visual/robotiq_arg2f_140_inner_knuckle.stl
[1.044s] -- Installing: /home/russell/ROS2_REPAS/install/robotiq_2f_gripper_description/share/robotiq_2f_gripper_description/meshes/visual/robotiq_arg2f_base_link.stl
[1.045s] -- Installing: /home/russell/ROS2_REPAS/install/robotiq_2f_gripper_description/share/robotiq_2f_gripper_description/meshes/visual/robotiq_arg2f_140_inner_finger.stl
[1.045s] -- Installing: /home/russell/ROS2_REPAS/install/robotiq_2f_gripper_description/share/robotiq_2f_gripper_description/meshes/visual/robotiq_arg2f_coupling.stl
[1.046s] -- Installing: /home/russell/ROS2_REPAS/install/robotiq_2f_gripper_description/share/robotiq_2f_gripper_description/meshes/visual/robotiq_arg2f_140_outer_knuckle.stl
[1.046s] -- Installing: /home/russell/ROS2_REPAS/install/robotiq_2f_gripper_description/share/ament_index/resource_index/package_run_dependencies/robotiq_2f_gripper_description
[1.046s] -- Installing: /home/russell/ROS2_REPAS/install/robotiq_2f_gripper_description/share/ament_index/resource_index/parent_prefix_path/robotiq_2f_gripper_description
[1.046s] -- Installing: /home/russell/ROS2_REPAS/install/robotiq_2f_gripper_description/share/robotiq_2f_gripper_description/environment/ament_prefix_path.sh
[1.047s] -- Installing: /home/russell/ROS2_REPAS/install/robotiq_2f_gripper_description/share/robotiq_2f_gripper_description/environment/ament_prefix_path.dsv
[1.047s] -- Installing: /home/russell/ROS2_REPAS/install/robotiq_2f_gripper_description/share/robotiq_2f_gripper_description/environment/path.sh
[1.047s] -- Installing: /home/russell/ROS2_REPAS/install/robotiq_2f_gripper_description/share/robotiq_2f_gripper_description/environment/path.dsv
[1.047s] -- Installing: /home/russell/ROS2_REPAS/install/robotiq_2f_gripper_description/share/robotiq_2f_gripper_description/local_setup.bash
[1.047s] -- Installing: /home/russell/ROS2_REPAS/install/robotiq_2f_gripper_description/share/robotiq_2f_gripper_description/local_setup.sh
[1.047s] -- Installing: /home/russell/ROS2_REPAS/install/robotiq_2f_gripper_description/share/robotiq_2f_gripper_description/local_setup.zsh
[1.047s] -- Installing: /home/russell/ROS2_REPAS/install/robotiq_2f_gripper_description/share/robotiq_2f_gripper_description/local_setup.dsv
[1.047s] -- Installing: /home/russell/ROS2_REPAS/install/robotiq_2f_gripper_description/share/robotiq_2f_gripper_description/package.dsv
[1.048s] -- Installing: /home/russell/ROS2_REPAS/install/robotiq_2f_gripper_description/share/ament_index/resource_index/packages/robotiq_2f_gripper_description
[1.048s] -- Installing: /home/russell/ROS2_REPAS/install/robotiq_2f_gripper_description/share/robotiq_2f_gripper_description/cmake/robotiq_2f_gripper_descriptionConfig.cmake
[1.048s] -- Installing: /home/russell/ROS2_REPAS/install/robotiq_2f_gripper_description/share/robotiq_2f_gripper_description/cmake/robotiq_2f_gripper_descriptionConfig-version.cmake
[1.048s] -- Installing: /home/russell/ROS2_REPAS/install/robotiq_2f_gripper_description/share/robotiq_2f_gripper_description/package.xml
[1.051s] Invoked command in '/home/russell/ROS2_REPAS/build/robotiq_2f_gripper_description' returned '0': CMAKE_PREFIX_PATH=${CMAKE_PREFIX_PATH}:/opt/ros/jazzy DEBUGINFOD_URLS=https://debuginfod.ubuntu.com /usr/bin/cmake --install /home/russell/ROS2_REPAS/build/robotiq_2f_gripper_description
