[0.010s] Invoking command in '/home/russell/ROS2_REPAS/build/ur5e_moveit_demo': AMENT_PREFIX_PATH=/home/russell/ROS2_REPAS/install/ur_simulation_gz:/home/russell/ROS2_REPAS/install/ur_description:${AMENT_PREFIX_PATH} CMAKE_PREFIX_PATH=/home/russell/ROS2_REPAS/install/ur_simulation_gz:/home/russell/ROS2_REPAS/install/ur_description:/opt/ros/jazzy/opt/gz_sim_vendor:/opt/ros/jazzy/opt/gz_sensors_vendor:/opt/ros/jazzy/opt/gz_physics_vendor:/opt/ros/jazzy/opt/sdformat_vendor:/opt/ros/jazzy/opt/gz_gui_vendor:/opt/ros/jazzy/opt/gz_transport_vendor:/opt/ros/jazzy/opt/gz_rendering_vendor:/opt/ros/jazzy/opt/gz_plugin_vendor:/opt/ros/jazzy/opt/gz_fuel_tools_vendor:/opt/ros/jazzy/opt/gz_msgs_vendor:/opt/ros/jazzy/opt/gz_common_vendor:/opt/ros/jazzy/opt/gz_math_vendor:/opt/ros/jazzy/opt/gz_utils_vendor:/opt/ros/jazzy/opt/gz_tools_vendor:/opt/ros/jazzy/opt/gz_ogre_next_vendor:/opt/ros/jazzy/opt/gz_dartsim_vendor:/opt/ros/jazzy/opt/gz_cmake_vendor:/opt/ros/jazzy DEBUGINFOD_URLS=https://debuginfod.ubuntu.com /usr/bin/cmake --build /home/russell/ROS2_REPAS/build/ur5e_moveit_demo -- -j24 -l24
[0.092s] [ 18%] Built target move_ur5e
[0.093s] [ 18%] Built target parlight_grid
[0.093s] [ 27%] Built target waypoint_grid
[0.093s] [ 45%] Built target home
[0.093s] [ 45%] Built target hydroponic_waypoint_grid
[0.094s] [ 54%] Built target russell_script1
[0.095s] [ 63%] Built target hydroponic_waypoint_grid_v2
[0.098s] [ 72%] Built target parlight_grid_with_hydrosystem
[0.101s] [ 81%] Built target parlight_grid_with_cadsensor
[0.102s] [ 90%] Built target parlight_grid_with_parsensor
[0.107s] [ 95%] [32mBuilding CXX object CMakeFiles/rpm_simple.dir/src/rpm_simple.cpp.o[0m
[2.363s] In file included from [01m[K/home/russell/ROS2_REPAS/src/ur5e_moveit_demo/src/rpm_simple.cpp:2[m[K:
[2.364s] [01m[K/opt/ros/jazzy/include/moveit_ros_planning_interface/moveit/move_group_interface/move_group_interface.h:51:77:[m[K [01;36m[Knote: [m[K‘[01m[K#pragma message: .h header is obsolete. Please use the .hpp header instead.[m[K’
[2.364s]    51 | #pragma message(".h header is obsolete. Please use the .hpp header instead."[01;36m[K)[m[K
[2.364s]       |                                                                             [01;36m[K^[m[K
[5.970s] [100%] [32m[1mLinking CXX executable rpm_simple[0m
[9.059s] [100%] Built target rpm_simple
[9.074s] Invoked command in '/home/russell/ROS2_REPAS/build/ur5e_moveit_demo' returned '0': AMENT_PREFIX_PATH=/home/russell/ROS2_REPAS/install/ur_simulation_gz:/home/russell/ROS2_REPAS/install/ur_description:${AMENT_PREFIX_PATH} CMAKE_PREFIX_PATH=/home/russell/ROS2_REPAS/install/ur_simulation_gz:/home/russell/ROS2_REPAS/install/ur_description:/opt/ros/jazzy/opt/gz_sim_vendor:/opt/ros/jazzy/opt/gz_sensors_vendor:/opt/ros/jazzy/opt/gz_physics_vendor:/opt/ros/jazzy/opt/sdformat_vendor:/opt/ros/jazzy/opt/gz_gui_vendor:/opt/ros/jazzy/opt/gz_transport_vendor:/opt/ros/jazzy/opt/gz_rendering_vendor:/opt/ros/jazzy/opt/gz_plugin_vendor:/opt/ros/jazzy/opt/gz_fuel_tools_vendor:/opt/ros/jazzy/opt/gz_msgs_vendor:/opt/ros/jazzy/opt/gz_common_vendor:/opt/ros/jazzy/opt/gz_math_vendor:/opt/ros/jazzy/opt/gz_utils_vendor:/opt/ros/jazzy/opt/gz_tools_vendor:/opt/ros/jazzy/opt/gz_ogre_next_vendor:/opt/ros/jazzy/opt/gz_dartsim_vendor:/opt/ros/jazzy/opt/gz_cmake_vendor:/opt/ros/jazzy DEBUGINFOD_URLS=https://debuginfod.ubuntu.com /usr/bin/cmake --build /home/russell/ROS2_REPAS/build/ur5e_moveit_demo -- -j24 -l24
[9.075s] Invoking command in '/home/russell/ROS2_REPAS/build/ur5e_moveit_demo': AMENT_PREFIX_PATH=/home/russell/ROS2_REPAS/install/ur_simulation_gz:/home/russell/ROS2_REPAS/install/ur_description:${AMENT_PREFIX_PATH} CMAKE_PREFIX_PATH=/home/russell/ROS2_REPAS/install/ur_simulation_gz:/home/russell/ROS2_REPAS/install/ur_description:/opt/ros/jazzy/opt/gz_sim_vendor:/opt/ros/jazzy/opt/gz_sensors_vendor:/opt/ros/jazzy/opt/gz_physics_vendor:/opt/ros/jazzy/opt/sdformat_vendor:/opt/ros/jazzy/opt/gz_gui_vendor:/opt/ros/jazzy/opt/gz_transport_vendor:/opt/ros/jazzy/opt/gz_rendering_vendor:/opt/ros/jazzy/opt/gz_plugin_vendor:/opt/ros/jazzy/opt/gz_fuel_tools_vendor:/opt/ros/jazzy/opt/gz_msgs_vendor:/opt/ros/jazzy/opt/gz_common_vendor:/opt/ros/jazzy/opt/gz_math_vendor:/opt/ros/jazzy/opt/gz_utils_vendor:/opt/ros/jazzy/opt/gz_tools_vendor:/opt/ros/jazzy/opt/gz_ogre_next_vendor:/opt/ros/jazzy/opt/gz_dartsim_vendor:/opt/ros/jazzy/opt/gz_cmake_vendor:/opt/ros/jazzy DEBUGINFOD_URLS=https://debuginfod.ubuntu.com /usr/bin/cmake --install /home/russell/ROS2_REPAS/build/ur5e_moveit_demo
[9.102s] -- Install configuration: ""
[9.112s] -- Execute custom install script
[9.118s] -- Up-to-date symlink: /home/russell/ROS2_REPAS/install/ur5e_moveit_demo/lib/ur5e_moveit_demo/move_ur5e
[9.119s] -- Up-to-date symlink: /home/russell/ROS2_REPAS/install/ur5e_moveit_demo/lib/ur5e_moveit_demo/home
[9.120s] -- Up-to-date symlink: /home/russell/ROS2_REPAS/install/ur5e_moveit_demo/lib/ur5e_moveit_demo/russell_script1
[9.136s] -- Up-to-date symlink: /home/russell/ROS2_REPAS/install/ur5e_moveit_demo/lib/ur5e_moveit_demo/waypoint_grid
[9.136s] -- Up-to-date symlink: /home/russell/ROS2_REPAS/install/ur5e_moveit_demo/lib/ur5e_moveit_demo/hydroponic_waypoint_grid
[9.136s] -- Up-to-date symlink: /home/russell/ROS2_REPAS/install/ur5e_moveit_demo/lib/ur5e_moveit_demo/hydroponic_waypoint_grid_v2
[9.137s] -- Up-to-date symlink: /home/russell/ROS2_REPAS/install/ur5e_moveit_demo/lib/ur5e_moveit_demo/parlight_grid
[9.137s] -- Up-to-date symlink: /home/russell/ROS2_REPAS/install/ur5e_moveit_demo/lib/ur5e_moveit_demo/parlight_grid_with_hydrosystem
[9.137s] -- Up-to-date symlink: /home/russell/ROS2_REPAS/install/ur5e_moveit_demo/lib/ur5e_moveit_demo/parlight_grid_with_parsensor
[9.137s] -- Up-to-date symlink: /home/russell/ROS2_REPAS/install/ur5e_moveit_demo/lib/ur5e_moveit_demo/parlight_grid_with_cadsensor
[9.137s] -- Up-to-date symlink: /home/russell/ROS2_REPAS/install/ur5e_moveit_demo/lib/ur5e_moveit_demo/rpm_simple
[9.138s] -- Up-to-date symlink: /home/russell/ROS2_REPAS/install/ur5e_moveit_demo/share/ur5e_moveit_demo//launch/home.launch.py
[9.138s] -- Up-to-date symlink: /home/russell/ROS2_REPAS/install/ur5e_moveit_demo/share/ur5e_moveit_demo//launch/hydroponic_waypoint_grid.launch.py
[9.138s] -- Up-to-date symlink: /home/russell/ROS2_REPAS/install/ur5e_moveit_demo/share/ur5e_moveit_demo//launch/hydroponic_waypoint_grid_v2.launch.py
[9.139s] -- Up-to-date symlink: /home/russell/ROS2_REPAS/install/ur5e_moveit_demo/share/ur5e_moveit_demo//launch/move_ur5e.launch.py
[9.139s] -- Up-to-date symlink: /home/russell/ROS2_REPAS/install/ur5e_moveit_demo/share/ur5e_moveit_demo//launch/parlight_grid.launch.py
[9.139s] -- Up-to-date symlink: /home/russell/ROS2_REPAS/install/ur5e_moveit_demo/share/ur5e_moveit_demo//launch/parlight_grid_with_cadsensor.launch.py
[9.139s] -- Up-to-date symlink: /home/russell/ROS2_REPAS/install/ur5e_moveit_demo/share/ur5e_moveit_demo//launch/parlight_grid_with_hydrosystem.launch.py
[9.139s] -- Up-to-date symlink: /home/russell/ROS2_REPAS/install/ur5e_moveit_demo/share/ur5e_moveit_demo//launch/parlight_grid_with_parsensor.launch.py
[9.139s] -- Up-to-date symlink: /home/russell/ROS2_REPAS/install/ur5e_moveit_demo/share/ur5e_moveit_demo//launch/rpm_simple.launch.py
[9.140s] -- Up-to-date symlink: /home/russell/ROS2_REPAS/install/ur5e_moveit_demo/share/ur5e_moveit_demo//launch/russell_script1.launch.py
[9.140s] -- Up-to-date symlink: /home/russell/ROS2_REPAS/install/ur5e_moveit_demo/share/ur5e_moveit_demo//launch/waypoint_grid.launch.py
[9.140s] -- Up-to-date symlink: /home/russell/ROS2_REPAS/install/ur5e_moveit_demo/share/ur5e_moveit_demo/meshes/1010-23-CL.stl
[9.140s] -- Up-to-date symlink: /home/russell/ROS2_REPAS/install/ur5e_moveit_demo/share/ur5e_moveit_demo/meshes/StructureResvrLightBox.stl
[9.140s] -- Up-to-date symlink: /home/russell/ROS2_REPAS/install/ur5e_moveit_demo/share/ur5e_moveit_demo/meshes/light sensor.stl
[9.141s] -- Up-to-date symlink: /home/russell/ROS2_REPAS/install/ur5e_moveit_demo/share/ament_index/resource_index/package_run_dependencies/ur5e_moveit_demo
[9.141s] -- Up-to-date symlink: /home/russell/ROS2_REPAS/install/ur5e_moveit_demo/share/ament_index/resource_index/parent_prefix_path/ur5e_moveit_demo
[9.141s] -- Up-to-date symlink: /home/russell/ROS2_REPAS/install/ur5e_moveit_demo/share/ur5e_moveit_demo/environment/ament_prefix_path.sh
[9.141s] -- Up-to-date symlink: /home/russell/ROS2_REPAS/install/ur5e_moveit_demo/share/ur5e_moveit_demo/environment/ament_prefix_path.dsv
[9.142s] -- Up-to-date symlink: /home/russell/ROS2_REPAS/install/ur5e_moveit_demo/share/ur5e_moveit_demo/environment/path.sh
[9.142s] -- Up-to-date symlink: /home/russell/ROS2_REPAS/install/ur5e_moveit_demo/share/ur5e_moveit_demo/environment/path.dsv
[9.142s] -- Up-to-date symlink: /home/russell/ROS2_REPAS/install/ur5e_moveit_demo/share/ur5e_moveit_demo/local_setup.bash
[9.142s] -- Up-to-date symlink: /home/russell/ROS2_REPAS/install/ur5e_moveit_demo/share/ur5e_moveit_demo/local_setup.sh
[9.143s] -- Up-to-date symlink: /home/russell/ROS2_REPAS/install/ur5e_moveit_demo/share/ur5e_moveit_demo/local_setup.zsh
[9.143s] -- Up-to-date symlink: /home/russell/ROS2_REPAS/install/ur5e_moveit_demo/share/ur5e_moveit_demo/local_setup.dsv
[9.143s] -- Symlinking: /home/russell/ROS2_REPAS/install/ur5e_moveit_demo/share/ur5e_moveit_demo/package.dsv
[9.154s] -- Up-to-date symlink: /home/russell/ROS2_REPAS/install/ur5e_moveit_demo/share/ament_index/resource_index/packages/ur5e_moveit_demo
[9.155s] -- Up-to-date symlink: /home/russell/ROS2_REPAS/install/ur5e_moveit_demo/share/ur5e_moveit_demo/cmake/ur5e_moveit_demoConfig.cmake
[9.155s] -- Up-to-date symlink: /home/russell/ROS2_REPAS/install/ur5e_moveit_demo/share/ur5e_moveit_demo/cmake/ur5e_moveit_demoConfig-version.cmake
[9.155s] -- Up-to-date symlink: /home/russell/ROS2_REPAS/install/ur5e_moveit_demo/share/ur5e_moveit_demo/package.xml
[9.158s] Invoked command in '/home/russell/ROS2_REPAS/build/ur5e_moveit_demo' returned '0': AMENT_PREFIX_PATH=/home/russell/ROS2_REPAS/install/ur_simulation_gz:/home/russell/ROS2_REPAS/install/ur_description:${AMENT_PREFIX_PATH} CMAKE_PREFIX_PATH=/home/russell/ROS2_REPAS/install/ur_simulation_gz:/home/russell/ROS2_REPAS/install/ur_description:/opt/ros/jazzy/opt/gz_sim_vendor:/opt/ros/jazzy/opt/gz_sensors_vendor:/opt/ros/jazzy/opt/gz_physics_vendor:/opt/ros/jazzy/opt/sdformat_vendor:/opt/ros/jazzy/opt/gz_gui_vendor:/opt/ros/jazzy/opt/gz_transport_vendor:/opt/ros/jazzy/opt/gz_rendering_vendor:/opt/ros/jazzy/opt/gz_plugin_vendor:/opt/ros/jazzy/opt/gz_fuel_tools_vendor:/opt/ros/jazzy/opt/gz_msgs_vendor:/opt/ros/jazzy/opt/gz_common_vendor:/opt/ros/jazzy/opt/gz_math_vendor:/opt/ros/jazzy/opt/gz_utils_vendor:/opt/ros/jazzy/opt/gz_tools_vendor:/opt/ros/jazzy/opt/gz_ogre_next_vendor:/opt/ros/jazzy/opt/gz_dartsim_vendor:/opt/ros/jazzy/opt/gz_cmake_vendor:/opt/ros/jazzy DEBUGINFOD_URLS=https://debuginfod.ubuntu.com /usr/bin/cmake --install /home/russell/ROS2_REPAS/build/ur5e_moveit_demo
