[100%] Built target move_ur5e
-- Install configuration: ""
-- Up-to-date: /home/russell/ROS2_REPAS/install/my_ur5e_moveit2_control/lib/my_ur5e_moveit2_control/move_ur5e
-- Up-to-date: /home/russell/ROS2_REPAS/install/my_ur5e_moveit2_control/share/my_ur5e_moveit2_control/launch
-- Up-to-date: /home/russell/ROS2_REPAS/install/my_ur5e_moveit2_control/share/my_ur5e_moveit2_control/launch/move_ur5e.launch.py
-- Up-to-date: /home/russell/ROS2_REPAS/install/my_ur5e_moveit2_control/share/ament_index/resource_index/package_run_dependencies/my_ur5e_moveit2_control
-- Up-to-date: /home/russell/ROS2_REPAS/install/my_ur5e_moveit2_control/share/ament_index/resource_index/parent_prefix_path/my_ur5e_moveit2_control
-- Up-to-date: /home/russell/ROS2_REPAS/install/my_ur5e_moveit2_control/share/my_ur5e_moveit2_control/environment/ament_prefix_path.sh
-- Up-to-date: /home/russell/ROS2_REPAS/install/my_ur5e_moveit2_control/share/my_ur5e_moveit2_control/environment/ament_prefix_path.dsv
-- Up-to-date: /home/russell/ROS2_REPAS/install/my_ur5e_moveit2_control/share/my_ur5e_moveit2_control/environment/path.sh
-- Up-to-date: /home/russell/ROS2_REPAS/install/my_ur5e_moveit2_control/share/my_ur5e_moveit2_control/environment/path.dsv
-- Up-to-date: /home/russell/ROS2_REPAS/install/my_ur5e_moveit2_control/share/my_ur5e_moveit2_control/local_setup.bash
-- Up-to-date: /home/russell/ROS2_REPAS/install/my_ur5e_moveit2_control/share/my_ur5e_moveit2_control/local_setup.sh
-- Up-to-date: /home/russell/ROS2_REPAS/install/my_ur5e_moveit2_control/share/my_ur5e_moveit2_control/local_setup.zsh
-- Up-to-date: /home/russell/ROS2_REPAS/install/my_ur5e_moveit2_control/share/my_ur5e_moveit2_control/local_setup.dsv
-- Installing: /home/russell/ROS2_REPAS/install/my_ur5e_moveit2_control/share/my_ur5e_moveit2_control/package.dsv
-- Up-to-date: /home/russell/ROS2_REPAS/install/my_ur5e_moveit2_control/share/ament_index/resource_index/packages/my_ur5e_moveit2_control
-- Up-to-date: /home/russell/ROS2_REPAS/install/my_ur5e_moveit2_control/share/my_ur5e_moveit2_control/cmake/my_ur5e_moveit2_controlConfig.cmake
-- Up-to-date: /home/russell/ROS2_REPAS/install/my_ur5e_moveit2_control/share/my_ur5e_moveit2_control/cmake/my_ur5e_moveit2_controlConfig-version.cmake
-- Up-to-date: /home/russell/ROS2_REPAS/install/my_ur5e_moveit2_control/share/my_ur5e_moveit2_control/package.xml
