[0.013s] Invoking command in '/home/russell/ROS2_REPAS/build/my_ur5e_moveit2_control': DEBUGINFOD_URLS=https://debuginfod.ubuntu.com /usr/bin/cmake --build /home/russell/ROS2_REPAS/build/my_ur5e_moveit2_control -- -j24 -l24
[0.095s] [100%] Built target move_ur5e
[0.114s] Invoked command in '/home/russell/ROS2_REPAS/build/my_ur5e_moveit2_control' returned '0': DEBUGINFOD_URLS=https://debuginfod.ubuntu.com /usr/bin/cmake --build /home/russell/ROS2_REPAS/build/my_ur5e_moveit2_control -- -j24 -l24
[0.115s] Invoking command in '/home/russell/ROS2_REPAS/build/my_ur5e_moveit2_control': DEBUGINFOD_URLS=https://debuginfod.ubuntu.com /usr/bin/cmake --install /home/russell/ROS2_REPAS/build/my_ur5e_moveit2_control
[0.127s] -- Install configuration: ""
[0.127s] -- Up-to-date: /home/russell/ROS2_REPAS/install/my_ur5e_moveit2_control/lib/my_ur5e_moveit2_control/move_ur5e
[0.128s] -- Up-to-date: /home/russell/ROS2_REPAS/install/my_ur5e_moveit2_control/share/my_ur5e_moveit2_control/launch
[0.128s] -- Up-to-date: /home/russell/ROS2_REPAS/install/my_ur5e_moveit2_control/share/my_ur5e_moveit2_control/launch/move_ur5e.launch.py
[0.128s] -- Up-to-date: /home/russell/ROS2_REPAS/install/my_ur5e_moveit2_control/share/ament_index/resource_index/package_run_dependencies/my_ur5e_moveit2_control
[0.128s] -- Up-to-date: /home/russell/ROS2_REPAS/install/my_ur5e_moveit2_control/share/ament_index/resource_index/parent_prefix_path/my_ur5e_moveit2_control
[0.128s] -- Up-to-date: /home/russell/ROS2_REPAS/install/my_ur5e_moveit2_control/share/my_ur5e_moveit2_control/environment/ament_prefix_path.sh
[0.128s] -- Up-to-date: /home/russell/ROS2_REPAS/install/my_ur5e_moveit2_control/share/my_ur5e_moveit2_control/environment/ament_prefix_path.dsv
[0.128s] -- Up-to-date: /home/russell/ROS2_REPAS/install/my_ur5e_moveit2_control/share/my_ur5e_moveit2_control/environment/path.sh
[0.128s] -- Up-to-date: /home/russell/ROS2_REPAS/install/my_ur5e_moveit2_control/share/my_ur5e_moveit2_control/environment/path.dsv
[0.128s] -- Up-to-date: /home/russell/ROS2_REPAS/install/my_ur5e_moveit2_control/share/my_ur5e_moveit2_control/local_setup.bash
[0.128s] -- Up-to-date: /home/russell/ROS2_REPAS/install/my_ur5e_moveit2_control/share/my_ur5e_moveit2_control/local_setup.sh
[0.128s] -- Up-to-date: /home/russell/ROS2_REPAS/install/my_ur5e_moveit2_control/share/my_ur5e_moveit2_control/local_setup.zsh
[0.129s] -- Up-to-date: /home/russell/ROS2_REPAS/install/my_ur5e_moveit2_control/share/my_ur5e_moveit2_control/local_setup.dsv
[0.129s] -- Installing: /home/russell/ROS2_REPAS/install/my_ur5e_moveit2_control/share/my_ur5e_moveit2_control/package.dsv
[0.129s] -- Up-to-date: /home/russell/ROS2_REPAS/install/my_ur5e_moveit2_control/share/ament_index/resource_index/packages/my_ur5e_moveit2_control
[0.129s] -- Up-to-date: /home/russell/ROS2_REPAS/install/my_ur5e_moveit2_control/share/my_ur5e_moveit2_control/cmake/my_ur5e_moveit2_controlConfig.cmake
[0.129s] -- Up-to-date: /home/russell/ROS2_REPAS/install/my_ur5e_moveit2_control/share/my_ur5e_moveit2_control/cmake/my_ur5e_moveit2_controlConfig-version.cmake
[0.129s] -- Up-to-date: /home/russell/ROS2_REPAS/install/my_ur5e_moveit2_control/share/my_ur5e_moveit2_control/package.xml
[0.131s] Invoked command in '/home/russell/ROS2_REPAS/build/my_ur5e_moveit2_control' returned '0': DEBUGINFOD_URLS=https://debuginfod.ubuntu.com /usr/bin/cmake --install /home/russell/ROS2_REPAS/build/my_ur5e_moveit2_control
