[0.015s] Invoking command in '/home/russell/ROS2_REPAS/build/robotiq_2f_gripper_interfaces': AMENT_PREFIX_PATH=/home/russell/ROS2_REPAS/install/serial CMAKE_PREFIX_PATH=/home/russell/ROS2_REPAS/install/serial DEBUGINFOD_URLS=https://debuginfod.ubuntu.com LD_LIBRARY_PATH=/home/russell/ROS2_REPAS/install/serial/lib /usr/bin/cmake --build /home/russell/ROS2_REPAS/build/robotiq_2f_gripper_interfaces -- -j24 -l24
[0.076s] [100%] Built target robotiq_2f_gripper_interfaces
[0.092s] Invoked command in '/home/russell/ROS2_REPAS/build/robotiq_2f_gripper_interfaces' returned '0': AMENT_PREFIX_PATH=/home/russell/ROS2_REPAS/install/serial CMAKE_PREFIX_PATH=/home/russell/ROS2_REPAS/install/serial DEBUGINFOD_URLS=https://debuginfod.ubuntu.com LD_LIBRARY_PATH=/home/russell/ROS2_REPAS/install/serial/lib /usr/bin/cmake --build /home/russell/ROS2_REPAS/build/robotiq_2f_gripper_interfaces -- -j24 -l24
[0.094s] Invoking command in '/home/russell/ROS2_REPAS/build/robotiq_2f_gripper_interfaces': AMENT_PREFIX_PATH=/home/russell/ROS2_REPAS/install/serial CMAKE_PREFIX_PATH=/home/russell/ROS2_REPAS/install/serial DEBUGINFOD_URLS=https://debuginfod.ubuntu.com LD_LIBRARY_PATH=/home/russell/ROS2_REPAS/install/serial/lib /usr/bin/cmake --install /home/russell/ROS2_REPAS/build/robotiq_2f_gripper_interfaces
[0.101s] -- Install configuration: ""
[0.101s] -- Up-to-date: /home/russell/ROS2_REPAS/install/robotiq_2f_gripper_interfaces/share/robotiq_2f_gripper_interfaces/hardware_interface_plugin.xml
[0.101s] -- Up-to-date: /home/russell/ROS2_REPAS/install/robotiq_2f_gripper_interfaces/share/robotiq_2f_gripper_interfaces/environment/library_path.sh
[0.101s] -- Up-to-date: /home/russell/ROS2_REPAS/install/robotiq_2f_gripper_interfaces/share/robotiq_2f_gripper_interfaces/environment/library_path.dsv
[0.102s] -- Up-to-date: /home/russell/ROS2_REPAS/install/robotiq_2f_gripper_interfaces/include
[0.102s] -- Up-to-date: /home/russell/ROS2_REPAS/install/robotiq_2f_gripper_interfaces/include/robotiq_2f_gripper_interfaces
[0.102s] -- Up-to-date: /home/russell/ROS2_REPAS/install/robotiq_2f_gripper_interfaces/include/robotiq_2f_gripper_interfaces/driver.hpp
[0.102s] -- Up-to-date: /home/russell/ROS2_REPAS/install/robotiq_2f_gripper_interfaces/include/robotiq_2f_gripper_interfaces/data_utils.hpp
[0.102s] -- Up-to-date: /home/russell/ROS2_REPAS/install/robotiq_2f_gripper_interfaces/include/robotiq_2f_gripper_interfaces/default_driver_factory.hpp
[0.102s] -- Up-to-date: /home/russell/ROS2_REPAS/install/robotiq_2f_gripper_interfaces/include/robotiq_2f_gripper_interfaces/default_driver.hpp
[0.102s] -- Up-to-date: /home/russell/ROS2_REPAS/install/robotiq_2f_gripper_interfaces/include/robotiq_2f_gripper_interfaces/visibility_control.hpp
[0.102s] -- Up-to-date: /home/russell/ROS2_REPAS/install/robotiq_2f_gripper_interfaces/include/robotiq_2f_gripper_interfaces/crc_utils.hpp
[0.102s] -- Up-to-date: /home/russell/ROS2_REPAS/install/robotiq_2f_gripper_interfaces/include/robotiq_2f_gripper_interfaces/fake
[0.103s] -- Up-to-date: /home/russell/ROS2_REPAS/install/robotiq_2f_gripper_interfaces/include/robotiq_2f_gripper_interfaces/fake/fake_driver.hpp
[0.104s] -- Up-to-date: /home/russell/ROS2_REPAS/install/robotiq_2f_gripper_interfaces/include/robotiq_2f_gripper_interfaces/driver_factory.hpp
[0.104s] -- Up-to-date: /home/russell/ROS2_REPAS/install/robotiq_2f_gripper_interfaces/include/robotiq_2f_gripper_interfaces/default_serial_factory.hpp
[0.104s] -- Up-to-date: /home/russell/ROS2_REPAS/install/robotiq_2f_gripper_interfaces/include/robotiq_2f_gripper_interfaces/default_serial.hpp
[0.104s] -- Up-to-date: /home/russell/ROS2_REPAS/install/robotiq_2f_gripper_interfaces/include/robotiq_2f_gripper_interfaces/driver_exception.hpp
[0.104s] -- Up-to-date: /home/russell/ROS2_REPAS/install/robotiq_2f_gripper_interfaces/include/robotiq_2f_gripper_interfaces/hardware_interface.hpp
[0.104s] -- Up-to-date: /home/russell/ROS2_REPAS/install/robotiq_2f_gripper_interfaces/include/robotiq_2f_gripper_interfaces/serial_factory.hpp
[0.104s] -- Up-to-date: /home/russell/ROS2_REPAS/install/robotiq_2f_gripper_interfaces/include/robotiq_2f_gripper_interfaces/serial.hpp
[0.104s] -- Up-to-date: /home/russell/ROS2_REPAS/install/robotiq_2f_gripper_interfaces/lib/librobotiq_2f_gripper_interfaces.so
[0.104s] -- Up-to-date: /home/russell/ROS2_REPAS/install/robotiq_2f_gripper_interfaces/share/ament_index/resource_index/package_run_dependencies/robotiq_2f_gripper_interfaces
[0.104s] -- Up-to-date: /home/russell/ROS2_REPAS/install/robotiq_2f_gripper_interfaces/share/ament_index/resource_index/parent_prefix_path/robotiq_2f_gripper_interfaces
[0.104s] -- Up-to-date: /home/russell/ROS2_REPAS/install/robotiq_2f_gripper_interfaces/share/robotiq_2f_gripper_interfaces/environment/ament_prefix_path.sh
[0.105s] -- Up-to-date: /home/russell/ROS2_REPAS/install/robotiq_2f_gripper_interfaces/share/robotiq_2f_gripper_interfaces/environment/ament_prefix_path.dsv
[0.105s] -- Up-to-date: /home/russell/ROS2_REPAS/install/robotiq_2f_gripper_interfaces/share/robotiq_2f_gripper_interfaces/environment/path.sh
[0.105s] -- Up-to-date: /home/russell/ROS2_REPAS/install/robotiq_2f_gripper_interfaces/share/robotiq_2f_gripper_interfaces/environment/path.dsv
[0.105s] -- Up-to-date: /home/russell/ROS2_REPAS/install/robotiq_2f_gripper_interfaces/share/robotiq_2f_gripper_interfaces/local_setup.bash
[0.105s] -- Up-to-date: /home/russell/ROS2_REPAS/install/robotiq_2f_gripper_interfaces/share/robotiq_2f_gripper_interfaces/local_setup.sh
[0.105s] -- Up-to-date: /home/russell/ROS2_REPAS/install/robotiq_2f_gripper_interfaces/share/robotiq_2f_gripper_interfaces/local_setup.zsh
[0.105s] -- Up-to-date: /home/russell/ROS2_REPAS/install/robotiq_2f_gripper_interfaces/share/robotiq_2f_gripper_interfaces/local_setup.dsv
[0.105s] -- Installing: /home/russell/ROS2_REPAS/install/robotiq_2f_gripper_interfaces/share/robotiq_2f_gripper_interfaces/package.dsv
[0.106s] -- Up-to-date: /home/russell/ROS2_REPAS/install/robotiq_2f_gripper_interfaces/share/ament_index/resource_index/packages/robotiq_2f_gripper_interfaces
[0.106s] -- Up-to-date: /home/russell/ROS2_REPAS/install/robotiq_2f_gripper_interfaces/share/ament_index/resource_index/hardware_interface__pluginlib__plugin/robotiq_2f_gripper_interfaces
[0.106s] -- Up-to-date: /home/russell/ROS2_REPAS/install/robotiq_2f_gripper_interfaces/share/robotiq_2f_gripper_interfaces/cmake/robotiq_2f_gripper_interfaces_targetsExport.cmake
[0.107s] -- Up-to-date: /home/russell/ROS2_REPAS/install/robotiq_2f_gripper_interfaces/share/robotiq_2f_gripper_interfaces/cmake/robotiq_2f_gripper_interfaces_targetsExport-noconfig.cmake
[0.107s] -- Up-to-date: /home/russell/ROS2_REPAS/install/robotiq_2f_gripper_interfaces/share/robotiq_2f_gripper_interfaces/cmake/ament_cmake_export_targets-extras.cmake
[0.107s] -- Up-to-date: /home/russell/ROS2_REPAS/install/robotiq_2f_gripper_interfaces/share/robotiq_2f_gripper_interfaces/cmake/ament_cmake_export_dependencies-extras.cmake
[0.107s] -- Up-to-date: /home/russell/ROS2_REPAS/install/robotiq_2f_gripper_interfaces/share/robotiq_2f_gripper_interfaces/cmake/ament_cmake_export_include_directories-extras.cmake
[0.107s] -- Up-to-date: /home/russell/ROS2_REPAS/install/robotiq_2f_gripper_interfaces/share/robotiq_2f_gripper_interfaces/cmake/ament_cmake_export_libraries-extras.cmake
[0.107s] -- Up-to-date: /home/russell/ROS2_REPAS/install/robotiq_2f_gripper_interfaces/share/robotiq_2f_gripper_interfaces/cmake/robotiq_2f_gripper_interfacesConfig.cmake
[0.107s] -- Up-to-date: /home/russell/ROS2_REPAS/install/robotiq_2f_gripper_interfaces/share/robotiq_2f_gripper_interfaces/cmake/robotiq_2f_gripper_interfacesConfig-version.cmake
[0.107s] -- Up-to-date: /home/russell/ROS2_REPAS/install/robotiq_2f_gripper_interfaces/share/robotiq_2f_gripper_interfaces/package.xml
[0.107s] Invoked command in '/home/russell/ROS2_REPAS/build/robotiq_2f_gripper_interfaces' returned '0': AMENT_PREFIX_PATH=/home/russell/ROS2_REPAS/install/serial CMAKE_PREFIX_PATH=/home/russell/ROS2_REPAS/install/serial DEBUGINFOD_URLS=https://debuginfod.ubuntu.com LD_LIBRARY_PATH=/home/russell/ROS2_REPAS/install/serial/lib /usr/bin/cmake --install /home/russell/ROS2_REPAS/build/robotiq_2f_gripper_interfaces
