[  2%] Built target robotiq_2f_gripper_msgs__rosidl_generator_type_description
[  2%] Built target ament_cmake_python_copy_robotiq_2f_gripper_msgs
[  5%] Built target robotiq_2f_gripper_msgs__cpp
[ 20%] Built target robotiq_2f_gripper_msgs__rosidl_generator_c
[ 29%] Built target robotiq_2f_gripper_msgs__rosidl_typesupport_c
[ 38%] Built target robotiq_2f_gripper_msgs__rosidl_typesupport_introspection_cpp
[ 73%] Built target robotiq_2f_gripper_msgs__rosidl_typesupport_fastrtps_c
[ 73%] Built target robotiq_2f_gripper_msgs__rosidl_typesupport_fastrtps_cpp
[ 73%] Built target robotiq_2f_gripper_msgs__rosidl_typesupport_cpp
[ 73%] Built target robotiq_2f_gripper_msgs__rosidl_typesupport_introspection_c
[ 73%] Built target robotiq_2f_gripper_msgs
[ 76%] Built target robotiq_2f_gripper_msgs__py
[ 82%] Built target robotiq_2f_gripper_msgs__rosidl_generator_py
[ 94%] Built target robotiq_2f_gripper_msgs_s__rosidl_typesupport_introspection_c
[ 94%] Built target robotiq_2f_gripper_msgs_s__rosidl_typesupport_fastrtps_c
[100%] Built target robotiq_2f_gripper_msgs_s__rosidl_typesupport_c
running egg_info
writing robotiq_2f_gripper_msgs.egg-info/PKG-INFO
writing dependency_links to robotiq_2f_gripper_msgs.egg-info/dependency_links.txt
writing top-level names to robotiq_2f_gripper_msgs.egg-info/top_level.txt
reading manifest file 'robotiq_2f_gripper_msgs.egg-info/SOURCES.txt'
writing manifest file 'robotiq_2f_gripper_msgs.egg-info/SOURCES.txt'
[100%] Built target ament_cmake_python_build_robotiq_2f_gripper_msgs_egg
