[0.013s] Invoking command in '/home/russell/ROS2_REPAS/build/robotiq_2f_gripper_msgs': CMAKE_PREFIX_PATH=${CMAKE_PREFIX_PATH}:/opt/ros/jazzy DEBUGINFOD_URLS=https://debuginfod.ubuntu.com /usr/bin/cmake --build /home/russell/ROS2_REPAS/build/robotiq_2f_gripper_msgs -- -j24 -l24
[0.067s] [  2%] Built target robotiq_2f_gripper_msgs__rosidl_generator_type_description
[0.097s] [  2%] Built target ament_cmake_python_copy_robotiq_2f_gripper_msgs
[0.098s] [  5%] Built target robotiq_2f_gripper_msgs__cpp
[0.099s] [ 20%] Built target robotiq_2f_gripper_msgs__rosidl_generator_c
[0.120s] [ 29%] Built target robotiq_2f_gripper_msgs__rosidl_typesupport_c
[0.120s] [ 38%] Built target robotiq_2f_gripper_msgs__rosidl_typesupport_introspection_cpp
[0.121s] [ 73%] Built target robotiq_2f_gripper_msgs__rosidl_typesupport_fastrtps_c
[0.121s] [ 73%] Built target robotiq_2f_gripper_msgs__rosidl_typesupport_fastrtps_cpp
[0.121s] [ 73%] Built target robotiq_2f_gripper_msgs__rosidl_typesupport_cpp
[0.121s] [ 73%] Built target robotiq_2f_gripper_msgs__rosidl_typesupport_introspection_c
[0.152s] [ 73%] Built target robotiq_2f_gripper_msgs
[0.170s] [ 76%] Built target robotiq_2f_gripper_msgs__py
[0.197s] [ 82%] Built target robotiq_2f_gripper_msgs__rosidl_generator_py
[0.223s] [ 94%] Built target robotiq_2f_gripper_msgs_s__rosidl_typesupport_introspection_c
[0.223s] [ 94%] Built target robotiq_2f_gripper_msgs_s__rosidl_typesupport_fastrtps_c
[0.224s] [100%] Built target robotiq_2f_gripper_msgs_s__rosidl_typesupport_c
[0.286s] running egg_info
[0.306s] writing robotiq_2f_gripper_msgs.egg-info/PKG-INFO
[0.306s] writing dependency_links to robotiq_2f_gripper_msgs.egg-info/dependency_links.txt
[0.306s] writing top-level names to robotiq_2f_gripper_msgs.egg-info/top_level.txt
[0.364s] reading manifest file 'robotiq_2f_gripper_msgs.egg-info/SOURCES.txt'
[0.365s] writing manifest file 'robotiq_2f_gripper_msgs.egg-info/SOURCES.txt'
[0.389s] [100%] Built target ament_cmake_python_build_robotiq_2f_gripper_msgs_egg
