[0.015s] Invoking command in '/home/russell/ROS2_REPAS/build/ur5e_moveit_demo': CMAKE_PREFIX_PATH=/home/russell/ROS2_REPAS/install/ur_simulation_gz:/home/russell/ROS2_REPAS/install/ur_description:/home/russell/ROS2_REPAS/install/serial:/home/russell/ROS2_REPAS/install/robotiq_2f_gripper_description:/home/russell/ROS2_REPAS/install/ur5e_moveit_demo:/home/russell/ROS2_REPAS/install/robotiq_2f_gripper_hardware:/home/russell/ROS2_REPAS/install/robotiq_2f_gripper_interfaces:/home/russell/ROS2_REPAS/install/robotiq_2f_gripper_msgs:/opt/ros/jazzy/opt/gz_sim_vendor:/opt/ros/jazzy/opt/gz_sensors_vendor:/opt/ros/jazzy/opt/gz_physics_vendor:/opt/ros/jazzy/opt/sdformat_vendor:/opt/ros/jazzy/opt/gz_gui_vendor:/opt/ros/jazzy/opt/gz_transport_vendor:/opt/ros/jazzy/opt/gz_rendering_vendor:/opt/ros/jazzy/opt/gz_plugin_vendor:/opt/ros/jazzy/opt/gz_fuel_tools_vendor:/opt/ros/jazzy/opt/gz_msgs_vendor:/opt/ros/jazzy/opt/gz_common_vendor:/opt/ros/jazzy/opt/gz_math_vendor:/opt/ros/jazzy/opt/gz_utils_vendor:/opt/ros/jazzy/opt/gz_tools_vendor:/opt/ros/jazzy/opt/gz_ogre_next_vendor:/opt/ros/jazzy/opt/gz_dartsim_vendor:/opt/ros/jazzy/opt/gz_cmake_vendor:/home/russell/ROS2_REPAS/install/camera_sensor:/opt/ros/jazzy DEBUGINFOD_URLS=https://debuginfod.ubuntu.com /usr/bin/cmake --build /home/russell/ROS2_REPAS/build/ur5e_moveit_demo -- -j24 -l24
[0.109s] [ 30%] Built target russell_script1
[0.110s] [ 30%] Built target hydroponic_waypoint_grid_v2
[0.110s] [ 30%] Built target move_ur5e
[0.110s] [ 30%] Built target home
[0.110s] [ 38%] Built target waypoint_grid
[0.110s] [ 53%] Built target parlight_grid
[0.110s] [ 53%] Built target hydroponic_waypoint_grid
[0.110s] [ 61%] Built target parlight_grid_with_hydrosystem
[0.111s] [ 69%] Built target rpm_continuous
[0.111s] [ 76%] Built target rpm_simple
[0.111s] [ 84%] Built target rpm_simple_with_data
[0.112s] [ 92%] Built target parlight_grid_with_parsensor
[0.113s] [100%] Built target parlight_grid_with_cadsensor
[0.130s] Invoked command in '/home/russell/ROS2_REPAS/build/ur5e_moveit_demo' returned '0': CMAKE_PREFIX_PATH=/home/russell/ROS2_REPAS/install/ur_simulation_gz:/home/russell/ROS2_REPAS/install/ur_description:/home/russell/ROS2_REPAS/install/serial:/home/russell/ROS2_REPAS/install/robotiq_2f_gripper_description:/home/russell/ROS2_REPAS/install/ur5e_moveit_demo:/home/russell/ROS2_REPAS/install/robotiq_2f_gripper_hardware:/home/russell/ROS2_REPAS/install/robotiq_2f_gripper_interfaces:/home/russell/ROS2_REPAS/install/robotiq_2f_gripper_msgs:/opt/ros/jazzy/opt/gz_sim_vendor:/opt/ros/jazzy/opt/gz_sensors_vendor:/opt/ros/jazzy/opt/gz_physics_vendor:/opt/ros/jazzy/opt/sdformat_vendor:/opt/ros/jazzy/opt/gz_gui_vendor:/opt/ros/jazzy/opt/gz_transport_vendor:/opt/ros/jazzy/opt/gz_rendering_vendor:/opt/ros/jazzy/opt/gz_plugin_vendor:/opt/ros/jazzy/opt/gz_fuel_tools_vendor:/opt/ros/jazzy/opt/gz_msgs_vendor:/opt/ros/jazzy/opt/gz_common_vendor:/opt/ros/jazzy/opt/gz_math_vendor:/opt/ros/jazzy/opt/gz_utils_vendor:/opt/ros/jazzy/opt/gz_tools_vendor:/opt/ros/jazzy/opt/gz_ogre_next_vendor:/opt/ros/jazzy/opt/gz_dartsim_vendor:/opt/ros/jazzy/opt/gz_cmake_vendor:/home/russell/ROS2_REPAS/install/camera_sensor:/opt/ros/jazzy DEBUGINFOD_URLS=https://debuginfod.ubuntu.com /usr/bin/cmake --build /home/russell/ROS2_REPAS/build/ur5e_moveit_demo -- -j24 -l24
[0.145s] Invoking command in '/home/russell/ROS2_REPAS/build/ur5e_moveit_demo': CMAKE_PREFIX_PATH=/home/russell/ROS2_REPAS/install/ur_simulation_gz:/home/russell/ROS2_REPAS/install/ur_description:/home/russell/ROS2_REPAS/install/serial:/home/russell/ROS2_REPAS/install/robotiq_2f_gripper_description:/home/russell/ROS2_REPAS/install/ur5e_moveit_demo:/home/russell/ROS2_REPAS/install/robotiq_2f_gripper_hardware:/home/russell/ROS2_REPAS/install/robotiq_2f_gripper_interfaces:/home/russell/ROS2_REPAS/install/robotiq_2f_gripper_msgs:/opt/ros/jazzy/opt/gz_sim_vendor:/opt/ros/jazzy/opt/gz_sensors_vendor:/opt/ros/jazzy/opt/gz_physics_vendor:/opt/ros/jazzy/opt/sdformat_vendor:/opt/ros/jazzy/opt/gz_gui_vendor:/opt/ros/jazzy/opt/gz_transport_vendor:/opt/ros/jazzy/opt/gz_rendering_vendor:/opt/ros/jazzy/opt/gz_plugin_vendor:/opt/ros/jazzy/opt/gz_fuel_tools_vendor:/opt/ros/jazzy/opt/gz_msgs_vendor:/opt/ros/jazzy/opt/gz_common_vendor:/opt/ros/jazzy/opt/gz_math_vendor:/opt/ros/jazzy/opt/gz_utils_vendor:/opt/ros/jazzy/opt/gz_tools_vendor:/opt/ros/jazzy/opt/gz_ogre_next_vendor:/opt/ros/jazzy/opt/gz_dartsim_vendor:/opt/ros/jazzy/opt/gz_cmake_vendor:/home/russell/ROS2_REPAS/install/camera_sensor:/opt/ros/jazzy DEBUGINFOD_URLS=https://debuginfod.ubuntu.com /usr/bin/cmake --install /home/russell/ROS2_REPAS/build/ur5e_moveit_demo
[0.156s] -- Install configuration: ""
[0.156s] -- Execute custom install script
[0.156s] -- Up-to-date symlink: /home/russell/ROS2_REPAS/install/ur5e_moveit_demo/lib/ur5e_moveit_demo/move_ur5e
[0.157s] -- Up-to-date symlink: /home/russell/ROS2_REPAS/install/ur5e_moveit_demo/lib/ur5e_moveit_demo/home
[0.157s] -- Up-to-date symlink: /home/russell/ROS2_REPAS/install/ur5e_moveit_demo/lib/ur5e_moveit_demo/russell_script1
[0.157s] -- Up-to-date symlink: /home/russell/ROS2_REPAS/install/ur5e_moveit_demo/lib/ur5e_moveit_demo/waypoint_grid
[0.157s] -- Up-to-date symlink: /home/russell/ROS2_REPAS/install/ur5e_moveit_demo/lib/ur5e_moveit_demo/hydroponic_waypoint_grid
[0.157s] -- Up-to-date symlink: /home/russell/ROS2_REPAS/install/ur5e_moveit_demo/lib/ur5e_moveit_demo/hydroponic_waypoint_grid_v2
[0.158s] -- Up-to-date symlink: /home/russell/ROS2_REPAS/install/ur5e_moveit_demo/lib/ur5e_moveit_demo/parlight_grid
[0.158s] -- Up-to-date symlink: /home/russell/ROS2_REPAS/install/ur5e_moveit_demo/lib/ur5e_moveit_demo/parlight_grid_with_hydrosystem
[0.158s] -- Up-to-date symlink: /home/russell/ROS2_REPAS/install/ur5e_moveit_demo/lib/ur5e_moveit_demo/parlight_grid_with_parsensor
[0.158s] -- Up-to-date symlink: /home/russell/ROS2_REPAS/install/ur5e_moveit_demo/lib/ur5e_moveit_demo/parlight_grid_with_cadsensor
[0.158s] -- Up-to-date symlink: /home/russell/ROS2_REPAS/install/ur5e_moveit_demo/lib/ur5e_moveit_demo/rpm_simple
[0.159s] -- Up-to-date symlink: /home/russell/ROS2_REPAS/install/ur5e_moveit_demo/lib/ur5e_moveit_demo/rpm_simple_with_data
[0.159s] -- Up-to-date symlink: /home/russell/ROS2_REPAS/install/ur5e_moveit_demo/lib/ur5e_moveit_demo/rpm_continuous
[0.159s] -- Up-to-date symlink: /home/russell/ROS2_REPAS/install/ur5e_moveit_demo/share/ur5e_moveit_demo//launch/home.launch.py
[0.159s] -- Up-to-date symlink: /home/russell/ROS2_REPAS/install/ur5e_moveit_demo/share/ur5e_moveit_demo//launch/hydroponic_waypoint_grid.launch.py
[0.160s] -- Up-to-date symlink: /home/russell/ROS2_REPAS/install/ur5e_moveit_demo/share/ur5e_moveit_demo//launch/hydroponic_waypoint_grid_v2.launch.py
[0.160s] -- Up-to-date symlink: /home/russell/ROS2_REPAS/install/ur5e_moveit_demo/share/ur5e_moveit_demo//launch/move_ur5e.launch.py
[0.160s] -- Up-to-date symlink: /home/russell/ROS2_REPAS/install/ur5e_moveit_demo/share/ur5e_moveit_demo//launch/parlight_grid.launch.py
[0.160s] -- Up-to-date symlink: /home/russell/ROS2_REPAS/install/ur5e_moveit_demo/share/ur5e_moveit_demo//launch/parlight_grid_with_cadsensor.launch.py
[0.160s] -- Up-to-date symlink: /home/russell/ROS2_REPAS/install/ur5e_moveit_demo/share/ur5e_moveit_demo//launch/parlight_grid_with_hydrosystem.launch.py
[0.161s] -- Up-to-date symlink: /home/russell/ROS2_REPAS/install/ur5e_moveit_demo/share/ur5e_moveit_demo//launch/parlight_grid_with_parsensor.launch.py
[0.161s] -- Symlinking: /home/russell/ROS2_REPAS/install/ur5e_moveit_demo/share/ur5e_moveit_demo//launch/rpm_continuous.launch.py
[0.175s] -- Up-to-date symlink: /home/russell/ROS2_REPAS/install/ur5e_moveit_demo/share/ur5e_moveit_demo//launch/rpm_simple.launch.py
[0.175s] -- Up-to-date symlink: /home/russell/ROS2_REPAS/install/ur5e_moveit_demo/share/ur5e_moveit_demo//launch/rpm_simple_with_data.launch.py
[0.176s] -- Up-to-date symlink: /home/russell/ROS2_REPAS/install/ur5e_moveit_demo/share/ur5e_moveit_demo//launch/russell_script1.launch.py
[0.176s] -- Up-to-date symlink: /home/russell/ROS2_REPAS/install/ur5e_moveit_demo/share/ur5e_moveit_demo//launch/waypoint_grid.launch.py
[0.176s] -- Up-to-date symlink: /home/russell/ROS2_REPAS/install/ur5e_moveit_demo/share/ur5e_moveit_demo/meshes/1010-23-CL.stl
[0.176s] -- Up-to-date symlink: /home/russell/ROS2_REPAS/install/ur5e_moveit_demo/share/ur5e_moveit_demo/meshes/StructureResvrLightBox.stl
[0.176s] -- Up-to-date symlink: /home/russell/ROS2_REPAS/install/ur5e_moveit_demo/share/ur5e_moveit_demo/meshes/light sensor.stl
[0.176s] -- Up-to-date symlink: /home/russell/ROS2_REPAS/install/ur5e_moveit_demo/share/ament_index/resource_index/package_run_dependencies/ur5e_moveit_demo
[0.177s] -- Up-to-date symlink: /home/russell/ROS2_REPAS/install/ur5e_moveit_demo/share/ament_index/resource_index/parent_prefix_path/ur5e_moveit_demo
[0.177s] -- Up-to-date symlink: /home/russell/ROS2_REPAS/install/ur5e_moveit_demo/share/ur5e_moveit_demo/environment/ament_prefix_path.sh
[0.177s] -- Up-to-date symlink: /home/russell/ROS2_REPAS/install/ur5e_moveit_demo/share/ur5e_moveit_demo/environment/ament_prefix_path.dsv
[0.177s] -- Up-to-date symlink: /home/russell/ROS2_REPAS/install/ur5e_moveit_demo/share/ur5e_moveit_demo/environment/path.sh
[0.177s] -- Up-to-date symlink: /home/russell/ROS2_REPAS/install/ur5e_moveit_demo/share/ur5e_moveit_demo/environment/path.dsv
[0.177s] -- Up-to-date symlink: /home/russell/ROS2_REPAS/install/ur5e_moveit_demo/share/ur5e_moveit_demo/local_setup.bash
[0.177s] -- Up-to-date symlink: /home/russell/ROS2_REPAS/install/ur5e_moveit_demo/share/ur5e_moveit_demo/local_setup.sh
[0.178s] -- Up-to-date symlink: /home/russell/ROS2_REPAS/install/ur5e_moveit_demo/share/ur5e_moveit_demo/local_setup.zsh
[0.178s] -- Up-to-date symlink: /home/russell/ROS2_REPAS/install/ur5e_moveit_demo/share/ur5e_moveit_demo/local_setup.dsv
[0.178s] -- Symlinking: /home/russell/ROS2_REPAS/install/ur5e_moveit_demo/share/ur5e_moveit_demo/package.dsv
[0.192s] -- Up-to-date symlink: /home/russell/ROS2_REPAS/install/ur5e_moveit_demo/share/ament_index/resource_index/packages/ur5e_moveit_demo
[0.192s] -- Up-to-date symlink: /home/russell/ROS2_REPAS/install/ur5e_moveit_demo/share/ur5e_moveit_demo/cmake/ur5e_moveit_demoConfig.cmake
[0.192s] -- Up-to-date symlink: /home/russell/ROS2_REPAS/install/ur5e_moveit_demo/share/ur5e_moveit_demo/cmake/ur5e_moveit_demoConfig-version.cmake
[0.192s] -- Up-to-date symlink: /home/russell/ROS2_REPAS/install/ur5e_moveit_demo/share/ur5e_moveit_demo/package.xml
[0.195s] Invoked command in '/home/russell/ROS2_REPAS/build/ur5e_moveit_demo' returned '0': CMAKE_PREFIX_PATH=/home/russell/ROS2_REPAS/install/ur_simulation_gz:/home/russell/ROS2_REPAS/install/ur_description:/home/russell/ROS2_REPAS/install/serial:/home/russell/ROS2_REPAS/install/robotiq_2f_gripper_description:/home/russell/ROS2_REPAS/install/ur5e_moveit_demo:/home/russell/ROS2_REPAS/install/robotiq_2f_gripper_hardware:/home/russell/ROS2_REPAS/install/robotiq_2f_gripper_interfaces:/home/russell/ROS2_REPAS/install/robotiq_2f_gripper_msgs:/opt/ros/jazzy/opt/gz_sim_vendor:/opt/ros/jazzy/opt/gz_sensors_vendor:/opt/ros/jazzy/opt/gz_physics_vendor:/opt/ros/jazzy/opt/sdformat_vendor:/opt/ros/jazzy/opt/gz_gui_vendor:/opt/ros/jazzy/opt/gz_transport_vendor:/opt/ros/jazzy/opt/gz_rendering_vendor:/opt/ros/jazzy/opt/gz_plugin_vendor:/opt/ros/jazzy/opt/gz_fuel_tools_vendor:/opt/ros/jazzy/opt/gz_msgs_vendor:/opt/ros/jazzy/opt/gz_common_vendor:/opt/ros/jazzy/opt/gz_math_vendor:/opt/ros/jazzy/opt/gz_utils_vendor:/opt/ros/jazzy/opt/gz_tools_vendor:/opt/ros/jazzy/opt/gz_ogre_next_vendor:/opt/ros/jazzy/opt/gz_dartsim_vendor:/opt/ros/jazzy/opt/gz_cmake_vendor:/home/russell/ROS2_REPAS/install/camera_sensor:/opt/ros/jazzy DEBUGINFOD_URLS=https://debuginfod.ubuntu.com /usr/bin/cmake --install /home/russell/ROS2_REPAS/build/ur5e_moveit_demo
