[0.013s] Invoking command in '/home/russell/ROS2_REPAS/build/ur_simulation_gz': CMAKE_PREFIX_PATH=/home/russell/ROS2_REPAS/install/ur_description:/home/russell/ROS2_REPAS/install/ur5e_moveit_demo:/home/russell/ROS2_REPAS/install/ur_simulation_gz:/home/russell/ROS2_REPAS/install/scene_manipulation_bringup:/home/russell/ROS2_REPAS/install/scene_manipulation_msgs:/home/russell/ROS2_REPAS/install/robotiq_2f_msgs:/home/russell/ROS2_REPAS/install/robotiq_2f_description:/home/russell/ROS2_REPAS/install/robotiq_2f_bringup:/home/russell/ROS2_REPAS/install/rclrs_example_msgs:/opt/ros/jazzy/opt/gz_sim_vendor:/opt/ros/jazzy/opt/gz_sensors_vendor:/opt/ros/jazzy/opt/gz_physics_vendor:/opt/ros/jazzy/opt/sdformat_vendor:/opt/ros/jazzy/opt/gz_gui_vendor:/opt/ros/jazzy/opt/gz_transport_vendor:/opt/ros/jazzy/opt/gz_rendering_vendor:/opt/ros/jazzy/opt/gz_plugin_vendor:/opt/ros/jazzy/opt/gz_fuel_tools_vendor:/opt/ros/jazzy/opt/gz_msgs_vendor:/opt/ros/jazzy/opt/gz_common_vendor:/opt/ros/jazzy/opt/gz_math_vendor:/opt/ros/jazzy/opt/gz_utils_vendor:/opt/ros/jazzy/opt/gz_tools_vendor:/opt/ros/jazzy/opt/gz_ogre_next_vendor:/opt/ros/jazzy/opt/gz_dartsim_vendor:/opt/ros/jazzy/opt/gz_cmake_vendor:/home/russell/ROS2_REPAS/install/scene_manipulation_marker:/home/russell/ROS2_REPAS/install/scene_manipulation_gui:/opt/ros/jazzy DEBUGINFOD_URLS=https://debuginfod.ubuntu.com /usr/bin/cmake /home/russell/ROS2_REPAS/src/Universal_Robots_ROS2_GZ_Simulation/ur_simulation_gz -DCMAKE_INSTALL_PREFIX=/home/russell/ROS2_REPAS/install/ur_simulation_gz
[0.068s] -- The C compiler identification is GNU 13.3.0
[0.122s] -- The CXX compiler identification is GNU 13.3.0
[0.140s] -- Detecting C compiler ABI info
[0.237s] -- Detecting C compiler ABI info - done
[0.246s] -- Check for working C compiler: /usr/bin/cc - skipped
[0.246s] -- Detecting C compile features
[0.247s] -- Detecting C compile features - done
[0.260s] -- Detecting CXX compiler ABI info
[0.372s] -- Detecting CXX compiler ABI info - done
[0.381s] -- Check for working CXX compiler: /usr/bin/c++ - skipped
[0.381s] -- Detecting CXX compile features
[0.382s] -- Detecting CXX compile features - done
[0.387s] -- Found ament_cmake: 2.5.4 (/opt/ros/jazzy/share/ament_cmake/cmake)
[0.542s] -- Found Python3: /usr/bin/python3 (found version "3.12.3") found components: Interpreter 
[0.692s] -- Found launch_testing_ament_cmake: 3.4.5 (/opt/ros/jazzy/share/launch_testing_ament_cmake/cmake)
[0.715s] -- Found python_cmake_module: 0.11.1 (/opt/ros/jazzy/share/python_cmake_module/cmake)
[0.838s] -- Found PythonExtra: /usr/bin/python3  
[0.847s] -- Found ament_cmake_pytest: 2.5.4 (/opt/ros/jazzy/share/ament_cmake_pytest/cmake)
[1.215s] -- Configuring done (1.2s)
[1.218s] -- Generating done (0.0s)
[1.220s] -- Build files have been written to: /home/russell/ROS2_REPAS/build/ur_simulation_gz
[1.226s] Invoked command in '/home/russell/ROS2_REPAS/build/ur_simulation_gz' returned '0': CMAKE_PREFIX_PATH=/home/russell/ROS2_REPAS/install/ur_description:/home/russell/ROS2_REPAS/install/ur5e_moveit_demo:/home/russell/ROS2_REPAS/install/ur_simulation_gz:/home/russell/ROS2_REPAS/install/scene_manipulation_bringup:/home/russell/ROS2_REPAS/install/scene_manipulation_msgs:/home/russell/ROS2_REPAS/install/robotiq_2f_msgs:/home/russell/ROS2_REPAS/install/robotiq_2f_description:/home/russell/ROS2_REPAS/install/robotiq_2f_bringup:/home/russell/ROS2_REPAS/install/rclrs_example_msgs:/opt/ros/jazzy/opt/gz_sim_vendor:/opt/ros/jazzy/opt/gz_sensors_vendor:/opt/ros/jazzy/opt/gz_physics_vendor:/opt/ros/jazzy/opt/sdformat_vendor:/opt/ros/jazzy/opt/gz_gui_vendor:/opt/ros/jazzy/opt/gz_transport_vendor:/opt/ros/jazzy/opt/gz_rendering_vendor:/opt/ros/jazzy/opt/gz_plugin_vendor:/opt/ros/jazzy/opt/gz_fuel_tools_vendor:/opt/ros/jazzy/opt/gz_msgs_vendor:/opt/ros/jazzy/opt/gz_common_vendor:/opt/ros/jazzy/opt/gz_math_vendor:/opt/ros/jazzy/opt/gz_utils_vendor:/opt/ros/jazzy/opt/gz_tools_vendor:/opt/ros/jazzy/opt/gz_ogre_next_vendor:/opt/ros/jazzy/opt/gz_dartsim_vendor:/opt/ros/jazzy/opt/gz_cmake_vendor:/home/russell/ROS2_REPAS/install/scene_manipulation_marker:/home/russell/ROS2_REPAS/install/scene_manipulation_gui:/opt/ros/jazzy DEBUGINFOD_URLS=https://debuginfod.ubuntu.com /usr/bin/cmake /home/russell/ROS2_REPAS/src/Universal_Robots_ROS2_GZ_Simulation/ur_simulation_gz -DCMAKE_INSTALL_PREFIX=/home/russell/ROS2_REPAS/install/ur_simulation_gz
[1.227s] Invoking command in '/home/russell/ROS2_REPAS/build/ur_simulation_gz': CMAKE_PREFIX_PATH=/home/russell/ROS2_REPAS/install/ur_description:/home/russell/ROS2_REPAS/install/ur5e_moveit_demo:/home/russell/ROS2_REPAS/install/ur_simulation_gz:/home/russell/ROS2_REPAS/install/scene_manipulation_bringup:/home/russell/ROS2_REPAS/install/scene_manipulation_msgs:/home/russell/ROS2_REPAS/install/robotiq_2f_msgs:/home/russell/ROS2_REPAS/install/robotiq_2f_description:/home/russell/ROS2_REPAS/install/robotiq_2f_bringup:/home/russell/ROS2_REPAS/install/rclrs_example_msgs:/opt/ros/jazzy/opt/gz_sim_vendor:/opt/ros/jazzy/opt/gz_sensors_vendor:/opt/ros/jazzy/opt/gz_physics_vendor:/opt/ros/jazzy/opt/sdformat_vendor:/opt/ros/jazzy/opt/gz_gui_vendor:/opt/ros/jazzy/opt/gz_transport_vendor:/opt/ros/jazzy/opt/gz_rendering_vendor:/opt/ros/jazzy/opt/gz_plugin_vendor:/opt/ros/jazzy/opt/gz_fuel_tools_vendor:/opt/ros/jazzy/opt/gz_msgs_vendor:/opt/ros/jazzy/opt/gz_common_vendor:/opt/ros/jazzy/opt/gz_math_vendor:/opt/ros/jazzy/opt/gz_utils_vendor:/opt/ros/jazzy/opt/gz_tools_vendor:/opt/ros/jazzy/opt/gz_ogre_next_vendor:/opt/ros/jazzy/opt/gz_dartsim_vendor:/opt/ros/jazzy/opt/gz_cmake_vendor:/home/russell/ROS2_REPAS/install/scene_manipulation_marker:/home/russell/ROS2_REPAS/install/scene_manipulation_gui:/opt/ros/jazzy DEBUGINFOD_URLS=https://debuginfod.ubuntu.com /usr/bin/cmake --build /home/russell/ROS2_REPAS/build/ur_simulation_gz -- -j24 -l24
[1.273s] Invoked command in '/home/russell/ROS2_REPAS/build/ur_simulation_gz' returned '0': CMAKE_PREFIX_PATH=/home/russell/ROS2_REPAS/install/ur_description:/home/russell/ROS2_REPAS/install/ur5e_moveit_demo:/home/russell/ROS2_REPAS/install/ur_simulation_gz:/home/russell/ROS2_REPAS/install/scene_manipulation_bringup:/home/russell/ROS2_REPAS/install/scene_manipulation_msgs:/home/russell/ROS2_REPAS/install/robotiq_2f_msgs:/home/russell/ROS2_REPAS/install/robotiq_2f_description:/home/russell/ROS2_REPAS/install/robotiq_2f_bringup:/home/russell/ROS2_REPAS/install/rclrs_example_msgs:/opt/ros/jazzy/opt/gz_sim_vendor:/opt/ros/jazzy/opt/gz_sensors_vendor:/opt/ros/jazzy/opt/gz_physics_vendor:/opt/ros/jazzy/opt/sdformat_vendor:/opt/ros/jazzy/opt/gz_gui_vendor:/opt/ros/jazzy/opt/gz_transport_vendor:/opt/ros/jazzy/opt/gz_rendering_vendor:/opt/ros/jazzy/opt/gz_plugin_vendor:/opt/ros/jazzy/opt/gz_fuel_tools_vendor:/opt/ros/jazzy/opt/gz_msgs_vendor:/opt/ros/jazzy/opt/gz_common_vendor:/opt/ros/jazzy/opt/gz_math_vendor:/opt/ros/jazzy/opt/gz_utils_vendor:/opt/ros/jazzy/opt/gz_tools_vendor:/opt/ros/jazzy/opt/gz_ogre_next_vendor:/opt/ros/jazzy/opt/gz_dartsim_vendor:/opt/ros/jazzy/opt/gz_cmake_vendor:/home/russell/ROS2_REPAS/install/scene_manipulation_marker:/home/russell/ROS2_REPAS/install/scene_manipulation_gui:/opt/ros/jazzy DEBUGINFOD_URLS=https://debuginfod.ubuntu.com /usr/bin/cmake --build /home/russell/ROS2_REPAS/build/ur_simulation_gz -- -j24 -l24
[1.274s] Invoking command in '/home/russell/ROS2_REPAS/build/ur_simulation_gz': CMAKE_PREFIX_PATH=/home/russell/ROS2_REPAS/install/ur_description:/home/russell/ROS2_REPAS/install/ur5e_moveit_demo:/home/russell/ROS2_REPAS/install/ur_simulation_gz:/home/russell/ROS2_REPAS/install/scene_manipulation_bringup:/home/russell/ROS2_REPAS/install/scene_manipulation_msgs:/home/russell/ROS2_REPAS/install/robotiq_2f_msgs:/home/russell/ROS2_REPAS/install/robotiq_2f_description:/home/russell/ROS2_REPAS/install/robotiq_2f_bringup:/home/russell/ROS2_REPAS/install/rclrs_example_msgs:/opt/ros/jazzy/opt/gz_sim_vendor:/opt/ros/jazzy/opt/gz_sensors_vendor:/opt/ros/jazzy/opt/gz_physics_vendor:/opt/ros/jazzy/opt/sdformat_vendor:/opt/ros/jazzy/opt/gz_gui_vendor:/opt/ros/jazzy/opt/gz_transport_vendor:/opt/ros/jazzy/opt/gz_rendering_vendor:/opt/ros/jazzy/opt/gz_plugin_vendor:/opt/ros/jazzy/opt/gz_fuel_tools_vendor:/opt/ros/jazzy/opt/gz_msgs_vendor:/opt/ros/jazzy/opt/gz_common_vendor:/opt/ros/jazzy/opt/gz_math_vendor:/opt/ros/jazzy/opt/gz_utils_vendor:/opt/ros/jazzy/opt/gz_tools_vendor:/opt/ros/jazzy/opt/gz_ogre_next_vendor:/opt/ros/jazzy/opt/gz_dartsim_vendor:/opt/ros/jazzy/opt/gz_cmake_vendor:/home/russell/ROS2_REPAS/install/scene_manipulation_marker:/home/russell/ROS2_REPAS/install/scene_manipulation_gui:/opt/ros/jazzy DEBUGINFOD_URLS=https://debuginfod.ubuntu.com /usr/bin/cmake --install /home/russell/ROS2_REPAS/build/ur_simulation_gz
[1.283s] -- Install configuration: ""
[1.283s] -- Installing: /home/russell/ROS2_REPAS/install/ur_simulation_gz/share/ur_simulation_gz/config
[1.284s] -- Installing: /home/russell/ROS2_REPAS/install/ur_simulation_gz/share/ur_simulation_gz/config/ur_controllers.yaml
[1.284s] -- Installing: /home/russell/ROS2_REPAS/install/ur_simulation_gz/share/ur_simulation_gz/launch
[1.284s] -- Installing: /home/russell/ROS2_REPAS/install/ur_simulation_gz/share/ur_simulation_gz/launch/ur_sim_moveit.launch.py
[1.284s] -- Installing: /home/russell/ROS2_REPAS/install/ur_simulation_gz/share/ur_simulation_gz/launch/ur_sim_control.launch.py
[1.284s] -- Installing: /home/russell/ROS2_REPAS/install/ur_simulation_gz/share/ur_simulation_gz/urdf
[1.284s] -- Installing: /home/russell/ROS2_REPAS/install/ur_simulation_gz/share/ur_simulation_gz/urdf/ur_gz.ros2_control.xacro
[1.285s] -- Installing: /home/russell/ROS2_REPAS/install/ur_simulation_gz/share/ur_simulation_gz/urdf/ur_gz.urdf.xacro
[1.285s] -- Installing: /home/russell/ROS2_REPAS/install/ur_simulation_gz/share/ament_index/resource_index/package_run_dependencies/ur_simulation_gz
[1.285s] -- Installing: /home/russell/ROS2_REPAS/install/ur_simulation_gz/share/ament_index/resource_index/parent_prefix_path/ur_simulation_gz
[1.285s] -- Installing: /home/russell/ROS2_REPAS/install/ur_simulation_gz/share/ur_simulation_gz/environment/ament_prefix_path.sh
[1.285s] -- Installing: /home/russell/ROS2_REPAS/install/ur_simulation_gz/share/ur_simulation_gz/environment/ament_prefix_path.dsv
[1.286s] -- Installing: /home/russell/ROS2_REPAS/install/ur_simulation_gz/share/ur_simulation_gz/environment/path.sh
[1.286s] -- Installing: /home/russell/ROS2_REPAS/install/ur_simulation_gz/share/ur_simulation_gz/environment/path.dsv
[1.286s] -- Installing: /home/russell/ROS2_REPAS/install/ur_simulation_gz/share/ur_simulation_gz/local_setup.bash
[1.286s] -- Installing: /home/russell/ROS2_REPAS/install/ur_simulation_gz/share/ur_simulation_gz/local_setup.sh
[1.286s] -- Installing: /home/russell/ROS2_REPAS/install/ur_simulation_gz/share/ur_simulation_gz/local_setup.zsh
[1.286s] -- Installing: /home/russell/ROS2_REPAS/install/ur_simulation_gz/share/ur_simulation_gz/local_setup.dsv
[1.286s] -- Installing: /home/russell/ROS2_REPAS/install/ur_simulation_gz/share/ur_simulation_gz/package.dsv
[1.287s] -- Installing: /home/russell/ROS2_REPAS/install/ur_simulation_gz/share/ament_index/resource_index/packages/ur_simulation_gz
[1.287s] -- Installing: /home/russell/ROS2_REPAS/install/ur_simulation_gz/share/ur_simulation_gz/cmake/ur_simulation_gzConfig.cmake
[1.287s] -- Installing: /home/russell/ROS2_REPAS/install/ur_simulation_gz/share/ur_simulation_gz/cmake/ur_simulation_gzConfig-version.cmake
[1.287s] -- Installing: /home/russell/ROS2_REPAS/install/ur_simulation_gz/share/ur_simulation_gz/package.xml
[1.289s] Invoked command in '/home/russell/ROS2_REPAS/build/ur_simulation_gz' returned '0': CMAKE_PREFIX_PATH=/home/russell/ROS2_REPAS/install/ur_description:/home/russell/ROS2_REPAS/install/ur5e_moveit_demo:/home/russell/ROS2_REPAS/install/ur_simulation_gz:/home/russell/ROS2_REPAS/install/scene_manipulation_bringup:/home/russell/ROS2_REPAS/install/scene_manipulation_msgs:/home/russell/ROS2_REPAS/install/robotiq_2f_msgs:/home/russell/ROS2_REPAS/install/robotiq_2f_description:/home/russell/ROS2_REPAS/install/robotiq_2f_bringup:/home/russell/ROS2_REPAS/install/rclrs_example_msgs:/opt/ros/jazzy/opt/gz_sim_vendor:/opt/ros/jazzy/opt/gz_sensors_vendor:/opt/ros/jazzy/opt/gz_physics_vendor:/opt/ros/jazzy/opt/sdformat_vendor:/opt/ros/jazzy/opt/gz_gui_vendor:/opt/ros/jazzy/opt/gz_transport_vendor:/opt/ros/jazzy/opt/gz_rendering_vendor:/opt/ros/jazzy/opt/gz_plugin_vendor:/opt/ros/jazzy/opt/gz_fuel_tools_vendor:/opt/ros/jazzy/opt/gz_msgs_vendor:/opt/ros/jazzy/opt/gz_common_vendor:/opt/ros/jazzy/opt/gz_math_vendor:/opt/ros/jazzy/opt/gz_utils_vendor:/opt/ros/jazzy/opt/gz_tools_vendor:/opt/ros/jazzy/opt/gz_ogre_next_vendor:/opt/ros/jazzy/opt/gz_dartsim_vendor:/opt/ros/jazzy/opt/gz_cmake_vendor:/home/russell/ROS2_REPAS/install/scene_manipulation_marker:/home/russell/ROS2_REPAS/install/scene_manipulation_gui:/opt/ros/jazzy DEBUGINFOD_URLS=https://debuginfod.ubuntu.com /usr/bin/cmake --install /home/russell/ROS2_REPAS/build/ur_simulation_gz
