[0.009s] Invoking command in '/home/russell/ROS2_REPAS/build/ur_dashboard_msgs': DEBUGINFOD_URLS=https://debuginfod.ubuntu.com /usr/bin/cmake /home/russell/ROS2_REPAS/src/Universal_Robots_ROS2_Driver/ur_dashboard_msgs -DCMAKE_INSTALL_PREFIX=/home/russell/ROS2_REPAS/install/ur_dashboard_msgs
[0.384s] -- The C compiler identification is GNU 13.3.0
[0.784s] -- The CXX compiler identification is GNU 13.3.0
[0.806s] -- Detecting C compiler ABI info
[0.977s] -- Detecting C compiler ABI info - done
[0.985s] -- Check for working C compiler: /usr/bin/cc - skipped
[0.985s] -- Detecting C compile features
[0.985s] -- Detecting C compile features - done
[0.994s] -- Detecting CXX compiler ABI info
[1.105s] -- Detecting CXX compiler ABI info - done
[1.113s] -- Check for working CXX compiler: /usr/bin/c++ - skipped
[1.113s] -- Detecting CXX compile features
[1.114s] -- Detecting CXX compile features - done
[1.150s] [31mCMake Error at CMakeLists.txt:4 (find_package):
[1.150s]   By not providing "Findament_cmake.cmake" in CMAKE_MODULE_PATH this project
[1.150s]   has asked CMake to find a package configuration file provided by
[1.150s]   "ament_cmake", but CMake did not find one.
[1.150s] 
[1.150s]   Could not find a package configuration file provided by "ament_cmake" with
[1.150s]   any of the following names:
[1.150s] 
[1.151s]     ament_cmakeConfig.cmake
[1.151s]     ament_cmake-config.cmake
[1.151s] 
[1.151s]   Add the installation prefix of "ament_cmake" to CMAKE_PREFIX_PATH or set
[1.151s]   "ament_cmake_DIR" to a directory containing one of the above files.  If
[1.151s]   "ament_cmake" provides a separate development package or SDK, be sure it
[1.151s]   has been installed.
[1.151s] 
[1.152s] [0m
[1.154s] -- Configuring incomplete, errors occurred!
[1.156s] Invoked command in '/home/russell/ROS2_REPAS/build/ur_dashboard_msgs' returned '1': DEBUGINFOD_URLS=https://debuginfod.ubuntu.com /usr/bin/cmake /home/russell/ROS2_REPAS/src/Universal_Robots_ROS2_Driver/ur_dashboard_msgs -DCMAKE_INSTALL_PREFIX=/home/russell/ROS2_REPAS/install/ur_dashboard_msgs
