[0.111s] Invoking command in '/home/russell/ROS2_REPAS/build/robotiq_2f_gripper_msgs': CMAKE_PREFIX_PATH=${CMAKE_PREFIX_PATH}:/opt/ros/jazzy DEBUGINFOD_URLS=https://debuginfod.ubuntu.com /usr/bin/cmake --build /home/russell/ROS2_REPAS/build/robotiq_2f_gripper_msgs -- -j24 -l24
[0.468s] [  2%] Built target robotiq_2f_gripper_msgs__rosidl_generator_type_description
[0.511s] [  5%] Built target robotiq_2f_gripper_msgs__cpp
[0.589s] [ 20%] Built target robotiq_2f_gripper_msgs__rosidl_generator_c
[0.634s] [ 20%] Built target ament_cmake_python_copy_robotiq_2f_gripper_msgs
[0.646s] [ 29%] Built target robotiq_2f_gripper_msgs__rosidl_typesupport_introspection_c
[0.683s] [ 38%] Built target robotiq_2f_gripper_msgs__rosidl_typesupport_c
[0.719s] [ 47%] Built target robotiq_2f_gripper_msgs__rosidl_typesupport_fastrtps_c
[0.774s] [ 67%] Built target robotiq_2f_gripper_msgs__rosidl_typesupport_cpp
[0.774s] [ 73%] Built target robotiq_2f_gripper_msgs__rosidl_typesupport_introspection_cpp
[0.774s] [ 73%] Built target robotiq_2f_gripper_msgs__rosidl_typesupport_fastrtps_cpp
[0.815s] [ 73%] Built target robotiq_2f_gripper_msgs
[0.842s] [ 76%] Built target robotiq_2f_gripper_msgs__py
[0.960s] [ 82%] Built target robotiq_2f_gripper_msgs__rosidl_generator_py
[0.999s] [ 88%] Built target robotiq_2f_gripper_msgs_s__rosidl_typesupport_fastrtps_c
[1.045s] running egg_info
[1.066s] writing robotiq_2f_gripper_msgs.egg-info/PKG-INFO
[1.066s] writing dependency_links to robotiq_2f_gripper_msgs.egg-info/dependency_links.txt
[1.067s] writing top-level names to robotiq_2f_gripper_msgs.egg-info/top_level.txt
[1.092s] [ 94%] Built target robotiq_2f_gripper_msgs_s__rosidl_typesupport_introspection_c
[1.126s] reading manifest file 'robotiq_2f_gripper_msgs.egg-info/SOURCES.txt'
[1.126s] writing manifest file 'robotiq_2f_gripper_msgs.egg-info/SOURCES.txt'
[1.152s] [ 94%] Built target ament_cmake_python_build_robotiq_2f_gripper_msgs_egg
[1.167s] [100%] Built target robotiq_2f_gripper_msgs_s__rosidl_typesupport_c
[1.181s] Invoked command in '/home/russell/ROS2_REPAS/build/robotiq_2f_gripper_msgs' returned '0': CMAKE_PREFIX_PATH=${CMAKE_PREFIX_PATH}:/opt/ros/jazzy DEBUGINFOD_URLS=https://debuginfod.ubuntu.com /usr/bin/cmake --build /home/russell/ROS2_REPAS/build/robotiq_2f_gripper_msgs -- -j24 -l24
[1.244s] Invoking command in '/home/russell/ROS2_REPAS/build/robotiq_2f_gripper_msgs': CMAKE_PREFIX_PATH=${CMAKE_PREFIX_PATH}:/opt/ros/jazzy DEBUGINFOD_URLS=https://debuginfod.ubuntu.com /usr/bin/cmake --install /home/russell/ROS2_REPAS/build/robotiq_2f_gripper_msgs
[1.297s] -- Install configuration: ""
[1.297s] -- Up-to-date: /home/russell/ROS2_REPAS/install/robotiq_2f_gripper_msgs/share/ament_index/resource_index/rosidl_interfaces/robotiq_2f_gripper_msgs
[1.297s] -- Up-to-date: /home/russell/ROS2_REPAS/install/robotiq_2f_gripper_msgs/share/robotiq_2f_gripper_msgs/action/MoveTwoFingerGripper.json
[1.297s] -- Up-to-date: /home/russell/ROS2_REPAS/install/robotiq_2f_gripper_msgs/include/robotiq_2f_gripper_msgs/robotiq_2f_gripper_msgs
[1.297s] -- Up-to-date: /home/russell/ROS2_REPAS/install/robotiq_2f_gripper_msgs/include/robotiq_2f_gripper_msgs/robotiq_2f_gripper_msgs/msg
[1.297s] -- Up-to-date: /home/russell/ROS2_REPAS/install/robotiq_2f_gripper_msgs/include/robotiq_2f_gripper_msgs/robotiq_2f_gripper_msgs/msg/rosidl_generator_c__visibility_control.h
[1.298s] -- Up-to-date: /home/russell/ROS2_REPAS/install/robotiq_2f_gripper_msgs/include/robotiq_2f_gripper_msgs/robotiq_2f_gripper_msgs/action
[1.298s] -- Up-to-date: /home/russell/ROS2_REPAS/install/robotiq_2f_gripper_msgs/include/robotiq_2f_gripper_msgs/robotiq_2f_gripper_msgs/action/detail
[1.298s] -- Up-to-date: /home/russell/ROS2_REPAS/install/robotiq_2f_gripper_msgs/include/robotiq_2f_gripper_msgs/robotiq_2f_gripper_msgs/action/detail/move_two_finger_gripper__description.c
[1.298s] -- Up-to-date: /home/russell/ROS2_REPAS/install/robotiq_2f_gripper_msgs/include/robotiq_2f_gripper_msgs/robotiq_2f_gripper_msgs/action/detail/move_two_finger_gripper__type_support.h
[1.298s] -- Up-to-date: /home/russell/ROS2_REPAS/install/robotiq_2f_gripper_msgs/include/robotiq_2f_gripper_msgs/robotiq_2f_gripper_msgs/action/detail/move_two_finger_gripper__functions.c
[1.299s] -- Up-to-date: /home/russell/ROS2_REPAS/install/robotiq_2f_gripper_msgs/include/robotiq_2f_gripper_msgs/robotiq_2f_gripper_msgs/action/detail/move_two_finger_gripper__functions.h
[1.299s] -- Up-to-date: /home/russell/ROS2_REPAS/install/robotiq_2f_gripper_msgs/include/robotiq_2f_gripper_msgs/robotiq_2f_gripper_msgs/action/detail/move_two_finger_gripper__type_support.c
[1.299s] -- Up-to-date: /home/russell/ROS2_REPAS/install/robotiq_2f_gripper_msgs/include/robotiq_2f_gripper_msgs/robotiq_2f_gripper_msgs/action/detail/move_two_finger_gripper__struct.h
[1.299s] -- Up-to-date: /home/russell/ROS2_REPAS/install/robotiq_2f_gripper_msgs/include/robotiq_2f_gripper_msgs/robotiq_2f_gripper_msgs/action/move_two_finger_gripper.h
[1.299s] -- Up-to-date: /home/russell/ROS2_REPAS/install/robotiq_2f_gripper_msgs/share/robotiq_2f_gripper_msgs/environment/library_path.sh
[1.299s] -- Up-to-date: /home/russell/ROS2_REPAS/install/robotiq_2f_gripper_msgs/share/robotiq_2f_gripper_msgs/environment/library_path.dsv
[1.299s] -- Up-to-date: /home/russell/ROS2_REPAS/install/robotiq_2f_gripper_msgs/lib/librobotiq_2f_gripper_msgs__rosidl_generator_c.so
[1.300s] -- Up-to-date: /home/russell/ROS2_REPAS/install/robotiq_2f_gripper_msgs/include/robotiq_2f_gripper_msgs/robotiq_2f_gripper_msgs
[1.300s] -- Up-to-date: /home/russell/ROS2_REPAS/install/robotiq_2f_gripper_msgs/include/robotiq_2f_gripper_msgs/robotiq_2f_gripper_msgs/msg
[1.300s] -- Up-to-date: /home/russell/ROS2_REPAS/install/robotiq_2f_gripper_msgs/include/robotiq_2f_gripper_msgs/robotiq_2f_gripper_msgs/msg/rosidl_typesupport_fastrtps_c__visibility_control.h
[1.300s] -- Up-to-date: /home/russell/ROS2_REPAS/install/robotiq_2f_gripper_msgs/include/robotiq_2f_gripper_msgs/robotiq_2f_gripper_msgs/action
[1.300s] -- Up-to-date: /home/russell/ROS2_REPAS/install/robotiq_2f_gripper_msgs/include/robotiq_2f_gripper_msgs/robotiq_2f_gripper_msgs/action/detail
[1.301s] -- Up-to-date: /home/russell/ROS2_REPAS/install/robotiq_2f_gripper_msgs/include/robotiq_2f_gripper_msgs/robotiq_2f_gripper_msgs/action/detail/move_two_finger_gripper__rosidl_typesupport_fastrtps_c.h
[1.301s] -- Up-to-date: /home/russell/ROS2_REPAS/install/robotiq_2f_gripper_msgs/lib/librobotiq_2f_gripper_msgs__rosidl_typesupport_fastrtps_c.so
[1.301s] -- Up-to-date: /home/russell/ROS2_REPAS/install/robotiq_2f_gripper_msgs/include/robotiq_2f_gripper_msgs/robotiq_2f_gripper_msgs
[1.301s] -- Up-to-date: /home/russell/ROS2_REPAS/install/robotiq_2f_gripper_msgs/include/robotiq_2f_gripper_msgs/robotiq_2f_gripper_msgs/msg
[1.301s] -- Up-to-date: /home/russell/ROS2_REPAS/install/robotiq_2f_gripper_msgs/include/robotiq_2f_gripper_msgs/robotiq_2f_gripper_msgs/msg/rosidl_typesupport_introspection_c__visibility_control.h
[1.301s] -- Up-to-date: /home/russell/ROS2_REPAS/install/robotiq_2f_gripper_msgs/include/robotiq_2f_gripper_msgs/robotiq_2f_gripper_msgs/action
[1.301s] -- Up-to-date: /home/russell/ROS2_REPAS/install/robotiq_2f_gripper_msgs/include/robotiq_2f_gripper_msgs/robotiq_2f_gripper_msgs/action/detail
[1.302s] -- Up-to-date: /home/russell/ROS2_REPAS/install/robotiq_2f_gripper_msgs/include/robotiq_2f_gripper_msgs/robotiq_2f_gripper_msgs/action/detail/move_two_finger_gripper__type_support.c
[1.302s] -- Up-to-date: /home/russell/ROS2_REPAS/install/robotiq_2f_gripper_msgs/include/robotiq_2f_gripper_msgs/robotiq_2f_gripper_msgs/action/detail/move_two_finger_gripper__rosidl_typesupport_introspection_c.h
[1.302s] -- Up-to-date: /home/russell/ROS2_REPAS/install/robotiq_2f_gripper_msgs/lib/librobotiq_2f_gripper_msgs__rosidl_typesupport_introspection_c.so
[1.302s] -- Up-to-date: /home/russell/ROS2_REPAS/install/robotiq_2f_gripper_msgs/lib/librobotiq_2f_gripper_msgs__rosidl_typesupport_c.so
[1.302s] -- Up-to-date: /home/russell/ROS2_REPAS/install/robotiq_2f_gripper_msgs/include/robotiq_2f_gripper_msgs/robotiq_2f_gripper_msgs
[1.302s] -- Up-to-date: /home/russell/ROS2_REPAS/install/robotiq_2f_gripper_msgs/include/robotiq_2f_gripper_msgs/robotiq_2f_gripper_msgs/msg
[1.302s] -- Up-to-date: /home/russell/ROS2_REPAS/install/robotiq_2f_gripper_msgs/include/robotiq_2f_gripper_msgs/robotiq_2f_gripper_msgs/msg/rosidl_generator_cpp__visibility_control.hpp
[1.303s] -- Up-to-date: /home/russell/ROS2_REPAS/install/robotiq_2f_gripper_msgs/include/robotiq_2f_gripper_msgs/robotiq_2f_gripper_msgs/action
[1.303s] -- Up-to-date: /home/russell/ROS2_REPAS/install/robotiq_2f_gripper_msgs/include/robotiq_2f_gripper_msgs/robotiq_2f_gripper_msgs/action/detail
[1.303s] -- Up-to-date: /home/russell/ROS2_REPAS/install/robotiq_2f_gripper_msgs/include/robotiq_2f_gripper_msgs/robotiq_2f_gripper_msgs/action/detail/move_two_finger_gripper__type_support.hpp
[1.303s] -- Up-to-date: /home/russell/ROS2_REPAS/install/robotiq_2f_gripper_msgs/include/robotiq_2f_gripper_msgs/robotiq_2f_gripper_msgs/action/detail/move_two_finger_gripper__traits.hpp
[1.303s] -- Up-to-date: /home/russell/ROS2_REPAS/install/robotiq_2f_gripper_msgs/include/robotiq_2f_gripper_msgs/robotiq_2f_gripper_msgs/action/detail/move_two_finger_gripper__struct.hpp
[1.303s] -- Up-to-date: /home/russell/ROS2_REPAS/install/robotiq_2f_gripper_msgs/include/robotiq_2f_gripper_msgs/robotiq_2f_gripper_msgs/action/detail/move_two_finger_gripper__builder.hpp
[1.303s] -- Up-to-date: /home/russell/ROS2_REPAS/install/robotiq_2f_gripper_msgs/include/robotiq_2f_gripper_msgs/robotiq_2f_gripper_msgs/action/move_two_finger_gripper.hpp
[1.303s] -- Up-to-date: /home/russell/ROS2_REPAS/install/robotiq_2f_gripper_msgs/include/robotiq_2f_gripper_msgs/robotiq_2f_gripper_msgs
[1.303s] -- Up-to-date: /home/russell/ROS2_REPAS/install/robotiq_2f_gripper_msgs/include/robotiq_2f_gripper_msgs/robotiq_2f_gripper_msgs/msg
[1.304s] -- Up-to-date: /home/russell/ROS2_REPAS/install/robotiq_2f_gripper_msgs/include/robotiq_2f_gripper_msgs/robotiq_2f_gripper_msgs/msg/rosidl_typesupport_fastrtps_cpp__visibility_control.h
[1.304s] -- Up-to-date: /home/russell/ROS2_REPAS/install/robotiq_2f_gripper_msgs/include/robotiq_2f_gripper_msgs/robotiq_2f_gripper_msgs/action
[1.304s] -- Up-to-date: /home/russell/ROS2_REPAS/install/robotiq_2f_gripper_msgs/include/robotiq_2f_gripper_msgs/robotiq_2f_gripper_msgs/action/detail
[1.304s] -- Up-to-date: /home/russell/ROS2_REPAS/install/robotiq_2f_gripper_msgs/include/robotiq_2f_gripper_msgs/robotiq_2f_gripper_msgs/action/detail/move_two_finger_gripper__rosidl_typesupport_fastrtps_cpp.hpp
[1.304s] -- Up-to-date: /home/russell/ROS2_REPAS/install/robotiq_2f_gripper_msgs/include/robotiq_2f_gripper_msgs/robotiq_2f_gripper_msgs/action/detail/dds_fastrtps
[1.304s] -- Up-to-date: /home/russell/ROS2_REPAS/install/robotiq_2f_gripper_msgs/lib/librobotiq_2f_gripper_msgs__rosidl_typesupport_fastrtps_cpp.so
[1.304s] -- Up-to-date: /home/russell/ROS2_REPAS/install/robotiq_2f_gripper_msgs/include/robotiq_2f_gripper_msgs/robotiq_2f_gripper_msgs
[1.304s] -- Up-to-date: /home/russell/ROS2_REPAS/install/robotiq_2f_gripper_msgs/include/robotiq_2f_gripper_msgs/robotiq_2f_gripper_msgs/action
[1.304s] -- Up-to-date: /home/russell/ROS2_REPAS/install/robotiq_2f_gripper_msgs/include/robotiq_2f_gripper_msgs/robotiq_2f_gripper_msgs/action/detail
[1.304s] -- Up-to-date: /home/russell/ROS2_REPAS/install/robotiq_2f_gripper_msgs/include/robotiq_2f_gripper_msgs/robotiq_2f_gripper_msgs/action/detail/move_two_finger_gripper__rosidl_typesupport_introspection_cpp.hpp
[1.305s] -- Up-to-date: /home/russell/ROS2_REPAS/install/robotiq_2f_gripper_msgs/include/robotiq_2f_gripper_msgs/robotiq_2f_gripper_msgs/action/detail/move_two_finger_gripper__type_support.cpp
[1.305s] -- Up-to-date: /home/russell/ROS2_REPAS/install/robotiq_2f_gripper_msgs/lib/librobotiq_2f_gripper_msgs__rosidl_typesupport_introspection_cpp.so
[1.305s] -- Up-to-date: /home/russell/ROS2_REPAS/install/robotiq_2f_gripper_msgs/lib/librobotiq_2f_gripper_msgs__rosidl_typesupport_cpp.so
[1.305s] -- Up-to-date: /home/russell/ROS2_REPAS/install/robotiq_2f_gripper_msgs/share/robotiq_2f_gripper_msgs/environment/pythonpath.sh
[1.305s] -- Up-to-date: /home/russell/ROS2_REPAS/install/robotiq_2f_gripper_msgs/share/robotiq_2f_gripper_msgs/environment/pythonpath.dsv
[1.305s] -- Up-to-date: /home/russell/ROS2_REPAS/install/robotiq_2f_gripper_msgs/lib/python3.12/site-packages/robotiq_2f_gripper_msgs-0.0.0-py3.12.egg-info
[1.305s] -- Installing: /home/russell/ROS2_REPAS/install/robotiq_2f_gripper_msgs/lib/python3.12/site-packages/robotiq_2f_gripper_msgs-0.0.0-py3.12.egg-info/dependency_links.txt
[1.305s] -- Installing: /home/russell/ROS2_REPAS/install/robotiq_2f_gripper_msgs/lib/python3.12/site-packages/robotiq_2f_gripper_msgs-0.0.0-py3.12.egg-info/PKG-INFO
[1.305s] -- Installing: /home/russell/ROS2_REPAS/install/robotiq_2f_gripper_msgs/lib/python3.12/site-packages/robotiq_2f_gripper_msgs-0.0.0-py3.12.egg-info/SOURCES.txt
[1.306s] -- Installing: /home/russell/ROS2_REPAS/install/robotiq_2f_gripper_msgs/lib/python3.12/site-packages/robotiq_2f_gripper_msgs-0.0.0-py3.12.egg-info/top_level.txt
[1.306s] -- Up-to-date: /home/russell/ROS2_REPAS/install/robotiq_2f_gripper_msgs/lib/python3.12/site-packages/robotiq_2f_gripper_msgs
[1.306s] -- Up-to-date: /home/russell/ROS2_REPAS/install/robotiq_2f_gripper_msgs/lib/python3.12/site-packages/robotiq_2f_gripper_msgs/_robotiq_2f_gripper_msgs_s.ep.rosidl_typesupport_c.c
[1.306s] -- Up-to-date: /home/russell/ROS2_REPAS/install/robotiq_2f_gripper_msgs/lib/python3.12/site-packages/robotiq_2f_gripper_msgs/robotiq_2f_gripper_msgs_s__rosidl_typesupport_fastrtps_c.so
[1.306s] -- Up-to-date: /home/russell/ROS2_REPAS/install/robotiq_2f_gripper_msgs/lib/python3.12/site-packages/robotiq_2f_gripper_msgs/robotiq_2f_gripper_msgs_s__rosidl_typesupport_introspection_c.so
[1.306s] -- Up-to-date: /home/russell/ROS2_REPAS/install/robotiq_2f_gripper_msgs/lib/python3.12/site-packages/robotiq_2f_gripper_msgs/_robotiq_2f_gripper_msgs_s.ep.rosidl_typesupport_introspection_c.c
[1.306s] -- Up-to-date: /home/russell/ROS2_REPAS/install/robotiq_2f_gripper_msgs/lib/python3.12/site-packages/robotiq_2f_gripper_msgs/action
[1.306s] -- Up-to-date: /home/russell/ROS2_REPAS/install/robotiq_2f_gripper_msgs/lib/python3.12/site-packages/robotiq_2f_gripper_msgs/action/_move_two_finger_gripper_s.c
[1.306s] -- Up-to-date: /home/russell/ROS2_REPAS/install/robotiq_2f_gripper_msgs/lib/python3.12/site-packages/robotiq_2f_gripper_msgs/action/__init__.py
[1.307s] -- Up-to-date: /home/russell/ROS2_REPAS/install/robotiq_2f_gripper_msgs/lib/python3.12/site-packages/robotiq_2f_gripper_msgs/action/_move_two_finger_gripper.py
[1.307s] -- Up-to-date: /home/russell/ROS2_REPAS/install/robotiq_2f_gripper_msgs/lib/python3.12/site-packages/robotiq_2f_gripper_msgs/__init__.py
[1.307s] -- Up-to-date: /home/russell/ROS2_REPAS/install/robotiq_2f_gripper_msgs/lib/python3.12/site-packages/robotiq_2f_gripper_msgs/_robotiq_2f_gripper_msgs_s.ep.rosidl_typesupport_fastrtps_c.c
[1.307s] -- Up-to-date: /home/russell/ROS2_REPAS/install/robotiq_2f_gripper_msgs/lib/python3.12/site-packages/robotiq_2f_gripper_msgs/robotiq_2f_gripper_msgs_s__rosidl_typesupport_c.so
[1.466s] Listing '/home/russell/ROS2_REPAS/install/robotiq_2f_gripper_msgs/lib/python3.12/site-packages/robotiq_2f_gripper_msgs'...
[1.467s] Listing '/home/russell/ROS2_REPAS/install/robotiq_2f_gripper_msgs/lib/python3.12/site-packages/robotiq_2f_gripper_msgs/action'...
[1.471s] -- Up-to-date: /home/russell/ROS2_REPAS/install/robotiq_2f_gripper_msgs/lib/python3.12/site-packages/robotiq_2f_gripper_msgs/robotiq_2f_gripper_msgs_s__rosidl_typesupport_fastrtps_c.so
[1.472s] -- Up-to-date: /home/russell/ROS2_REPAS/install/robotiq_2f_gripper_msgs/lib/python3.12/site-packages/robotiq_2f_gripper_msgs/robotiq_2f_gripper_msgs_s__rosidl_typesupport_introspection_c.so
[1.472s] -- Up-to-date: /home/russell/ROS2_REPAS/install/robotiq_2f_gripper_msgs/lib/python3.12/site-packages/robotiq_2f_gripper_msgs/robotiq_2f_gripper_msgs_s__rosidl_typesupport_c.so
[1.473s] -- Up-to-date: /home/russell/ROS2_REPAS/install/robotiq_2f_gripper_msgs/lib/librobotiq_2f_gripper_msgs__rosidl_generator_py.so
[1.473s] -- Up-to-date: /home/russell/ROS2_REPAS/install/robotiq_2f_gripper_msgs/share/robotiq_2f_gripper_msgs/action/MoveTwoFingerGripper.idl
[1.474s] -- Up-to-date: /home/russell/ROS2_REPAS/install/robotiq_2f_gripper_msgs/share/robotiq_2f_gripper_msgs/action/MoveTwoFingerGripper.action
[1.474s] -- Up-to-date: /home/russell/ROS2_REPAS/install/robotiq_2f_gripper_msgs/share/ament_index/resource_index/package_run_dependencies/robotiq_2f_gripper_msgs
[1.474s] -- Up-to-date: /home/russell/ROS2_REPAS/install/robotiq_2f_gripper_msgs/share/ament_index/resource_index/parent_prefix_path/robotiq_2f_gripper_msgs
[1.474s] -- Up-to-date: /home/russell/ROS2_REPAS/install/robotiq_2f_gripper_msgs/share/robotiq_2f_gripper_msgs/environment/ament_prefix_path.sh
[1.474s] -- Up-to-date: /home/russell/ROS2_REPAS/install/robotiq_2f_gripper_msgs/share/robotiq_2f_gripper_msgs/environment/ament_prefix_path.dsv
[1.474s] -- Up-to-date: /home/russell/ROS2_REPAS/install/robotiq_2f_gripper_msgs/share/robotiq_2f_gripper_msgs/environment/path.sh
[1.475s] -- Up-to-date: /home/russell/ROS2_REPAS/install/robotiq_2f_gripper_msgs/share/robotiq_2f_gripper_msgs/environment/path.dsv
[1.475s] -- Up-to-date: /home/russell/ROS2_REPAS/install/robotiq_2f_gripper_msgs/share/robotiq_2f_gripper_msgs/local_setup.bash
[1.475s] -- Up-to-date: /home/russell/ROS2_REPAS/install/robotiq_2f_gripper_msgs/share/robotiq_2f_gripper_msgs/local_setup.sh
[1.475s] -- Up-to-date: /home/russell/ROS2_REPAS/install/robotiq_2f_gripper_msgs/share/robotiq_2f_gripper_msgs/local_setup.zsh
[1.475s] -- Up-to-date: /home/russell/ROS2_REPAS/install/robotiq_2f_gripper_msgs/share/robotiq_2f_gripper_msgs/local_setup.dsv
[1.475s] -- Installing: /home/russell/ROS2_REPAS/install/robotiq_2f_gripper_msgs/share/robotiq_2f_gripper_msgs/package.dsv
[1.481s] -- Up-to-date: /home/russell/ROS2_REPAS/install/robotiq_2f_gripper_msgs/share/ament_index/resource_index/packages/robotiq_2f_gripper_msgs
[1.482s] -- Up-to-date: /home/russell/ROS2_REPAS/install/robotiq_2f_gripper_msgs/share/robotiq_2f_gripper_msgs/cmake/export_robotiq_2f_gripper_msgs__rosidl_generator_cExport.cmake
[1.482s] -- Up-to-date: /home/russell/ROS2_REPAS/install/robotiq_2f_gripper_msgs/share/robotiq_2f_gripper_msgs/cmake/export_robotiq_2f_gripper_msgs__rosidl_generator_cExport-noconfig.cmake
[1.482s] -- Up-to-date: /home/russell/ROS2_REPAS/install/robotiq_2f_gripper_msgs/share/robotiq_2f_gripper_msgs/cmake/export_robotiq_2f_gripper_msgs__rosidl_typesupport_fastrtps_cExport.cmake
[1.482s] -- Up-to-date: /home/russell/ROS2_REPAS/install/robotiq_2f_gripper_msgs/share/robotiq_2f_gripper_msgs/cmake/export_robotiq_2f_gripper_msgs__rosidl_typesupport_fastrtps_cExport-noconfig.cmake
[1.482s] -- Up-to-date: /home/russell/ROS2_REPAS/install/robotiq_2f_gripper_msgs/share/robotiq_2f_gripper_msgs/cmake/robotiq_2f_gripper_msgs__rosidl_typesupport_introspection_cExport.cmake
[1.482s] -- Up-to-date: /home/russell/ROS2_REPAS/install/robotiq_2f_gripper_msgs/share/robotiq_2f_gripper_msgs/cmake/robotiq_2f_gripper_msgs__rosidl_typesupport_introspection_cExport-noconfig.cmake
[1.483s] -- Up-to-date: /home/russell/ROS2_REPAS/install/robotiq_2f_gripper_msgs/share/robotiq_2f_gripper_msgs/cmake/robotiq_2f_gripper_msgs__rosidl_typesupport_cExport.cmake
[1.483s] -- Up-to-date: /home/russell/ROS2_REPAS/install/robotiq_2f_gripper_msgs/share/robotiq_2f_gripper_msgs/cmake/robotiq_2f_gripper_msgs__rosidl_typesupport_cExport-noconfig.cmake
[1.483s] -- Up-to-date: /home/russell/ROS2_REPAS/install/robotiq_2f_gripper_msgs/share/robotiq_2f_gripper_msgs/cmake/export_robotiq_2f_gripper_msgs__rosidl_generator_cppExport.cmake
[1.483s] -- Up-to-date: /home/russell/ROS2_REPAS/install/robotiq_2f_gripper_msgs/share/robotiq_2f_gripper_msgs/cmake/export_robotiq_2f_gripper_msgs__rosidl_typesupport_fastrtps_cppExport.cmake
[1.483s] -- Up-to-date: /home/russell/ROS2_REPAS/install/robotiq_2f_gripper_msgs/share/robotiq_2f_gripper_msgs/cmake/export_robotiq_2f_gripper_msgs__rosidl_typesupport_fastrtps_cppExport-noconfig.cmake
[1.483s] -- Up-to-date: /home/russell/ROS2_REPAS/install/robotiq_2f_gripper_msgs/share/robotiq_2f_gripper_msgs/cmake/robotiq_2f_gripper_msgs__rosidl_typesupport_introspection_cppExport.cmake
[1.483s] -- Up-to-date: /home/russell/ROS2_REPAS/install/robotiq_2f_gripper_msgs/share/robotiq_2f_gripper_msgs/cmake/robotiq_2f_gripper_msgs__rosidl_typesupport_introspection_cppExport-noconfig.cmake
[1.483s] -- Up-to-date: /home/russell/ROS2_REPAS/install/robotiq_2f_gripper_msgs/share/robotiq_2f_gripper_msgs/cmake/robotiq_2f_gripper_msgs__rosidl_typesupport_cppExport.cmake
[1.483s] -- Up-to-date: /home/russell/ROS2_REPAS/install/robotiq_2f_gripper_msgs/share/robotiq_2f_gripper_msgs/cmake/robotiq_2f_gripper_msgs__rosidl_typesupport_cppExport-noconfig.cmake
[1.484s] -- Up-to-date: /home/russell/ROS2_REPAS/install/robotiq_2f_gripper_msgs/share/robotiq_2f_gripper_msgs/cmake/export_robotiq_2f_gripper_msgs__rosidl_generator_pyExport.cmake
[1.484s] -- Up-to-date: /home/russell/ROS2_REPAS/install/robotiq_2f_gripper_msgs/share/robotiq_2f_gripper_msgs/cmake/export_robotiq_2f_gripper_msgs__rosidl_generator_pyExport-noconfig.cmake
[1.484s] -- Up-to-date: /home/russell/ROS2_REPAS/install/robotiq_2f_gripper_msgs/share/robotiq_2f_gripper_msgs/cmake/rosidl_cmake-extras.cmake
[1.484s] -- Up-to-date: /home/russell/ROS2_REPAS/install/robotiq_2f_gripper_msgs/share/robotiq_2f_gripper_msgs/cmake/ament_cmake_export_dependencies-extras.cmake
[1.484s] -- Up-to-date: /home/russell/ROS2_REPAS/install/robotiq_2f_gripper_msgs/share/robotiq_2f_gripper_msgs/cmake/ament_cmake_export_include_directories-extras.cmake
[1.484s] -- Up-to-date: /home/russell/ROS2_REPAS/install/robotiq_2f_gripper_msgs/share/robotiq_2f_gripper_msgs/cmake/ament_cmake_export_libraries-extras.cmake
[1.484s] -- Up-to-date: /home/russell/ROS2_REPAS/install/robotiq_2f_gripper_msgs/share/robotiq_2f_gripper_msgs/cmake/ament_cmake_export_targets-extras.cmake
[1.484s] -- Up-to-date: /home/russell/ROS2_REPAS/install/robotiq_2f_gripper_msgs/share/robotiq_2f_gripper_msgs/cmake/rosidl_cmake_export_typesupport_targets-extras.cmake
[1.484s] -- Up-to-date: /home/russell/ROS2_REPAS/install/robotiq_2f_gripper_msgs/share/robotiq_2f_gripper_msgs/cmake/rosidl_cmake_export_typesupport_libraries-extras.cmake
[1.484s] -- Up-to-date: /home/russell/ROS2_REPAS/install/robotiq_2f_gripper_msgs/share/robotiq_2f_gripper_msgs/cmake/robotiq_2f_gripper_msgsConfig.cmake
[1.484s] -- Up-to-date: /home/russell/ROS2_REPAS/install/robotiq_2f_gripper_msgs/share/robotiq_2f_gripper_msgs/cmake/robotiq_2f_gripper_msgsConfig-version.cmake
[1.484s] -- Up-to-date: /home/russell/ROS2_REPAS/install/robotiq_2f_gripper_msgs/share/robotiq_2f_gripper_msgs/package.xml
[1.487s] Invoked command in '/home/russell/ROS2_REPAS/build/robotiq_2f_gripper_msgs' returned '0': CMAKE_PREFIX_PATH=${CMAKE_PREFIX_PATH}:/opt/ros/jazzy DEBUGINFOD_URLS=https://debuginfod.ubuntu.com /usr/bin/cmake --install /home/russell/ROS2_REPAS/build/robotiq_2f_gripper_msgs
