[0.168s] Invoking command in '/home/russell/ROS2_REPAS/build/robotiq_2f_gripper_msgs': CMAKE_PREFIX_PATH=${CMAKE_PREFIX_PATH}:/opt/ros/jazzy DEBUGINFOD_URLS=https://debuginfod.ubuntu.com /usr/bin/cmake --build /home/russell/ROS2_REPAS/build/robotiq_2f_gripper_msgs -- -j24 -l24
[0.904s] [  2%] Built target robotiq_2f_gripper_msgs__rosidl_generator_type_description
[0.952s] [  5%] Built target robotiq_2f_gripper_msgs__cpp
[1.032s] [  5%] Built target ament_cmake_python_copy_robotiq_2f_gripper_msgs
[1.052s] [ 20%] Built target robotiq_2f_gripper_msgs__rosidl_generator_c
[1.115s] [ 29%] Built target robotiq_2f_gripper_msgs__rosidl_typesupport_introspection_cpp
[1.149s] [ 38%] Built target robotiq_2f_gripper_msgs__rosidl_typesupport_c
[1.149s] [ 47%] Built target robotiq_2f_gripper_msgs__rosidl_typesupport_cpp
[1.173s] [ 55%] Built target robotiq_2f_gripper_msgs__rosidl_typesupport_introspection_c
[1.186s] [ 64%] Built target robotiq_2f_gripper_msgs__rosidl_typesupport_fastrtps_cpp
[1.190s] [ 73%] Built target robotiq_2f_gripper_msgs__rosidl_typesupport_fastrtps_c
[1.220s] [ 73%] Built target robotiq_2f_gripper_msgs
[1.263s] [ 76%] Built target robotiq_2f_gripper_msgs__py
[1.276s] running egg_info
[1.297s] writing robotiq_2f_gripper_msgs.egg-info/PKG-INFO
[1.297s] writing dependency_links to robotiq_2f_gripper_msgs.egg-info/dependency_links.txt
[1.297s] writing top-level names to robotiq_2f_gripper_msgs.egg-info/top_level.txt
[1.336s] [ 82%] Built target robotiq_2f_gripper_msgs__rosidl_generator_py
[1.364s] reading manifest file 'robotiq_2f_gripper_msgs.egg-info/SOURCES.txt'
[1.364s] writing manifest file 'robotiq_2f_gripper_msgs.egg-info/SOURCES.txt'
[1.384s] [ 88%] Built target robotiq_2f_gripper_msgs_s__rosidl_typesupport_fastrtps_c
[1.384s] [ 94%] Built target robotiq_2f_gripper_msgs_s__rosidl_typesupport_introspection_c
[1.391s] [ 94%] Built target ament_cmake_python_build_robotiq_2f_gripper_msgs_egg
[1.399s] [100%] Built target robotiq_2f_gripper_msgs_s__rosidl_typesupport_c
