[0.016s] Invoking command in '/home/russell/ROS2_REPAS/build/ur_dashboard_msgs': CMAKE_PREFIX_PATH=/home/russell/ROS2_REPAS/install/ur_simulation_gz:/home/russell/ROS2_REPAS/install/ur:/home/russell/ROS2_REPAS/install/ur_calibration:/home/russell/ROS2_REPAS/install/ur_robot_driver:/home/russell/ROS2_REPAS/install/ur_moveit_config:/home/russell/ROS2_REPAS/install/ur_description:/home/russell/ROS2_REPAS/install/ur_controllers:/home/russell/ROS2_REPAS/install/ur_dashboard_msgs:/home/russell/ROS2_REPAS/install/ur5e_control:/opt/ros/jazzy:/home/russell/ROS2_REPAS/install/my_ur5e_moveit2_control:/home/russell/ROS2_REPAS/install/moveit2_scripts:/home/russell/ROS2_REPAS/install/hello_moveit:/opt/ros/jazzy/opt/gz_sim_vendor:/opt/ros/jazzy/opt/gz_sensors_vendor:/opt/ros/jazzy/opt/gz_physics_vendor:/opt/ros/jazzy/opt/sdformat_vendor:/opt/ros/jazzy/opt/gz_gui_vendor:/opt/ros/jazzy/opt/gz_transport_vendor:/opt/ros/jazzy/opt/gz_rendering_vendor:/opt/ros/jazzy/opt/gz_plugin_vendor:/opt/ros/jazzy/opt/gz_fuel_tools_vendor:/opt/ros/jazzy/opt/gz_msgs_vendor:/opt/ros/jazzy/opt/gz_common_vendor:/opt/ros/jazzy/opt/gz_math_vendor:/opt/ros/jazzy/opt/gz_utils_vendor:/opt/ros/jazzy/opt/gz_tools_vendor:/opt/ros/jazzy/opt/gz_ogre_next_vendor:/opt/ros/jazzy/opt/gz_dartsim_vendor:/opt/ros/jazzy/opt/gz_cmake_vendor DEBUGINFOD_URLS=https://debuginfod.ubuntu.com /usr/bin/cmake --build /home/russell/ROS2_REPAS/build/ur_dashboard_msgs -- -j24 -l24
[0.082s] [  0%] Built target ur_dashboard_msgs__rosidl_generator_type_description
[0.104s] [  0%] Built target ament_cmake_python_copy_ur_dashboard_msgs
[0.112s] [  0%] Built target ur_dashboard_msgs__cpp
[0.120s] [ 27%] Built target ur_dashboard_msgs__rosidl_generator_c
[0.154s] [ 37%] Built target ur_dashboard_msgs__rosidl_typesupport_c
[0.155s] [ 47%] Built target ur_dashboard_msgs__rosidl_typesupport_introspection_c
[0.156s] [ 57%] Built target ur_dashboard_msgs__rosidl_typesupport_cpp
[0.157s] [ 67%] Built target ur_dashboard_msgs__rosidl_typesupport_introspection_cpp
[0.160s] [ 85%] Built target ur_dashboard_msgs__rosidl_typesupport_fastrtps_cpp
[0.160s] [ 86%] Built target ur_dashboard_msgs__rosidl_typesupport_fastrtps_c
[0.185s] [ 86%] Built target ur_dashboard_msgs
[0.212s] [ 87%] Built target ur_dashboard_msgs__py
[0.249s] [ 96%] Built target ur_dashboard_msgs__rosidl_generator_py
[0.277s] [ 98%] Built target ur_dashboard_msgs_s__rosidl_typesupport_introspection_c
[0.278s] [ 99%] Built target ur_dashboard_msgs_s__rosidl_typesupport_c
[0.279s] [100%] Built target ur_dashboard_msgs_s__rosidl_typesupport_fastrtps_c
[0.310s] running egg_info
[0.330s] writing ur_dashboard_msgs.egg-info/PKG-INFO
[0.330s] writing dependency_links to ur_dashboard_msgs.egg-info/dependency_links.txt
[0.330s] writing top-level names to ur_dashboard_msgs.egg-info/top_level.txt
[0.387s] reading manifest file 'ur_dashboard_msgs.egg-info/SOURCES.txt'
[0.388s] writing manifest file 'ur_dashboard_msgs.egg-info/SOURCES.txt'
[0.416s] [100%] Built target ament_cmake_python_build_ur_dashboard_msgs_egg
[0.432s] Invoked command in '/home/russell/ROS2_REPAS/build/ur_dashboard_msgs' returned '0': CMAKE_PREFIX_PATH=/home/russell/ROS2_REPAS/install/ur_simulation_gz:/home/russell/ROS2_REPAS/install/ur:/home/russell/ROS2_REPAS/install/ur_calibration:/home/russell/ROS2_REPAS/install/ur_robot_driver:/home/russell/ROS2_REPAS/install/ur_moveit_config:/home/russell/ROS2_REPAS/install/ur_description:/home/russell/ROS2_REPAS/install/ur_controllers:/home/russell/ROS2_REPAS/install/ur_dashboard_msgs:/home/russell/ROS2_REPAS/install/ur5e_control:/opt/ros/jazzy:/home/russell/ROS2_REPAS/install/my_ur5e_moveit2_control:/home/russell/ROS2_REPAS/install/moveit2_scripts:/home/russell/ROS2_REPAS/install/hello_moveit:/opt/ros/jazzy/opt/gz_sim_vendor:/opt/ros/jazzy/opt/gz_sensors_vendor:/opt/ros/jazzy/opt/gz_physics_vendor:/opt/ros/jazzy/opt/sdformat_vendor:/opt/ros/jazzy/opt/gz_gui_vendor:/opt/ros/jazzy/opt/gz_transport_vendor:/opt/ros/jazzy/opt/gz_rendering_vendor:/opt/ros/jazzy/opt/gz_plugin_vendor:/opt/ros/jazzy/opt/gz_fuel_tools_vendor:/opt/ros/jazzy/opt/gz_msgs_vendor:/opt/ros/jazzy/opt/gz_common_vendor:/opt/ros/jazzy/opt/gz_math_vendor:/opt/ros/jazzy/opt/gz_utils_vendor:/opt/ros/jazzy/opt/gz_tools_vendor:/opt/ros/jazzy/opt/gz_ogre_next_vendor:/opt/ros/jazzy/opt/gz_dartsim_vendor:/opt/ros/jazzy/opt/gz_cmake_vendor DEBUGINFOD_URLS=https://debuginfod.ubuntu.com /usr/bin/cmake --build /home/russell/ROS2_REPAS/build/ur_dashboard_msgs -- -j24 -l24
[0.434s] Invoking command in '/home/russell/ROS2_REPAS/build/ur_dashboard_msgs': CMAKE_PREFIX_PATH=/home/russell/ROS2_REPAS/install/ur_simulation_gz:/home/russell/ROS2_REPAS/install/ur:/home/russell/ROS2_REPAS/install/ur_calibration:/home/russell/ROS2_REPAS/install/ur_robot_driver:/home/russell/ROS2_REPAS/install/ur_moveit_config:/home/russell/ROS2_REPAS/install/ur_description:/home/russell/ROS2_REPAS/install/ur_controllers:/home/russell/ROS2_REPAS/install/ur_dashboard_msgs:/home/russell/ROS2_REPAS/install/ur5e_control:/opt/ros/jazzy:/home/russell/ROS2_REPAS/install/my_ur5e_moveit2_control:/home/russell/ROS2_REPAS/install/moveit2_scripts:/home/russell/ROS2_REPAS/install/hello_moveit:/opt/ros/jazzy/opt/gz_sim_vendor:/opt/ros/jazzy/opt/gz_sensors_vendor:/opt/ros/jazzy/opt/gz_physics_vendor:/opt/ros/jazzy/opt/sdformat_vendor:/opt/ros/jazzy/opt/gz_gui_vendor:/opt/ros/jazzy/opt/gz_transport_vendor:/opt/ros/jazzy/opt/gz_rendering_vendor:/opt/ros/jazzy/opt/gz_plugin_vendor:/opt/ros/jazzy/opt/gz_fuel_tools_vendor:/opt/ros/jazzy/opt/gz_msgs_vendor:/opt/ros/jazzy/opt/gz_common_vendor:/opt/ros/jazzy/opt/gz_math_vendor:/opt/ros/jazzy/opt/gz_utils_vendor:/opt/ros/jazzy/opt/gz_tools_vendor:/opt/ros/jazzy/opt/gz_ogre_next_vendor:/opt/ros/jazzy/opt/gz_dartsim_vendor:/opt/ros/jazzy/opt/gz_cmake_vendor DEBUGINFOD_URLS=https://debuginfod.ubuntu.com /usr/bin/cmake --install /home/russell/ROS2_REPAS/build/ur_dashboard_msgs
[0.444s] -- Install configuration: ""
[0.444s] -- Up-to-date: /home/russell/ROS2_REPAS/install/ur_dashboard_msgs/share/ament_index/resource_index/rosidl_interfaces/ur_dashboard_msgs
[0.444s] -- Up-to-date: /home/russell/ROS2_REPAS/install/ur_dashboard_msgs/share/ur_dashboard_msgs/msg/ProgramState.json
[0.445s] -- Up-to-date: /home/russell/ROS2_REPAS/install/ur_dashboard_msgs/share/ur_dashboard_msgs/msg/RobotMode.json
[0.445s] -- Up-to-date: /home/russell/ROS2_REPAS/install/ur_dashboard_msgs/share/ur_dashboard_msgs/msg/SafetyMode.json
[0.445s] -- Up-to-date: /home/russell/ROS2_REPAS/install/ur_dashboard_msgs/share/ur_dashboard_msgs/srv/AddToLog.json
[0.445s] -- Up-to-date: /home/russell/ROS2_REPAS/install/ur_dashboard_msgs/share/ur_dashboard_msgs/srv/GetLoadedProgram.json
[0.445s] -- Up-to-date: /home/russell/ROS2_REPAS/install/ur_dashboard_msgs/share/ur_dashboard_msgs/srv/GetProgramState.json
[0.445s] -- Up-to-date: /home/russell/ROS2_REPAS/install/ur_dashboard_msgs/share/ur_dashboard_msgs/srv/GetRobotMode.json
[0.445s] -- Up-to-date: /home/russell/ROS2_REPAS/install/ur_dashboard_msgs/share/ur_dashboard_msgs/srv/GetSafetyMode.json
[0.445s] -- Up-to-date: /home/russell/ROS2_REPAS/install/ur_dashboard_msgs/share/ur_dashboard_msgs/srv/IsProgramRunning.json
[0.445s] -- Up-to-date: /home/russell/ROS2_REPAS/install/ur_dashboard_msgs/share/ur_dashboard_msgs/srv/IsProgramSaved.json
[0.445s] -- Up-to-date: /home/russell/ROS2_REPAS/install/ur_dashboard_msgs/share/ur_dashboard_msgs/srv/Load.json
[0.445s] -- Up-to-date: /home/russell/ROS2_REPAS/install/ur_dashboard_msgs/share/ur_dashboard_msgs/srv/Popup.json
[0.446s] -- Up-to-date: /home/russell/ROS2_REPAS/install/ur_dashboard_msgs/share/ur_dashboard_msgs/srv/RawRequest.json
[0.446s] -- Up-to-date: /home/russell/ROS2_REPAS/install/ur_dashboard_msgs/share/ur_dashboard_msgs/action/SetMode.json
[0.446s] -- Up-to-date: /home/russell/ROS2_REPAS/install/ur_dashboard_msgs/include/ur_dashboard_msgs/ur_dashboard_msgs
[0.446s] -- Up-to-date: /home/russell/ROS2_REPAS/install/ur_dashboard_msgs/include/ur_dashboard_msgs/ur_dashboard_msgs/msg
[0.446s] -- Up-to-date: /home/russell/ROS2_REPAS/install/ur_dashboard_msgs/include/ur_dashboard_msgs/ur_dashboard_msgs/msg/program_state.h
[0.446s] -- Up-to-date: /home/russell/ROS2_REPAS/install/ur_dashboard_msgs/include/ur_dashboard_msgs/ur_dashboard_msgs/msg/rosidl_generator_c__visibility_control.h
[0.446s] -- Up-to-date: /home/russell/ROS2_REPAS/install/ur_dashboard_msgs/include/ur_dashboard_msgs/ur_dashboard_msgs/msg/detail
[0.446s] -- Installing: /home/russell/ROS2_REPAS/install/ur_dashboard_msgs/include/ur_dashboard_msgs/ur_dashboard_msgs/msg/detail/safety_mode__type_support.c
[0.446s] -- Up-to-date: /home/russell/ROS2_REPAS/install/ur_dashboard_msgs/include/ur_dashboard_msgs/ur_dashboard_msgs/msg/detail/safety_mode__functions.h
[0.446s] -- Up-to-date: /home/russell/ROS2_REPAS/install/ur_dashboard_msgs/include/ur_dashboard_msgs/ur_dashboard_msgs/msg/detail/robot_mode__description.c
[0.446s] -- Up-to-date: /home/russell/ROS2_REPAS/install/ur_dashboard_msgs/include/ur_dashboard_msgs/ur_dashboard_msgs/msg/detail/safety_mode__struct.h
[0.446s] -- Up-to-date: /home/russell/ROS2_REPAS/install/ur_dashboard_msgs/include/ur_dashboard_msgs/ur_dashboard_msgs/msg/detail/program_state__type_support.h
[0.447s] -- Up-to-date: /home/russell/ROS2_REPAS/install/ur_dashboard_msgs/include/ur_dashboard_msgs/ur_dashboard_msgs/msg/detail/safety_mode__description.c
[0.447s] -- Up-to-date: /home/russell/ROS2_REPAS/install/ur_dashboard_msgs/include/ur_dashboard_msgs/ur_dashboard_msgs/msg/detail/robot_mode__type_support.h
[0.447s] -- Up-to-date: /home/russell/ROS2_REPAS/install/ur_dashboard_msgs/include/ur_dashboard_msgs/ur_dashboard_msgs/msg/detail/program_state__struct.h
[0.447s] -- Installing: /home/russell/ROS2_REPAS/install/ur_dashboard_msgs/include/ur_dashboard_msgs/ur_dashboard_msgs/msg/detail/robot_mode__type_support.c
[0.447s] -- Up-to-date: /home/russell/ROS2_REPAS/install/ur_dashboard_msgs/include/ur_dashboard_msgs/ur_dashboard_msgs/msg/detail/robot_mode__functions.c
[0.447s] -- Up-to-date: /home/russell/ROS2_REPAS/install/ur_dashboard_msgs/include/ur_dashboard_msgs/ur_dashboard_msgs/msg/detail/program_state__functions.c
[0.447s] -- Up-to-date: /home/russell/ROS2_REPAS/install/ur_dashboard_msgs/include/ur_dashboard_msgs/ur_dashboard_msgs/msg/detail/robot_mode__struct.h
[0.447s] -- Up-to-date: /home/russell/ROS2_REPAS/install/ur_dashboard_msgs/include/ur_dashboard_msgs/ur_dashboard_msgs/msg/detail/robot_mode__functions.h
[0.447s] -- Installing: /home/russell/ROS2_REPAS/install/ur_dashboard_msgs/include/ur_dashboard_msgs/ur_dashboard_msgs/msg/detail/program_state__type_support.c
[0.447s] -- Up-to-date: /home/russell/ROS2_REPAS/install/ur_dashboard_msgs/include/ur_dashboard_msgs/ur_dashboard_msgs/msg/detail/program_state__description.c
[0.447s] -- Up-to-date: /home/russell/ROS2_REPAS/install/ur_dashboard_msgs/include/ur_dashboard_msgs/ur_dashboard_msgs/msg/detail/safety_mode__functions.c
[0.447s] -- Up-to-date: /home/russell/ROS2_REPAS/install/ur_dashboard_msgs/include/ur_dashboard_msgs/ur_dashboard_msgs/msg/detail/safety_mode__type_support.h
[0.447s] -- Up-to-date: /home/russell/ROS2_REPAS/install/ur_dashboard_msgs/include/ur_dashboard_msgs/ur_dashboard_msgs/msg/detail/program_state__functions.h
[0.447s] -- Up-to-date: /home/russell/ROS2_REPAS/install/ur_dashboard_msgs/include/ur_dashboard_msgs/ur_dashboard_msgs/msg/robot_mode.h
[0.448s] -- Up-to-date: /home/russell/ROS2_REPAS/install/ur_dashboard_msgs/include/ur_dashboard_msgs/ur_dashboard_msgs/msg/safety_mode.h
[0.448s] -- Up-to-date: /home/russell/ROS2_REPAS/install/ur_dashboard_msgs/include/ur_dashboard_msgs/ur_dashboard_msgs/action
[0.448s] -- Up-to-date: /home/russell/ROS2_REPAS/install/ur_dashboard_msgs/include/ur_dashboard_msgs/ur_dashboard_msgs/action/detail
[0.448s] -- Installing: /home/russell/ROS2_REPAS/install/ur_dashboard_msgs/include/ur_dashboard_msgs/ur_dashboard_msgs/action/detail/set_mode__type_support.c
[0.448s] -- Up-to-date: /home/russell/ROS2_REPAS/install/ur_dashboard_msgs/include/ur_dashboard_msgs/ur_dashboard_msgs/action/detail/set_mode__type_support.h
[0.448s] -- Up-to-date: /home/russell/ROS2_REPAS/install/ur_dashboard_msgs/include/ur_dashboard_msgs/ur_dashboard_msgs/action/detail/set_mode__functions.h
[0.448s] -- Up-to-date: /home/russell/ROS2_REPAS/install/ur_dashboard_msgs/include/ur_dashboard_msgs/ur_dashboard_msgs/action/detail/set_mode__description.c
[0.448s] -- Up-to-date: /home/russell/ROS2_REPAS/install/ur_dashboard_msgs/include/ur_dashboard_msgs/ur_dashboard_msgs/action/detail/set_mode__struct.h
[0.448s] -- Up-to-date: /home/russell/ROS2_REPAS/install/ur_dashboard_msgs/include/ur_dashboard_msgs/ur_dashboard_msgs/action/detail/set_mode__functions.c
[0.448s] -- Up-to-date: /home/russell/ROS2_REPAS/install/ur_dashboard_msgs/include/ur_dashboard_msgs/ur_dashboard_msgs/action/set_mode.h
[0.448s] -- Up-to-date: /home/russell/ROS2_REPAS/install/ur_dashboard_msgs/include/ur_dashboard_msgs/ur_dashboard_msgs/srv
[0.448s] -- Up-to-date: /home/russell/ROS2_REPAS/install/ur_dashboard_msgs/include/ur_dashboard_msgs/ur_dashboard_msgs/srv/is_program_saved.h
[0.449s] -- Up-to-date: /home/russell/ROS2_REPAS/install/ur_dashboard_msgs/include/ur_dashboard_msgs/ur_dashboard_msgs/srv/get_loaded_program.h
[0.449s] -- Up-to-date: /home/russell/ROS2_REPAS/install/ur_dashboard_msgs/include/ur_dashboard_msgs/ur_dashboard_msgs/srv/detail
[0.449s] -- Up-to-date: /home/russell/ROS2_REPAS/install/ur_dashboard_msgs/include/ur_dashboard_msgs/ur_dashboard_msgs/srv/detail/get_program_state__type_support.h
[0.449s] -- Up-to-date: /home/russell/ROS2_REPAS/install/ur_dashboard_msgs/include/ur_dashboard_msgs/ur_dashboard_msgs/srv/detail/get_robot_mode__type_support.h
[0.449s] -- Up-to-date: /home/russell/ROS2_REPAS/install/ur_dashboard_msgs/include/ur_dashboard_msgs/ur_dashboard_msgs/srv/detail/is_program_running__type_support.h
[0.449s] -- Up-to-date: /home/russell/ROS2_REPAS/install/ur_dashboard_msgs/include/ur_dashboard_msgs/ur_dashboard_msgs/srv/detail/raw_request__functions.c
[0.449s] -- Up-to-date: /home/russell/ROS2_REPAS/install/ur_dashboard_msgs/include/ur_dashboard_msgs/ur_dashboard_msgs/srv/detail/get_robot_mode__functions.c
[0.449s] -- Up-to-date: /home/russell/ROS2_REPAS/install/ur_dashboard_msgs/include/ur_dashboard_msgs/ur_dashboard_msgs/srv/detail/raw_request__functions.h
[0.449s] -- Up-to-date: /home/russell/ROS2_REPAS/install/ur_dashboard_msgs/include/ur_dashboard_msgs/ur_dashboard_msgs/srv/detail/get_safety_mode__struct.h
[0.449s] -- Installing: /home/russell/ROS2_REPAS/install/ur_dashboard_msgs/include/ur_dashboard_msgs/ur_dashboard_msgs/srv/detail/load__type_support.c
[0.449s] -- Up-to-date: /home/russell/ROS2_REPAS/install/ur_dashboard_msgs/include/ur_dashboard_msgs/ur_dashboard_msgs/srv/detail/get_robot_mode__functions.h
[0.449s] -- Up-to-date: /home/russell/ROS2_REPAS/install/ur_dashboard_msgs/include/ur_dashboard_msgs/ur_dashboard_msgs/srv/detail/is_program_running__description.c
[0.449s] -- Up-to-date: /home/russell/ROS2_REPAS/install/ur_dashboard_msgs/include/ur_dashboard_msgs/ur_dashboard_msgs/srv/detail/add_to_log__type_support.h
[0.450s] -- Up-to-date: /home/russell/ROS2_REPAS/install/ur_dashboard_msgs/include/ur_dashboard_msgs/ur_dashboard_msgs/srv/detail/is_program_saved__type_support.h
[0.450s] -- Up-to-date: /home/russell/ROS2_REPAS/install/ur_dashboard_msgs/include/ur_dashboard_msgs/ur_dashboard_msgs/srv/detail/get_safety_mode__description.c
[0.450s] -- Up-to-date: /home/russell/ROS2_REPAS/install/ur_dashboard_msgs/include/ur_dashboard_msgs/ur_dashboard_msgs/srv/detail/get_robot_mode__struct.h
[0.450s] -- Up-to-date: /home/russell/ROS2_REPAS/install/ur_dashboard_msgs/include/ur_dashboard_msgs/ur_dashboard_msgs/srv/detail/get_safety_mode__functions.h
[0.450s] -- Up-to-date: /home/russell/ROS2_REPAS/install/ur_dashboard_msgs/include/ur_dashboard_msgs/ur_dashboard_msgs/srv/detail/popup__type_support.h
[0.450s] -- Up-to-date: /home/russell/ROS2_REPAS/install/ur_dashboard_msgs/include/ur_dashboard_msgs/ur_dashboard_msgs/srv/detail/get_program_state__struct.h
[0.450s] -- Up-to-date: /home/russell/ROS2_REPAS/install/ur_dashboard_msgs/include/ur_dashboard_msgs/ur_dashboard_msgs/srv/detail/get_robot_mode__description.c
[0.450s] -- Up-to-date: /home/russell/ROS2_REPAS/install/ur_dashboard_msgs/include/ur_dashboard_msgs/ur_dashboard_msgs/srv/detail/get_loaded_program__type_support.h
[0.450s] -- Up-to-date: /home/russell/ROS2_REPAS/install/ur_dashboard_msgs/include/ur_dashboard_msgs/ur_dashboard_msgs/srv/detail/get_loaded_program__struct.h
[0.450s] -- Installing: /home/russell/ROS2_REPAS/install/ur_dashboard_msgs/include/ur_dashboard_msgs/ur_dashboard_msgs/srv/detail/get_safety_mode__type_support.c
[0.450s] -- Installing: /home/russell/ROS2_REPAS/install/ur_dashboard_msgs/include/ur_dashboard_msgs/ur_dashboard_msgs/srv/detail/is_program_running__type_support.c
[0.450s] -- Installing: /home/russell/ROS2_REPAS/install/ur_dashboard_msgs/include/ur_dashboard_msgs/ur_dashboard_msgs/srv/detail/raw_request__type_support.c
[0.450s] -- Up-to-date: /home/russell/ROS2_REPAS/install/ur_dashboard_msgs/include/ur_dashboard_msgs/ur_dashboard_msgs/srv/detail/popup__functions.h
[0.450s] -- Installing: /home/russell/ROS2_REPAS/install/ur_dashboard_msgs/include/ur_dashboard_msgs/ur_dashboard_msgs/srv/detail/is_program_saved__type_support.c
[0.451s] -- Up-to-date: /home/russell/ROS2_REPAS/install/ur_dashboard_msgs/include/ur_dashboard_msgs/ur_dashboard_msgs/srv/detail/popup__struct.h
[0.451s] -- Up-to-date: /home/russell/ROS2_REPAS/install/ur_dashboard_msgs/include/ur_dashboard_msgs/ur_dashboard_msgs/srv/detail/get_program_state__functions.h
[0.451s] -- Up-to-date: /home/russell/ROS2_REPAS/install/ur_dashboard_msgs/include/ur_dashboard_msgs/ur_dashboard_msgs/srv/detail/is_program_running__functions.h
[0.451s] -- Installing: /home/russell/ROS2_REPAS/install/ur_dashboard_msgs/include/ur_dashboard_msgs/ur_dashboard_msgs/srv/detail/add_to_log__type_support.c
[0.451s] -- Up-to-date: /home/russell/ROS2_REPAS/install/ur_dashboard_msgs/include/ur_dashboard_msgs/ur_dashboard_msgs/srv/detail/get_loaded_program__functions.c
[0.451s] -- Installing: /home/russell/ROS2_REPAS/install/ur_dashboard_msgs/include/ur_dashboard_msgs/ur_dashboard_msgs/srv/detail/get_program_state__type_support.c
[0.451s] -- Up-to-date: /home/russell/ROS2_REPAS/install/ur_dashboard_msgs/include/ur_dashboard_msgs/ur_dashboard_msgs/srv/detail/add_to_log__description.c
[0.451s] -- Up-to-date: /home/russell/ROS2_REPAS/install/ur_dashboard_msgs/include/ur_dashboard_msgs/ur_dashboard_msgs/srv/detail/get_safety_mode__type_support.h
[0.451s] -- Up-to-date: /home/russell/ROS2_REPAS/install/ur_dashboard_msgs/include/ur_dashboard_msgs/ur_dashboard_msgs/srv/detail/is_program_saved__description.c
[0.451s] -- Up-to-date: /home/russell/ROS2_REPAS/install/ur_dashboard_msgs/include/ur_dashboard_msgs/ur_dashboard_msgs/srv/detail/load__description.c
[0.451s] -- Up-to-date: /home/russell/ROS2_REPAS/install/ur_dashboard_msgs/include/ur_dashboard_msgs/ur_dashboard_msgs/srv/detail/load__struct.h
[0.451s] -- Up-to-date: /home/russell/ROS2_REPAS/install/ur_dashboard_msgs/include/ur_dashboard_msgs/ur_dashboard_msgs/srv/detail/is_program_saved__struct.h
[0.451s] -- Up-to-date: /home/russell/ROS2_REPAS/install/ur_dashboard_msgs/include/ur_dashboard_msgs/ur_dashboard_msgs/srv/detail/raw_request__description.c
[0.451s] -- Up-to-date: /home/russell/ROS2_REPAS/install/ur_dashboard_msgs/include/ur_dashboard_msgs/ur_dashboard_msgs/srv/detail/is_program_running__struct.h
[0.452s] -- Up-to-date: /home/russell/ROS2_REPAS/install/ur_dashboard_msgs/include/ur_dashboard_msgs/ur_dashboard_msgs/srv/detail/is_program_saved__functions.c
[0.452s] -- Up-to-date: /home/russell/ROS2_REPAS/install/ur_dashboard_msgs/include/ur_dashboard_msgs/ur_dashboard_msgs/srv/detail/get_program_state__description.c
[0.452s] -- Installing: /home/russell/ROS2_REPAS/install/ur_dashboard_msgs/include/ur_dashboard_msgs/ur_dashboard_msgs/srv/detail/get_robot_mode__type_support.c
[0.452s] -- Up-to-date: /home/russell/ROS2_REPAS/install/ur_dashboard_msgs/include/ur_dashboard_msgs/ur_dashboard_msgs/srv/detail/is_program_saved__functions.h
[0.452s] -- Up-to-date: /home/russell/ROS2_REPAS/install/ur_dashboard_msgs/include/ur_dashboard_msgs/ur_dashboard_msgs/srv/detail/is_program_running__functions.c
[0.452s] -- Up-to-date: /home/russell/ROS2_REPAS/install/ur_dashboard_msgs/include/ur_dashboard_msgs/ur_dashboard_msgs/srv/detail/raw_request__type_support.h
[0.452s] -- Up-to-date: /home/russell/ROS2_REPAS/install/ur_dashboard_msgs/include/ur_dashboard_msgs/ur_dashboard_msgs/srv/detail/add_to_log__functions.c
[0.452s] -- Up-to-date: /home/russell/ROS2_REPAS/install/ur_dashboard_msgs/include/ur_dashboard_msgs/ur_dashboard_msgs/srv/detail/load__type_support.h
[0.452s] -- Up-to-date: /home/russell/ROS2_REPAS/install/ur_dashboard_msgs/include/ur_dashboard_msgs/ur_dashboard_msgs/srv/detail/load__functions.c
[0.452s] -- Installing: /home/russell/ROS2_REPAS/install/ur_dashboard_msgs/include/ur_dashboard_msgs/ur_dashboard_msgs/srv/detail/get_loaded_program__type_support.c
[0.452s] -- Installing: /home/russell/ROS2_REPAS/install/ur_dashboard_msgs/include/ur_dashboard_msgs/ur_dashboard_msgs/srv/detail/popup__type_support.c
[0.452s] -- Up-to-date: /home/russell/ROS2_REPAS/install/ur_dashboard_msgs/include/ur_dashboard_msgs/ur_dashboard_msgs/srv/detail/get_safety_mode__functions.c
[0.452s] -- Up-to-date: /home/russell/ROS2_REPAS/install/ur_dashboard_msgs/include/ur_dashboard_msgs/ur_dashboard_msgs/srv/detail/load__functions.h
[0.452s] -- Up-to-date: /home/russell/ROS2_REPAS/install/ur_dashboard_msgs/include/ur_dashboard_msgs/ur_dashboard_msgs/srv/detail/add_to_log__functions.h
[0.452s] -- Up-to-date: /home/russell/ROS2_REPAS/install/ur_dashboard_msgs/include/ur_dashboard_msgs/ur_dashboard_msgs/srv/detail/get_program_state__functions.c
[0.453s] -- Up-to-date: /home/russell/ROS2_REPAS/install/ur_dashboard_msgs/include/ur_dashboard_msgs/ur_dashboard_msgs/srv/detail/popup__functions.c
[0.453s] -- Up-to-date: /home/russell/ROS2_REPAS/install/ur_dashboard_msgs/include/ur_dashboard_msgs/ur_dashboard_msgs/srv/detail/popup__description.c
[0.453s] -- Up-to-date: /home/russell/ROS2_REPAS/install/ur_dashboard_msgs/include/ur_dashboard_msgs/ur_dashboard_msgs/srv/detail/raw_request__struct.h
[0.453s] -- Up-to-date: /home/russell/ROS2_REPAS/install/ur_dashboard_msgs/include/ur_dashboard_msgs/ur_dashboard_msgs/srv/detail/get_loaded_program__description.c
[0.453s] -- Up-to-date: /home/russell/ROS2_REPAS/install/ur_dashboard_msgs/include/ur_dashboard_msgs/ur_dashboard_msgs/srv/detail/add_to_log__struct.h
[0.453s] -- Up-to-date: /home/russell/ROS2_REPAS/install/ur_dashboard_msgs/include/ur_dashboard_msgs/ur_dashboard_msgs/srv/detail/get_loaded_program__functions.h
[0.453s] -- Up-to-date: /home/russell/ROS2_REPAS/install/ur_dashboard_msgs/include/ur_dashboard_msgs/ur_dashboard_msgs/srv/popup.h
[0.453s] -- Up-to-date: /home/russell/ROS2_REPAS/install/ur_dashboard_msgs/include/ur_dashboard_msgs/ur_dashboard_msgs/srv/add_to_log.h
[0.453s] -- Up-to-date: /home/russell/ROS2_REPAS/install/ur_dashboard_msgs/include/ur_dashboard_msgs/ur_dashboard_msgs/srv/get_robot_mode.h
[0.453s] -- Up-to-date: /home/russell/ROS2_REPAS/install/ur_dashboard_msgs/include/ur_dashboard_msgs/ur_dashboard_msgs/srv/load.h
[0.453s] -- Up-to-date: /home/russell/ROS2_REPAS/install/ur_dashboard_msgs/include/ur_dashboard_msgs/ur_dashboard_msgs/srv/get_program_state.h
[0.453s] -- Up-to-date: /home/russell/ROS2_REPAS/install/ur_dashboard_msgs/include/ur_dashboard_msgs/ur_dashboard_msgs/srv/get_safety_mode.h
[0.453s] -- Up-to-date: /home/russell/ROS2_REPAS/install/ur_dashboard_msgs/include/ur_dashboard_msgs/ur_dashboard_msgs/srv/raw_request.h
[0.453s] -- Up-to-date: /home/russell/ROS2_REPAS/install/ur_dashboard_msgs/include/ur_dashboard_msgs/ur_dashboard_msgs/srv/is_program_running.h
[0.453s] -- Up-to-date: /home/russell/ROS2_REPAS/install/ur_dashboard_msgs/share/ur_dashboard_msgs/environment/library_path.sh
[0.453s] -- Up-to-date: /home/russell/ROS2_REPAS/install/ur_dashboard_msgs/share/ur_dashboard_msgs/environment/library_path.dsv
[0.454s] -- Up-to-date: /home/russell/ROS2_REPAS/install/ur_dashboard_msgs/lib/libur_dashboard_msgs__rosidl_generator_c.so
[0.454s] -- Up-to-date: /home/russell/ROS2_REPAS/install/ur_dashboard_msgs/include/ur_dashboard_msgs/ur_dashboard_msgs
[0.454s] -- Up-to-date: /home/russell/ROS2_REPAS/install/ur_dashboard_msgs/include/ur_dashboard_msgs/ur_dashboard_msgs/msg
[0.454s] -- Up-to-date: /home/russell/ROS2_REPAS/install/ur_dashboard_msgs/include/ur_dashboard_msgs/ur_dashboard_msgs/msg/detail
[0.454s] -- Up-to-date: /home/russell/ROS2_REPAS/install/ur_dashboard_msgs/include/ur_dashboard_msgs/ur_dashboard_msgs/msg/detail/robot_mode__rosidl_typesupport_fastrtps_c.h
[0.454s] -- Up-to-date: /home/russell/ROS2_REPAS/install/ur_dashboard_msgs/include/ur_dashboard_msgs/ur_dashboard_msgs/msg/detail/safety_mode__rosidl_typesupport_fastrtps_c.h
[0.454s] -- Up-to-date: /home/russell/ROS2_REPAS/install/ur_dashboard_msgs/include/ur_dashboard_msgs/ur_dashboard_msgs/msg/detail/program_state__rosidl_typesupport_fastrtps_c.h
[0.454s] -- Up-to-date: /home/russell/ROS2_REPAS/install/ur_dashboard_msgs/include/ur_dashboard_msgs/ur_dashboard_msgs/msg/rosidl_typesupport_fastrtps_c__visibility_control.h
[0.454s] -- Up-to-date: /home/russell/ROS2_REPAS/install/ur_dashboard_msgs/include/ur_dashboard_msgs/ur_dashboard_msgs/action
[0.454s] -- Up-to-date: /home/russell/ROS2_REPAS/install/ur_dashboard_msgs/include/ur_dashboard_msgs/ur_dashboard_msgs/action/detail
[0.454s] -- Up-to-date: /home/russell/ROS2_REPAS/install/ur_dashboard_msgs/include/ur_dashboard_msgs/ur_dashboard_msgs/action/detail/set_mode__rosidl_typesupport_fastrtps_c.h
[0.454s] -- Up-to-date: /home/russell/ROS2_REPAS/install/ur_dashboard_msgs/include/ur_dashboard_msgs/ur_dashboard_msgs/srv
[0.454s] -- Up-to-date: /home/russell/ROS2_REPAS/install/ur_dashboard_msgs/include/ur_dashboard_msgs/ur_dashboard_msgs/srv/detail
[0.454s] -- Up-to-date: /home/russell/ROS2_REPAS/install/ur_dashboard_msgs/include/ur_dashboard_msgs/ur_dashboard_msgs/srv/detail/popup__rosidl_typesupport_fastrtps_c.h
[0.454s] -- Up-to-date: /home/russell/ROS2_REPAS/install/ur_dashboard_msgs/include/ur_dashboard_msgs/ur_dashboard_msgs/srv/detail/get_robot_mode__rosidl_typesupport_fastrtps_c.h
[0.455s] -- Up-to-date: /home/russell/ROS2_REPAS/install/ur_dashboard_msgs/include/ur_dashboard_msgs/ur_dashboard_msgs/srv/detail/get_safety_mode__rosidl_typesupport_fastrtps_c.h
[0.455s] -- Up-to-date: /home/russell/ROS2_REPAS/install/ur_dashboard_msgs/include/ur_dashboard_msgs/ur_dashboard_msgs/srv/detail/get_loaded_program__rosidl_typesupport_fastrtps_c.h
[0.455s] -- Up-to-date: /home/russell/ROS2_REPAS/install/ur_dashboard_msgs/include/ur_dashboard_msgs/ur_dashboard_msgs/srv/detail/raw_request__rosidl_typesupport_fastrtps_c.h
[0.455s] -- Up-to-date: /home/russell/ROS2_REPAS/install/ur_dashboard_msgs/include/ur_dashboard_msgs/ur_dashboard_msgs/srv/detail/load__rosidl_typesupport_fastrtps_c.h
[0.455s] -- Up-to-date: /home/russell/ROS2_REPAS/install/ur_dashboard_msgs/include/ur_dashboard_msgs/ur_dashboard_msgs/srv/detail/is_program_saved__rosidl_typesupport_fastrtps_c.h
[0.455s] -- Up-to-date: /home/russell/ROS2_REPAS/install/ur_dashboard_msgs/include/ur_dashboard_msgs/ur_dashboard_msgs/srv/detail/add_to_log__rosidl_typesupport_fastrtps_c.h
[0.455s] -- Up-to-date: /home/russell/ROS2_REPAS/install/ur_dashboard_msgs/include/ur_dashboard_msgs/ur_dashboard_msgs/srv/detail/get_program_state__rosidl_typesupport_fastrtps_c.h
[0.455s] -- Up-to-date: /home/russell/ROS2_REPAS/install/ur_dashboard_msgs/include/ur_dashboard_msgs/ur_dashboard_msgs/srv/detail/is_program_running__rosidl_typesupport_fastrtps_c.h
[0.455s] -- Up-to-date: /home/russell/ROS2_REPAS/install/ur_dashboard_msgs/lib/libur_dashboard_msgs__rosidl_typesupport_fastrtps_c.so
[0.455s] -- Up-to-date: /home/russell/ROS2_REPAS/install/ur_dashboard_msgs/include/ur_dashboard_msgs/ur_dashboard_msgs
[0.455s] -- Up-to-date: /home/russell/ROS2_REPAS/install/ur_dashboard_msgs/include/ur_dashboard_msgs/ur_dashboard_msgs/msg
[0.455s] -- Up-to-date: /home/russell/ROS2_REPAS/install/ur_dashboard_msgs/include/ur_dashboard_msgs/ur_dashboard_msgs/msg/rosidl_typesupport_introspection_c__visibility_control.h
[0.455s] -- Up-to-date: /home/russell/ROS2_REPAS/install/ur_dashboard_msgs/include/ur_dashboard_msgs/ur_dashboard_msgs/msg/detail
[0.455s] -- Installing: /home/russell/ROS2_REPAS/install/ur_dashboard_msgs/include/ur_dashboard_msgs/ur_dashboard_msgs/msg/detail/safety_mode__type_support.c
[0.455s] -- Up-to-date: /home/russell/ROS2_REPAS/install/ur_dashboard_msgs/include/ur_dashboard_msgs/ur_dashboard_msgs/msg/detail/safety_mode__rosidl_typesupport_introspection_c.h
[0.455s] -- Installing: /home/russell/ROS2_REPAS/install/ur_dashboard_msgs/include/ur_dashboard_msgs/ur_dashboard_msgs/msg/detail/robot_mode__type_support.c
[0.456s] -- Installing: /home/russell/ROS2_REPAS/install/ur_dashboard_msgs/include/ur_dashboard_msgs/ur_dashboard_msgs/msg/detail/program_state__type_support.c
[0.456s] -- Up-to-date: /home/russell/ROS2_REPAS/install/ur_dashboard_msgs/include/ur_dashboard_msgs/ur_dashboard_msgs/msg/detail/program_state__rosidl_typesupport_introspection_c.h
[0.456s] -- Up-to-date: /home/russell/ROS2_REPAS/install/ur_dashboard_msgs/include/ur_dashboard_msgs/ur_dashboard_msgs/msg/detail/robot_mode__rosidl_typesupport_introspection_c.h
[0.456s] -- Up-to-date: /home/russell/ROS2_REPAS/install/ur_dashboard_msgs/include/ur_dashboard_msgs/ur_dashboard_msgs/action
[0.456s] -- Up-to-date: /home/russell/ROS2_REPAS/install/ur_dashboard_msgs/include/ur_dashboard_msgs/ur_dashboard_msgs/action/detail
[0.456s] -- Installing: /home/russell/ROS2_REPAS/install/ur_dashboard_msgs/include/ur_dashboard_msgs/ur_dashboard_msgs/action/detail/set_mode__type_support.c
[0.456s] -- Up-to-date: /home/russell/ROS2_REPAS/install/ur_dashboard_msgs/include/ur_dashboard_msgs/ur_dashboard_msgs/action/detail/set_mode__rosidl_typesupport_introspection_c.h
[0.456s] -- Up-to-date: /home/russell/ROS2_REPAS/install/ur_dashboard_msgs/include/ur_dashboard_msgs/ur_dashboard_msgs/srv
[0.456s] -- Up-to-date: /home/russell/ROS2_REPAS/install/ur_dashboard_msgs/include/ur_dashboard_msgs/ur_dashboard_msgs/srv/detail
[0.456s] -- Up-to-date: /home/russell/ROS2_REPAS/install/ur_dashboard_msgs/include/ur_dashboard_msgs/ur_dashboard_msgs/srv/detail/get_safety_mode__rosidl_typesupport_introspection_c.h
[0.456s] -- Up-to-date: /home/russell/ROS2_REPAS/install/ur_dashboard_msgs/include/ur_dashboard_msgs/ur_dashboard_msgs/srv/detail/is_program_running__rosidl_typesupport_introspection_c.h
[0.456s] -- Installing: /home/russell/ROS2_REPAS/install/ur_dashboard_msgs/include/ur_dashboard_msgs/ur_dashboard_msgs/srv/detail/load__type_support.c
[0.456s] -- Up-to-date: /home/russell/ROS2_REPAS/install/ur_dashboard_msgs/include/ur_dashboard_msgs/ur_dashboard_msgs/srv/detail/add_to_log__rosidl_typesupport_introspection_c.h
[0.456s] -- Installing: /home/russell/ROS2_REPAS/install/ur_dashboard_msgs/include/ur_dashboard_msgs/ur_dashboard_msgs/srv/detail/get_safety_mode__type_support.c
[0.456s] -- Up-to-date: /home/russell/ROS2_REPAS/install/ur_dashboard_msgs/include/ur_dashboard_msgs/ur_dashboard_msgs/srv/detail/popup__rosidl_typesupport_introspection_c.h
[0.456s] -- Installing: /home/russell/ROS2_REPAS/install/ur_dashboard_msgs/include/ur_dashboard_msgs/ur_dashboard_msgs/srv/detail/is_program_running__type_support.c
[0.456s] -- Installing: /home/russell/ROS2_REPAS/install/ur_dashboard_msgs/include/ur_dashboard_msgs/ur_dashboard_msgs/srv/detail/raw_request__type_support.c
[0.457s] -- Installing: /home/russell/ROS2_REPAS/install/ur_dashboard_msgs/include/ur_dashboard_msgs/ur_dashboard_msgs/srv/detail/is_program_saved__type_support.c
[0.457s] -- Installing: /home/russell/ROS2_REPAS/install/ur_dashboard_msgs/include/ur_dashboard_msgs/ur_dashboard_msgs/srv/detail/add_to_log__type_support.c
[0.457s] -- Up-to-date: /home/russell/ROS2_REPAS/install/ur_dashboard_msgs/include/ur_dashboard_msgs/ur_dashboard_msgs/srv/detail/get_program_state__rosidl_typesupport_introspection_c.h
[0.457s] -- Installing: /home/russell/ROS2_REPAS/install/ur_dashboard_msgs/include/ur_dashboard_msgs/ur_dashboard_msgs/srv/detail/get_program_state__type_support.c
[0.457s] -- Up-to-date: /home/russell/ROS2_REPAS/install/ur_dashboard_msgs/include/ur_dashboard_msgs/ur_dashboard_msgs/srv/detail/load__rosidl_typesupport_introspection_c.h
[0.457s] -- Up-to-date: /home/russell/ROS2_REPAS/install/ur_dashboard_msgs/include/ur_dashboard_msgs/ur_dashboard_msgs/srv/detail/get_robot_mode__rosidl_typesupport_introspection_c.h
[0.457s] -- Up-to-date: /home/russell/ROS2_REPAS/install/ur_dashboard_msgs/include/ur_dashboard_msgs/ur_dashboard_msgs/srv/detail/raw_request__rosidl_typesupport_introspection_c.h
[0.457s] -- Installing: /home/russell/ROS2_REPAS/install/ur_dashboard_msgs/include/ur_dashboard_msgs/ur_dashboard_msgs/srv/detail/get_robot_mode__type_support.c
[0.457s] -- Installing: /home/russell/ROS2_REPAS/install/ur_dashboard_msgs/include/ur_dashboard_msgs/ur_dashboard_msgs/srv/detail/get_loaded_program__type_support.c
[0.457s] -- Installing: /home/russell/ROS2_REPAS/install/ur_dashboard_msgs/include/ur_dashboard_msgs/ur_dashboard_msgs/srv/detail/popup__type_support.c
[0.457s] -- Up-to-date: /home/russell/ROS2_REPAS/install/ur_dashboard_msgs/include/ur_dashboard_msgs/ur_dashboard_msgs/srv/detail/get_loaded_program__rosidl_typesupport_introspection_c.h
[0.457s] -- Up-to-date: /home/russell/ROS2_REPAS/install/ur_dashboard_msgs/include/ur_dashboard_msgs/ur_dashboard_msgs/srv/detail/is_program_saved__rosidl_typesupport_introspection_c.h
[0.457s] -- Up-to-date: /home/russell/ROS2_REPAS/install/ur_dashboard_msgs/lib/libur_dashboard_msgs__rosidl_typesupport_introspection_c.so
[0.457s] -- Up-to-date: /home/russell/ROS2_REPAS/install/ur_dashboard_msgs/lib/libur_dashboard_msgs__rosidl_typesupport_c.so
[0.458s] -- Up-to-date: /home/russell/ROS2_REPAS/install/ur_dashboard_msgs/include/ur_dashboard_msgs/ur_dashboard_msgs
[0.458s] -- Up-to-date: /home/russell/ROS2_REPAS/install/ur_dashboard_msgs/include/ur_dashboard_msgs/ur_dashboard_msgs/msg
[0.458s] -- Up-to-date: /home/russell/ROS2_REPAS/install/ur_dashboard_msgs/include/ur_dashboard_msgs/ur_dashboard_msgs/msg/detail
[0.458s] -- Up-to-date: /home/russell/ROS2_REPAS/install/ur_dashboard_msgs/include/ur_dashboard_msgs/ur_dashboard_msgs/msg/detail/robot_mode__builder.hpp
[0.458s] -- Up-to-date: /home/russell/ROS2_REPAS/install/ur_dashboard_msgs/include/ur_dashboard_msgs/ur_dashboard_msgs/msg/detail/safety_mode__type_support.hpp
[0.458s] -- Up-to-date: /home/russell/ROS2_REPAS/install/ur_dashboard_msgs/include/ur_dashboard_msgs/ur_dashboard_msgs/msg/detail/robot_mode__struct.hpp
[0.458s] -- Up-to-date: /home/russell/ROS2_REPAS/install/ur_dashboard_msgs/include/ur_dashboard_msgs/ur_dashboard_msgs/msg/detail/safety_mode__struct.hpp
[0.458s] -- Up-to-date: /home/russell/ROS2_REPAS/install/ur_dashboard_msgs/include/ur_dashboard_msgs/ur_dashboard_msgs/msg/detail/safety_mode__builder.hpp
[0.458s] -- Up-to-date: /home/russell/ROS2_REPAS/install/ur_dashboard_msgs/include/ur_dashboard_msgs/ur_dashboard_msgs/msg/detail/program_state__builder.hpp
[0.458s] -- Up-to-date: /home/russell/ROS2_REPAS/install/ur_dashboard_msgs/include/ur_dashboard_msgs/ur_dashboard_msgs/msg/detail/robot_mode__type_support.hpp
[0.458s] -- Up-to-date: /home/russell/ROS2_REPAS/install/ur_dashboard_msgs/include/ur_dashboard_msgs/ur_dashboard_msgs/msg/detail/program_state__struct.hpp
[0.458s] -- Up-to-date: /home/russell/ROS2_REPAS/install/ur_dashboard_msgs/include/ur_dashboard_msgs/ur_dashboard_msgs/msg/detail/safety_mode__traits.hpp
[0.458s] -- Up-to-date: /home/russell/ROS2_REPAS/install/ur_dashboard_msgs/include/ur_dashboard_msgs/ur_dashboard_msgs/msg/detail/program_state__traits.hpp
[0.459s] -- Up-to-date: /home/russell/ROS2_REPAS/install/ur_dashboard_msgs/include/ur_dashboard_msgs/ur_dashboard_msgs/msg/detail/program_state__type_support.hpp
[0.459s] -- Up-to-date: /home/russell/ROS2_REPAS/install/ur_dashboard_msgs/include/ur_dashboard_msgs/ur_dashboard_msgs/msg/detail/robot_mode__traits.hpp
[0.459s] -- Up-to-date: /home/russell/ROS2_REPAS/install/ur_dashboard_msgs/include/ur_dashboard_msgs/ur_dashboard_msgs/msg/safety_mode.hpp
[0.459s] -- Up-to-date: /home/russell/ROS2_REPAS/install/ur_dashboard_msgs/include/ur_dashboard_msgs/ur_dashboard_msgs/msg/rosidl_generator_cpp__visibility_control.hpp
[0.459s] -- Up-to-date: /home/russell/ROS2_REPAS/install/ur_dashboard_msgs/include/ur_dashboard_msgs/ur_dashboard_msgs/msg/program_state.hpp
[0.459s] -- Up-to-date: /home/russell/ROS2_REPAS/install/ur_dashboard_msgs/include/ur_dashboard_msgs/ur_dashboard_msgs/msg/robot_mode.hpp
[0.459s] -- Up-to-date: /home/russell/ROS2_REPAS/install/ur_dashboard_msgs/include/ur_dashboard_msgs/ur_dashboard_msgs/action
[0.459s] -- Up-to-date: /home/russell/ROS2_REPAS/install/ur_dashboard_msgs/include/ur_dashboard_msgs/ur_dashboard_msgs/action/detail
[0.459s] -- Up-to-date: /home/russell/ROS2_REPAS/install/ur_dashboard_msgs/include/ur_dashboard_msgs/ur_dashboard_msgs/action/detail/set_mode__struct.hpp
[0.459s] -- Up-to-date: /home/russell/ROS2_REPAS/install/ur_dashboard_msgs/include/ur_dashboard_msgs/ur_dashboard_msgs/action/detail/set_mode__builder.hpp
[0.459s] -- Up-to-date: /home/russell/ROS2_REPAS/install/ur_dashboard_msgs/include/ur_dashboard_msgs/ur_dashboard_msgs/action/detail/set_mode__type_support.hpp
[0.459s] -- Up-to-date: /home/russell/ROS2_REPAS/install/ur_dashboard_msgs/include/ur_dashboard_msgs/ur_dashboard_msgs/action/detail/set_mode__traits.hpp
[0.459s] -- Up-to-date: /home/russell/ROS2_REPAS/install/ur_dashboard_msgs/include/ur_dashboard_msgs/ur_dashboard_msgs/action/set_mode.hpp
[0.459s] -- Up-to-date: /home/russell/ROS2_REPAS/install/ur_dashboard_msgs/include/ur_dashboard_msgs/ur_dashboard_msgs/srv
[0.460s] -- Up-to-date: /home/russell/ROS2_REPAS/install/ur_dashboard_msgs/include/ur_dashboard_msgs/ur_dashboard_msgs/srv/is_program_running.hpp
[0.460s] -- Up-to-date: /home/russell/ROS2_REPAS/install/ur_dashboard_msgs/include/ur_dashboard_msgs/ur_dashboard_msgs/srv/get_robot_mode.hpp
[0.460s] -- Up-to-date: /home/russell/ROS2_REPAS/install/ur_dashboard_msgs/include/ur_dashboard_msgs/ur_dashboard_msgs/srv/get_safety_mode.hpp
[0.460s] -- Up-to-date: /home/russell/ROS2_REPAS/install/ur_dashboard_msgs/include/ur_dashboard_msgs/ur_dashboard_msgs/srv/get_loaded_program.hpp
[0.460s] -- Up-to-date: /home/russell/ROS2_REPAS/install/ur_dashboard_msgs/include/ur_dashboard_msgs/ur_dashboard_msgs/srv/detail
[0.460s] -- Up-to-date: /home/russell/ROS2_REPAS/install/ur_dashboard_msgs/include/ur_dashboard_msgs/ur_dashboard_msgs/srv/detail/is_program_running__builder.hpp
[0.460s] -- Up-to-date: /home/russell/ROS2_REPAS/install/ur_dashboard_msgs/include/ur_dashboard_msgs/ur_dashboard_msgs/srv/detail/get_robot_mode__builder.hpp
[0.460s] -- Up-to-date: /home/russell/ROS2_REPAS/install/ur_dashboard_msgs/include/ur_dashboard_msgs/ur_dashboard_msgs/srv/detail/get_robot_mode__traits.hpp
[0.460s] -- Up-to-date: /home/russell/ROS2_REPAS/install/ur_dashboard_msgs/include/ur_dashboard_msgs/ur_dashboard_msgs/srv/detail/add_to_log__struct.hpp
[0.460s] -- Up-to-date: /home/russell/ROS2_REPAS/install/ur_dashboard_msgs/include/ur_dashboard_msgs/ur_dashboard_msgs/srv/detail/is_program_saved__traits.hpp
[0.460s] -- Up-to-date: /home/russell/ROS2_REPAS/install/ur_dashboard_msgs/include/ur_dashboard_msgs/ur_dashboard_msgs/srv/detail/raw_request__struct.hpp
[0.460s] -- Up-to-date: /home/russell/ROS2_REPAS/install/ur_dashboard_msgs/include/ur_dashboard_msgs/ur_dashboard_msgs/srv/detail/add_to_log__type_support.hpp
[0.460s] -- Up-to-date: /home/russell/ROS2_REPAS/install/ur_dashboard_msgs/include/ur_dashboard_msgs/ur_dashboard_msgs/srv/detail/is_program_saved__type_support.hpp
[0.460s] -- Up-to-date: /home/russell/ROS2_REPAS/install/ur_dashboard_msgs/include/ur_dashboard_msgs/ur_dashboard_msgs/srv/detail/add_to_log__traits.hpp
[0.460s] -- Up-to-date: /home/russell/ROS2_REPAS/install/ur_dashboard_msgs/include/ur_dashboard_msgs/ur_dashboard_msgs/srv/detail/get_safety_mode__traits.hpp
[0.461s] -- Up-to-date: /home/russell/ROS2_REPAS/install/ur_dashboard_msgs/include/ur_dashboard_msgs/ur_dashboard_msgs/srv/detail/popup__type_support.hpp
[0.461s] -- Up-to-date: /home/russell/ROS2_REPAS/install/ur_dashboard_msgs/include/ur_dashboard_msgs/ur_dashboard_msgs/srv/detail/get_safety_mode__builder.hpp
[0.461s] -- Up-to-date: /home/russell/ROS2_REPAS/install/ur_dashboard_msgs/include/ur_dashboard_msgs/ur_dashboard_msgs/srv/detail/add_to_log__builder.hpp
[0.461s] -- Up-to-date: /home/russell/ROS2_REPAS/install/ur_dashboard_msgs/include/ur_dashboard_msgs/ur_dashboard_msgs/srv/detail/load__traits.hpp
[0.461s] -- Up-to-date: /home/russell/ROS2_REPAS/install/ur_dashboard_msgs/include/ur_dashboard_msgs/ur_dashboard_msgs/srv/detail/raw_request__type_support.hpp
[0.461s] -- Up-to-date: /home/russell/ROS2_REPAS/install/ur_dashboard_msgs/include/ur_dashboard_msgs/ur_dashboard_msgs/srv/detail/is_program_saved__builder.hpp
[0.461s] -- Up-to-date: /home/russell/ROS2_REPAS/install/ur_dashboard_msgs/include/ur_dashboard_msgs/ur_dashboard_msgs/srv/detail/is_program_saved__struct.hpp
[0.461s] -- Up-to-date: /home/russell/ROS2_REPAS/install/ur_dashboard_msgs/include/ur_dashboard_msgs/ur_dashboard_msgs/srv/detail/raw_request__traits.hpp
[0.461s] -- Up-to-date: /home/russell/ROS2_REPAS/install/ur_dashboard_msgs/include/ur_dashboard_msgs/ur_dashboard_msgs/srv/detail/get_loaded_program__type_support.hpp
[0.461s] -- Up-to-date: /home/russell/ROS2_REPAS/install/ur_dashboard_msgs/include/ur_dashboard_msgs/ur_dashboard_msgs/srv/detail/raw_request__builder.hpp
[0.461s] -- Up-to-date: /home/russell/ROS2_REPAS/install/ur_dashboard_msgs/include/ur_dashboard_msgs/ur_dashboard_msgs/srv/detail/get_robot_mode__struct.hpp
[0.461s] -- Up-to-date: /home/russell/ROS2_REPAS/install/ur_dashboard_msgs/include/ur_dashboard_msgs/ur_dashboard_msgs/srv/detail/get_loaded_program__struct.hpp
[0.461s] -- Up-to-date: /home/russell/ROS2_REPAS/install/ur_dashboard_msgs/include/ur_dashboard_msgs/ur_dashboard_msgs/srv/detail/get_loaded_program__builder.hpp
[0.461s] -- Up-to-date: /home/russell/ROS2_REPAS/install/ur_dashboard_msgs/include/ur_dashboard_msgs/ur_dashboard_msgs/srv/detail/is_program_running__traits.hpp
[0.461s] -- Up-to-date: /home/russell/ROS2_REPAS/install/ur_dashboard_msgs/include/ur_dashboard_msgs/ur_dashboard_msgs/srv/detail/get_program_state__struct.hpp
[0.462s] -- Up-to-date: /home/russell/ROS2_REPAS/install/ur_dashboard_msgs/include/ur_dashboard_msgs/ur_dashboard_msgs/srv/detail/load__struct.hpp
[0.462s] -- Up-to-date: /home/russell/ROS2_REPAS/install/ur_dashboard_msgs/include/ur_dashboard_msgs/ur_dashboard_msgs/srv/detail/is_program_running__type_support.hpp
[0.462s] -- Up-to-date: /home/russell/ROS2_REPAS/install/ur_dashboard_msgs/include/ur_dashboard_msgs/ur_dashboard_msgs/srv/detail/get_program_state__type_support.hpp
[0.462s] -- Up-to-date: /home/russell/ROS2_REPAS/install/ur_dashboard_msgs/include/ur_dashboard_msgs/ur_dashboard_msgs/srv/detail/popup__struct.hpp
[0.462s] -- Up-to-date: /home/russell/ROS2_REPAS/install/ur_dashboard_msgs/include/ur_dashboard_msgs/ur_dashboard_msgs/srv/detail/get_loaded_program__traits.hpp
[0.462s] -- Up-to-date: /home/russell/ROS2_REPAS/install/ur_dashboard_msgs/include/ur_dashboard_msgs/ur_dashboard_msgs/srv/detail/load__type_support.hpp
[0.462s] -- Up-to-date: /home/russell/ROS2_REPAS/install/ur_dashboard_msgs/include/ur_dashboard_msgs/ur_dashboard_msgs/srv/detail/load__builder.hpp
[0.462s] -- Up-to-date: /home/russell/ROS2_REPAS/install/ur_dashboard_msgs/include/ur_dashboard_msgs/ur_dashboard_msgs/srv/detail/get_robot_mode__type_support.hpp
[0.462s] -- Up-to-date: /home/russell/ROS2_REPAS/install/ur_dashboard_msgs/include/ur_dashboard_msgs/ur_dashboard_msgs/srv/detail/popup__builder.hpp
[0.462s] -- Up-to-date: /home/russell/ROS2_REPAS/install/ur_dashboard_msgs/include/ur_dashboard_msgs/ur_dashboard_msgs/srv/detail/get_program_state__builder.hpp
[0.462s] -- Up-to-date: /home/russell/ROS2_REPAS/install/ur_dashboard_msgs/include/ur_dashboard_msgs/ur_dashboard_msgs/srv/detail/get_safety_mode__struct.hpp
[0.462s] -- Up-to-date: /home/russell/ROS2_REPAS/install/ur_dashboard_msgs/include/ur_dashboard_msgs/ur_dashboard_msgs/srv/detail/popup__traits.hpp
[0.462s] -- Up-to-date: /home/russell/ROS2_REPAS/install/ur_dashboard_msgs/include/ur_dashboard_msgs/ur_dashboard_msgs/srv/detail/get_program_state__traits.hpp
[0.463s] -- Up-to-date: /home/russell/ROS2_REPAS/install/ur_dashboard_msgs/include/ur_dashboard_msgs/ur_dashboard_msgs/srv/detail/is_program_running__struct.hpp
[0.463s] -- Up-to-date: /home/russell/ROS2_REPAS/install/ur_dashboard_msgs/include/ur_dashboard_msgs/ur_dashboard_msgs/srv/detail/get_safety_mode__type_support.hpp
[0.463s] -- Up-to-date: /home/russell/ROS2_REPAS/install/ur_dashboard_msgs/include/ur_dashboard_msgs/ur_dashboard_msgs/srv/get_program_state.hpp
[0.463s] -- Up-to-date: /home/russell/ROS2_REPAS/install/ur_dashboard_msgs/include/ur_dashboard_msgs/ur_dashboard_msgs/srv/popup.hpp
[0.463s] -- Up-to-date: /home/russell/ROS2_REPAS/install/ur_dashboard_msgs/include/ur_dashboard_msgs/ur_dashboard_msgs/srv/raw_request.hpp
[0.463s] -- Up-to-date: /home/russell/ROS2_REPAS/install/ur_dashboard_msgs/include/ur_dashboard_msgs/ur_dashboard_msgs/srv/add_to_log.hpp
[0.463s] -- Up-to-date: /home/russell/ROS2_REPAS/install/ur_dashboard_msgs/include/ur_dashboard_msgs/ur_dashboard_msgs/srv/is_program_saved.hpp
[0.463s] -- Up-to-date: /home/russell/ROS2_REPAS/install/ur_dashboard_msgs/include/ur_dashboard_msgs/ur_dashboard_msgs/srv/load.hpp
[0.463s] -- Up-to-date: /home/russell/ROS2_REPAS/install/ur_dashboard_msgs/include/ur_dashboard_msgs/ur_dashboard_msgs
[0.463s] -- Up-to-date: /home/russell/ROS2_REPAS/install/ur_dashboard_msgs/include/ur_dashboard_msgs/ur_dashboard_msgs/msg
[0.463s] -- Up-to-date: /home/russell/ROS2_REPAS/install/ur_dashboard_msgs/include/ur_dashboard_msgs/ur_dashboard_msgs/msg/detail
[0.463s] -- Up-to-date: /home/russell/ROS2_REPAS/install/ur_dashboard_msgs/include/ur_dashboard_msgs/ur_dashboard_msgs/msg/detail/robot_mode__rosidl_typesupport_fastrtps_cpp.hpp
[0.463s] -- Up-to-date: /home/russell/ROS2_REPAS/install/ur_dashboard_msgs/include/ur_dashboard_msgs/ur_dashboard_msgs/msg/detail/safety_mode__rosidl_typesupport_fastrtps_cpp.hpp
[0.463s] -- Up-to-date: /home/russell/ROS2_REPAS/install/ur_dashboard_msgs/include/ur_dashboard_msgs/ur_dashboard_msgs/msg/detail/program_state__rosidl_typesupport_fastrtps_cpp.hpp
[0.464s] -- Up-to-date: /home/russell/ROS2_REPAS/install/ur_dashboard_msgs/include/ur_dashboard_msgs/ur_dashboard_msgs/msg/detail/dds_fastrtps
[0.464s] -- Up-to-date: /home/russell/ROS2_REPAS/install/ur_dashboard_msgs/include/ur_dashboard_msgs/ur_dashboard_msgs/msg/rosidl_typesupport_fastrtps_cpp__visibility_control.h
[0.464s] -- Up-to-date: /home/russell/ROS2_REPAS/install/ur_dashboard_msgs/include/ur_dashboard_msgs/ur_dashboard_msgs/action
[0.464s] -- Up-to-date: /home/russell/ROS2_REPAS/install/ur_dashboard_msgs/include/ur_dashboard_msgs/ur_dashboard_msgs/action/detail
[0.464s] -- Up-to-date: /home/russell/ROS2_REPAS/install/ur_dashboard_msgs/include/ur_dashboard_msgs/ur_dashboard_msgs/action/detail/set_mode__rosidl_typesupport_fastrtps_cpp.hpp
[0.464s] -- Up-to-date: /home/russell/ROS2_REPAS/install/ur_dashboard_msgs/include/ur_dashboard_msgs/ur_dashboard_msgs/action/detail/dds_fastrtps
[0.464s] -- Up-to-date: /home/russell/ROS2_REPAS/install/ur_dashboard_msgs/include/ur_dashboard_msgs/ur_dashboard_msgs/srv
[0.464s] -- Up-to-date: /home/russell/ROS2_REPAS/install/ur_dashboard_msgs/include/ur_dashboard_msgs/ur_dashboard_msgs/srv/detail
[0.464s] -- Up-to-date: /home/russell/ROS2_REPAS/install/ur_dashboard_msgs/include/ur_dashboard_msgs/ur_dashboard_msgs/srv/detail/get_program_state__rosidl_typesupport_fastrtps_cpp.hpp
[0.464s] -- Up-to-date: /home/russell/ROS2_REPAS/install/ur_dashboard_msgs/include/ur_dashboard_msgs/ur_dashboard_msgs/srv/detail/get_loaded_program__rosidl_typesupport_fastrtps_cpp.hpp
[0.464s] -- Up-to-date: /home/russell/ROS2_REPAS/install/ur_dashboard_msgs/include/ur_dashboard_msgs/ur_dashboard_msgs/srv/detail/popup__rosidl_typesupport_fastrtps_cpp.hpp
[0.464s] -- Up-to-date: /home/russell/ROS2_REPAS/install/ur_dashboard_msgs/include/ur_dashboard_msgs/ur_dashboard_msgs/srv/detail/raw_request__rosidl_typesupport_fastrtps_cpp.hpp
[0.464s] -- Up-to-date: /home/russell/ROS2_REPAS/install/ur_dashboard_msgs/include/ur_dashboard_msgs/ur_dashboard_msgs/srv/detail/is_program_running__rosidl_typesupport_fastrtps_cpp.hpp
[0.465s] -- Up-to-date: /home/russell/ROS2_REPAS/install/ur_dashboard_msgs/include/ur_dashboard_msgs/ur_dashboard_msgs/srv/detail/is_program_saved__rosidl_typesupport_fastrtps_cpp.hpp
[0.465s] -- Up-to-date: /home/russell/ROS2_REPAS/install/ur_dashboard_msgs/include/ur_dashboard_msgs/ur_dashboard_msgs/srv/detail/get_robot_mode__rosidl_typesupport_fastrtps_cpp.hpp
[0.465s] -- Up-to-date: /home/russell/ROS2_REPAS/install/ur_dashboard_msgs/include/ur_dashboard_msgs/ur_dashboard_msgs/srv/detail/dds_fastrtps
[0.465s] -- Up-to-date: /home/russell/ROS2_REPAS/install/ur_dashboard_msgs/include/ur_dashboard_msgs/ur_dashboard_msgs/srv/detail/get_safety_mode__rosidl_typesupport_fastrtps_cpp.hpp
[0.465s] -- Up-to-date: /home/russell/ROS2_REPAS/install/ur_dashboard_msgs/include/ur_dashboard_msgs/ur_dashboard_msgs/srv/detail/add_to_log__rosidl_typesupport_fastrtps_cpp.hpp
[0.465s] -- Up-to-date: /home/russell/ROS2_REPAS/install/ur_dashboard_msgs/include/ur_dashboard_msgs/ur_dashboard_msgs/srv/detail/load__rosidl_typesupport_fastrtps_cpp.hpp
[0.465s] -- Up-to-date: /home/russell/ROS2_REPAS/install/ur_dashboard_msgs/lib/libur_dashboard_msgs__rosidl_typesupport_fastrtps_cpp.so
[0.465s] -- Up-to-date: /home/russell/ROS2_REPAS/install/ur_dashboard_msgs/include/ur_dashboard_msgs/ur_dashboard_msgs
[0.465s] -- Up-to-date: /home/russell/ROS2_REPAS/install/ur_dashboard_msgs/include/ur_dashboard_msgs/ur_dashboard_msgs/msg
[0.465s] -- Up-to-date: /home/russell/ROS2_REPAS/install/ur_dashboard_msgs/include/ur_dashboard_msgs/ur_dashboard_msgs/msg/detail
[0.465s] -- Up-to-date: /home/russell/ROS2_REPAS/install/ur_dashboard_msgs/include/ur_dashboard_msgs/ur_dashboard_msgs/msg/detail/robot_mode__type_support.cpp
[0.465s] -- Up-to-date: /home/russell/ROS2_REPAS/install/ur_dashboard_msgs/include/ur_dashboard_msgs/ur_dashboard_msgs/msg/detail/safety_mode__type_support.cpp
[0.465s] -- Up-to-date: /home/russell/ROS2_REPAS/install/ur_dashboard_msgs/include/ur_dashboard_msgs/ur_dashboard_msgs/msg/detail/safety_mode__rosidl_typesupport_introspection_cpp.hpp
[0.465s] -- Up-to-date: /home/russell/ROS2_REPAS/install/ur_dashboard_msgs/include/ur_dashboard_msgs/ur_dashboard_msgs/msg/detail/program_state__type_support.cpp
[0.465s] -- Up-to-date: /home/russell/ROS2_REPAS/install/ur_dashboard_msgs/include/ur_dashboard_msgs/ur_dashboard_msgs/msg/detail/program_state__rosidl_typesupport_introspection_cpp.hpp
[0.465s] -- Up-to-date: /home/russell/ROS2_REPAS/install/ur_dashboard_msgs/include/ur_dashboard_msgs/ur_dashboard_msgs/msg/detail/robot_mode__rosidl_typesupport_introspection_cpp.hpp
[0.465s] -- Up-to-date: /home/russell/ROS2_REPAS/install/ur_dashboard_msgs/include/ur_dashboard_msgs/ur_dashboard_msgs/action
[0.466s] -- Up-to-date: /home/russell/ROS2_REPAS/install/ur_dashboard_msgs/include/ur_dashboard_msgs/ur_dashboard_msgs/action/detail
[0.466s] -- Up-to-date: /home/russell/ROS2_REPAS/install/ur_dashboard_msgs/include/ur_dashboard_msgs/ur_dashboard_msgs/action/detail/set_mode__rosidl_typesupport_introspection_cpp.hpp
[0.466s] -- Up-to-date: /home/russell/ROS2_REPAS/install/ur_dashboard_msgs/include/ur_dashboard_msgs/ur_dashboard_msgs/action/detail/set_mode__type_support.cpp
[0.466s] -- Up-to-date: /home/russell/ROS2_REPAS/install/ur_dashboard_msgs/include/ur_dashboard_msgs/ur_dashboard_msgs/srv
[0.466s] -- Up-to-date: /home/russell/ROS2_REPAS/install/ur_dashboard_msgs/include/ur_dashboard_msgs/ur_dashboard_msgs/srv/detail
[0.466s] -- Up-to-date: /home/russell/ROS2_REPAS/install/ur_dashboard_msgs/include/ur_dashboard_msgs/ur_dashboard_msgs/srv/detail/is_program_saved__type_support.cpp
[0.466s] -- Up-to-date: /home/russell/ROS2_REPAS/install/ur_dashboard_msgs/include/ur_dashboard_msgs/ur_dashboard_msgs/srv/detail/get_safety_mode__type_support.cpp
[0.466s] -- Up-to-date: /home/russell/ROS2_REPAS/install/ur_dashboard_msgs/include/ur_dashboard_msgs/ur_dashboard_msgs/srv/detail/popup__rosidl_typesupport_introspection_cpp.hpp
[0.466s] -- Up-to-date: /home/russell/ROS2_REPAS/install/ur_dashboard_msgs/include/ur_dashboard_msgs/ur_dashboard_msgs/srv/detail/get_program_state__rosidl_typesupport_introspection_cpp.hpp
[0.466s] -- Up-to-date: /home/russell/ROS2_REPAS/install/ur_dashboard_msgs/include/ur_dashboard_msgs/ur_dashboard_msgs/srv/detail/raw_request__type_support.cpp
[0.466s] -- Up-to-date: /home/russell/ROS2_REPAS/install/ur_dashboard_msgs/include/ur_dashboard_msgs/ur_dashboard_msgs/srv/detail/is_program_running__rosidl_typesupport_introspection_cpp.hpp
[0.466s] -- Up-to-date: /home/russell/ROS2_REPAS/install/ur_dashboard_msgs/include/ur_dashboard_msgs/ur_dashboard_msgs/srv/detail/popup__type_support.cpp
[0.466s] -- Up-to-date: /home/russell/ROS2_REPAS/install/ur_dashboard_msgs/include/ur_dashboard_msgs/ur_dashboard_msgs/srv/detail/get_robot_mode__type_support.cpp
[0.466s] -- Up-to-date: /home/russell/ROS2_REPAS/install/ur_dashboard_msgs/include/ur_dashboard_msgs/ur_dashboard_msgs/srv/detail/get_loaded_program__type_support.cpp
[0.466s] -- Up-to-date: /home/russell/ROS2_REPAS/install/ur_dashboard_msgs/include/ur_dashboard_msgs/ur_dashboard_msgs/srv/detail/add_to_log__type_support.cpp
[0.466s] -- Up-to-date: /home/russell/ROS2_REPAS/install/ur_dashboard_msgs/include/ur_dashboard_msgs/ur_dashboard_msgs/srv/detail/get_program_state__type_support.cpp
[0.467s] -- Up-to-date: /home/russell/ROS2_REPAS/install/ur_dashboard_msgs/include/ur_dashboard_msgs/ur_dashboard_msgs/srv/detail/get_loaded_program__rosidl_typesupport_introspection_cpp.hpp
[0.467s] -- Up-to-date: /home/russell/ROS2_REPAS/install/ur_dashboard_msgs/include/ur_dashboard_msgs/ur_dashboard_msgs/srv/detail/add_to_log__rosidl_typesupport_introspection_cpp.hpp
[0.467s] -- Up-to-date: /home/russell/ROS2_REPAS/install/ur_dashboard_msgs/include/ur_dashboard_msgs/ur_dashboard_msgs/srv/detail/load__rosidl_typesupport_introspection_cpp.hpp
[0.467s] -- Up-to-date: /home/russell/ROS2_REPAS/install/ur_dashboard_msgs/include/ur_dashboard_msgs/ur_dashboard_msgs/srv/detail/raw_request__rosidl_typesupport_introspection_cpp.hpp
[0.467s] -- Up-to-date: /home/russell/ROS2_REPAS/install/ur_dashboard_msgs/include/ur_dashboard_msgs/ur_dashboard_msgs/srv/detail/get_safety_mode__rosidl_typesupport_introspection_cpp.hpp
[0.467s] -- Up-to-date: /home/russell/ROS2_REPAS/install/ur_dashboard_msgs/include/ur_dashboard_msgs/ur_dashboard_msgs/srv/detail/get_robot_mode__rosidl_typesupport_introspection_cpp.hpp
[0.467s] -- Up-to-date: /home/russell/ROS2_REPAS/install/ur_dashboard_msgs/include/ur_dashboard_msgs/ur_dashboard_msgs/srv/detail/load__type_support.cpp
[0.467s] -- Up-to-date: /home/russell/ROS2_REPAS/install/ur_dashboard_msgs/include/ur_dashboard_msgs/ur_dashboard_msgs/srv/detail/is_program_saved__rosidl_typesupport_introspection_cpp.hpp
[0.467s] -- Up-to-date: /home/russell/ROS2_REPAS/install/ur_dashboard_msgs/include/ur_dashboard_msgs/ur_dashboard_msgs/srv/detail/is_program_running__type_support.cpp
[0.467s] -- Up-to-date: /home/russell/ROS2_REPAS/install/ur_dashboard_msgs/lib/libur_dashboard_msgs__rosidl_typesupport_introspection_cpp.so
[0.467s] -- Up-to-date: /home/russell/ROS2_REPAS/install/ur_dashboard_msgs/lib/libur_dashboard_msgs__rosidl_typesupport_cpp.so
[0.467s] -- Up-to-date: /home/russell/ROS2_REPAS/install/ur_dashboard_msgs/share/ur_dashboard_msgs/environment/pythonpath.sh
[0.467s] -- Up-to-date: /home/russell/ROS2_REPAS/install/ur_dashboard_msgs/share/ur_dashboard_msgs/environment/pythonpath.dsv
[0.467s] -- Up-to-date: /home/russell/ROS2_REPAS/install/ur_dashboard_msgs/lib/python3.12/site-packages/ur_dashboard_msgs-3.2.1-py3.12.egg-info
[0.467s] -- Installing: /home/russell/ROS2_REPAS/install/ur_dashboard_msgs/lib/python3.12/site-packages/ur_dashboard_msgs-3.2.1-py3.12.egg-info/dependency_links.txt
[0.467s] -- Installing: /home/russell/ROS2_REPAS/install/ur_dashboard_msgs/lib/python3.12/site-packages/ur_dashboard_msgs-3.2.1-py3.12.egg-info/PKG-INFO
[0.468s] -- Installing: /home/russell/ROS2_REPAS/install/ur_dashboard_msgs/lib/python3.12/site-packages/ur_dashboard_msgs-3.2.1-py3.12.egg-info/SOURCES.txt
[0.468s] -- Installing: /home/russell/ROS2_REPAS/install/ur_dashboard_msgs/lib/python3.12/site-packages/ur_dashboard_msgs-3.2.1-py3.12.egg-info/top_level.txt
[0.468s] -- Up-to-date: /home/russell/ROS2_REPAS/install/ur_dashboard_msgs/lib/python3.12/site-packages/ur_dashboard_msgs
[0.468s] -- Up-to-date: /home/russell/ROS2_REPAS/install/ur_dashboard_msgs/lib/python3.12/site-packages/ur_dashboard_msgs/ur_dashboard_msgs_s__rosidl_typesupport_c.so
[0.468s] -- Up-to-date: /home/russell/ROS2_REPAS/install/ur_dashboard_msgs/lib/python3.12/site-packages/ur_dashboard_msgs/msg
[0.468s] -- Up-to-date: /home/russell/ROS2_REPAS/install/ur_dashboard_msgs/lib/python3.12/site-packages/ur_dashboard_msgs/msg/_robot_mode_s.c
[0.468s] -- Up-to-date: /home/russell/ROS2_REPAS/install/ur_dashboard_msgs/lib/python3.12/site-packages/ur_dashboard_msgs/msg/_safety_mode_s.c
[0.468s] -- Up-to-date: /home/russell/ROS2_REPAS/install/ur_dashboard_msgs/lib/python3.12/site-packages/ur_dashboard_msgs/msg/_robot_mode.py
[0.468s] -- Up-to-date: /home/russell/ROS2_REPAS/install/ur_dashboard_msgs/lib/python3.12/site-packages/ur_dashboard_msgs/msg/__init__.py
[0.468s] -- Up-to-date: /home/russell/ROS2_REPAS/install/ur_dashboard_msgs/lib/python3.12/site-packages/ur_dashboard_msgs/msg/_program_state_s.c
[0.468s] -- Up-to-date: /home/russell/ROS2_REPAS/install/ur_dashboard_msgs/lib/python3.12/site-packages/ur_dashboard_msgs/msg/_safety_mode.py
[0.468s] -- Up-to-date: /home/russell/ROS2_REPAS/install/ur_dashboard_msgs/lib/python3.12/site-packages/ur_dashboard_msgs/msg/_program_state.py
[0.468s] -- Up-to-date: /home/russell/ROS2_REPAS/install/ur_dashboard_msgs/lib/python3.12/site-packages/ur_dashboard_msgs/action
[0.468s] -- Up-to-date: /home/russell/ROS2_REPAS/install/ur_dashboard_msgs/lib/python3.12/site-packages/ur_dashboard_msgs/action/_set_mode.py
[0.468s] -- Up-to-date: /home/russell/ROS2_REPAS/install/ur_dashboard_msgs/lib/python3.12/site-packages/ur_dashboard_msgs/action/_set_mode_s.c
[0.468s] -- Up-to-date: /home/russell/ROS2_REPAS/install/ur_dashboard_msgs/lib/python3.12/site-packages/ur_dashboard_msgs/action/__init__.py
[0.468s] -- Up-to-date: /home/russell/ROS2_REPAS/install/ur_dashboard_msgs/lib/python3.12/site-packages/ur_dashboard_msgs/ur_dashboard_msgs_s__rosidl_typesupport_fastrtps_c.so
[0.468s] -- Up-to-date: /home/russell/ROS2_REPAS/install/ur_dashboard_msgs/lib/python3.12/site-packages/ur_dashboard_msgs/srv
[0.469s] -- Up-to-date: /home/russell/ROS2_REPAS/install/ur_dashboard_msgs/lib/python3.12/site-packages/ur_dashboard_msgs/srv/_get_robot_mode.py
[0.469s] -- Up-to-date: /home/russell/ROS2_REPAS/install/ur_dashboard_msgs/lib/python3.12/site-packages/ur_dashboard_msgs/srv/_load.py
[0.469s] -- Up-to-date: /home/russell/ROS2_REPAS/install/ur_dashboard_msgs/lib/python3.12/site-packages/ur_dashboard_msgs/srv/_get_safety_mode.py
[0.469s] -- Up-to-date: /home/russell/ROS2_REPAS/install/ur_dashboard_msgs/lib/python3.12/site-packages/ur_dashboard_msgs/srv/_is_program_running.py
[0.469s] -- Up-to-date: /home/russell/ROS2_REPAS/install/ur_dashboard_msgs/lib/python3.12/site-packages/ur_dashboard_msgs/srv/_get_program_state_s.c
[0.469s] -- Up-to-date: /home/russell/ROS2_REPAS/install/ur_dashboard_msgs/lib/python3.12/site-packages/ur_dashboard_msgs/srv/_get_safety_mode_s.c
[0.469s] -- Up-to-date: /home/russell/ROS2_REPAS/install/ur_dashboard_msgs/lib/python3.12/site-packages/ur_dashboard_msgs/srv/_raw_request_s.c
[0.469s] -- Up-to-date: /home/russell/ROS2_REPAS/install/ur_dashboard_msgs/lib/python3.12/site-packages/ur_dashboard_msgs/srv/_load_s.c
[0.469s] -- Up-to-date: /home/russell/ROS2_REPAS/install/ur_dashboard_msgs/lib/python3.12/site-packages/ur_dashboard_msgs/srv/_get_loaded_program.py
[0.469s] -- Up-to-date: /home/russell/ROS2_REPAS/install/ur_dashboard_msgs/lib/python3.12/site-packages/ur_dashboard_msgs/srv/_add_to_log.py
[0.469s] -- Up-to-date: /home/russell/ROS2_REPAS/install/ur_dashboard_msgs/lib/python3.12/site-packages/ur_dashboard_msgs/srv/_get_loaded_program_s.c
[0.469s] -- Up-to-date: /home/russell/ROS2_REPAS/install/ur_dashboard_msgs/lib/python3.12/site-packages/ur_dashboard_msgs/srv/_get_robot_mode_s.c
[0.469s] -- Up-to-date: /home/russell/ROS2_REPAS/install/ur_dashboard_msgs/lib/python3.12/site-packages/ur_dashboard_msgs/srv/_get_program_state.py
[0.469s] -- Up-to-date: /home/russell/ROS2_REPAS/install/ur_dashboard_msgs/lib/python3.12/site-packages/ur_dashboard_msgs/srv/_is_program_saved.py
[0.469s] -- Up-to-date: /home/russell/ROS2_REPAS/install/ur_dashboard_msgs/lib/python3.12/site-packages/ur_dashboard_msgs/srv/_is_program_saved_s.c
[0.469s] -- Up-to-date: /home/russell/ROS2_REPAS/install/ur_dashboard_msgs/lib/python3.12/site-packages/ur_dashboard_msgs/srv/_is_program_running_s.c
[0.469s] -- Up-to-date: /home/russell/ROS2_REPAS/install/ur_dashboard_msgs/lib/python3.12/site-packages/ur_dashboard_msgs/srv/__init__.py
[0.470s] -- Up-to-date: /home/russell/ROS2_REPAS/install/ur_dashboard_msgs/lib/python3.12/site-packages/ur_dashboard_msgs/srv/_raw_request.py
[0.470s] -- Up-to-date: /home/russell/ROS2_REPAS/install/ur_dashboard_msgs/lib/python3.12/site-packages/ur_dashboard_msgs/srv/_popup.py
[0.470s] -- Up-to-date: /home/russell/ROS2_REPAS/install/ur_dashboard_msgs/lib/python3.12/site-packages/ur_dashboard_msgs/srv/_popup_s.c
[0.470s] -- Up-to-date: /home/russell/ROS2_REPAS/install/ur_dashboard_msgs/lib/python3.12/site-packages/ur_dashboard_msgs/srv/_add_to_log_s.c
[0.470s] -- Up-to-date: /home/russell/ROS2_REPAS/install/ur_dashboard_msgs/lib/python3.12/site-packages/ur_dashboard_msgs/_ur_dashboard_msgs_s.ep.rosidl_typesupport_c.c
[0.470s] -- Up-to-date: /home/russell/ROS2_REPAS/install/ur_dashboard_msgs/lib/python3.12/site-packages/ur_dashboard_msgs/ur_dashboard_msgs_s__rosidl_typesupport_introspection_c.so
[0.470s] -- Up-to-date: /home/russell/ROS2_REPAS/install/ur_dashboard_msgs/lib/python3.12/site-packages/ur_dashboard_msgs/__init__.py
[0.470s] -- Up-to-date: /home/russell/ROS2_REPAS/install/ur_dashboard_msgs/lib/python3.12/site-packages/ur_dashboard_msgs/_ur_dashboard_msgs_s.ep.rosidl_typesupport_fastrtps_c.c
[0.470s] -- Up-to-date: /home/russell/ROS2_REPAS/install/ur_dashboard_msgs/lib/python3.12/site-packages/ur_dashboard_msgs/_ur_dashboard_msgs_s.ep.rosidl_typesupport_introspection_c.c
[0.495s] Listing '/home/russell/ROS2_REPAS/install/ur_dashboard_msgs/lib/python3.12/site-packages/ur_dashboard_msgs'...
[0.495s] Listing '/home/russell/ROS2_REPAS/install/ur_dashboard_msgs/lib/python3.12/site-packages/ur_dashboard_msgs/action'...
[0.495s] Listing '/home/russell/ROS2_REPAS/install/ur_dashboard_msgs/lib/python3.12/site-packages/ur_dashboard_msgs/msg'...
[0.496s] Listing '/home/russell/ROS2_REPAS/install/ur_dashboard_msgs/lib/python3.12/site-packages/ur_dashboard_msgs/srv'...
[0.500s] -- Up-to-date: /home/russell/ROS2_REPAS/install/ur_dashboard_msgs/lib/python3.12/site-packages/ur_dashboard_msgs/ur_dashboard_msgs_s__rosidl_typesupport_fastrtps_c.so
[0.500s] -- Up-to-date: /home/russell/ROS2_REPAS/install/ur_dashboard_msgs/lib/python3.12/site-packages/ur_dashboard_msgs/ur_dashboard_msgs_s__rosidl_typesupport_introspection_c.so
[0.500s] -- Up-to-date: /home/russell/ROS2_REPAS/install/ur_dashboard_msgs/lib/python3.12/site-packages/ur_dashboard_msgs/ur_dashboard_msgs_s__rosidl_typesupport_c.so
[0.501s] -- Up-to-date: /home/russell/ROS2_REPAS/install/ur_dashboard_msgs/lib/libur_dashboard_msgs__rosidl_generator_py.so
[0.501s] -- Up-to-date: /home/russell/ROS2_REPAS/install/ur_dashboard_msgs/share/ur_dashboard_msgs/msg/ProgramState.idl
[0.501s] -- Up-to-date: /home/russell/ROS2_REPAS/install/ur_dashboard_msgs/share/ur_dashboard_msgs/msg/RobotMode.idl
[0.501s] -- Up-to-date: /home/russell/ROS2_REPAS/install/ur_dashboard_msgs/share/ur_dashboard_msgs/msg/SafetyMode.idl
[0.502s] -- Up-to-date: /home/russell/ROS2_REPAS/install/ur_dashboard_msgs/share/ur_dashboard_msgs/srv/AddToLog.idl
[0.502s] -- Up-to-date: /home/russell/ROS2_REPAS/install/ur_dashboard_msgs/share/ur_dashboard_msgs/srv/GetLoadedProgram.idl
[0.502s] -- Up-to-date: /home/russell/ROS2_REPAS/install/ur_dashboard_msgs/share/ur_dashboard_msgs/srv/GetProgramState.idl
[0.502s] -- Up-to-date: /home/russell/ROS2_REPAS/install/ur_dashboard_msgs/share/ur_dashboard_msgs/srv/GetRobotMode.idl
[0.502s] -- Up-to-date: /home/russell/ROS2_REPAS/install/ur_dashboard_msgs/share/ur_dashboard_msgs/srv/GetSafetyMode.idl
[0.502s] -- Up-to-date: /home/russell/ROS2_REPAS/install/ur_dashboard_msgs/share/ur_dashboard_msgs/srv/IsProgramRunning.idl
[0.502s] -- Up-to-date: /home/russell/ROS2_REPAS/install/ur_dashboard_msgs/share/ur_dashboard_msgs/srv/IsProgramSaved.idl
[0.503s] -- Up-to-date: /home/russell/ROS2_REPAS/install/ur_dashboard_msgs/share/ur_dashboard_msgs/srv/Load.idl
[0.503s] -- Up-to-date: /home/russell/ROS2_REPAS/install/ur_dashboard_msgs/share/ur_dashboard_msgs/srv/Popup.idl
[0.503s] -- Up-to-date: /home/russell/ROS2_REPAS/install/ur_dashboard_msgs/share/ur_dashboard_msgs/srv/RawRequest.idl
[0.503s] -- Up-to-date: /home/russell/ROS2_REPAS/install/ur_dashboard_msgs/share/ur_dashboard_msgs/action/SetMode.idl
[0.503s] -- Up-to-date: /home/russell/ROS2_REPAS/install/ur_dashboard_msgs/share/ur_dashboard_msgs/msg/ProgramState.msg
[0.503s] -- Up-to-date: /home/russell/ROS2_REPAS/install/ur_dashboard_msgs/share/ur_dashboard_msgs/msg/RobotMode.msg
[0.503s] -- Up-to-date: /home/russell/ROS2_REPAS/install/ur_dashboard_msgs/share/ur_dashboard_msgs/msg/SafetyMode.msg
[0.503s] -- Up-to-date: /home/russell/ROS2_REPAS/install/ur_dashboard_msgs/share/ur_dashboard_msgs/srv/AddToLog.srv
[0.503s] -- Up-to-date: /home/russell/ROS2_REPAS/install/ur_dashboard_msgs/share/ur_dashboard_msgs/srv/GetLoadedProgram.srv
[0.503s] -- Up-to-date: /home/russell/ROS2_REPAS/install/ur_dashboard_msgs/share/ur_dashboard_msgs/srv/GetProgramState.srv
[0.504s] -- Up-to-date: /home/russell/ROS2_REPAS/install/ur_dashboard_msgs/share/ur_dashboard_msgs/srv/GetRobotMode.srv
[0.504s] -- Up-to-date: /home/russell/ROS2_REPAS/install/ur_dashboard_msgs/share/ur_dashboard_msgs/srv/GetSafetyMode.srv
[0.504s] -- Up-to-date: /home/russell/ROS2_REPAS/install/ur_dashboard_msgs/share/ur_dashboard_msgs/srv/IsProgramRunning.srv
[0.504s] -- Up-to-date: /home/russell/ROS2_REPAS/install/ur_dashboard_msgs/share/ur_dashboard_msgs/srv/IsProgramSaved.srv
[0.504s] -- Up-to-date: /home/russell/ROS2_REPAS/install/ur_dashboard_msgs/share/ur_dashboard_msgs/srv/Load.srv
[0.504s] -- Up-to-date: /home/russell/ROS2_REPAS/install/ur_dashboard_msgs/share/ur_dashboard_msgs/srv/Popup.srv
[0.504s] -- Up-to-date: /home/russell/ROS2_REPAS/install/ur_dashboard_msgs/share/ur_dashboard_msgs/srv/RawRequest.srv
[0.504s] -- Up-to-date: /home/russell/ROS2_REPAS/install/ur_dashboard_msgs/share/ur_dashboard_msgs/action/SetMode.action
[0.505s] -- Up-to-date: /home/russell/ROS2_REPAS/install/ur_dashboard_msgs/share/ament_index/resource_index/package_run_dependencies/ur_dashboard_msgs
[0.505s] -- Up-to-date: /home/russell/ROS2_REPAS/install/ur_dashboard_msgs/share/ament_index/resource_index/parent_prefix_path/ur_dashboard_msgs
[0.505s] -- Up-to-date: /home/russell/ROS2_REPAS/install/ur_dashboard_msgs/share/ur_dashboard_msgs/environment/ament_prefix_path.sh
[0.505s] -- Up-to-date: /home/russell/ROS2_REPAS/install/ur_dashboard_msgs/share/ur_dashboard_msgs/environment/ament_prefix_path.dsv
[0.505s] -- Up-to-date: /home/russell/ROS2_REPAS/install/ur_dashboard_msgs/share/ur_dashboard_msgs/environment/path.sh
[0.505s] -- Up-to-date: /home/russell/ROS2_REPAS/install/ur_dashboard_msgs/share/ur_dashboard_msgs/environment/path.dsv
[0.505s] -- Up-to-date: /home/russell/ROS2_REPAS/install/ur_dashboard_msgs/share/ur_dashboard_msgs/local_setup.bash
[0.505s] -- Up-to-date: /home/russell/ROS2_REPAS/install/ur_dashboard_msgs/share/ur_dashboard_msgs/local_setup.sh
[0.505s] -- Up-to-date: /home/russell/ROS2_REPAS/install/ur_dashboard_msgs/share/ur_dashboard_msgs/local_setup.zsh
[0.506s] -- Up-to-date: /home/russell/ROS2_REPAS/install/ur_dashboard_msgs/share/ur_dashboard_msgs/local_setup.dsv
[0.506s] -- Installing: /home/russell/ROS2_REPAS/install/ur_dashboard_msgs/share/ur_dashboard_msgs/package.dsv
[0.506s] -- Up-to-date: /home/russell/ROS2_REPAS/install/ur_dashboard_msgs/share/ament_index/resource_index/packages/ur_dashboard_msgs
[0.506s] -- Up-to-date: /home/russell/ROS2_REPAS/install/ur_dashboard_msgs/share/ur_dashboard_msgs/cmake/export_ur_dashboard_msgs__rosidl_generator_cExport.cmake
[0.506s] -- Up-to-date: /home/russell/ROS2_REPAS/install/ur_dashboard_msgs/share/ur_dashboard_msgs/cmake/export_ur_dashboard_msgs__rosidl_generator_cExport-noconfig.cmake
[0.506s] -- Up-to-date: /home/russell/ROS2_REPAS/install/ur_dashboard_msgs/share/ur_dashboard_msgs/cmake/export_ur_dashboard_msgs__rosidl_typesupport_fastrtps_cExport.cmake
[0.506s] -- Up-to-date: /home/russell/ROS2_REPAS/install/ur_dashboard_msgs/share/ur_dashboard_msgs/cmake/export_ur_dashboard_msgs__rosidl_typesupport_fastrtps_cExport-noconfig.cmake
[0.506s] -- Up-to-date: /home/russell/ROS2_REPAS/install/ur_dashboard_msgs/share/ur_dashboard_msgs/cmake/ur_dashboard_msgs__rosidl_typesupport_introspection_cExport.cmake
[0.506s] -- Up-to-date: /home/russell/ROS2_REPAS/install/ur_dashboard_msgs/share/ur_dashboard_msgs/cmake/ur_dashboard_msgs__rosidl_typesupport_introspection_cExport-noconfig.cmake
[0.506s] -- Up-to-date: /home/russell/ROS2_REPAS/install/ur_dashboard_msgs/share/ur_dashboard_msgs/cmake/ur_dashboard_msgs__rosidl_typesupport_cExport.cmake
[0.506s] -- Up-to-date: /home/russell/ROS2_REPAS/install/ur_dashboard_msgs/share/ur_dashboard_msgs/cmake/ur_dashboard_msgs__rosidl_typesupport_cExport-noconfig.cmake
[0.507s] -- Up-to-date: /home/russell/ROS2_REPAS/install/ur_dashboard_msgs/share/ur_dashboard_msgs/cmake/export_ur_dashboard_msgs__rosidl_generator_cppExport.cmake
[0.507s] -- Up-to-date: /home/russell/ROS2_REPAS/install/ur_dashboard_msgs/share/ur_dashboard_msgs/cmake/export_ur_dashboard_msgs__rosidl_typesupport_fastrtps_cppExport.cmake
[0.507s] -- Up-to-date: /home/russell/ROS2_REPAS/install/ur_dashboard_msgs/share/ur_dashboard_msgs/cmake/export_ur_dashboard_msgs__rosidl_typesupport_fastrtps_cppExport-noconfig.cmake
[0.507s] -- Up-to-date: /home/russell/ROS2_REPAS/install/ur_dashboard_msgs/share/ur_dashboard_msgs/cmake/ur_dashboard_msgs__rosidl_typesupport_introspection_cppExport.cmake
[0.507s] -- Up-to-date: /home/russell/ROS2_REPAS/install/ur_dashboard_msgs/share/ur_dashboard_msgs/cmake/ur_dashboard_msgs__rosidl_typesupport_introspection_cppExport-noconfig.cmake
[0.507s] -- Up-to-date: /home/russell/ROS2_REPAS/install/ur_dashboard_msgs/share/ur_dashboard_msgs/cmake/ur_dashboard_msgs__rosidl_typesupport_cppExport.cmake
[0.507s] -- Up-to-date: /home/russell/ROS2_REPAS/install/ur_dashboard_msgs/share/ur_dashboard_msgs/cmake/ur_dashboard_msgs__rosidl_typesupport_cppExport-noconfig.cmake
[0.507s] -- Up-to-date: /home/russell/ROS2_REPAS/install/ur_dashboard_msgs/share/ur_dashboard_msgs/cmake/export_ur_dashboard_msgs__rosidl_generator_pyExport.cmake
[0.507s] -- Up-to-date: /home/russell/ROS2_REPAS/install/ur_dashboard_msgs/share/ur_dashboard_msgs/cmake/export_ur_dashboard_msgs__rosidl_generator_pyExport-noconfig.cmake
[0.507s] -- Up-to-date: /home/russell/ROS2_REPAS/install/ur_dashboard_msgs/share/ur_dashboard_msgs/cmake/rosidl_cmake-extras.cmake
[0.507s] -- Up-to-date: /home/russell/ROS2_REPAS/install/ur_dashboard_msgs/share/ur_dashboard_msgs/cmake/ament_cmake_export_dependencies-extras.cmake
[0.507s] -- Up-to-date: /home/russell/ROS2_REPAS/install/ur_dashboard_msgs/share/ur_dashboard_msgs/cmake/ament_cmake_export_include_directories-extras.cmake
[0.508s] -- Up-to-date: /home/russell/ROS2_REPAS/install/ur_dashboard_msgs/share/ur_dashboard_msgs/cmake/ament_cmake_export_libraries-extras.cmake
[0.508s] -- Up-to-date: /home/russell/ROS2_REPAS/install/ur_dashboard_msgs/share/ur_dashboard_msgs/cmake/ament_cmake_export_targets-extras.cmake
[0.508s] -- Up-to-date: /home/russell/ROS2_REPAS/install/ur_dashboard_msgs/share/ur_dashboard_msgs/cmake/rosidl_cmake_export_typesupport_targets-extras.cmake
[0.508s] -- Up-to-date: /home/russell/ROS2_REPAS/install/ur_dashboard_msgs/share/ur_dashboard_msgs/cmake/rosidl_cmake_export_typesupport_libraries-extras.cmake
[0.508s] -- Up-to-date: /home/russell/ROS2_REPAS/install/ur_dashboard_msgs/share/ur_dashboard_msgs/cmake/ur_dashboard_msgsConfig.cmake
[0.508s] -- Up-to-date: /home/russell/ROS2_REPAS/install/ur_dashboard_msgs/share/ur_dashboard_msgs/cmake/ur_dashboard_msgsConfig-version.cmake
[0.508s] -- Up-to-date: /home/russell/ROS2_REPAS/install/ur_dashboard_msgs/share/ur_dashboard_msgs/package.xml
[0.509s] Invoked command in '/home/russell/ROS2_REPAS/build/ur_dashboard_msgs' returned '0': CMAKE_PREFIX_PATH=/home/russell/ROS2_REPAS/install/ur_simulation_gz:/home/russell/ROS2_REPAS/install/ur:/home/russell/ROS2_REPAS/install/ur_calibration:/home/russell/ROS2_REPAS/install/ur_robot_driver:/home/russell/ROS2_REPAS/install/ur_moveit_config:/home/russell/ROS2_REPAS/install/ur_description:/home/russell/ROS2_REPAS/install/ur_controllers:/home/russell/ROS2_REPAS/install/ur_dashboard_msgs:/home/russell/ROS2_REPAS/install/ur5e_control:/opt/ros/jazzy:/home/russell/ROS2_REPAS/install/my_ur5e_moveit2_control:/home/russell/ROS2_REPAS/install/moveit2_scripts:/home/russell/ROS2_REPAS/install/hello_moveit:/opt/ros/jazzy/opt/gz_sim_vendor:/opt/ros/jazzy/opt/gz_sensors_vendor:/opt/ros/jazzy/opt/gz_physics_vendor:/opt/ros/jazzy/opt/sdformat_vendor:/opt/ros/jazzy/opt/gz_gui_vendor:/opt/ros/jazzy/opt/gz_transport_vendor:/opt/ros/jazzy/opt/gz_rendering_vendor:/opt/ros/jazzy/opt/gz_plugin_vendor:/opt/ros/jazzy/opt/gz_fuel_tools_vendor:/opt/ros/jazzy/opt/gz_msgs_vendor:/opt/ros/jazzy/opt/gz_common_vendor:/opt/ros/jazzy/opt/gz_math_vendor:/opt/ros/jazzy/opt/gz_utils_vendor:/opt/ros/jazzy/opt/gz_tools_vendor:/opt/ros/jazzy/opt/gz_ogre_next_vendor:/opt/ros/jazzy/opt/gz_dartsim_vendor:/opt/ros/jazzy/opt/gz_cmake_vendor DEBUGINFOD_URLS=https://debuginfod.ubuntu.com /usr/bin/cmake --install /home/russell/ROS2_REPAS/build/ur_dashboard_msgs
