[0.682s] Invoking command in '/home/russell/ROS2_REPAS/build/camera_sensor': DEBUGINFOD_URLS=https://debuginfod.ubuntu.com PYTHONPATH=/home/russell/ROS2_REPAS/build/camera_sensor/prefix_override:/usr/lib/python3/dist-packages/colcon_core/task/python/colcon_distutils_commands:/home/russell/ROS2_REPAS/install/camera_sensor/lib/python3.12/site-packages:${PYTHONPATH} /usr/bin/python3 -W ignore:setup.py install is deprecated -W ignore:easy_install command is deprecated setup.py develop --editable --build-directory /home/russell/ROS2_REPAS/build/camera_sensor/build --no-deps symlink_data --force
[0.977s] running develop
[1.143s] /usr/lib/python3/dist-packages/setuptools/command/easy_install.py:363: UserWarning: Unbuilt egg for pytest-repeat [unknown version] (/usr/lib/python3/dist-packages)
[1.143s]   self.local_index = Environment(self.shadow_path + sys.path)
[1.177s] running egg_info
[1.196s] writing camera_sensor.egg-info/PKG-INFO
[1.196s] writing dependency_links to camera_sensor.egg-info/dependency_links.txt
[1.196s] writing entry points to camera_sensor.egg-info/entry_points.txt
[1.196s] writing requirements to camera_sensor.egg-info/requires.txt
[1.196s] writing top-level names to camera_sensor.egg-info/top_level.txt
[1.233s] reading manifest file 'camera_sensor.egg-info/SOURCES.txt'
[1.233s] writing manifest file 'camera_sensor.egg-info/SOURCES.txt'
[1.253s] running build_ext
[1.253s] Creating /home/russell/ROS2_REPAS/install/camera_sensor/lib/python3.12/site-packages/camera-sensor.egg-link (link to .)
[1.253s] Installing camera_return_z_publisher script to /home/russell/ROS2_REPAS/install/camera_sensor/lib/camera_sensor
[1.253s] 
[1.253s] Installed /home/russell/ROS2_REPAS/build/camera_sensor
[1.254s] running symlink_data
[1.254s] symbolically linking /home/russell/ROS2_REPAS/build/camera_sensor/resource/camera_sensor -> /home/russell/ROS2_REPAS/install/camera_sensor/share/ament_index/resource_index/packages
[1.254s] symbolically linking /home/russell/ROS2_REPAS/build/camera_sensor/package.xml -> /home/russell/ROS2_REPAS/install/camera_sensor/share/camera_sensor
[1.254s] symbolically linking /home/russell/ROS2_REPAS/build/camera_sensor/camera_z_data/camera_z.txt -> /home/russell/ROS2_REPAS/install/camera_sensor/share/camera_sensor/camera_z_data
[1.277s] Invoked command in '/home/russell/ROS2_REPAS/build/camera_sensor' returned '0': DEBUGINFOD_URLS=https://debuginfod.ubuntu.com PYTHONPATH=/home/russell/ROS2_REPAS/build/camera_sensor/prefix_override:/usr/lib/python3/dist-packages/colcon_core/task/python/colcon_distutils_commands:/home/russell/ROS2_REPAS/install/camera_sensor/lib/python3.12/site-packages:${PYTHONPATH} /usr/bin/python3 -W ignore:setup.py install is deprecated -W ignore:easy_install command is deprecated setup.py develop --editable --build-directory /home/russell/ROS2_REPAS/build/camera_sensor/build --no-deps symlink_data --force
