[0.231s] Invoking command in '/home/russell/ROS2_REPAS/build/robotiq_2f_gripper_description': CMAKE_PREFIX_PATH=${CMAKE_PREFIX_PATH}:/home/russell/ROS2_REPAS/install/camera_sensor:/opt/ros/jazzy DEBUGINFOD_URLS=https://debuginfod.ubuntu.com /usr/bin/cmake /home/russell/ROS2_REPAS/src/robotiq_2f_gripper_ros2/robotiq_2f_gripper_description -DCMAKE_INSTALL_PREFIX=/home/russell/ROS2_REPAS/install/robotiq_2f_gripper_description
[0.245s] -- Found ament_cmake: 2.5.4 (/opt/ros/jazzy/share/ament_cmake/cmake)
[0.453s] -- Override CMake install command with custom implementation using symlinks instead of copying resources
[0.461s] -- Found ament_lint_auto: 0.17.2 (/opt/ros/jazzy/share/ament_lint_auto/cmake)
[0.565s] -- Added test 'lint_cmake' to check CMake code style
[0.569s] -- Added test 'xmllint' to check XML markup files
[0.571s] -- Configuring done (0.3s)
[0.577s] -- Generating done (0.0s)
[0.579s] -- Build files have been written to: /home/russell/ROS2_REPAS/build/robotiq_2f_gripper_description
[0.583s] Invoked command in '/home/russell/ROS2_REPAS/build/robotiq_2f_gripper_description' returned '0': CMAKE_PREFIX_PATH=${CMAKE_PREFIX_PATH}:/home/russell/ROS2_REPAS/install/camera_sensor:/opt/ros/jazzy DEBUGINFOD_URLS=https://debuginfod.ubuntu.com /usr/bin/cmake /home/russell/ROS2_REPAS/src/robotiq_2f_gripper_ros2/robotiq_2f_gripper_description -DCMAKE_INSTALL_PREFIX=/home/russell/ROS2_REPAS/install/robotiq_2f_gripper_description
[0.584s] Invoking command in '/home/russell/ROS2_REPAS/build/robotiq_2f_gripper_description': CMAKE_PREFIX_PATH=${CMAKE_PREFIX_PATH}:/home/russell/ROS2_REPAS/install/camera_sensor:/opt/ros/jazzy DEBUGINFOD_URLS=https://debuginfod.ubuntu.com /usr/bin/cmake --build /home/russell/ROS2_REPAS/build/robotiq_2f_gripper_description -- -j24 -l24
[0.636s] Invoked command in '/home/russell/ROS2_REPAS/build/robotiq_2f_gripper_description' returned '0': CMAKE_PREFIX_PATH=${CMAKE_PREFIX_PATH}:/home/russell/ROS2_REPAS/install/camera_sensor:/opt/ros/jazzy DEBUGINFOD_URLS=https://debuginfod.ubuntu.com /usr/bin/cmake --build /home/russell/ROS2_REPAS/build/robotiq_2f_gripper_description -- -j24 -l24
[0.636s] Invoking command in '/home/russell/ROS2_REPAS/build/robotiq_2f_gripper_description': CMAKE_PREFIX_PATH=${CMAKE_PREFIX_PATH}:/home/russell/ROS2_REPAS/install/camera_sensor:/opt/ros/jazzy DEBUGINFOD_URLS=https://debuginfod.ubuntu.com /usr/bin/cmake --install /home/russell/ROS2_REPAS/build/robotiq_2f_gripper_description
[0.646s] -- Install configuration: ""
[0.646s] -- Execute custom install script
[0.647s] -- Up-to-date symlink: /home/russell/ROS2_REPAS/install/robotiq_2f_gripper_description/share/robotiq_2f_gripper_description/launch/robotiq_2f_gripper.rviz
[0.647s] -- Up-to-date symlink: /home/russell/ROS2_REPAS/install/robotiq_2f_gripper_description/share/robotiq_2f_gripper_description/launch/visualize.launch
[0.647s] -- Up-to-date symlink: /home/russell/ROS2_REPAS/install/robotiq_2f_gripper_description/share/robotiq_2f_gripper_description/urdf/example_use_robotiq_2f_140.urdf.xacro
[0.647s] -- Up-to-date symlink: /home/russell/ROS2_REPAS/install/robotiq_2f_gripper_description/share/robotiq_2f_gripper_description/urdf/robotiq_2f_140.xacro
[0.647s] -- Up-to-date symlink: /home/russell/ROS2_REPAS/install/robotiq_2f_gripper_description/share/robotiq_2f_gripper_description/urdf/robotiq_2f_140_macro.xacro
[0.647s] -- Up-to-date symlink: /home/russell/ROS2_REPAS/install/robotiq_2f_gripper_description/share/robotiq_2f_gripper_description/urdf/robotiq_arg2f.xacro
[0.648s] -- Up-to-date symlink: /home/russell/ROS2_REPAS/install/robotiq_2f_gripper_description/share/robotiq_2f_gripper_description/urdf/robotiq_arg2f_transmission.xacro
[0.648s] -- Up-to-date symlink: /home/russell/ROS2_REPAS/install/robotiq_2f_gripper_description/share/robotiq_2f_gripper_description/meshes/collision/robotiq_arg2f_140_inner_finger.stl
[0.648s] -- Up-to-date symlink: /home/russell/ROS2_REPAS/install/robotiq_2f_gripper_description/share/robotiq_2f_gripper_description/meshes/collision/robotiq_arg2f_140_inner_knuckle.stl
[0.648s] -- Up-to-date symlink: /home/russell/ROS2_REPAS/install/robotiq_2f_gripper_description/share/robotiq_2f_gripper_description/meshes/collision/robotiq_arg2f_140_outer_finger.stl
[0.648s] -- Up-to-date symlink: /home/russell/ROS2_REPAS/install/robotiq_2f_gripper_description/share/robotiq_2f_gripper_description/meshes/collision/robotiq_arg2f_140_outer_knuckle.stl
[0.648s] -- Up-to-date symlink: /home/russell/ROS2_REPAS/install/robotiq_2f_gripper_description/share/robotiq_2f_gripper_description/meshes/collision/robotiq_arg2f_base_link.stl
[0.648s] -- Up-to-date symlink: /home/russell/ROS2_REPAS/install/robotiq_2f_gripper_description/share/robotiq_2f_gripper_description/meshes/collision/robotiq_arg2f_coupling.stl
[0.649s] -- Up-to-date symlink: /home/russell/ROS2_REPAS/install/robotiq_2f_gripper_description/share/robotiq_2f_gripper_description/meshes/visual/robotiq_arg2f_140_inner_finger.stl
[0.649s] -- Up-to-date symlink: /home/russell/ROS2_REPAS/install/robotiq_2f_gripper_description/share/robotiq_2f_gripper_description/meshes/visual/robotiq_arg2f_140_inner_knuckle.stl
[0.649s] -- Up-to-date symlink: /home/russell/ROS2_REPAS/install/robotiq_2f_gripper_description/share/robotiq_2f_gripper_description/meshes/visual/robotiq_arg2f_140_outer_finger.stl
[0.649s] -- Up-to-date symlink: /home/russell/ROS2_REPAS/install/robotiq_2f_gripper_description/share/robotiq_2f_gripper_description/meshes/visual/robotiq_arg2f_140_outer_knuckle.stl
[0.649s] -- Up-to-date symlink: /home/russell/ROS2_REPAS/install/robotiq_2f_gripper_description/share/robotiq_2f_gripper_description/meshes/visual/robotiq_arg2f_base_link.stl
[0.649s] -- Up-to-date symlink: /home/russell/ROS2_REPAS/install/robotiq_2f_gripper_description/share/robotiq_2f_gripper_description/meshes/visual/robotiq_arg2f_coupling.stl
[0.649s] -- Up-to-date symlink: /home/russell/ROS2_REPAS/install/robotiq_2f_gripper_description/share/ament_index/resource_index/package_run_dependencies/robotiq_2f_gripper_description
[0.649s] -- Up-to-date symlink: /home/russell/ROS2_REPAS/install/robotiq_2f_gripper_description/share/ament_index/resource_index/parent_prefix_path/robotiq_2f_gripper_description
[0.650s] -- Up-to-date symlink: /home/russell/ROS2_REPAS/install/robotiq_2f_gripper_description/share/robotiq_2f_gripper_description/environment/ament_prefix_path.sh
[0.650s] -- Up-to-date symlink: /home/russell/ROS2_REPAS/install/robotiq_2f_gripper_description/share/robotiq_2f_gripper_description/environment/ament_prefix_path.dsv
[0.650s] -- Up-to-date symlink: /home/russell/ROS2_REPAS/install/robotiq_2f_gripper_description/share/robotiq_2f_gripper_description/environment/path.sh
[0.650s] -- Up-to-date symlink: /home/russell/ROS2_REPAS/install/robotiq_2f_gripper_description/share/robotiq_2f_gripper_description/environment/path.dsv
[0.650s] -- Up-to-date symlink: /home/russell/ROS2_REPAS/install/robotiq_2f_gripper_description/share/robotiq_2f_gripper_description/local_setup.bash
[0.650s] -- Up-to-date symlink: /home/russell/ROS2_REPAS/install/robotiq_2f_gripper_description/share/robotiq_2f_gripper_description/local_setup.sh
[0.650s] -- Up-to-date symlink: /home/russell/ROS2_REPAS/install/robotiq_2f_gripper_description/share/robotiq_2f_gripper_description/local_setup.zsh
[0.651s] -- Up-to-date symlink: /home/russell/ROS2_REPAS/install/robotiq_2f_gripper_description/share/robotiq_2f_gripper_description/local_setup.dsv
[0.651s] -- Symlinking: /home/russell/ROS2_REPAS/install/robotiq_2f_gripper_description/share/robotiq_2f_gripper_description/package.dsv
[0.662s] -- Up-to-date symlink: /home/russell/ROS2_REPAS/install/robotiq_2f_gripper_description/share/ament_index/resource_index/packages/robotiq_2f_gripper_description
[0.662s] -- Up-to-date symlink: /home/russell/ROS2_REPAS/install/robotiq_2f_gripper_description/share/robotiq_2f_gripper_description/cmake/robotiq_2f_gripper_descriptionConfig.cmake
[0.663s] -- Up-to-date symlink: /home/russell/ROS2_REPAS/install/robotiq_2f_gripper_description/share/robotiq_2f_gripper_description/cmake/robotiq_2f_gripper_descriptionConfig-version.cmake
[0.663s] -- Up-to-date symlink: /home/russell/ROS2_REPAS/install/robotiq_2f_gripper_description/share/robotiq_2f_gripper_description/package.xml
[0.665s] Invoked command in '/home/russell/ROS2_REPAS/build/robotiq_2f_gripper_description' returned '0': CMAKE_PREFIX_PATH=${CMAKE_PREFIX_PATH}:/home/russell/ROS2_REPAS/install/camera_sensor:/opt/ros/jazzy DEBUGINFOD_URLS=https://debuginfod.ubuntu.com /usr/bin/cmake --install /home/russell/ROS2_REPAS/build/robotiq_2f_gripper_description
