[0.019s] Invoking command in '/home/russell/ROS2_REPAS/build/serial': CMAKE_PREFIX_PATH=${CMAKE_PREFIX_PATH}:/opt/ros/jazzy DEBUGINFOD_URLS=https://debuginfod.ubuntu.com /usr/bin/cmake /home/russell/ROS2_REPAS/src/robotiq_2f_gripper_ros2/serial-ros2/serial-ros2 -DCMAKE_INSTALL_PREFIX=/home/russell/ROS2_REPAS/install/serial
[0.073s] -- The C compiler identification is GNU 13.3.0
[0.127s] -- The CXX compiler identification is GNU 13.3.0
[0.144s] -- Detecting C compiler ABI info
[0.238s] -- Detecting C compiler ABI info - done
[0.247s] -- Check for working C compiler: /usr/bin/cc - skipped
[0.247s] -- Detecting C compile features
[0.248s] -- Detecting C compile features - done
[0.257s] -- Detecting CXX compiler ABI info
[0.360s] -- Detecting CXX compiler ABI info - done
[0.369s] -- Check for working CXX compiler: /usr/bin/c++ - skipped
[0.369s] -- Detecting CXX compile features
[0.370s] -- Detecting CXX compile features - done
[0.375s] -- Found ament_cmake: 2.5.4 (/opt/ros/jazzy/share/ament_cmake/cmake)
[0.529s] -- Found Python3: /usr/bin/python3 (found version "3.12.3") found components: Interpreter 
[0.748s] -- Configuring done (0.7s)
[0.752s] -- Generating done (0.0s)
[0.754s] -- Build files have been written to: /home/russell/ROS2_REPAS/build/serial
[0.759s] Invoked command in '/home/russell/ROS2_REPAS/build/serial' returned '0': CMAKE_PREFIX_PATH=${CMAKE_PREFIX_PATH}:/opt/ros/jazzy DEBUGINFOD_URLS=https://debuginfod.ubuntu.com /usr/bin/cmake /home/russell/ROS2_REPAS/src/robotiq_2f_gripper_ros2/serial-ros2/serial-ros2 -DCMAKE_INSTALL_PREFIX=/home/russell/ROS2_REPAS/install/serial
[0.760s] Invoking command in '/home/russell/ROS2_REPAS/build/serial': CMAKE_PREFIX_PATH=${CMAKE_PREFIX_PATH}:/opt/ros/jazzy DEBUGINFOD_URLS=https://debuginfod.ubuntu.com /usr/bin/cmake --build /home/russell/ROS2_REPAS/build/serial -- -j24 -l24
[0.814s] [ 25%] [32mBuilding CXX object CMakeFiles/serial.dir/src/serial.cc.o[0m
[0.815s] [ 50%] [32mBuilding CXX object CMakeFiles/serial.dir/src/impl/list_ports/list_ports_linux.cc.o[0m
[0.817s] [ 75%] [32mBuilding CXX object CMakeFiles/serial.dir/src/impl/unix.cc.o[0m
[1.291s] [100%] [32m[1mLinking CXX shared library libserial.so[0m
[1.357s] [100%] Built target serial
[1.370s] Invoked command in '/home/russell/ROS2_REPAS/build/serial' returned '0': CMAKE_PREFIX_PATH=${CMAKE_PREFIX_PATH}:/opt/ros/jazzy DEBUGINFOD_URLS=https://debuginfod.ubuntu.com /usr/bin/cmake --build /home/russell/ROS2_REPAS/build/serial -- -j24 -l24
[1.372s] Invoking command in '/home/russell/ROS2_REPAS/build/serial': CMAKE_PREFIX_PATH=${CMAKE_PREFIX_PATH}:/opt/ros/jazzy DEBUGINFOD_URLS=https://debuginfod.ubuntu.com /usr/bin/cmake --install /home/russell/ROS2_REPAS/build/serial
[1.381s] -- Install configuration: ""
[1.381s] -- Installing: /home/russell/ROS2_REPAS/install/serial/share/serial/environment/library_path.sh
[1.381s] -- Installing: /home/russell/ROS2_REPAS/install/serial/share/serial/environment/library_path.dsv
[1.381s] -- Installing: /home/russell/ROS2_REPAS/install/serial/lib/libserial.so
[1.382s] -- Installing: /home/russell/ROS2_REPAS/install/serial/include/serial/serial.h
[1.382s] -- Installing: /home/russell/ROS2_REPAS/install/serial/include/serial/v8stdint.h
[1.382s] -- Installing: /home/russell/ROS2_REPAS/install/serial/share/ament_index/resource_index/package_run_dependencies/serial
[1.382s] -- Installing: /home/russell/ROS2_REPAS/install/serial/share/ament_index/resource_index/parent_prefix_path/serial
[1.383s] -- Installing: /home/russell/ROS2_REPAS/install/serial/share/serial/environment/ament_prefix_path.sh
[1.383s] -- Installing: /home/russell/ROS2_REPAS/install/serial/share/serial/environment/ament_prefix_path.dsv
[1.383s] -- Installing: /home/russell/ROS2_REPAS/install/serial/share/serial/environment/path.sh
[1.383s] -- Installing: /home/russell/ROS2_REPAS/install/serial/share/serial/environment/path.dsv
[1.383s] -- Installing: /home/russell/ROS2_REPAS/install/serial/share/serial/local_setup.bash
[1.383s] -- Installing: /home/russell/ROS2_REPAS/install/serial/share/serial/local_setup.sh
[1.383s] -- Installing: /home/russell/ROS2_REPAS/install/serial/share/serial/local_setup.zsh
[1.384s] -- Installing: /home/russell/ROS2_REPAS/install/serial/share/serial/local_setup.dsv
[1.384s] -- Installing: /home/russell/ROS2_REPAS/install/serial/share/serial/package.dsv
[1.384s] -- Installing: /home/russell/ROS2_REPAS/install/serial/share/ament_index/resource_index/packages/serial
[1.384s] -- Installing: /home/russell/ROS2_REPAS/install/serial/share/serial/cmake/ament_cmake_export_include_directories-extras.cmake
[1.384s] -- Installing: /home/russell/ROS2_REPAS/install/serial/share/serial/cmake/ament_cmake_export_libraries-extras.cmake
[1.384s] -- Installing: /home/russell/ROS2_REPAS/install/serial/share/serial/cmake/serialConfig.cmake
[1.384s] -- Installing: /home/russell/ROS2_REPAS/install/serial/share/serial/cmake/serialConfig-version.cmake
[1.385s] -- Installing: /home/russell/ROS2_REPAS/install/serial/share/serial/package.xml
[1.387s] Invoked command in '/home/russell/ROS2_REPAS/build/serial' returned '0': CMAKE_PREFIX_PATH=${CMAKE_PREFIX_PATH}:/opt/ros/jazzy DEBUGINFOD_URLS=https://debuginfod.ubuntu.com /usr/bin/cmake --install /home/russell/ROS2_REPAS/build/serial
