[0.170s] Invoking command in '/home/russell/ROS2_REPAS/build/robotiq_2f_gripper_msgs': CMAKE_PREFIX_PATH=${CMAKE_PREFIX_PATH}:/opt/ros/jazzy DEBUGINFOD_URLS=https://debuginfod.ubuntu.com /usr/bin/cmake /home/russell/ROS2_REPAS/src/robotiq_2f_gripper_ros2/robotiq_2f_gripper_msgs -DCMAKE_INSTALL_PREFIX=/home/russell/ROS2_REPAS/install/robotiq_2f_gripper_msgs
[0.369s] -- Found ament_cmake: 2.5.4 (/opt/ros/jazzy/share/ament_cmake/cmake)
[0.369s] -- Found Python3: /usr/bin/python3 (found version "3.12.3") found components: Interpreter 
[0.369s] -- Override CMake install command with custom implementation using symlinks instead of copying resources
[0.373s] -- Found rosidl_default_generators: 1.6.0 (/opt/ros/jazzy/share/rosidl_default_generators/cmake)
[0.489s] -- Using all available rosidl_typesupport_c: rosidl_typesupport_fastrtps_c;rosidl_typesupport_introspection_c
[0.550s] -- Using all available rosidl_typesupport_cpp: rosidl_typesupport_fastrtps_cpp;rosidl_typesupport_introspection_cpp
[0.638s] -- Found rosidl_adapter: 4.6.5 (/opt/ros/jazzy/share/rosidl_adapter/cmake)
[0.642s] -- Found std_msgs: 5.3.6 (/opt/ros/jazzy/share/std_msgs/cmake)
[0.667s] -- Found unique_identifier_msgs: 2.5.0 (/opt/ros/jazzy/share/unique_identifier_msgs/cmake)
[1.307s] -- Found ament_cmake_ros: 0.12.0 (/opt/ros/jazzy/share/ament_cmake_ros/cmake)
[1.705s] -- Using all available rosidl_typesupport_c: rosidl_typesupport_fastrtps_c;rosidl_typesupport_introspection_c
[2.011s] -- Using all available rosidl_typesupport_cpp: rosidl_typesupport_fastrtps_cpp;rosidl_typesupport_introspection_cpp
[2.058s] -- Found python_cmake_module: 0.11.1 (/opt/ros/jazzy/share/python_cmake_module/cmake)
[5.489s] -- Found Python3: /usr/bin/python3 (found version "3.12.3") found components: Interpreter Development NumPy Development.Module Development.Embed 
[5.724s] -- Found ament_lint_auto: 0.17.2 (/opt/ros/jazzy/share/ament_lint_auto/cmake)
[5.843s] -- Added test 'lint_cmake' to check CMake code style
[5.844s] -- Added test 'xmllint' to check XML markup files
[5.857s] -- Configuring done (5.7s)
[6.529s] -- Generating done (0.7s)
[6.574s] -- Build files have been written to: /home/russell/ROS2_REPAS/build/robotiq_2f_gripper_msgs
[6.587s] Invoked command in '/home/russell/ROS2_REPAS/build/robotiq_2f_gripper_msgs' returned '0': CMAKE_PREFIX_PATH=${CMAKE_PREFIX_PATH}:/opt/ros/jazzy DEBUGINFOD_URLS=https://debuginfod.ubuntu.com /usr/bin/cmake /home/russell/ROS2_REPAS/src/robotiq_2f_gripper_ros2/robotiq_2f_gripper_msgs -DCMAKE_INSTALL_PREFIX=/home/russell/ROS2_REPAS/install/robotiq_2f_gripper_msgs
[6.589s] Invoking command in '/home/russell/ROS2_REPAS/build/robotiq_2f_gripper_msgs': CMAKE_PREFIX_PATH=${CMAKE_PREFIX_PATH}:/opt/ros/jazzy DEBUGINFOD_URLS=https://debuginfod.ubuntu.com /usr/bin/cmake --build /home/russell/ROS2_REPAS/build/robotiq_2f_gripper_msgs -- -j24 -l24
[6.657s] [  2%] Built target robotiq_2f_gripper_msgs__rosidl_generator_type_description
[6.663s] [  2%] Built target ament_cmake_python_symlink_robotiq_2f_gripper_msgs
[6.686s] [  5%] Built target robotiq_2f_gripper_msgs__cpp
[6.732s] [ 20%] Built target robotiq_2f_gripper_msgs__rosidl_generator_c
[6.789s] [ 38%] Built target robotiq_2f_gripper_msgs__rosidl_typesupport_introspection_c
[6.789s] [ 38%] Built target robotiq_2f_gripper_msgs__rosidl_typesupport_introspection_cpp
[6.794s] [ 47%] Built target robotiq_2f_gripper_msgs__rosidl_typesupport_c
[6.804s] [ 64%] Built target robotiq_2f_gripper_msgs__rosidl_typesupport_fastrtps_c
[6.804s] [ 64%] Built target robotiq_2f_gripper_msgs__rosidl_typesupport_cpp
[6.853s] [ 73%] Built target robotiq_2f_gripper_msgs__rosidl_typesupport_fastrtps_cpp
[6.876s] [ 73%] Built target robotiq_2f_gripper_msgs
[6.902s] [ 76%] Built target robotiq_2f_gripper_msgs__py
[6.947s] running egg_info
[6.966s] writing robotiq_2f_gripper_msgs.egg-info/PKG-INFO
[6.966s] writing dependency_links to robotiq_2f_gripper_msgs.egg-info/dependency_links.txt
[6.966s] writing top-level names to robotiq_2f_gripper_msgs.egg-info/top_level.txt
[6.993s] [ 82%] Built target robotiq_2f_gripper_msgs__rosidl_generator_py
[7.022s] reading manifest file 'robotiq_2f_gripper_msgs.egg-info/SOURCES.txt'
[7.024s] writing manifest file 'robotiq_2f_gripper_msgs.egg-info/SOURCES.txt'
[7.051s] [ 82%] Built target ament_cmake_python_build_robotiq_2f_gripper_msgs_egg
[7.057s] [ 88%] Built target robotiq_2f_gripper_msgs_s__rosidl_typesupport_c
[7.058s] [100%] Built target robotiq_2f_gripper_msgs_s__rosidl_typesupport_introspection_c
[7.058s] [100%] Built target robotiq_2f_gripper_msgs_s__rosidl_typesupport_fastrtps_c
[7.074s] Invoked command in '/home/russell/ROS2_REPAS/build/robotiq_2f_gripper_msgs' returned '0': CMAKE_PREFIX_PATH=${CMAKE_PREFIX_PATH}:/opt/ros/jazzy DEBUGINFOD_URLS=https://debuginfod.ubuntu.com /usr/bin/cmake --build /home/russell/ROS2_REPAS/build/robotiq_2f_gripper_msgs -- -j24 -l24
[7.083s] Invoking command in '/home/russell/ROS2_REPAS/build/robotiq_2f_gripper_msgs': CMAKE_PREFIX_PATH=${CMAKE_PREFIX_PATH}:/opt/ros/jazzy DEBUGINFOD_URLS=https://debuginfod.ubuntu.com /usr/bin/cmake --install /home/russell/ROS2_REPAS/build/robotiq_2f_gripper_msgs
[7.091s] -- Install configuration: ""
[7.092s] -- Execute custom install script
[7.092s] -- Up-to-date symlink: /home/russell/ROS2_REPAS/install/robotiq_2f_gripper_msgs/share/ament_index/resource_index/rosidl_interfaces/robotiq_2f_gripper_msgs
[7.092s] -- Up-to-date symlink: /home/russell/ROS2_REPAS/install/robotiq_2f_gripper_msgs/share/robotiq_2f_gripper_msgs/action/MoveTwoFingerGripper.json
[7.093s] -- Up-to-date symlink: /home/russell/ROS2_REPAS/install/robotiq_2f_gripper_msgs/include/robotiq_2f_gripper_msgs/robotiq_2f_gripper_msgs/action/detail/move_two_finger_gripper__functions.h
[7.093s] -- Up-to-date symlink: /home/russell/ROS2_REPAS/install/robotiq_2f_gripper_msgs/include/robotiq_2f_gripper_msgs/robotiq_2f_gripper_msgs/action/detail/move_two_finger_gripper__struct.h
[7.093s] -- Up-to-date symlink: /home/russell/ROS2_REPAS/install/robotiq_2f_gripper_msgs/include/robotiq_2f_gripper_msgs/robotiq_2f_gripper_msgs/action/detail/move_two_finger_gripper__type_support.h
[7.093s] -- Up-to-date symlink: /home/russell/ROS2_REPAS/install/robotiq_2f_gripper_msgs/include/robotiq_2f_gripper_msgs/robotiq_2f_gripper_msgs/action/move_two_finger_gripper.h
[7.093s] -- Up-to-date symlink: /home/russell/ROS2_REPAS/install/robotiq_2f_gripper_msgs/include/robotiq_2f_gripper_msgs/robotiq_2f_gripper_msgs/msg/rosidl_generator_c__visibility_control.h
[7.093s] -- Up-to-date symlink: /home/russell/ROS2_REPAS/install/robotiq_2f_gripper_msgs/share/robotiq_2f_gripper_msgs/environment/library_path.sh
[7.094s] -- Up-to-date symlink: /home/russell/ROS2_REPAS/install/robotiq_2f_gripper_msgs/share/robotiq_2f_gripper_msgs/environment/library_path.dsv
[7.094s] -- Up-to-date symlink: /home/russell/ROS2_REPAS/install/robotiq_2f_gripper_msgs/include/robotiq_2f_gripper_msgs/robotiq_2f_gripper_msgs/action/detail/move_two_finger_gripper__rosidl_typesupport_fastrtps_c.h
[7.094s] -- Up-to-date symlink: /home/russell/ROS2_REPAS/install/robotiq_2f_gripper_msgs/include/robotiq_2f_gripper_msgs/robotiq_2f_gripper_msgs/msg/rosidl_typesupport_fastrtps_c__visibility_control.h
[7.095s] -- Up-to-date symlink: /home/russell/ROS2_REPAS/install/robotiq_2f_gripper_msgs/include/robotiq_2f_gripper_msgs/robotiq_2f_gripper_msgs/action/detail/move_two_finger_gripper__rosidl_typesupport_introspection_c.h
[7.095s] -- Up-to-date symlink: /home/russell/ROS2_REPAS/install/robotiq_2f_gripper_msgs/include/robotiq_2f_gripper_msgs/robotiq_2f_gripper_msgs/msg/rosidl_typesupport_introspection_c__visibility_control.h
[7.095s] -- Up-to-date symlink: /home/russell/ROS2_REPAS/install/robotiq_2f_gripper_msgs/include/robotiq_2f_gripper_msgs/robotiq_2f_gripper_msgs/action/detail/move_two_finger_gripper__builder.hpp
[7.095s] -- Up-to-date symlink: /home/russell/ROS2_REPAS/install/robotiq_2f_gripper_msgs/include/robotiq_2f_gripper_msgs/robotiq_2f_gripper_msgs/action/detail/move_two_finger_gripper__struct.hpp
[7.095s] -- Up-to-date symlink: /home/russell/ROS2_REPAS/install/robotiq_2f_gripper_msgs/include/robotiq_2f_gripper_msgs/robotiq_2f_gripper_msgs/action/detail/move_two_finger_gripper__traits.hpp
[7.096s] -- Up-to-date symlink: /home/russell/ROS2_REPAS/install/robotiq_2f_gripper_msgs/include/robotiq_2f_gripper_msgs/robotiq_2f_gripper_msgs/action/detail/move_two_finger_gripper__type_support.hpp
[7.096s] -- Up-to-date symlink: /home/russell/ROS2_REPAS/install/robotiq_2f_gripper_msgs/include/robotiq_2f_gripper_msgs/robotiq_2f_gripper_msgs/action/move_two_finger_gripper.hpp
[7.096s] -- Up-to-date symlink: /home/russell/ROS2_REPAS/install/robotiq_2f_gripper_msgs/include/robotiq_2f_gripper_msgs/robotiq_2f_gripper_msgs/msg/rosidl_generator_cpp__visibility_control.hpp
[7.096s] -- Up-to-date symlink: /home/russell/ROS2_REPAS/install/robotiq_2f_gripper_msgs/include/robotiq_2f_gripper_msgs/robotiq_2f_gripper_msgs/action/detail/move_two_finger_gripper__rosidl_typesupport_fastrtps_cpp.hpp
[7.096s] -- Up-to-date symlink: /home/russell/ROS2_REPAS/install/robotiq_2f_gripper_msgs/include/robotiq_2f_gripper_msgs/robotiq_2f_gripper_msgs/msg/rosidl_typesupport_fastrtps_cpp__visibility_control.h
[7.097s] -- Up-to-date symlink: /home/russell/ROS2_REPAS/install/robotiq_2f_gripper_msgs/include/robotiq_2f_gripper_msgs/robotiq_2f_gripper_msgs/action/detail/move_two_finger_gripper__rosidl_typesupport_introspection_cpp.hpp
[7.097s] -- Up-to-date symlink: /home/russell/ROS2_REPAS/install/robotiq_2f_gripper_msgs/share/robotiq_2f_gripper_msgs/environment/pythonpath.sh
[7.097s] -- Up-to-date symlink: /home/russell/ROS2_REPAS/install/robotiq_2f_gripper_msgs/share/robotiq_2f_gripper_msgs/environment/pythonpath.dsv
[7.097s] -- Up-to-date symlink: /home/russell/ROS2_REPAS/install/robotiq_2f_gripper_msgs/lib/python3.12/site-packages/robotiq_2f_gripper_msgs-0.0.0-py3.12.egg-info/PKG-INFO
[7.097s] -- Up-to-date symlink: /home/russell/ROS2_REPAS/install/robotiq_2f_gripper_msgs/lib/python3.12/site-packages/robotiq_2f_gripper_msgs-0.0.0-py3.12.egg-info/SOURCES.txt
[7.098s] -- Up-to-date symlink: /home/russell/ROS2_REPAS/install/robotiq_2f_gripper_msgs/lib/python3.12/site-packages/robotiq_2f_gripper_msgs-0.0.0-py3.12.egg-info/dependency_links.txt
[7.098s] -- Up-to-date symlink: /home/russell/ROS2_REPAS/install/robotiq_2f_gripper_msgs/lib/python3.12/site-packages/robotiq_2f_gripper_msgs-0.0.0-py3.12.egg-info/top_level.txt
[7.098s] -- Up-to-date symlink: /home/russell/ROS2_REPAS/install/robotiq_2f_gripper_msgs/lib/python3.12/site-packages/robotiq_2f_gripper_msgs/__init__.py
[7.098s] -- Up-to-date symlink: /home/russell/ROS2_REPAS/install/robotiq_2f_gripper_msgs/lib/python3.12/site-packages/robotiq_2f_gripper_msgs/_robotiq_2f_gripper_msgs_s.ep.rosidl_typesupport_c.c
[7.098s] -- Up-to-date symlink: /home/russell/ROS2_REPAS/install/robotiq_2f_gripper_msgs/lib/python3.12/site-packages/robotiq_2f_gripper_msgs/_robotiq_2f_gripper_msgs_s.ep.rosidl_typesupport_fastrtps_c.c
[7.099s] -- Up-to-date symlink: /home/russell/ROS2_REPAS/install/robotiq_2f_gripper_msgs/lib/python3.12/site-packages/robotiq_2f_gripper_msgs/_robotiq_2f_gripper_msgs_s.ep.rosidl_typesupport_introspection_c.c
[7.099s] -- Up-to-date symlink: /home/russell/ROS2_REPAS/install/robotiq_2f_gripper_msgs/lib/python3.12/site-packages/robotiq_2f_gripper_msgs/action/__init__.py
[7.099s] -- Up-to-date symlink: /home/russell/ROS2_REPAS/install/robotiq_2f_gripper_msgs/lib/python3.12/site-packages/robotiq_2f_gripper_msgs/action/_move_two_finger_gripper.py
[7.099s] -- Up-to-date symlink: /home/russell/ROS2_REPAS/install/robotiq_2f_gripper_msgs/lib/python3.12/site-packages/robotiq_2f_gripper_msgs/action/_move_two_finger_gripper_s.c
[7.099s] -- Up-to-date symlink: /home/russell/ROS2_REPAS/install/robotiq_2f_gripper_msgs/lib/python3.12/site-packages/robotiq_2f_gripper_msgs/robotiq_2f_gripper_msgs_s__rosidl_typesupport_c.so
[7.099s] -- Up-to-date symlink: /home/russell/ROS2_REPAS/install/robotiq_2f_gripper_msgs/lib/python3.12/site-packages/robotiq_2f_gripper_msgs/robotiq_2f_gripper_msgs_s__rosidl_typesupport_fastrtps_c.so
[7.100s] -- Up-to-date symlink: /home/russell/ROS2_REPAS/install/robotiq_2f_gripper_msgs/lib/python3.12/site-packages/robotiq_2f_gripper_msgs/robotiq_2f_gripper_msgs_s__rosidl_typesupport_introspection_c.so
[7.100s] -- Up-to-date symlink: /home/russell/ROS2_REPAS/install/robotiq_2f_gripper_msgs/lib/python3.12/site-packages/robotiq_2f_gripper_msgs/robotiq_2f_gripper_msgs_s__rosidl_typesupport_fastrtps_c.so
[7.100s] -- Up-to-date symlink: /home/russell/ROS2_REPAS/install/robotiq_2f_gripper_msgs/lib/python3.12/site-packages/robotiq_2f_gripper_msgs/robotiq_2f_gripper_msgs_s__rosidl_typesupport_introspection_c.so
[7.100s] -- Up-to-date symlink: /home/russell/ROS2_REPAS/install/robotiq_2f_gripper_msgs/lib/python3.12/site-packages/robotiq_2f_gripper_msgs/robotiq_2f_gripper_msgs_s__rosidl_typesupport_c.so
[7.100s] -- Up-to-date symlink: /home/russell/ROS2_REPAS/install/robotiq_2f_gripper_msgs/share/robotiq_2f_gripper_msgs/action/MoveTwoFingerGripper.idl
[7.100s] -- Up-to-date symlink: /home/russell/ROS2_REPAS/install/robotiq_2f_gripper_msgs/share/robotiq_2f_gripper_msgs/action/MoveTwoFingerGripper.action
[7.101s] -- Up-to-date symlink: /home/russell/ROS2_REPAS/install/robotiq_2f_gripper_msgs/share/ament_index/resource_index/package_run_dependencies/robotiq_2f_gripper_msgs
[7.101s] -- Up-to-date symlink: /home/russell/ROS2_REPAS/install/robotiq_2f_gripper_msgs/share/ament_index/resource_index/parent_prefix_path/robotiq_2f_gripper_msgs
[7.101s] -- Up-to-date symlink: /home/russell/ROS2_REPAS/install/robotiq_2f_gripper_msgs/share/robotiq_2f_gripper_msgs/environment/ament_prefix_path.sh
[7.101s] -- Up-to-date symlink: /home/russell/ROS2_REPAS/install/robotiq_2f_gripper_msgs/share/robotiq_2f_gripper_msgs/environment/ament_prefix_path.dsv
[7.101s] -- Up-to-date symlink: /home/russell/ROS2_REPAS/install/robotiq_2f_gripper_msgs/share/robotiq_2f_gripper_msgs/environment/path.sh
[7.101s] -- Up-to-date symlink: /home/russell/ROS2_REPAS/install/robotiq_2f_gripper_msgs/share/robotiq_2f_gripper_msgs/environment/path.dsv
[7.102s] -- Up-to-date symlink: /home/russell/ROS2_REPAS/install/robotiq_2f_gripper_msgs/share/robotiq_2f_gripper_msgs/local_setup.bash
[7.102s] -- Up-to-date symlink: /home/russell/ROS2_REPAS/install/robotiq_2f_gripper_msgs/share/robotiq_2f_gripper_msgs/local_setup.sh
[7.102s] -- Up-to-date symlink: /home/russell/ROS2_REPAS/install/robotiq_2f_gripper_msgs/share/robotiq_2f_gripper_msgs/local_setup.zsh
[7.102s] -- Up-to-date symlink: /home/russell/ROS2_REPAS/install/robotiq_2f_gripper_msgs/share/robotiq_2f_gripper_msgs/local_setup.dsv
[7.102s] -- Symlinking: /home/russell/ROS2_REPAS/install/robotiq_2f_gripper_msgs/share/robotiq_2f_gripper_msgs/package.dsv
[7.113s] -- Up-to-date symlink: /home/russell/ROS2_REPAS/install/robotiq_2f_gripper_msgs/share/ament_index/resource_index/packages/robotiq_2f_gripper_msgs
[7.114s] -- Up-to-date symlink: /home/russell/ROS2_REPAS/install/robotiq_2f_gripper_msgs/share/robotiq_2f_gripper_msgs/cmake/rosidl_cmake-extras.cmake
[7.114s] -- Up-to-date symlink: /home/russell/ROS2_REPAS/install/robotiq_2f_gripper_msgs/share/robotiq_2f_gripper_msgs/cmake/ament_cmake_export_dependencies-extras.cmake
[7.114s] -- Up-to-date symlink: /home/russell/ROS2_REPAS/install/robotiq_2f_gripper_msgs/share/robotiq_2f_gripper_msgs/cmake/ament_cmake_export_include_directories-extras.cmake
[7.114s] -- Up-to-date symlink: /home/russell/ROS2_REPAS/install/robotiq_2f_gripper_msgs/share/robotiq_2f_gripper_msgs/cmake/ament_cmake_export_libraries-extras.cmake
[7.114s] -- Up-to-date symlink: /home/russell/ROS2_REPAS/install/robotiq_2f_gripper_msgs/share/robotiq_2f_gripper_msgs/cmake/ament_cmake_export_targets-extras.cmake
[7.114s] -- Up-to-date symlink: /home/russell/ROS2_REPAS/install/robotiq_2f_gripper_msgs/share/robotiq_2f_gripper_msgs/cmake/rosidl_cmake_export_typesupport_targets-extras.cmake
[7.115s] -- Up-to-date symlink: /home/russell/ROS2_REPAS/install/robotiq_2f_gripper_msgs/share/robotiq_2f_gripper_msgs/cmake/rosidl_cmake_export_typesupport_libraries-extras.cmake
[7.115s] -- Up-to-date symlink: /home/russell/ROS2_REPAS/install/robotiq_2f_gripper_msgs/share/robotiq_2f_gripper_msgs/cmake/robotiq_2f_gripper_msgsConfig.cmake
[7.115s] -- Up-to-date symlink: /home/russell/ROS2_REPAS/install/robotiq_2f_gripper_msgs/share/robotiq_2f_gripper_msgs/cmake/robotiq_2f_gripper_msgsConfig-version.cmake
[7.115s] -- Up-to-date symlink: /home/russell/ROS2_REPAS/install/robotiq_2f_gripper_msgs/share/robotiq_2f_gripper_msgs/package.xml
[7.172s] -- Up-to-date: /home/russell/ROS2_REPAS/install/robotiq_2f_gripper_msgs/lib/librobotiq_2f_gripper_msgs__rosidl_generator_c.so
[7.172s] -- Up-to-date: /home/russell/ROS2_REPAS/install/robotiq_2f_gripper_msgs/lib/librobotiq_2f_gripper_msgs__rosidl_typesupport_fastrtps_c.so
[7.189s] -- Up-to-date: /home/russell/ROS2_REPAS/install/robotiq_2f_gripper_msgs/lib/librobotiq_2f_gripper_msgs__rosidl_typesupport_introspection_c.so
[7.203s] -- Up-to-date: /home/russell/ROS2_REPAS/install/robotiq_2f_gripper_msgs/lib/librobotiq_2f_gripper_msgs__rosidl_typesupport_c.so
[7.214s] -- Up-to-date: /home/russell/ROS2_REPAS/install/robotiq_2f_gripper_msgs/lib/librobotiq_2f_gripper_msgs__rosidl_typesupport_fastrtps_cpp.so
[7.215s] -- Up-to-date: /home/russell/ROS2_REPAS/install/robotiq_2f_gripper_msgs/lib/librobotiq_2f_gripper_msgs__rosidl_typesupport_introspection_cpp.so
[7.216s] -- Up-to-date: /home/russell/ROS2_REPAS/install/robotiq_2f_gripper_msgs/lib/librobotiq_2f_gripper_msgs__rosidl_typesupport_cpp.so
[7.320s] Listing '/home/russell/ROS2_REPAS/install/robotiq_2f_gripper_msgs/lib/python3.12/site-packages/robotiq_2f_gripper_msgs'...
[7.320s] Compiling '/home/russell/ROS2_REPAS/install/robotiq_2f_gripper_msgs/lib/python3.12/site-packages/robotiq_2f_gripper_msgs/__init__.py'...
[7.320s] Listing '/home/russell/ROS2_REPAS/install/robotiq_2f_gripper_msgs/lib/python3.12/site-packages/robotiq_2f_gripper_msgs/action'...
[7.334s] -- Up-to-date: /home/russell/ROS2_REPAS/install/robotiq_2f_gripper_msgs/lib/librobotiq_2f_gripper_msgs__rosidl_generator_py.so
[7.339s] -- Up-to-date: /home/russell/ROS2_REPAS/install/robotiq_2f_gripper_msgs/share/robotiq_2f_gripper_msgs/cmake/export_robotiq_2f_gripper_msgs__rosidl_generator_cExport.cmake
[7.339s] -- Up-to-date: /home/russell/ROS2_REPAS/install/robotiq_2f_gripper_msgs/share/robotiq_2f_gripper_msgs/cmake/export_robotiq_2f_gripper_msgs__rosidl_generator_cExport-noconfig.cmake
[7.340s] -- Up-to-date: /home/russell/ROS2_REPAS/install/robotiq_2f_gripper_msgs/share/robotiq_2f_gripper_msgs/cmake/export_robotiq_2f_gripper_msgs__rosidl_typesupport_fastrtps_cExport.cmake
[7.340s] -- Up-to-date: /home/russell/ROS2_REPAS/install/robotiq_2f_gripper_msgs/share/robotiq_2f_gripper_msgs/cmake/export_robotiq_2f_gripper_msgs__rosidl_typesupport_fastrtps_cExport-noconfig.cmake
[7.340s] -- Up-to-date: /home/russell/ROS2_REPAS/install/robotiq_2f_gripper_msgs/share/robotiq_2f_gripper_msgs/cmake/robotiq_2f_gripper_msgs__rosidl_typesupport_introspection_cExport.cmake
[7.340s] -- Up-to-date: /home/russell/ROS2_REPAS/install/robotiq_2f_gripper_msgs/share/robotiq_2f_gripper_msgs/cmake/robotiq_2f_gripper_msgs__rosidl_typesupport_introspection_cExport-noconfig.cmake
[7.340s] -- Up-to-date: /home/russell/ROS2_REPAS/install/robotiq_2f_gripper_msgs/share/robotiq_2f_gripper_msgs/cmake/robotiq_2f_gripper_msgs__rosidl_typesupport_cExport.cmake
[7.341s] -- Up-to-date: /home/russell/ROS2_REPAS/install/robotiq_2f_gripper_msgs/share/robotiq_2f_gripper_msgs/cmake/robotiq_2f_gripper_msgs__rosidl_typesupport_cExport-noconfig.cmake
[7.341s] -- Up-to-date: /home/russell/ROS2_REPAS/install/robotiq_2f_gripper_msgs/share/robotiq_2f_gripper_msgs/cmake/export_robotiq_2f_gripper_msgs__rosidl_generator_cppExport.cmake
[7.341s] -- Up-to-date: /home/russell/ROS2_REPAS/install/robotiq_2f_gripper_msgs/share/robotiq_2f_gripper_msgs/cmake/export_robotiq_2f_gripper_msgs__rosidl_typesupport_fastrtps_cppExport.cmake
[7.341s] -- Up-to-date: /home/russell/ROS2_REPAS/install/robotiq_2f_gripper_msgs/share/robotiq_2f_gripper_msgs/cmake/export_robotiq_2f_gripper_msgs__rosidl_typesupport_fastrtps_cppExport-noconfig.cmake
[7.341s] -- Up-to-date: /home/russell/ROS2_REPAS/install/robotiq_2f_gripper_msgs/share/robotiq_2f_gripper_msgs/cmake/robotiq_2f_gripper_msgs__rosidl_typesupport_introspection_cppExport.cmake
[7.342s] -- Up-to-date: /home/russell/ROS2_REPAS/install/robotiq_2f_gripper_msgs/share/robotiq_2f_gripper_msgs/cmake/robotiq_2f_gripper_msgs__rosidl_typesupport_introspection_cppExport-noconfig.cmake
[7.342s] -- Up-to-date: /home/russell/ROS2_REPAS/install/robotiq_2f_gripper_msgs/share/robotiq_2f_gripper_msgs/cmake/robotiq_2f_gripper_msgs__rosidl_typesupport_cppExport.cmake
[7.342s] -- Up-to-date: /home/russell/ROS2_REPAS/install/robotiq_2f_gripper_msgs/share/robotiq_2f_gripper_msgs/cmake/robotiq_2f_gripper_msgs__rosidl_typesupport_cppExport-noconfig.cmake
[7.342s] -- Up-to-date: /home/russell/ROS2_REPAS/install/robotiq_2f_gripper_msgs/share/robotiq_2f_gripper_msgs/cmake/export_robotiq_2f_gripper_msgs__rosidl_generator_pyExport.cmake
[7.342s] -- Up-to-date: /home/russell/ROS2_REPAS/install/robotiq_2f_gripper_msgs/share/robotiq_2f_gripper_msgs/cmake/export_robotiq_2f_gripper_msgs__rosidl_generator_pyExport-noconfig.cmake
[7.345s] Invoked command in '/home/russell/ROS2_REPAS/build/robotiq_2f_gripper_msgs' returned '0': CMAKE_PREFIX_PATH=${CMAKE_PREFIX_PATH}:/opt/ros/jazzy DEBUGINFOD_URLS=https://debuginfod.ubuntu.com /usr/bin/cmake --install /home/russell/ROS2_REPAS/build/robotiq_2f_gripper_msgs
