[0.174s] Invoking command in '/home/russell/ROS2_REPAS/build/my_ur5e_moveit2_control': DEBUGINFOD_URLS=https://debuginfod.ubuntu.com /usr/bin/cmake --build /home/russell/ROS2_REPAS/build/my_ur5e_moveit2_control -- -j24 -l24
[2.199s] [100%] Built target move_ur5e
[2.213s] Invoked command in '/home/russell/ROS2_REPAS/build/my_ur5e_moveit2_control' returned '0': DEBUGINFOD_URLS=https://debuginfod.ubuntu.com /usr/bin/cmake --build /home/russell/ROS2_REPAS/build/my_ur5e_moveit2_control -- -j24 -l24
[2.215s] Invoking command in '/home/russell/ROS2_REPAS/build/my_ur5e_moveit2_control': DEBUGINFOD_URLS=https://debuginfod.ubuntu.com /usr/bin/cmake --install /home/russell/ROS2_REPAS/build/my_ur5e_moveit2_control
[2.224s] -- Install configuration: ""
[2.224s] -- Installing: /home/russell/ROS2_REPAS/install/my_ur5e_moveit2_control/lib/my_ur5e_moveit2_control/move_ur5e
[2.292s] -- Set non-toolchain portion of runtime path of "/home/russell/ROS2_REPAS/install/my_ur5e_moveit2_control/lib/my_ur5e_moveit2_control/move_ur5e" to ""
[2.292s] -- Installing: /home/russell/ROS2_REPAS/install/my_ur5e_moveit2_control/share/my_ur5e_moveit2_control/launch
[2.292s] -- Installing: /home/russell/ROS2_REPAS/install/my_ur5e_moveit2_control/share/my_ur5e_moveit2_control/launch/move_ur5e.launch.py
[2.305s] -- Installing: /home/russell/ROS2_REPAS/install/my_ur5e_moveit2_control/share/ament_index/resource_index/package_run_dependencies/my_ur5e_moveit2_control
[2.333s] -- Installing: /home/russell/ROS2_REPAS/install/my_ur5e_moveit2_control/share/ament_index/resource_index/parent_prefix_path/my_ur5e_moveit2_control
[2.350s] -- Installing: /home/russell/ROS2_REPAS/install/my_ur5e_moveit2_control/share/my_ur5e_moveit2_control/environment/ament_prefix_path.sh
[2.350s] -- Installing: /home/russell/ROS2_REPAS/install/my_ur5e_moveit2_control/share/my_ur5e_moveit2_control/environment/ament_prefix_path.dsv
[2.351s] -- Installing: /home/russell/ROS2_REPAS/install/my_ur5e_moveit2_control/share/my_ur5e_moveit2_control/environment/path.sh
[2.351s] -- Installing: /home/russell/ROS2_REPAS/install/my_ur5e_moveit2_control/share/my_ur5e_moveit2_control/environment/path.dsv
[2.351s] -- Installing: /home/russell/ROS2_REPAS/install/my_ur5e_moveit2_control/share/my_ur5e_moveit2_control/local_setup.bash
[2.352s] -- Installing: /home/russell/ROS2_REPAS/install/my_ur5e_moveit2_control/share/my_ur5e_moveit2_control/local_setup.sh
[2.352s] -- Installing: /home/russell/ROS2_REPAS/install/my_ur5e_moveit2_control/share/my_ur5e_moveit2_control/local_setup.zsh
[2.352s] -- Installing: /home/russell/ROS2_REPAS/install/my_ur5e_moveit2_control/share/my_ur5e_moveit2_control/local_setup.dsv
[2.353s] -- Installing: /home/russell/ROS2_REPAS/install/my_ur5e_moveit2_control/share/my_ur5e_moveit2_control/package.dsv
[2.353s] -- Installing: /home/russell/ROS2_REPAS/install/my_ur5e_moveit2_control/share/ament_index/resource_index/packages/my_ur5e_moveit2_control
[2.353s] -- Installing: /home/russell/ROS2_REPAS/install/my_ur5e_moveit2_control/share/my_ur5e_moveit2_control/cmake/my_ur5e_moveit2_controlConfig.cmake
[2.354s] -- Installing: /home/russell/ROS2_REPAS/install/my_ur5e_moveit2_control/share/my_ur5e_moveit2_control/cmake/my_ur5e_moveit2_controlConfig-version.cmake
[2.354s] -- Installing: /home/russell/ROS2_REPAS/install/my_ur5e_moveit2_control/share/my_ur5e_moveit2_control/package.xml
[2.357s] Invoked command in '/home/russell/ROS2_REPAS/build/my_ur5e_moveit2_control' returned '0': DEBUGINFOD_URLS=https://debuginfod.ubuntu.com /usr/bin/cmake --install /home/russell/ROS2_REPAS/build/my_ur5e_moveit2_control
