[0.011s] Invoking command in '/home/russell/ROS2_REPAS/build/my_ur5e_moveit2_control': DEBUGINFOD_URLS=https://debuginfod.ubuntu.com /usr/bin/cmake /home/russell/ROS2_REPAS/src/my_ur5e_moveit2_control -DCATKIN_INSTALL_INTO_PREFIX_ROOT=0 -DCMAKE_INSTALL_PREFIX=/home/russell/ROS2_REPAS/install/my_ur5e_moveit2_control
[0.067s] -- The C compiler identification is GNU 13.3.0
[0.123s] -- The CXX compiler identification is GNU 13.3.0
[0.141s] -- Detecting C compiler ABI info
[0.239s] -- Detecting C compiler ABI info - done
[0.255s] -- Check for working C compiler: /usr/bin/cc - skipped
[0.256s] -- Detecting C compile features
[0.256s] -- Detecting C compile features - done
[0.269s] -- Detecting CXX compiler ABI info
[0.382s] -- Detecting CXX compiler ABI info - done
[0.392s] -- Check for working CXX compiler: /usr/bin/c++ - skipped
[0.392s] -- Detecting CXX compile features
[0.393s] -- Detecting CXX compile features - done
[0.398s] -- Found ament_cmake: 2.5.3 (/opt/ros/jazzy/share/ament_cmake/cmake)
[0.565s] -- Found Python3: /usr/bin/python3 (found version "3.12.3") found components: Interpreter 
[0.692s] -- Found rclcpp: 28.1.8 (/opt/ros/jazzy/share/rclcpp/cmake)
[0.754s] -- Found rosidl_generator_c: 4.6.5 (/opt/ros/jazzy/share/rosidl_generator_c/cmake)
[0.774s] -- Found rosidl_generator_cpp: 4.6.5 (/opt/ros/jazzy/share/rosidl_generator_cpp/cmake)
[0.796s] -- Using all available rosidl_typesupport_c: rosidl_typesupport_fastrtps_c;rosidl_typesupport_introspection_c
[0.820s] -- Using all available rosidl_typesupport_cpp: rosidl_typesupport_fastrtps_cpp;rosidl_typesupport_introspection_cpp
[0.917s] -- Found rmw_implementation_cmake: 7.3.1 (/opt/ros/jazzy/share/rmw_implementation_cmake/cmake)
[0.922s] -- Found rmw_fastrtps_cpp: 8.4.1 (/opt/ros/jazzy/share/rmw_fastrtps_cpp/cmake)
[1.039s] -- Found OpenSSL: /usr/lib/x86_64-linux-gnu/libcrypto.so (found version "3.0.13")  
[1.061s] -- Found FastRTPS: /opt/ros/jazzy/include (Required is at least version "2.13") 
[1.089s] -- Using RMW implementation 'rmw_fastrtps_cpp' as default
[1.180s] -- Found moveit_ros_planning_interface: 2.12.2 (/opt/ros/jazzy/share/moveit_ros_planning_interface/cmake)
[1.318s] -- Found Boost: /usr/lib/x86_64-linux-gnu/cmake/Boost-1.83.0/BoostConfig.cmake (found version "1.83.0") found components: date_time filesystem program_options system thread 
[1.640s] -- Found Boost: /usr/lib/x86_64-linux-gnu/cmake/Boost-1.83.0/BoostConfig.cmake (found version "1.83.0") found components: chrono date_time filesystem iostreams program_options regex serialization system thread 
[1.728s] -- Found parameter_traits: 0.4.0 (/opt/ros/jazzy/share/parameter_traits/cmake)
[1.749s] -- Found rclcpp_lifecycle: 28.1.6 (/opt/ros/jazzy/share/rclcpp_lifecycle/cmake)
[1.793s] -- Found Boost: /usr/lib/x86_64-linux-gnu/cmake/Boost-1.83.0/BoostConfig.cmake (found version "1.83.0") found components: filesystem 
[1.876s] -- Found Eigen3: TRUE (found version "3.4.0") 
[1.877s] -- Ensuring Eigen3 include directory is part of orocos-kdl CMake target
[2.087s] -- Found Boost: /usr/lib/x86_64-linux-gnu/cmake/Boost-1.83.0/BoostConfig.cmake (found version "1.83.0") found components: system filesystem date_time program_options thread chrono 
[2.145s] -- Found Boost: /usr/lib/x86_64-linux-gnu/cmake/Boost-1.83.0/BoostConfig.cmake (found version "1.83.0") found components: thread system filesystem regex date_time program_options 
[2.178s] -- Found Boost: /usr/lib/x86_64-linux-gnu/cmake/Boost-1.83.0/BoostConfig.cmake (found version "1.83.0") found components: system filesystem date_time program_options thread 
[2.223s] -- Found ament_lint_auto: 0.17.1 (/opt/ros/jazzy/share/ament_lint_auto/cmake)
[2.306s] -- Configuring done (2.3s)
[2.345s] -- Generating done (0.0s)
[2.347s] [33mCMake Warning:
[2.347s]   Manually-specified variables were not used by the project:
[2.347s] 
[2.347s]     CATKIN_INSTALL_INTO_PREFIX_ROOT
[2.347s] 
[2.348s] [0m
[2.353s] -- Build files have been written to: /home/russell/ROS2_REPAS/build/my_ur5e_moveit2_control
[2.369s] Invoked command in '/home/russell/ROS2_REPAS/build/my_ur5e_moveit2_control' returned '0': DEBUGINFOD_URLS=https://debuginfod.ubuntu.com /usr/bin/cmake /home/russell/ROS2_REPAS/src/my_ur5e_moveit2_control -DCATKIN_INSTALL_INTO_PREFIX_ROOT=0 -DCMAKE_INSTALL_PREFIX=/home/russell/ROS2_REPAS/install/my_ur5e_moveit2_control
[2.370s] Invoking command in '/home/russell/ROS2_REPAS/build/my_ur5e_moveit2_control': DEBUGINFOD_URLS=https://debuginfod.ubuntu.com /usr/bin/cmake --build /home/russell/ROS2_REPAS/build/my_ur5e_moveit2_control -- -j24 -l24
[2.438s] [ 50%] [32mBuilding CXX object CMakeFiles/move_ur5e.dir/src/move_ur5e.cpp.o[0m
[9.648s] [100%] [32m[1mLinking CXX executable move_ur5e[0m
[9.945s] [100%] Built target move_ur5e
[9.958s] Invoked command in '/home/russell/ROS2_REPAS/build/my_ur5e_moveit2_control' returned '0': DEBUGINFOD_URLS=https://debuginfod.ubuntu.com /usr/bin/cmake --build /home/russell/ROS2_REPAS/build/my_ur5e_moveit2_control -- -j24 -l24
[9.960s] Invoking command in '/home/russell/ROS2_REPAS/build/my_ur5e_moveit2_control': DEBUGINFOD_URLS=https://debuginfod.ubuntu.com /usr/bin/cmake --install /home/russell/ROS2_REPAS/build/my_ur5e_moveit2_control
[9.969s] -- Install configuration: ""
[9.970s] -- Installing: /home/russell/ROS2_REPAS/install/my_ur5e_moveit2_control/lib/my_ur5e_moveit2_control/move_ur5e
[9.970s] -- Set non-toolchain portion of runtime path of "/home/russell/ROS2_REPAS/install/my_ur5e_moveit2_control/lib/my_ur5e_moveit2_control/move_ur5e" to ""
[9.970s] -- Installing: /home/russell/ROS2_REPAS/install/my_ur5e_moveit2_control/share/my_ur5e_moveit2_control/launch
[9.971s] -- Installing: /home/russell/ROS2_REPAS/install/my_ur5e_moveit2_control/share/my_ur5e_moveit2_control/launch/move_ur5e.launch.py
[9.971s] -- Installing: /home/russell/ROS2_REPAS/install/my_ur5e_moveit2_control/share/ament_index/resource_index/package_run_dependencies/my_ur5e_moveit2_control
[9.971s] -- Installing: /home/russell/ROS2_REPAS/install/my_ur5e_moveit2_control/share/ament_index/resource_index/parent_prefix_path/my_ur5e_moveit2_control
[9.971s] -- Installing: /home/russell/ROS2_REPAS/install/my_ur5e_moveit2_control/share/my_ur5e_moveit2_control/environment/ament_prefix_path.sh
[9.971s] -- Installing: /home/russell/ROS2_REPAS/install/my_ur5e_moveit2_control/share/my_ur5e_moveit2_control/environment/ament_prefix_path.dsv
[9.971s] -- Installing: /home/russell/ROS2_REPAS/install/my_ur5e_moveit2_control/share/my_ur5e_moveit2_control/environment/path.sh
[9.972s] -- Installing: /home/russell/ROS2_REPAS/install/my_ur5e_moveit2_control/share/my_ur5e_moveit2_control/environment/path.dsv
[9.972s] -- Installing: /home/russell/ROS2_REPAS/install/my_ur5e_moveit2_control/share/my_ur5e_moveit2_control/local_setup.bash
[9.972s] -- Installing: /home/russell/ROS2_REPAS/install/my_ur5e_moveit2_control/share/my_ur5e_moveit2_control/local_setup.sh
[9.972s] -- Installing: /home/russell/ROS2_REPAS/install/my_ur5e_moveit2_control/share/my_ur5e_moveit2_control/local_setup.zsh
[9.972s] -- Installing: /home/russell/ROS2_REPAS/install/my_ur5e_moveit2_control/share/my_ur5e_moveit2_control/local_setup.dsv
[9.972s] -- Installing: /home/russell/ROS2_REPAS/install/my_ur5e_moveit2_control/share/my_ur5e_moveit2_control/package.dsv
[9.972s] -- Installing: /home/russell/ROS2_REPAS/install/my_ur5e_moveit2_control/share/ament_index/resource_index/packages/my_ur5e_moveit2_control
[9.973s] -- Installing: /home/russell/ROS2_REPAS/install/my_ur5e_moveit2_control/share/my_ur5e_moveit2_control/cmake/my_ur5e_moveit2_controlConfig.cmake
[9.973s] -- Installing: /home/russell/ROS2_REPAS/install/my_ur5e_moveit2_control/share/my_ur5e_moveit2_control/cmake/my_ur5e_moveit2_controlConfig-version.cmake
[9.973s] -- Installing: /home/russell/ROS2_REPAS/install/my_ur5e_moveit2_control/share/my_ur5e_moveit2_control/package.xml
[9.975s] Invoked command in '/home/russell/ROS2_REPAS/build/my_ur5e_moveit2_control' returned '0': DEBUGINFOD_URLS=https://debuginfod.ubuntu.com /usr/bin/cmake --install /home/russell/ROS2_REPAS/build/my_ur5e_moveit2_control
