[0.010s] Invoking command in '/home/russell/ROS2_REPAS/build/ur_moveit_config': CMAKE_PREFIX_PATH=/home/russell/ROS2_REPAS/install/ur_description:/home/russell/ROS2_REPAS/install/ur_simulation_gz:/home/russell/ROS2_REPAS/install/ur:/home/russell/ROS2_REPAS/install/ur_calibration:/home/russell/ROS2_REPAS/install/ur_robot_driver:/home/russell/ROS2_REPAS/install/ur_moveit_config:/home/russell/ROS2_REPAS/install/ur_controllers:/home/russell/ROS2_REPAS/install/ur_dashboard_msgs:/home/russell/ROS2_REPAS/install/ur5e_control:/home/russell/ROS2_REPAS/install/my_ur5e_moveit2_control:/home/russell/ROS2_REPAS/install/moveit2_scripts:/home/russell/ROS2_REPAS/install/hello_moveit:/opt/ros/jazzy/opt/gz_sim_vendor:/opt/ros/jazzy/opt/gz_sensors_vendor:/opt/ros/jazzy/opt/gz_physics_vendor:/opt/ros/jazzy/opt/sdformat_vendor:/opt/ros/jazzy/opt/gz_gui_vendor:/opt/ros/jazzy/opt/gz_transport_vendor:/opt/ros/jazzy/opt/gz_rendering_vendor:/opt/ros/jazzy/opt/gz_plugin_vendor:/opt/ros/jazzy/opt/gz_fuel_tools_vendor:/opt/ros/jazzy/opt/gz_msgs_vendor:/opt/ros/jazzy/opt/gz_common_vendor:/opt/ros/jazzy/opt/gz_math_vendor:/opt/ros/jazzy/opt/gz_utils_vendor:/opt/ros/jazzy/opt/gz_tools_vendor:/opt/ros/jazzy/opt/gz_ogre_next_vendor:/opt/ros/jazzy/opt/gz_dartsim_vendor:/opt/ros/jazzy/opt/gz_cmake_vendor:/opt/ros/jazzy DEBUGINFOD_URLS=https://debuginfod.ubuntu.com /usr/bin/cmake /home/russell/ROS2_REPAS/src/Universal_Robots_ROS2_Driver/ur_moveit_config -DCMAKE_INSTALL_PREFIX=/home/russell/ROS2_REPAS/install/ur_moveit_config
[0.066s] -- The C compiler identification is GNU 13.3.0
[0.122s] -- The CXX compiler identification is GNU 13.3.0
[0.138s] -- Detecting C compiler ABI info
[0.236s] -- Detecting C compiler ABI info - done
[0.245s] -- Check for working C compiler: /usr/bin/cc - skipped
[0.245s] -- Detecting C compile features
[0.246s] -- Detecting C compile features - done
[0.256s] -- Detecting CXX compiler ABI info
[0.369s] -- Detecting CXX compiler ABI info - done
[0.378s] -- Check for working CXX compiler: /usr/bin/c++ - skipped
[0.378s] -- Detecting CXX compile features
[0.379s] -- Detecting CXX compile features - done
[0.384s] -- Found ament_cmake: 2.5.3 (/opt/ros/jazzy/share/ament_cmake/cmake)
[0.556s] -- Found Python3: /usr/bin/python3 (found version "3.12.3") found components: Interpreter 
[0.768s] -- Configuring done (0.7s)
[0.771s] -- Generating done (0.0s)
[0.773s] -- Build files have been written to: /home/russell/ROS2_REPAS/build/ur_moveit_config
[0.778s] Invoked command in '/home/russell/ROS2_REPAS/build/ur_moveit_config' returned '0': CMAKE_PREFIX_PATH=/home/russell/ROS2_REPAS/install/ur_description:/home/russell/ROS2_REPAS/install/ur_simulation_gz:/home/russell/ROS2_REPAS/install/ur:/home/russell/ROS2_REPAS/install/ur_calibration:/home/russell/ROS2_REPAS/install/ur_robot_driver:/home/russell/ROS2_REPAS/install/ur_moveit_config:/home/russell/ROS2_REPAS/install/ur_controllers:/home/russell/ROS2_REPAS/install/ur_dashboard_msgs:/home/russell/ROS2_REPAS/install/ur5e_control:/home/russell/ROS2_REPAS/install/my_ur5e_moveit2_control:/home/russell/ROS2_REPAS/install/moveit2_scripts:/home/russell/ROS2_REPAS/install/hello_moveit:/opt/ros/jazzy/opt/gz_sim_vendor:/opt/ros/jazzy/opt/gz_sensors_vendor:/opt/ros/jazzy/opt/gz_physics_vendor:/opt/ros/jazzy/opt/sdformat_vendor:/opt/ros/jazzy/opt/gz_gui_vendor:/opt/ros/jazzy/opt/gz_transport_vendor:/opt/ros/jazzy/opt/gz_rendering_vendor:/opt/ros/jazzy/opt/gz_plugin_vendor:/opt/ros/jazzy/opt/gz_fuel_tools_vendor:/opt/ros/jazzy/opt/gz_msgs_vendor:/opt/ros/jazzy/opt/gz_common_vendor:/opt/ros/jazzy/opt/gz_math_vendor:/opt/ros/jazzy/opt/gz_utils_vendor:/opt/ros/jazzy/opt/gz_tools_vendor:/opt/ros/jazzy/opt/gz_ogre_next_vendor:/opt/ros/jazzy/opt/gz_dartsim_vendor:/opt/ros/jazzy/opt/gz_cmake_vendor:/opt/ros/jazzy DEBUGINFOD_URLS=https://debuginfod.ubuntu.com /usr/bin/cmake /home/russell/ROS2_REPAS/src/Universal_Robots_ROS2_Driver/ur_moveit_config -DCMAKE_INSTALL_PREFIX=/home/russell/ROS2_REPAS/install/ur_moveit_config
[0.780s] Invoking command in '/home/russell/ROS2_REPAS/build/ur_moveit_config': CMAKE_PREFIX_PATH=/home/russell/ROS2_REPAS/install/ur_description:/home/russell/ROS2_REPAS/install/ur_simulation_gz:/home/russell/ROS2_REPAS/install/ur:/home/russell/ROS2_REPAS/install/ur_calibration:/home/russell/ROS2_REPAS/install/ur_robot_driver:/home/russell/ROS2_REPAS/install/ur_moveit_config:/home/russell/ROS2_REPAS/install/ur_controllers:/home/russell/ROS2_REPAS/install/ur_dashboard_msgs:/home/russell/ROS2_REPAS/install/ur5e_control:/home/russell/ROS2_REPAS/install/my_ur5e_moveit2_control:/home/russell/ROS2_REPAS/install/moveit2_scripts:/home/russell/ROS2_REPAS/install/hello_moveit:/opt/ros/jazzy/opt/gz_sim_vendor:/opt/ros/jazzy/opt/gz_sensors_vendor:/opt/ros/jazzy/opt/gz_physics_vendor:/opt/ros/jazzy/opt/sdformat_vendor:/opt/ros/jazzy/opt/gz_gui_vendor:/opt/ros/jazzy/opt/gz_transport_vendor:/opt/ros/jazzy/opt/gz_rendering_vendor:/opt/ros/jazzy/opt/gz_plugin_vendor:/opt/ros/jazzy/opt/gz_fuel_tools_vendor:/opt/ros/jazzy/opt/gz_msgs_vendor:/opt/ros/jazzy/opt/gz_common_vendor:/opt/ros/jazzy/opt/gz_math_vendor:/opt/ros/jazzy/opt/gz_utils_vendor:/opt/ros/jazzy/opt/gz_tools_vendor:/opt/ros/jazzy/opt/gz_ogre_next_vendor:/opt/ros/jazzy/opt/gz_dartsim_vendor:/opt/ros/jazzy/opt/gz_cmake_vendor:/opt/ros/jazzy DEBUGINFOD_URLS=https://debuginfod.ubuntu.com /usr/bin/cmake --build /home/russell/ROS2_REPAS/build/ur_moveit_config -- -j24 -l24
[0.827s] Invoked command in '/home/russell/ROS2_REPAS/build/ur_moveit_config' returned '0': CMAKE_PREFIX_PATH=/home/russell/ROS2_REPAS/install/ur_description:/home/russell/ROS2_REPAS/install/ur_simulation_gz:/home/russell/ROS2_REPAS/install/ur:/home/russell/ROS2_REPAS/install/ur_calibration:/home/russell/ROS2_REPAS/install/ur_robot_driver:/home/russell/ROS2_REPAS/install/ur_moveit_config:/home/russell/ROS2_REPAS/install/ur_controllers:/home/russell/ROS2_REPAS/install/ur_dashboard_msgs:/home/russell/ROS2_REPAS/install/ur5e_control:/home/russell/ROS2_REPAS/install/my_ur5e_moveit2_control:/home/russell/ROS2_REPAS/install/moveit2_scripts:/home/russell/ROS2_REPAS/install/hello_moveit:/opt/ros/jazzy/opt/gz_sim_vendor:/opt/ros/jazzy/opt/gz_sensors_vendor:/opt/ros/jazzy/opt/gz_physics_vendor:/opt/ros/jazzy/opt/sdformat_vendor:/opt/ros/jazzy/opt/gz_gui_vendor:/opt/ros/jazzy/opt/gz_transport_vendor:/opt/ros/jazzy/opt/gz_rendering_vendor:/opt/ros/jazzy/opt/gz_plugin_vendor:/opt/ros/jazzy/opt/gz_fuel_tools_vendor:/opt/ros/jazzy/opt/gz_msgs_vendor:/opt/ros/jazzy/opt/gz_common_vendor:/opt/ros/jazzy/opt/gz_math_vendor:/opt/ros/jazzy/opt/gz_utils_vendor:/opt/ros/jazzy/opt/gz_tools_vendor:/opt/ros/jazzy/opt/gz_ogre_next_vendor:/opt/ros/jazzy/opt/gz_dartsim_vendor:/opt/ros/jazzy/opt/gz_cmake_vendor:/opt/ros/jazzy DEBUGINFOD_URLS=https://debuginfod.ubuntu.com /usr/bin/cmake --build /home/russell/ROS2_REPAS/build/ur_moveit_config -- -j24 -l24
[0.828s] Invoking command in '/home/russell/ROS2_REPAS/build/ur_moveit_config': CMAKE_PREFIX_PATH=/home/russell/ROS2_REPAS/install/ur_description:/home/russell/ROS2_REPAS/install/ur_simulation_gz:/home/russell/ROS2_REPAS/install/ur:/home/russell/ROS2_REPAS/install/ur_calibration:/home/russell/ROS2_REPAS/install/ur_robot_driver:/home/russell/ROS2_REPAS/install/ur_moveit_config:/home/russell/ROS2_REPAS/install/ur_controllers:/home/russell/ROS2_REPAS/install/ur_dashboard_msgs:/home/russell/ROS2_REPAS/install/ur5e_control:/home/russell/ROS2_REPAS/install/my_ur5e_moveit2_control:/home/russell/ROS2_REPAS/install/moveit2_scripts:/home/russell/ROS2_REPAS/install/hello_moveit:/opt/ros/jazzy/opt/gz_sim_vendor:/opt/ros/jazzy/opt/gz_sensors_vendor:/opt/ros/jazzy/opt/gz_physics_vendor:/opt/ros/jazzy/opt/sdformat_vendor:/opt/ros/jazzy/opt/gz_gui_vendor:/opt/ros/jazzy/opt/gz_transport_vendor:/opt/ros/jazzy/opt/gz_rendering_vendor:/opt/ros/jazzy/opt/gz_plugin_vendor:/opt/ros/jazzy/opt/gz_fuel_tools_vendor:/opt/ros/jazzy/opt/gz_msgs_vendor:/opt/ros/jazzy/opt/gz_common_vendor:/opt/ros/jazzy/opt/gz_math_vendor:/opt/ros/jazzy/opt/gz_utils_vendor:/opt/ros/jazzy/opt/gz_tools_vendor:/opt/ros/jazzy/opt/gz_ogre_next_vendor:/opt/ros/jazzy/opt/gz_dartsim_vendor:/opt/ros/jazzy/opt/gz_cmake_vendor:/opt/ros/jazzy DEBUGINFOD_URLS=https://debuginfod.ubuntu.com /usr/bin/cmake --install /home/russell/ROS2_REPAS/build/ur_moveit_config
[0.837s] -- Install configuration: ""
[0.837s] -- Installing: /home/russell/ROS2_REPAS/install/ur_moveit_config/share/ament_index/resource_index/package_run_dependencies/ur_moveit_config
[0.837s] -- Installing: /home/russell/ROS2_REPAS/install/ur_moveit_config/share/ament_index/resource_index/parent_prefix_path/ur_moveit_config
[0.838s] -- Installing: /home/russell/ROS2_REPAS/install/ur_moveit_config/share/ur_moveit_config/environment/ament_prefix_path.sh
[0.838s] -- Installing: /home/russell/ROS2_REPAS/install/ur_moveit_config/share/ur_moveit_config/environment/ament_prefix_path.dsv
[0.838s] -- Installing: /home/russell/ROS2_REPAS/install/ur_moveit_config/share/ur_moveit_config/environment/path.sh
[0.838s] -- Installing: /home/russell/ROS2_REPAS/install/ur_moveit_config/share/ur_moveit_config/environment/path.dsv
[0.838s] -- Installing: /home/russell/ROS2_REPAS/install/ur_moveit_config/share/ur_moveit_config/local_setup.bash
[0.839s] -- Installing: /home/russell/ROS2_REPAS/install/ur_moveit_config/share/ur_moveit_config/local_setup.sh
[0.839s] -- Installing: /home/russell/ROS2_REPAS/install/ur_moveit_config/share/ur_moveit_config/local_setup.zsh
[0.839s] -- Installing: /home/russell/ROS2_REPAS/install/ur_moveit_config/share/ur_moveit_config/local_setup.dsv
[0.839s] -- Installing: /home/russell/ROS2_REPAS/install/ur_moveit_config/share/ur_moveit_config/package.dsv
[0.839s] -- Installing: /home/russell/ROS2_REPAS/install/ur_moveit_config/share/ament_index/resource_index/packages/ur_moveit_config
[0.839s] -- Installing: /home/russell/ROS2_REPAS/install/ur_moveit_config/share/ur_moveit_config/cmake/ur_moveit_configConfig.cmake
[0.840s] -- Installing: /home/russell/ROS2_REPAS/install/ur_moveit_config/share/ur_moveit_config/cmake/ur_moveit_configConfig-version.cmake
[0.840s] -- Installing: /home/russell/ROS2_REPAS/install/ur_moveit_config/share/ur_moveit_config/package.xml
[0.840s] -- Installing: /home/russell/ROS2_REPAS/install/ur_moveit_config/share/ur_moveit_config/config
[0.840s] -- Installing: /home/russell/ROS2_REPAS/install/ur_moveit_config/share/ur_moveit_config/config/moveit.rviz
[0.840s] -- Installing: /home/russell/ROS2_REPAS/install/ur_moveit_config/share/ur_moveit_config/config/moveit_controllers.yaml
[0.841s] -- Installing: /home/russell/ROS2_REPAS/install/ur_moveit_config/share/ur_moveit_config/config/pilz_industrial_motion_planner_planning.yaml
[0.841s] -- Installing: /home/russell/ROS2_REPAS/install/ur_moveit_config/share/ur_moveit_config/config/ompl_planning.yaml
[0.841s] -- Installing: /home/russell/ROS2_REPAS/install/ur_moveit_config/share/ur_moveit_config/config/pilz_cartesian_limits.yaml
[0.841s] -- Installing: /home/russell/ROS2_REPAS/install/ur_moveit_config/share/ur_moveit_config/config/ur_servo.yaml
[0.841s] -- Installing: /home/russell/ROS2_REPAS/install/ur_moveit_config/share/ur_moveit_config/config/joint_limits.yaml
[0.842s] -- Installing: /home/russell/ROS2_REPAS/install/ur_moveit_config/share/ur_moveit_config/config/chomp_planning.yaml
[0.842s] -- Installing: /home/russell/ROS2_REPAS/install/ur_moveit_config/share/ur_moveit_config/config/kinematics.yaml
[0.842s] -- Installing: /home/russell/ROS2_REPAS/install/ur_moveit_config/share/ur_moveit_config/launch
[0.842s] -- Installing: /home/russell/ROS2_REPAS/install/ur_moveit_config/share/ur_moveit_config/launch/ur_moveit.launch.py
[0.842s] -- Installing: /home/russell/ROS2_REPAS/install/ur_moveit_config/share/ur_moveit_config/srdf
[0.842s] -- Installing: /home/russell/ROS2_REPAS/install/ur_moveit_config/share/ur_moveit_config/srdf/ur_macro.srdf.xacro
[0.842s] -- Installing: /home/russell/ROS2_REPAS/install/ur_moveit_config/share/ur_moveit_config/srdf/ur.srdf.xacro
[0.844s] Invoked command in '/home/russell/ROS2_REPAS/build/ur_moveit_config' returned '0': CMAKE_PREFIX_PATH=/home/russell/ROS2_REPAS/install/ur_description:/home/russell/ROS2_REPAS/install/ur_simulation_gz:/home/russell/ROS2_REPAS/install/ur:/home/russell/ROS2_REPAS/install/ur_calibration:/home/russell/ROS2_REPAS/install/ur_robot_driver:/home/russell/ROS2_REPAS/install/ur_moveit_config:/home/russell/ROS2_REPAS/install/ur_controllers:/home/russell/ROS2_REPAS/install/ur_dashboard_msgs:/home/russell/ROS2_REPAS/install/ur5e_control:/home/russell/ROS2_REPAS/install/my_ur5e_moveit2_control:/home/russell/ROS2_REPAS/install/moveit2_scripts:/home/russell/ROS2_REPAS/install/hello_moveit:/opt/ros/jazzy/opt/gz_sim_vendor:/opt/ros/jazzy/opt/gz_sensors_vendor:/opt/ros/jazzy/opt/gz_physics_vendor:/opt/ros/jazzy/opt/sdformat_vendor:/opt/ros/jazzy/opt/gz_gui_vendor:/opt/ros/jazzy/opt/gz_transport_vendor:/opt/ros/jazzy/opt/gz_rendering_vendor:/opt/ros/jazzy/opt/gz_plugin_vendor:/opt/ros/jazzy/opt/gz_fuel_tools_vendor:/opt/ros/jazzy/opt/gz_msgs_vendor:/opt/ros/jazzy/opt/gz_common_vendor:/opt/ros/jazzy/opt/gz_math_vendor:/opt/ros/jazzy/opt/gz_utils_vendor:/opt/ros/jazzy/opt/gz_tools_vendor:/opt/ros/jazzy/opt/gz_ogre_next_vendor:/opt/ros/jazzy/opt/gz_dartsim_vendor:/opt/ros/jazzy/opt/gz_cmake_vendor:/opt/ros/jazzy DEBUGINFOD_URLS=https://debuginfod.ubuntu.com /usr/bin/cmake --install /home/russell/ROS2_REPAS/build/ur_moveit_config
