-- The CXX compiler identification is GNU 13.3.0
-- Detecting CXX compiler ABI info
-- Detecting CXX compiler ABI info - done
-- Check for working CXX compiler: /usr/bin/c++ - skipped
-- Detecting CXX compile features
-- Detecting CXX compile features - done
-- Found ament_cmake: 2.5.4 (/opt/ros/jazzy/share/ament_cmake/cmake)
-- Found Python3: /usr/bin/python3 (found version "3.12.3") found components: Interpreter 
-- Override CMake install command with custom implementation using symlinks instead of copying resources
-- Found hardware_interface: 4.32.0 (/opt/ros/jazzy/share/hardware_interface/cmake)
-- Found rosidl_generator_c: 4.6.5 (/opt/ros/jazzy/share/rosidl_generator_c/cmake)
-- Found rosidl_generator_cpp: 4.6.5 (/opt/ros/jazzy/share/rosidl_generator_cpp/cmake)
-- Using all available rosidl_typesupport_c: rosidl_typesupport_fastrtps_c;rosidl_typesupport_introspection_c
-- Using all available rosidl_typesupport_cpp: rosidl_typesupport_fastrtps_cpp;rosidl_typesupport_introspection_cpp
-- Found TinyXML2 via Config file: /usr/lib/x86_64-linux-gnu/cmake/tinyxml2
-- Found rmw_implementation_cmake: 7.3.2 (/opt/ros/jazzy/share/rmw_implementation_cmake/cmake)
-- Found rmw_fastrtps_cpp: 8.4.2 (/opt/ros/jazzy/share/rmw_fastrtps_cpp/cmake)
-- Found TinyXML2 via Config file: /usr/lib/x86_64-linux-gnu/cmake/tinyxml2
-- Found OpenSSL: /usr/lib/x86_64-linux-gnu/libcrypto.so (found version "3.0.13")  
-- Found TinyXML2 via Config file: /usr/lib/x86_64-linux-gnu/cmake/tinyxml2
-- Found FastRTPS: /opt/ros/jazzy/include (Required is at least version "2.13") 
-- Found TinyXML2 via Config file: /usr/lib/x86_64-linux-gnu/cmake/tinyxml2
-- Found TinyXML2 via Config file: /usr/lib/x86_64-linux-gnu/cmake/tinyxml2
-- Using RMW implementation 'rmw_fastrtps_cpp' as default
-- Found robotiq_2f_gripper_msgs: 0.0.0 (/home/russell/ROS2_REPAS/install/robotiq_2f_gripper_msgs/share/robotiq_2f_gripper_msgs/cmake)
-- Found serial: 1.2.1 (/home/russell/ROS2_REPAS/install/serial/share/serial/cmake)
-- Found robotiq_2f_gripper_interfaces: 0.0.1 (/home/russell/ROS2_REPAS/install/robotiq_2f_gripper_interfaces/share/robotiq_2f_gripper_interfaces/cmake)
-- Configuring done (1.7s)
-- Generating done (0.1s)
-- Build files have been written to: /home/russell/ROS2_REPAS/build/robotiq_2f_gripper_hardware
[ 50%] [32mBuilding CXX object CMakeFiles/robotiq_2f_gripper_node.dir/src/robotiq_2f_gripper_node.cpp.o[0m
[100%] [32m[1mLinking CXX executable robotiq_2f_gripper_node[0m
[100%] Built target robotiq_2f_gripper_node
-- Install configuration: ""
-- Execute custom install script
-- Symlinking: /home/russell/ROS2_REPAS/install/robotiq_2f_gripper_hardware/lib/robotiq_2f_gripper_hardware/robotiq_2f_gripper_node
-- Symlinking: /home/russell/ROS2_REPAS/install/robotiq_2f_gripper_hardware/include/robotiq_2f_gripper_hardware/robotiq_2f_gripper_node.hpp
-- Symlinking: /home/russell/ROS2_REPAS/install/robotiq_2f_gripper_hardware/share/robotiq_2f_gripper_hardware/launch/robotiq_2f_gripper_launch.py
-- Symlinking: /home/russell/ROS2_REPAS/install/robotiq_2f_gripper_hardware/share/ament_index/resource_index/package_run_dependencies/robotiq_2f_gripper_hardware
-- Symlinking: /home/russell/ROS2_REPAS/install/robotiq_2f_gripper_hardware/share/ament_index/resource_index/parent_prefix_path/robotiq_2f_gripper_hardware
-- Symlinking: /home/russell/ROS2_REPAS/install/robotiq_2f_gripper_hardware/share/robotiq_2f_gripper_hardware/environment/ament_prefix_path.sh
-- Symlinking: /home/russell/ROS2_REPAS/install/robotiq_2f_gripper_hardware/share/robotiq_2f_gripper_hardware/environment/ament_prefix_path.dsv
-- Symlinking: /home/russell/ROS2_REPAS/install/robotiq_2f_gripper_hardware/share/robotiq_2f_gripper_hardware/environment/path.sh
-- Symlinking: /home/russell/ROS2_REPAS/install/robotiq_2f_gripper_hardware/share/robotiq_2f_gripper_hardware/environment/path.dsv
-- Symlinking: /home/russell/ROS2_REPAS/install/robotiq_2f_gripper_hardware/share/robotiq_2f_gripper_hardware/local_setup.bash
-- Symlinking: /home/russell/ROS2_REPAS/install/robotiq_2f_gripper_hardware/share/robotiq_2f_gripper_hardware/local_setup.sh
-- Symlinking: /home/russell/ROS2_REPAS/install/robotiq_2f_gripper_hardware/share/robotiq_2f_gripper_hardware/local_setup.zsh
-- Symlinking: /home/russell/ROS2_REPAS/install/robotiq_2f_gripper_hardware/share/robotiq_2f_gripper_hardware/local_setup.dsv
-- Symlinking: /home/russell/ROS2_REPAS/install/robotiq_2f_gripper_hardware/share/robotiq_2f_gripper_hardware/package.dsv
-- Symlinking: /home/russell/ROS2_REPAS/install/robotiq_2f_gripper_hardware/share/ament_index/resource_index/packages/robotiq_2f_gripper_hardware
-- Symlinking: /home/russell/ROS2_REPAS/install/robotiq_2f_gripper_hardware/share/robotiq_2f_gripper_hardware/cmake/robotiq_2f_gripper_hardwareConfig.cmake
-- Symlinking: /home/russell/ROS2_REPAS/install/robotiq_2f_gripper_hardware/share/robotiq_2f_gripper_hardware/cmake/robotiq_2f_gripper_hardwareConfig-version.cmake
-- Symlinking: /home/russell/ROS2_REPAS/install/robotiq_2f_gripper_hardware/share/robotiq_2f_gripper_hardware/package.xml
