[0.016s] Invoking command in '/home/russell/ROS2_REPAS/build/ur5e_moveit_demo': CMAKE_PREFIX_PATH=/home/russell/ROS2_REPAS/install/ur_simulation_gz:/home/russell/ROS2_REPAS/install/ur_description:/home/russell/ROS2_REPAS/install/ur5e_moveit_demo:/home/russell/ROS2_REPAS/install/robotiq_2f_gripper_hardware:/home/russell/ROS2_REPAS/install/robotiq_2f_gripper_interfaces:/home/russell/ROS2_REPAS/install/serial:/home/russell/ROS2_REPAS/install/robotiq_2f_gripper_msgs:/home/russell/ROS2_REPAS/install/robotiq_2f_gripper_description:/opt/ros/jazzy/opt/gz_sim_vendor:/opt/ros/jazzy/opt/gz_sensors_vendor:/opt/ros/jazzy/opt/gz_physics_vendor:/opt/ros/jazzy/opt/sdformat_vendor:/opt/ros/jazzy/opt/gz_gui_vendor:/opt/ros/jazzy/opt/gz_transport_vendor:/opt/ros/jazzy/opt/gz_rendering_vendor:/opt/ros/jazzy/opt/gz_plugin_vendor:/opt/ros/jazzy/opt/gz_fuel_tools_vendor:/opt/ros/jazzy/opt/gz_msgs_vendor:/opt/ros/jazzy/opt/gz_common_vendor:/opt/ros/jazzy/opt/gz_math_vendor:/opt/ros/jazzy/opt/gz_utils_vendor:/opt/ros/jazzy/opt/gz_tools_vendor:/opt/ros/jazzy/opt/gz_ogre_next_vendor:/opt/ros/jazzy/opt/gz_dartsim_vendor:/opt/ros/jazzy/opt/gz_cmake_vendor:/home/russell/ROS2_REPAS/install/camera_sensor:/opt/ros/jazzy DEBUGINFOD_URLS=https://debuginfod.ubuntu.com /usr/bin/cmake --build /home/russell/ROS2_REPAS/build/ur5e_moveit_demo -- -j24 -l24
[0.107s] [  7%] Built target rpm_continuous
[0.111s] [ 35%] Built target hydroponic_waypoint_grid_v2
[0.111s] [ 25%] Built target home
[0.111s] [ 42%] Built target russell_script1
[0.111s] [ 35%] Built target move_ur5e
[0.111s] [ 46%] Built target parlight_grid
[0.111s] [ 50%] Built target waypoint_grid
[0.112s] [ 57%] Built target hydroponic_waypoint_grid
[0.112s] [ 64%] Built target rpm_simple_with_data
[0.115s] [ 67%] [32mBuilding CXX object CMakeFiles/rpm_pos_agnostic_with_data.dir/src/rpm_pos_agnostic_with_data.cpp.o[0m
[0.115s] [ 75%] Built target parlight_grid_with_parsensor
[0.115s] [ 89%] Built target parlight_grid_with_cadsensor
[0.115s] [ 89%] Built target parlight_grid_with_hydrosystem
[0.116s] [ 96%] Built target rpm_simple
[3.082s] In file included from [01m[K/home/russell/ROS2_REPAS/src/ur5e_moveit_demo/src/rpm_pos_agnostic_with_data.cpp:10[m[K:
[3.082s] [01m[K/opt/ros/jazzy/include/moveit_ros_planning_interface/moveit/move_group_interface/move_group_interface.h:51:77:[m[K [01;36m[Knote: [m[K‘[01m[K#pragma message: .h header is obsolete. Please use the .hpp header instead.[m[K’
[3.082s]    51 | #pragma message(".h header is obsolete. Please use the .hpp header instead."[01;36m[K)[m[K
[3.082s]       |                                                                             [01;36m[K^[m[K
[5.171s] [01m[K/home/russell/ROS2_REPAS/src/ur5e_moveit_demo/src/rpm_pos_agnostic_with_data.cpp:[m[K In function ‘[01m[Kint[01;32m[K main[m[K(int, char**)[m[K’:
[5.172s] [01m[K/home/russell/ROS2_REPAS/src/ur5e_moveit_demo/src/rpm_pos_agnostic_with_data.cpp:70:41:[m[K [01;31m[Kerror: [m[Kno matching function for call to ‘[01m[Kmoveit::planning_interface::MoveGroupInterface::setOrientationTarget(geometry_msgs::msg::Quaternion, const std::string&)[m[K’
[5.172s]    70 |         [01;31m[Kmove_group->setOrientationTarget(tf2::toMsg(q), move_group->getEndEffectorLink())[m[K;
[5.172s]       |         [01;31m[K~~~~~~~~~~~~~~~~~~~~~~~~~~~~~~~~^~~~~~~~~~~~~~~~~~~~~~~~~~~~~~~~~~~~~~~~~~~~~~~~~[m[K
[5.172s] In file included from [01m[K/opt/ros/jazzy/include/moveit_ros_planning_interface/moveit/move_group_interface/move_group_interface.h:52[m[K:
[5.172s] [01m[K/opt/ros/jazzy/include/moveit_ros_planning_interface/moveit/move_group_interface/move_group_interface.hpp:549:8:[m[K [01;36m[Knote: [m[Kcandidate: ‘[01m[Kbool moveit::planning_interface::MoveGroupInterface::[01;32m[KsetOrientationTarget[m[K(double, double, double, double, const std::string&)[m[K’
[5.172s]   549 |   bool [01;36m[KsetOrientationTarget[m[K(double x, double y, double z, double w, const std::string& end_effector_link = "");
[5.172s]       |        [01;36m[K^~~~~~~~~~~~~~~~~~~~[m[K
[5.172s] [01m[K/opt/ros/jazzy/include/moveit_ros_planning_interface/moveit/move_group_interface/move_group_interface.hpp:549:8:[m[K [01;36m[Knote: [m[K  candidate expects 5 arguments, 2 provided
[7.282s] gmake[2]: *** [CMakeFiles/rpm_pos_agnostic_with_data.dir/build.make:76: CMakeFiles/rpm_pos_agnostic_with_data.dir/src/rpm_pos_agnostic_with_data.cpp.o] Error 1
[7.282s] gmake[1]: *** [CMakeFiles/Makefile2:501: CMakeFiles/rpm_pos_agnostic_with_data.dir/all] Error 2
[7.283s] gmake: *** [Makefile:146: all] Error 2
[7.287s] Invoked command in '/home/russell/ROS2_REPAS/build/ur5e_moveit_demo' returned '2': CMAKE_PREFIX_PATH=/home/russell/ROS2_REPAS/install/ur_simulation_gz:/home/russell/ROS2_REPAS/install/ur_description:/home/russell/ROS2_REPAS/install/ur5e_moveit_demo:/home/russell/ROS2_REPAS/install/robotiq_2f_gripper_hardware:/home/russell/ROS2_REPAS/install/robotiq_2f_gripper_interfaces:/home/russell/ROS2_REPAS/install/serial:/home/russell/ROS2_REPAS/install/robotiq_2f_gripper_msgs:/home/russell/ROS2_REPAS/install/robotiq_2f_gripper_description:/opt/ros/jazzy/opt/gz_sim_vendor:/opt/ros/jazzy/opt/gz_sensors_vendor:/opt/ros/jazzy/opt/gz_physics_vendor:/opt/ros/jazzy/opt/sdformat_vendor:/opt/ros/jazzy/opt/gz_gui_vendor:/opt/ros/jazzy/opt/gz_transport_vendor:/opt/ros/jazzy/opt/gz_rendering_vendor:/opt/ros/jazzy/opt/gz_plugin_vendor:/opt/ros/jazzy/opt/gz_fuel_tools_vendor:/opt/ros/jazzy/opt/gz_msgs_vendor:/opt/ros/jazzy/opt/gz_common_vendor:/opt/ros/jazzy/opt/gz_math_vendor:/opt/ros/jazzy/opt/gz_utils_vendor:/opt/ros/jazzy/opt/gz_tools_vendor:/opt/ros/jazzy/opt/gz_ogre_next_vendor:/opt/ros/jazzy/opt/gz_dartsim_vendor:/opt/ros/jazzy/opt/gz_cmake_vendor:/home/russell/ROS2_REPAS/install/camera_sensor:/opt/ros/jazzy DEBUGINFOD_URLS=https://debuginfod.ubuntu.com /usr/bin/cmake --build /home/russell/ROS2_REPAS/build/ur5e_moveit_demo -- -j24 -l24
