[0.013s] Invoking command in '/home/russell/ROS2_REPAS/build/robotiq_2f_gripper_interfaces': AMENT_PREFIX_PATH=/home/russell/ROS2_REPAS/install/serial:${AMENT_PREFIX_PATH} CMAKE_PREFIX_PATH=/home/russell/ROS2_REPAS/install/serial:/opt/ros/jazzy/opt/gz_sim_vendor:/opt/ros/jazzy/opt/gz_sensors_vendor:/opt/ros/jazzy/opt/gz_physics_vendor:/opt/ros/jazzy/opt/sdformat_vendor:/opt/ros/jazzy/opt/gz_gui_vendor:/opt/ros/jazzy/opt/gz_transport_vendor:/opt/ros/jazzy/opt/gz_rendering_vendor:/opt/ros/jazzy/opt/gz_plugin_vendor:/opt/ros/jazzy/opt/gz_fuel_tools_vendor:/opt/ros/jazzy/opt/gz_msgs_vendor:/opt/ros/jazzy/opt/gz_common_vendor:/opt/ros/jazzy/opt/gz_math_vendor:/opt/ros/jazzy/opt/gz_utils_vendor:/opt/ros/jazzy/opt/gz_tools_vendor:/opt/ros/jazzy/opt/gz_ogre_next_vendor:/opt/ros/jazzy/opt/gz_dartsim_vendor:/opt/ros/jazzy/opt/gz_cmake_vendor:/opt/ros/jazzy DEBUGINFOD_URLS=https://debuginfod.ubuntu.com LD_LIBRARY_PATH=/home/russell/ROS2_REPAS/install/serial/lib:${LD_LIBRARY_PATH} /usr/bin/cmake /home/russell/ROS2_REPAS/src/robotiq_2f_gripper_ros2/robotiq_2f_gripper_interfaces -DAMENT_CMAKE_SYMLINK_INSTALL=1 -DCMAKE_INSTALL_PREFIX=/home/russell/ROS2_REPAS/install/robotiq_2f_gripper_interfaces
[0.078s] -- The CXX compiler identification is GNU 13.3.0
[0.098s] -- Detecting CXX compiler ABI info
[0.198s] -- Detecting CXX compiler ABI info - done
[0.207s] -- Check for working CXX compiler: /usr/bin/c++ - skipped
[0.207s] -- Detecting CXX compile features
[0.207s] -- Detecting CXX compile features - done
[0.214s] -- Found ament_cmake: 2.5.4 (/opt/ros/jazzy/share/ament_cmake/cmake)
[0.381s] -- Found Python3: /usr/bin/python3 (found version "3.12.3") found components: Interpreter 
[0.443s] -- Override CMake install command with custom implementation using symlinks instead of copying resources
[0.507s] -- Found hardware_interface: 4.32.0 (/opt/ros/jazzy/share/hardware_interface/cmake)
[0.577s] -- Found rosidl_generator_c: 4.6.5 (/opt/ros/jazzy/share/rosidl_generator_c/cmake)
[0.597s] -- Found rosidl_generator_cpp: 4.6.5 (/opt/ros/jazzy/share/rosidl_generator_cpp/cmake)
[0.619s] -- Using all available rosidl_typesupport_c: rosidl_typesupport_fastrtps_c;rosidl_typesupport_introspection_c
[0.642s] -- Using all available rosidl_typesupport_cpp: rosidl_typesupport_fastrtps_cpp;rosidl_typesupport_introspection_cpp
[0.905s] -- Found TinyXML2 via Config file: /usr/lib/x86_64-linux-gnu/cmake/tinyxml2
[0.988s] -- Found rmw_implementation_cmake: 7.3.2 (/opt/ros/jazzy/share/rmw_implementation_cmake/cmake)
[0.993s] -- Found rmw_fastrtps_cpp: 8.4.2 (/opt/ros/jazzy/share/rmw_fastrtps_cpp/cmake)
[1.025s] -- Found TinyXML2 via Config file: /usr/lib/x86_64-linux-gnu/cmake/tinyxml2
[1.175s] -- Found OpenSSL: /usr/lib/x86_64-linux-gnu/libcrypto.so (found version "3.0.13")  
[1.178s] -- Found TinyXML2 via Config file: /usr/lib/x86_64-linux-gnu/cmake/tinyxml2
[1.196s] -- Found FastRTPS: /opt/ros/jazzy/include (Required is at least version "2.13") 
[1.199s] -- Found TinyXML2 via Config file: /usr/lib/x86_64-linux-gnu/cmake/tinyxml2
[1.208s] -- Found TinyXML2 via Config file: /usr/lib/x86_64-linux-gnu/cmake/tinyxml2
[1.221s] -- Using RMW implementation 'rmw_fastrtps_cpp' as default
[1.620s] -- Found serial: 1.2.1 (/home/russell/ROS2_REPAS/install/serial/share/serial/cmake)
[1.711s] -- Configuring done (1.7s)
[1.748s] -- Generating done (0.0s)
[1.758s] -- Build files have been written to: /home/russell/ROS2_REPAS/build/robotiq_2f_gripper_interfaces
[1.769s] Invoked command in '/home/russell/ROS2_REPAS/build/robotiq_2f_gripper_interfaces' returned '0': AMENT_PREFIX_PATH=/home/russell/ROS2_REPAS/install/serial:${AMENT_PREFIX_PATH} CMAKE_PREFIX_PATH=/home/russell/ROS2_REPAS/install/serial:/opt/ros/jazzy/opt/gz_sim_vendor:/opt/ros/jazzy/opt/gz_sensors_vendor:/opt/ros/jazzy/opt/gz_physics_vendor:/opt/ros/jazzy/opt/sdformat_vendor:/opt/ros/jazzy/opt/gz_gui_vendor:/opt/ros/jazzy/opt/gz_transport_vendor:/opt/ros/jazzy/opt/gz_rendering_vendor:/opt/ros/jazzy/opt/gz_plugin_vendor:/opt/ros/jazzy/opt/gz_fuel_tools_vendor:/opt/ros/jazzy/opt/gz_msgs_vendor:/opt/ros/jazzy/opt/gz_common_vendor:/opt/ros/jazzy/opt/gz_math_vendor:/opt/ros/jazzy/opt/gz_utils_vendor:/opt/ros/jazzy/opt/gz_tools_vendor:/opt/ros/jazzy/opt/gz_ogre_next_vendor:/opt/ros/jazzy/opt/gz_dartsim_vendor:/opt/ros/jazzy/opt/gz_cmake_vendor:/opt/ros/jazzy DEBUGINFOD_URLS=https://debuginfod.ubuntu.com LD_LIBRARY_PATH=/home/russell/ROS2_REPAS/install/serial/lib:${LD_LIBRARY_PATH} /usr/bin/cmake /home/russell/ROS2_REPAS/src/robotiq_2f_gripper_ros2/robotiq_2f_gripper_interfaces -DAMENT_CMAKE_SYMLINK_INSTALL=1 -DCMAKE_INSTALL_PREFIX=/home/russell/ROS2_REPAS/install/robotiq_2f_gripper_interfaces
[1.770s] Invoking command in '/home/russell/ROS2_REPAS/build/robotiq_2f_gripper_interfaces': AMENT_PREFIX_PATH=/home/russell/ROS2_REPAS/install/serial:${AMENT_PREFIX_PATH} CMAKE_PREFIX_PATH=/home/russell/ROS2_REPAS/install/serial:/opt/ros/jazzy/opt/gz_sim_vendor:/opt/ros/jazzy/opt/gz_sensors_vendor:/opt/ros/jazzy/opt/gz_physics_vendor:/opt/ros/jazzy/opt/sdformat_vendor:/opt/ros/jazzy/opt/gz_gui_vendor:/opt/ros/jazzy/opt/gz_transport_vendor:/opt/ros/jazzy/opt/gz_rendering_vendor:/opt/ros/jazzy/opt/gz_plugin_vendor:/opt/ros/jazzy/opt/gz_fuel_tools_vendor:/opt/ros/jazzy/opt/gz_msgs_vendor:/opt/ros/jazzy/opt/gz_common_vendor:/opt/ros/jazzy/opt/gz_math_vendor:/opt/ros/jazzy/opt/gz_utils_vendor:/opt/ros/jazzy/opt/gz_tools_vendor:/opt/ros/jazzy/opt/gz_ogre_next_vendor:/opt/ros/jazzy/opt/gz_dartsim_vendor:/opt/ros/jazzy/opt/gz_cmake_vendor:/opt/ros/jazzy DEBUGINFOD_URLS=https://debuginfod.ubuntu.com LD_LIBRARY_PATH=/home/russell/ROS2_REPAS/install/serial/lib:${LD_LIBRARY_PATH} /usr/bin/cmake --build /home/russell/ROS2_REPAS/build/robotiq_2f_gripper_interfaces -- -j24 -l24
[1.834s] [ 22%] [32mBuilding CXX object CMakeFiles/robotiq_2f_gripper_interfaces.dir/src/crc_utils.cpp.o[0m
[1.834s] [ 22%] [32mBuilding CXX object CMakeFiles/robotiq_2f_gripper_interfaces.dir/src/data_utils.cpp.o[0m
[1.835s] [ 33%] [32mBuilding CXX object CMakeFiles/robotiq_2f_gripper_interfaces.dir/src/default_serial.cpp.o[0m
[1.836s] [ 44%] [32mBuilding CXX object CMakeFiles/robotiq_2f_gripper_interfaces.dir/src/default_driver_factory.cpp.o[0m
[1.836s] [ 55%] [32mBuilding CXX object CMakeFiles/robotiq_2f_gripper_interfaces.dir/src/fake/fake_driver.cpp.o[0m
[1.836s] [ 66%] [32mBuilding CXX object CMakeFiles/robotiq_2f_gripper_interfaces.dir/src/default_serial_factory.cpp.o[0m
[1.837s] [ 77%] [32mBuilding CXX object CMakeFiles/robotiq_2f_gripper_interfaces.dir/src/default_driver.cpp.o[0m
[1.837s] [ 88%] [32mBuilding CXX object CMakeFiles/robotiq_2f_gripper_interfaces.dir/src/hardware_interface.cpp.o[0m
[11.952s] [100%] [32m[1mLinking CXX shared library librobotiq_2f_gripper_interfaces.so[0m
[13.276s] [100%] Built target robotiq_2f_gripper_interfaces
[13.292s] Invoked command in '/home/russell/ROS2_REPAS/build/robotiq_2f_gripper_interfaces' returned '0': AMENT_PREFIX_PATH=/home/russell/ROS2_REPAS/install/serial:${AMENT_PREFIX_PATH} CMAKE_PREFIX_PATH=/home/russell/ROS2_REPAS/install/serial:/opt/ros/jazzy/opt/gz_sim_vendor:/opt/ros/jazzy/opt/gz_sensors_vendor:/opt/ros/jazzy/opt/gz_physics_vendor:/opt/ros/jazzy/opt/sdformat_vendor:/opt/ros/jazzy/opt/gz_gui_vendor:/opt/ros/jazzy/opt/gz_transport_vendor:/opt/ros/jazzy/opt/gz_rendering_vendor:/opt/ros/jazzy/opt/gz_plugin_vendor:/opt/ros/jazzy/opt/gz_fuel_tools_vendor:/opt/ros/jazzy/opt/gz_msgs_vendor:/opt/ros/jazzy/opt/gz_common_vendor:/opt/ros/jazzy/opt/gz_math_vendor:/opt/ros/jazzy/opt/gz_utils_vendor:/opt/ros/jazzy/opt/gz_tools_vendor:/opt/ros/jazzy/opt/gz_ogre_next_vendor:/opt/ros/jazzy/opt/gz_dartsim_vendor:/opt/ros/jazzy/opt/gz_cmake_vendor:/opt/ros/jazzy DEBUGINFOD_URLS=https://debuginfod.ubuntu.com LD_LIBRARY_PATH=/home/russell/ROS2_REPAS/install/serial/lib:${LD_LIBRARY_PATH} /usr/bin/cmake --build /home/russell/ROS2_REPAS/build/robotiq_2f_gripper_interfaces -- -j24 -l24
[13.294s] Invoking command in '/home/russell/ROS2_REPAS/build/robotiq_2f_gripper_interfaces': AMENT_PREFIX_PATH=/home/russell/ROS2_REPAS/install/serial:${AMENT_PREFIX_PATH} CMAKE_PREFIX_PATH=/home/russell/ROS2_REPAS/install/serial:/opt/ros/jazzy/opt/gz_sim_vendor:/opt/ros/jazzy/opt/gz_sensors_vendor:/opt/ros/jazzy/opt/gz_physics_vendor:/opt/ros/jazzy/opt/sdformat_vendor:/opt/ros/jazzy/opt/gz_gui_vendor:/opt/ros/jazzy/opt/gz_transport_vendor:/opt/ros/jazzy/opt/gz_rendering_vendor:/opt/ros/jazzy/opt/gz_plugin_vendor:/opt/ros/jazzy/opt/gz_fuel_tools_vendor:/opt/ros/jazzy/opt/gz_msgs_vendor:/opt/ros/jazzy/opt/gz_common_vendor:/opt/ros/jazzy/opt/gz_math_vendor:/opt/ros/jazzy/opt/gz_utils_vendor:/opt/ros/jazzy/opt/gz_tools_vendor:/opt/ros/jazzy/opt/gz_ogre_next_vendor:/opt/ros/jazzy/opt/gz_dartsim_vendor:/opt/ros/jazzy/opt/gz_cmake_vendor:/opt/ros/jazzy DEBUGINFOD_URLS=https://debuginfod.ubuntu.com LD_LIBRARY_PATH=/home/russell/ROS2_REPAS/install/serial/lib:${LD_LIBRARY_PATH} /usr/bin/cmake --install /home/russell/ROS2_REPAS/build/robotiq_2f_gripper_interfaces
[13.303s] -- Install configuration: ""
[13.303s] -- Execute custom install script
[13.304s] -- Symlinking: /home/russell/ROS2_REPAS/install/robotiq_2f_gripper_interfaces/share/robotiq_2f_gripper_interfaces//hardware_interface_plugin.xml
[13.315s] -- Symlinking: /home/russell/ROS2_REPAS/install/robotiq_2f_gripper_interfaces/share/robotiq_2f_gripper_interfaces/environment/library_path.sh
[13.325s] -- Symlinking: /home/russell/ROS2_REPAS/install/robotiq_2f_gripper_interfaces/share/robotiq_2f_gripper_interfaces/environment/library_path.dsv
[13.335s] -- Symlinking: /home/russell/ROS2_REPAS/install/robotiq_2f_gripper_interfaces/include/robotiq_2f_gripper_interfaces/crc_utils.hpp
[13.345s] -- Symlinking: /home/russell/ROS2_REPAS/install/robotiq_2f_gripper_interfaces/include/robotiq_2f_gripper_interfaces/data_utils.hpp
[13.357s] -- Symlinking: /home/russell/ROS2_REPAS/install/robotiq_2f_gripper_interfaces/include/robotiq_2f_gripper_interfaces/default_driver.hpp
[13.367s] -- Symlinking: /home/russell/ROS2_REPAS/install/robotiq_2f_gripper_interfaces/include/robotiq_2f_gripper_interfaces/default_driver_factory.hpp
[13.377s] -- Symlinking: /home/russell/ROS2_REPAS/install/robotiq_2f_gripper_interfaces/include/robotiq_2f_gripper_interfaces/default_serial.hpp
[13.388s] -- Symlinking: /home/russell/ROS2_REPAS/install/robotiq_2f_gripper_interfaces/include/robotiq_2f_gripper_interfaces/default_serial_factory.hpp
[13.397s] -- Symlinking: /home/russell/ROS2_REPAS/install/robotiq_2f_gripper_interfaces/include/robotiq_2f_gripper_interfaces/driver.hpp
[13.410s] -- Symlinking: /home/russell/ROS2_REPAS/install/robotiq_2f_gripper_interfaces/include/robotiq_2f_gripper_interfaces/driver_exception.hpp
[13.420s] -- Symlinking: /home/russell/ROS2_REPAS/install/robotiq_2f_gripper_interfaces/include/robotiq_2f_gripper_interfaces/driver_factory.hpp
[13.429s] -- Symlinking: /home/russell/ROS2_REPAS/install/robotiq_2f_gripper_interfaces/include/robotiq_2f_gripper_interfaces/fake/fake_driver.hpp
[13.440s] -- Symlinking: /home/russell/ROS2_REPAS/install/robotiq_2f_gripper_interfaces/include/robotiq_2f_gripper_interfaces/hardware_interface.hpp
[13.454s] -- Symlinking: /home/russell/ROS2_REPAS/install/robotiq_2f_gripper_interfaces/include/robotiq_2f_gripper_interfaces/serial.hpp
[13.463s] -- Symlinking: /home/russell/ROS2_REPAS/install/robotiq_2f_gripper_interfaces/include/robotiq_2f_gripper_interfaces/serial_factory.hpp
[13.473s] -- Symlinking: /home/russell/ROS2_REPAS/install/robotiq_2f_gripper_interfaces/include/robotiq_2f_gripper_interfaces/visibility_control.hpp
[13.485s] -- Symlinking: /home/russell/ROS2_REPAS/install/robotiq_2f_gripper_interfaces/share/ament_index/resource_index/package_run_dependencies/robotiq_2f_gripper_interfaces
[13.495s] -- Symlinking: /home/russell/ROS2_REPAS/install/robotiq_2f_gripper_interfaces/share/ament_index/resource_index/parent_prefix_path/robotiq_2f_gripper_interfaces
[13.504s] -- Symlinking: /home/russell/ROS2_REPAS/install/robotiq_2f_gripper_interfaces/share/robotiq_2f_gripper_interfaces/environment/ament_prefix_path.sh
[13.514s] -- Symlinking: /home/russell/ROS2_REPAS/install/robotiq_2f_gripper_interfaces/share/robotiq_2f_gripper_interfaces/environment/ament_prefix_path.dsv
[13.524s] -- Symlinking: /home/russell/ROS2_REPAS/install/robotiq_2f_gripper_interfaces/share/robotiq_2f_gripper_interfaces/environment/path.sh
[13.534s] -- Symlinking: /home/russell/ROS2_REPAS/install/robotiq_2f_gripper_interfaces/share/robotiq_2f_gripper_interfaces/environment/path.dsv
[13.543s] -- Symlinking: /home/russell/ROS2_REPAS/install/robotiq_2f_gripper_interfaces/share/robotiq_2f_gripper_interfaces/local_setup.bash
[13.555s] -- Symlinking: /home/russell/ROS2_REPAS/install/robotiq_2f_gripper_interfaces/share/robotiq_2f_gripper_interfaces/local_setup.sh
[13.565s] -- Symlinking: /home/russell/ROS2_REPAS/install/robotiq_2f_gripper_interfaces/share/robotiq_2f_gripper_interfaces/local_setup.zsh
[13.576s] -- Symlinking: /home/russell/ROS2_REPAS/install/robotiq_2f_gripper_interfaces/share/robotiq_2f_gripper_interfaces/local_setup.dsv
[13.587s] -- Symlinking: /home/russell/ROS2_REPAS/install/robotiq_2f_gripper_interfaces/share/robotiq_2f_gripper_interfaces/package.dsv
[13.598s] -- Symlinking: /home/russell/ROS2_REPAS/install/robotiq_2f_gripper_interfaces/share/ament_index/resource_index/packages/robotiq_2f_gripper_interfaces
[13.608s] -- Symlinking: /home/russell/ROS2_REPAS/install/robotiq_2f_gripper_interfaces/share/ament_index/resource_index/hardware_interface__pluginlib__plugin/robotiq_2f_gripper_interfaces
[13.619s] -- Symlinking: /home/russell/ROS2_REPAS/install/robotiq_2f_gripper_interfaces/share/robotiq_2f_gripper_interfaces/cmake/ament_cmake_export_targets-extras.cmake
[13.630s] -- Symlinking: /home/russell/ROS2_REPAS/install/robotiq_2f_gripper_interfaces/share/robotiq_2f_gripper_interfaces/cmake/ament_cmake_export_dependencies-extras.cmake
[13.640s] -- Symlinking: /home/russell/ROS2_REPAS/install/robotiq_2f_gripper_interfaces/share/robotiq_2f_gripper_interfaces/cmake/ament_cmake_export_include_directories-extras.cmake
[13.651s] -- Symlinking: /home/russell/ROS2_REPAS/install/robotiq_2f_gripper_interfaces/share/robotiq_2f_gripper_interfaces/cmake/ament_cmake_export_libraries-extras.cmake
[13.662s] -- Symlinking: /home/russell/ROS2_REPAS/install/robotiq_2f_gripper_interfaces/share/robotiq_2f_gripper_interfaces/cmake/robotiq_2f_gripper_interfacesConfig.cmake
[13.672s] -- Symlinking: /home/russell/ROS2_REPAS/install/robotiq_2f_gripper_interfaces/share/robotiq_2f_gripper_interfaces/cmake/robotiq_2f_gripper_interfacesConfig-version.cmake
[13.683s] -- Symlinking: /home/russell/ROS2_REPAS/install/robotiq_2f_gripper_interfaces/share/robotiq_2f_gripper_interfaces/package.xml
[13.693s] -- Installing: /home/russell/ROS2_REPAS/install/robotiq_2f_gripper_interfaces/lib/librobotiq_2f_gripper_interfaces.so
[13.696s] -- Set non-toolchain portion of runtime path of "/home/russell/ROS2_REPAS/install/robotiq_2f_gripper_interfaces/lib/librobotiq_2f_gripper_interfaces.so" to ""
[13.696s] -- Installing: /home/russell/ROS2_REPAS/install/robotiq_2f_gripper_interfaces/share/robotiq_2f_gripper_interfaces/cmake/robotiq_2f_gripper_interfaces_targetsExport.cmake
[13.696s] -- Installing: /home/russell/ROS2_REPAS/install/robotiq_2f_gripper_interfaces/share/robotiq_2f_gripper_interfaces/cmake/robotiq_2f_gripper_interfaces_targetsExport-noconfig.cmake
[13.700s] Invoked command in '/home/russell/ROS2_REPAS/build/robotiq_2f_gripper_interfaces' returned '0': AMENT_PREFIX_PATH=/home/russell/ROS2_REPAS/install/serial:${AMENT_PREFIX_PATH} CMAKE_PREFIX_PATH=/home/russell/ROS2_REPAS/install/serial:/opt/ros/jazzy/opt/gz_sim_vendor:/opt/ros/jazzy/opt/gz_sensors_vendor:/opt/ros/jazzy/opt/gz_physics_vendor:/opt/ros/jazzy/opt/sdformat_vendor:/opt/ros/jazzy/opt/gz_gui_vendor:/opt/ros/jazzy/opt/gz_transport_vendor:/opt/ros/jazzy/opt/gz_rendering_vendor:/opt/ros/jazzy/opt/gz_plugin_vendor:/opt/ros/jazzy/opt/gz_fuel_tools_vendor:/opt/ros/jazzy/opt/gz_msgs_vendor:/opt/ros/jazzy/opt/gz_common_vendor:/opt/ros/jazzy/opt/gz_math_vendor:/opt/ros/jazzy/opt/gz_utils_vendor:/opt/ros/jazzy/opt/gz_tools_vendor:/opt/ros/jazzy/opt/gz_ogre_next_vendor:/opt/ros/jazzy/opt/gz_dartsim_vendor:/opt/ros/jazzy/opt/gz_cmake_vendor:/opt/ros/jazzy DEBUGINFOD_URLS=https://debuginfod.ubuntu.com LD_LIBRARY_PATH=/home/russell/ROS2_REPAS/install/serial/lib:${LD_LIBRARY_PATH} /usr/bin/cmake --install /home/russell/ROS2_REPAS/build/robotiq_2f_gripper_interfaces
