[0mur_robot_driver: You did not request a specific build type: selecting 'RelWithDebInfo'.[0m
[01m[K/home/russell/ROS2_REPAS/src/Universal_Robots_ROS2_Driver/ur_robot_driver/src/robot_state_helper.cpp:[m[K In constructor ‘[01m[Kur_robot_driver::RobotStateHelper::[01;32m[KRobotStateHelper[m[K(const rclcpp::Node::SharedPtr&)[m[K’:
[01m[K/home/russell/ROS2_REPAS/src/Universal_Robots_ROS2_Driver/ur_robot_driver/src/robot_state_helper.cpp:77:41:[m[K [01;31m[Kerror: [m[K‘[01m[Kusing std::__shared_ptr_access<urcl::primary_interface::PrimaryClient, __gnu_cxx::_S_atomic, false, false>::element_type = class urcl::primary_interface::PrimaryClient[m[K’ {aka ‘[01m[Kclass urcl::primary_interface::PrimaryClient[m[K’} has no member named ‘[01m[KgetRobotVersion[m[K’
   77 |   auto robot_version = primary_client_->[01;31m[KgetRobotVersion[m[K();
      |                                         [01;31m[K^~~~~~~~~~~~~~~[m[K
[01m[K/home/russell/ROS2_REPAS/src/Universal_Robots_ROS2_Driver/ur_robot_driver/src/robot_state_helper.cpp:[m[K In member function ‘[01m[Kbool ur_robot_driver::RobotStateHelper::[01;32m[KrecoverFromSafety[m[K()[m[K’:
[01m[K/home/russell/ROS2_REPAS/src/Universal_Robots_ROS2_Driver/ur_robot_driver/src/robot_state_helper.cpp:141:26:[m[K [01;31m[Kerror: [m[K‘[01m[Kusing std::__shared_ptr_access<urcl::primary_interface::PrimaryClient, __gnu_cxx::_S_atomic, false, false>::element_type = class urcl::primary_interface::PrimaryClient[m[K’ {aka ‘[01m[Kclass urcl::primary_interface::PrimaryClient[m[K’} has no member named ‘[01m[KcommandUnlockProtectiveStop[m[K’
  141 |         primary_client_->[01;31m[KcommandUnlockProtectiveStop[m[K();
      |                          [01;31m[K^~~~~~~~~~~~~~~~~~~~~~~~~~~[m[K
[01m[K/home/russell/ROS2_REPAS/src/Universal_Robots_ROS2_Driver/ur_robot_driver/src/robot_state_helper.cpp:[m[K In member function ‘[01m[Kbool ur_robot_driver::RobotStateHelper::[01;32m[KjumpToRobotMode[m[K(urcl::RobotMode)[m[K’:
[01m[K/home/russell/ROS2_REPAS/src/Universal_Robots_ROS2_Driver/ur_robot_driver/src/robot_state_helper.cpp:172:26:[m[K [01;31m[Kerror: [m[K‘[01m[Kusing std::__shared_ptr_access<urcl::primary_interface::PrimaryClient, __gnu_cxx::_S_atomic, false, false>::element_type = class urcl::primary_interface::PrimaryClient[m[K’ {aka ‘[01m[Kclass urcl::primary_interface::PrimaryClient[m[K’} has no member named ‘[01m[KcommandPowerOff[m[K’
  172 |         primary_client_->[01;31m[KcommandPowerOff[m[K();
      |                          [01;31m[K^~~~~~~~~~~~~~~[m[K
[01m[K/home/russell/ROS2_REPAS/src/Universal_Robots_ROS2_Driver/ur_robot_driver/src/robot_state_helper.cpp:175:26:[m[K [01;31m[Kerror: [m[K‘[01m[Kusing std::__shared_ptr_access<urcl::primary_interface::PrimaryClient, __gnu_cxx::_S_atomic, false, false>::element_type = class urcl::primary_interface::PrimaryClient[m[K’ {aka ‘[01m[Kclass urcl::primary_interface::PrimaryClient[m[K’} has no member named ‘[01m[KcommandPowerOn[m[K’
  175 |         primary_client_->[01;31m[KcommandPowerOn[m[K();
      |                          [01;31m[K^~~~~~~~~~~~~~[m[K
[01m[K/home/russell/ROS2_REPAS/src/Universal_Robots_ROS2_Driver/ur_robot_driver/src/robot_state_helper.cpp:178:26:[m[K [01;31m[Kerror: [m[K‘[01m[Kusing std::__shared_ptr_access<urcl::primary_interface::PrimaryClient, __gnu_cxx::_S_atomic, false, false>::element_type = class urcl::primary_interface::PrimaryClient[m[K’ {aka ‘[01m[Kclass urcl::primary_interface::PrimaryClient[m[K’} has no member named ‘[01m[KcommandBrakeRelease[m[K’
  178 |         primary_client_->[01;31m[KcommandBrakeRelease[m[K();
      |                          [01;31m[K^~~~~~~~~~~~~~~~~~~[m[K
[01m[K/home/russell/ROS2_REPAS/src/Universal_Robots_ROS2_Driver/ur_robot_driver/src/robot_state_helper.cpp:[m[K In member function ‘[01m[Kbool ur_robot_driver::RobotStateHelper::[01;32m[KstopProgram[m[K()[m[K’:
[01m[K/home/russell/ROS2_REPAS/src/Universal_Robots_ROS2_Driver/ur_robot_driver/src/robot_state_helper.cpp:269:22:[m[K [01;31m[Kerror: [m[K‘[01m[Kusing std::__shared_ptr_access<urcl::primary_interface::PrimaryClient, __gnu_cxx::_S_atomic, false, false>::element_type = class urcl::primary_interface::PrimaryClient[m[K’ {aka ‘[01m[Kclass urcl::primary_interface::PrimaryClient[m[K’} has no member named ‘[01m[KcommandStop[m[K’
  269 |     primary_client_->[01;31m[KcommandStop[m[K();
      |                      [01;31m[K^~~~~~~~~~~[m[K
[01m[K/home/russell/ROS2_REPAS/src/Universal_Robots_ROS2_Driver/ur_robot_driver/src/dashboard_client_ros.cpp:[m[K In constructor ‘[01m[Kur_robot_driver::DashboardClientROS::[01;32m[KDashboardClientROS[m[K(const rclcpp::Node::SharedPtr&, const std::string&)[m[K’:
[01m[K/home/russell/ROS2_REPAS/src/Universal_Robots_ROS2_Driver/ur_robot_driver/src/dashboard_client_ros.cpp:55:40:[m[K [01;31m[Kerror: [m[K‘[01m[Kclass urcl::primary_interface::PrimaryClient[m[K’ has no member named ‘[01m[KgetRobotVersion[m[K’
   55 |   auto robot_version = primary_client_.[01;31m[KgetRobotVersion[m[K();
      |                                        [01;31m[K^~~~~~~~~~~~~~~[m[K
[01m[K/home/russell/ROS2_REPAS/src/Universal_Robots_ROS2_Driver/ur_robot_driver/src/robot_state_helper.cpp:[m[K In constructor ‘[01m[Kur_robot_driver::RobotStateHelper::[01;32m[KRobotStateHelper[m[K(const rclcpp::Node::SharedPtr&)[m[K’:
[01m[K/home/russell/ROS2_REPAS/src/Universal_Robots_ROS2_Driver/ur_robot_driver/src/robot_state_helper.cpp:77:41:[m[K [01;31m[Kerror: [m[K‘[01m[Kusing std::__shared_ptr_access<urcl::primary_interface::PrimaryClient, __gnu_cxx::_S_atomic, false, false>::element_type = class urcl::primary_interface::PrimaryClient[m[K’ {aka ‘[01m[Kclass urcl::primary_interface::PrimaryClient[m[K’} has no member named ‘[01m[KgetRobotVersion[m[K’
   77 |   auto robot_version = primary_client_->[01;31m[KgetRobotVersion[m[K();
      |                                         [01;31m[K^~~~~~~~~~~~~~~[m[K
[01m[K/home/russell/ROS2_REPAS/src/Universal_Robots_ROS2_Driver/ur_robot_driver/src/robot_state_helper.cpp:[m[K In member function ‘[01m[Kbool ur_robot_driver::RobotStateHelper::[01;32m[KrecoverFromSafety[m[K()[m[K’:
[01m[K/home/russell/ROS2_REPAS/src/Universal_Robots_ROS2_Driver/ur_robot_driver/src/robot_state_helper.cpp:141:26:[m[K [01;31m[Kerror: [m[K‘[01m[Kusing std::__shared_ptr_access<urcl::primary_interface::PrimaryClient, __gnu_cxx::_S_atomic, false, false>::element_type = class urcl::primary_interface::PrimaryClient[m[K’ {aka ‘[01m[Kclass urcl::primary_interface::PrimaryClient[m[K’} has no member named ‘[01m[KcommandUnlockProtectiveStop[m[K’
  141 |         primary_client_->[01;31m[KcommandUnlockProtectiveStop[m[K();
      |                          [01;31m[K^~~~~~~~~~~~~~~~~~~~~~~~~~~[m[K
[01m[K/home/russell/ROS2_REPAS/src/Universal_Robots_ROS2_Driver/ur_robot_driver/src/robot_state_helper.cpp:[m[K In member function ‘[01m[Kbool ur_robot_driver::RobotStateHelper::[01;32m[KjumpToRobotMode[m[K(urcl::RobotMode)[m[K’:
[01m[K/home/russell/ROS2_REPAS/src/Universal_Robots_ROS2_Driver/ur_robot_driver/src/robot_state_helper.cpp:172:26:[m[K [01;31m[Kerror: [m[K‘[01m[Kusing std::__shared_ptr_access<urcl::primary_interface::PrimaryClient, __gnu_cxx::_S_atomic, false, false>::element_type = class urcl::primary_interface::PrimaryClient[m[K’ {aka ‘[01m[Kclass urcl::primary_interface::PrimaryClient[m[K’} has no member named ‘[01m[KcommandPowerOff[m[K’
  172 |         primary_client_->[01;31m[KcommandPowerOff[m[K();
      |                          [01;31m[K^~~~~~~~~~~~~~~[m[K
[01m[K/home/russell/ROS2_REPAS/src/Universal_Robots_ROS2_Driver/ur_robot_driver/src/robot_state_helper.cpp:175:26:[m[K [01;31m[Kerror: [m[K‘[01m[Kusing std::__shared_ptr_access<urcl::primary_interface::PrimaryClient, __gnu_cxx::_S_atomic, false, false>::element_type = class urcl::primary_interface::PrimaryClient[m[K’ {aka ‘[01m[Kclass urcl::primary_interface::PrimaryClient[m[K’} has no member named ‘[01m[KcommandPowerOn[m[K’
  175 |         primary_client_->[01;31m[KcommandPowerOn[m[K();
      |                          [01;31m[K^~~~~~~~~~~~~~[m[K
[01m[K/home/russell/ROS2_REPAS/src/Universal_Robots_ROS2_Driver/ur_robot_driver/src/robot_state_helper.cpp:178:26:[m[K [01;31m[Kerror: [m[K‘[01m[Kusing std::__shared_ptr_access<urcl::primary_interface::PrimaryClient, __gnu_cxx::_S_atomic, false, false>::element_type = class urcl::primary_interface::PrimaryClient[m[K’ {aka ‘[01m[Kclass urcl::primary_interface::PrimaryClient[m[K’} has no member named ‘[01m[KcommandBrakeRelease[m[K’
  178 |         primary_client_->[01;31m[KcommandBrakeRelease[m[K();
      |                          [01;31m[K^~~~~~~~~~~~~~~~~~~[m[K
[01m[K/home/russell/ROS2_REPAS/src/Universal_Robots_ROS2_Driver/ur_robot_driver/src/robot_state_helper.cpp:[m[K In member function ‘[01m[Kbool ur_robot_driver::RobotStateHelper::[01;32m[KstopProgram[m[K()[m[K’:
[01m[K/home/russell/ROS2_REPAS/src/Universal_Robots_ROS2_Driver/ur_robot_driver/src/robot_state_helper.cpp:269:22:[m[K [01;31m[Kerror: [m[K‘[01m[Kusing std::__shared_ptr_access<urcl::primary_interface::PrimaryClient, __gnu_cxx::_S_atomic, false, false>::element_type = class urcl::primary_interface::PrimaryClient[m[K’ {aka ‘[01m[Kclass urcl::primary_interface::PrimaryClient[m[K’} has no member named ‘[01m[KcommandStop[m[K’
  269 |     primary_client_->[01;31m[KcommandStop[m[K();
      |                      [01;31m[K^~~~~~~~~~~[m[K
[01m[K/home/russell/ROS2_REPAS/src/Universal_Robots_ROS2_Driver/ur_robot_driver/src/dashboard_client_ros.cpp:[m[K In constructor ‘[01m[Kur_robot_driver::DashboardClientROS::[01;32m[KDashboardClientROS[m[K(const rclcpp::Node::SharedPtr&, const std::string&)[m[K’:
[01m[K/home/russell/ROS2_REPAS/src/Universal_Robots_ROS2_Driver/ur_robot_driver/src/dashboard_client_ros.cpp:55:40:[m[K [01;31m[Kerror: [m[K‘[01m[Kclass urcl::primary_interface::PrimaryClient[m[K’ has no member named ‘[01m[KgetRobotVersion[m[K’
   55 |   auto robot_version = primary_client_.[01;31m[KgetRobotVersion[m[K();
      |                                        [01;31m[K^~~~~~~~~~~~~~~[m[K
gmake[2]: *** [CMakeFiles/dashboard_client.dir/build.make:76: CMakeFiles/dashboard_client.dir/src/dashboard_client_ros.cpp.o] Error 1
gmake[2]: *** Waiting for unfinished jobs....
gmake[1]: *** [CMakeFiles/Makefile2:174: CMakeFiles/dashboard_client.dir/all] Error 2
gmake[1]: *** Waiting for unfinished jobs....
gmake[2]: *** [CMakeFiles/ur_robot_driver_plugin.dir/build.make:118: CMakeFiles/ur_robot_driver_plugin.dir/src/robot_state_helper.cpp.o] Error 1
gmake[2]: *** Waiting for unfinished jobs....
gmake[2]: *** [CMakeFiles/ur_robot_driver_plugin.dir/build.make:76: CMakeFiles/ur_robot_driver_plugin.dir/src/dashboard_client_ros.cpp.o] Error 1
gmake[2]: *** [CMakeFiles/robot_state_helper.dir/build.make:76: CMakeFiles/robot_state_helper.dir/src/robot_state_helper.cpp.o] Error 1
gmake[1]: *** [CMakeFiles/Makefile2:226: CMakeFiles/robot_state_helper.dir/all] Error 2
gmake[1]: *** [CMakeFiles/Makefile2:148: CMakeFiles/ur_robot_driver_plugin.dir/all] Error 2
gmake: *** [Makefile:146: all] Error 2
