[2.198s] DEBUG:colcon:Command line arguments: ['/usr/bin/colcon', 'build']
[2.198s] DEBUG:colcon:Parsed command line arguments: Namespace(log_base=None, log_level=None, verb_name='build', build_base='build', install_base='install', merge_install=False, symlink_install=False, test_result_base=None, continue_on_error=False, executor='parallel', parallel_workers=24, event_handlers=None, ignore_user_meta=False, metas=['./colcon.meta'], base_paths=['.'], packages_ignore=None, packages_ignore_regex=None, paths=None, packages_up_to=None, packages_up_to_regex=None, packages_above=None, packages_above_and_dependencies=None, packages_above_depth=None, packages_select_by_dep=None, packages_skip_by_dep=None, packages_skip_up_to=None, packages_select_build_failed=False, packages_skip_build_finished=False, packages_select_test_failures=False, packages_skip_test_passed=False, packages_select=None, packages_skip=None, packages_select_regex=None, packages_skip_regex=None, packages_start=None, packages_end=None, allow_overriding=[], cmake_args=None, cmake_target=None, cmake_target_skip_unavailable=False, cmake_clean_cache=False, cmake_clean_first=False, cmake_force_configure=False, ament_cmake_args=None, catkin_cmake_args=None, catkin_skip_building_tests=False, mixin_files=None, mixin=None, verb_parser=<colcon_mixin.mixin.mixin_argument.MixinArgumentDecorator object at 0x73f5f504f7a0>, verb_extension=<colcon_core.verb.build.BuildVerb object at 0x73f5f51c94c0>, main=<bound method BuildVerb.main of <colcon_core.verb.build.BuildVerb object at 0x73f5f51c94c0>>, mixin_verb=('build',))
[2.369s] Level 1:colcon.colcon_core.package_discovery:discover_packages(colcon_meta) check parameters
[2.369s] Level 1:colcon.colcon_core.package_discovery:discover_packages(recursive) check parameters
[2.369s] Level 1:colcon.colcon_core.package_discovery:discover_packages(ignore) check parameters
[2.369s] Level 1:colcon.colcon_core.package_discovery:discover_packages(path) check parameters
[2.369s] Level 1:colcon.colcon_core.package_discovery:discover_packages(colcon_meta) discover
[2.369s] Level 1:colcon.colcon_core.package_discovery:discover_packages(recursive) discover
[2.369s] INFO:colcon.colcon_core.package_discovery:Crawling recursively for packages in '/home/russell/ROS2_REPAS/src/ur5e_moveit_demo'
[2.369s] Level 1:colcon.colcon_core.package_identification:_identify(.) by extensions ['ignore', 'ignore_ament_install']
[2.369s] Level 1:colcon.colcon_core.package_identification:_identify(.) by extension 'ignore'
[2.369s] Level 1:colcon.colcon_core.package_identification:_identify(.) by extension 'ignore_ament_install'
[2.369s] Level 1:colcon.colcon_core.package_identification:_identify(.) by extensions ['colcon_pkg']
[2.369s] Level 1:colcon.colcon_core.package_identification:_identify(.) by extension 'colcon_pkg'
[2.369s] Level 1:colcon.colcon_core.package_identification:_identify(.) by extensions ['colcon_meta']
[2.369s] Level 1:colcon.colcon_core.package_identification:_identify(.) by extension 'colcon_meta'
[2.369s] Level 1:colcon.colcon_core.package_identification:_identify(.) by extensions ['ros']
[2.369s] Level 1:colcon.colcon_core.package_identification:_identify(.) by extension 'ros'
[2.499s] DEBUG:colcon.colcon_core.package_identification:Package '.' with type 'ros.ament_cmake' and name 'ur5e_moveit_demo'
[2.499s] Level 1:colcon.colcon_core.package_discovery:discover_packages(recursive) using defaults
[2.499s] Level 1:colcon.colcon_core.package_discovery:discover_packages(ignore) discover
[2.499s] Level 1:colcon.colcon_core.package_discovery:discover_packages(ignore) using defaults
[2.499s] Level 1:colcon.colcon_core.package_discovery:discover_packages(path) discover
[2.499s] Level 1:colcon.colcon_core.package_discovery:discover_packages(path) using defaults
[2.548s] Level 1:colcon.colcon_core.package_discovery:discover_packages(prefix_path) check parameters
[2.548s] Level 1:colcon.colcon_core.package_discovery:discover_packages(prefix_path) discover
[2.552s] DEBUG:colcon.colcon_installed_package_information.package_discovery:Found 435 installed packages in /opt/ros/jazzy
[2.553s] Level 1:colcon.colcon_core.package_discovery:discover_packages(prefix_path) using defaults
[2.605s] Level 5:colcon.colcon_core.verb:set package 'ur5e_moveit_demo' build argument 'cmake_args' from command line to 'None'
[2.605s] Level 5:colcon.colcon_core.verb:set package 'ur5e_moveit_demo' build argument 'cmake_target' from command line to 'None'
[2.605s] Level 5:colcon.colcon_core.verb:set package 'ur5e_moveit_demo' build argument 'cmake_target_skip_unavailable' from command line to 'False'
[2.605s] Level 5:colcon.colcon_core.verb:set package 'ur5e_moveit_demo' build argument 'cmake_clean_cache' from command line to 'False'
[2.605s] Level 5:colcon.colcon_core.verb:set package 'ur5e_moveit_demo' build argument 'cmake_clean_first' from command line to 'False'
[2.605s] Level 5:colcon.colcon_core.verb:set package 'ur5e_moveit_demo' build argument 'cmake_force_configure' from command line to 'False'
[2.605s] Level 5:colcon.colcon_core.verb:set package 'ur5e_moveit_demo' build argument 'ament_cmake_args' from command line to 'None'
[2.605s] Level 5:colcon.colcon_core.verb:set package 'ur5e_moveit_demo' build argument 'catkin_cmake_args' from command line to 'None'
[2.605s] Level 5:colcon.colcon_core.verb:set package 'ur5e_moveit_demo' build argument 'catkin_skip_building_tests' from command line to 'False'
[2.605s] DEBUG:colcon.colcon_core.verb:Building package 'ur5e_moveit_demo' with the following arguments: {'ament_cmake_args': None, 'build_base': '/home/russell/ROS2_REPAS/src/ur5e_moveit_demo/build/ur5e_moveit_demo', 'catkin_cmake_args': None, 'catkin_skip_building_tests': False, 'cmake_args': None, 'cmake_clean_cache': False, 'cmake_clean_first': False, 'cmake_force_configure': False, 'cmake_target': None, 'cmake_target_skip_unavailable': False, 'install_base': '/home/russell/ROS2_REPAS/src/ur5e_moveit_demo/install/ur5e_moveit_demo', 'merge_install': False, 'path': '/home/russell/ROS2_REPAS/src/ur5e_moveit_demo', 'symlink_install': False, 'test_result_base': None}
[2.605s] INFO:colcon.colcon_core.executor:Executing jobs using 'parallel' executor
[2.606s] DEBUG:colcon.colcon_parallel_executor.executor.parallel:run_until_complete
[2.606s] INFO:colcon.colcon_ros.task.ament_cmake.build:Building ROS package in '/home/russell/ROS2_REPAS/src/ur5e_moveit_demo' with build type 'ament_cmake'
[2.606s] INFO:colcon.colcon_cmake.task.cmake.build:Building CMake package in '/home/russell/ROS2_REPAS/src/ur5e_moveit_demo'
[2.617s] INFO:colcon.colcon_core.plugin_system:Skipping extension 'colcon_core.shell.bat': Not used on non-Windows systems
[2.617s] INFO:colcon.colcon_core.shell:Skip shell extension 'powershell' for command environment: Not usable outside of PowerShell
[2.617s] DEBUG:colcon.colcon_core.shell:Skip shell extension 'dsv' for command environment
[2.634s] DEBUG:colcon.colcon_core.event_handler.log_command:Invoking command in '/home/russell/ROS2_REPAS/src/ur5e_moveit_demo/build/ur5e_moveit_demo': CMAKE_PREFIX_PATH=${CMAKE_PREFIX_PATH}:/opt/ros/jazzy DEBUGINFOD_URLS=https://debuginfod.ubuntu.com /usr/bin/cmake /home/russell/ROS2_REPAS/src/ur5e_moveit_demo -DCMAKE_INSTALL_PREFIX=/home/russell/ROS2_REPAS/src/ur5e_moveit_demo/install/ur5e_moveit_demo
[11.715s] DEBUG:colcon.colcon_core.event_handler.log_command:Invoked command in '/home/russell/ROS2_REPAS/src/ur5e_moveit_demo/build/ur5e_moveit_demo' returned '0': CMAKE_PREFIX_PATH=${CMAKE_PREFIX_PATH}:/opt/ros/jazzy DEBUGINFOD_URLS=https://debuginfod.ubuntu.com /usr/bin/cmake /home/russell/ROS2_REPAS/src/ur5e_moveit_demo -DCMAKE_INSTALL_PREFIX=/home/russell/ROS2_REPAS/src/ur5e_moveit_demo/install/ur5e_moveit_demo
[11.716s] DEBUG:colcon.colcon_core.event_handler.log_command:Invoking command in '/home/russell/ROS2_REPAS/src/ur5e_moveit_demo/build/ur5e_moveit_demo': CMAKE_PREFIX_PATH=${CMAKE_PREFIX_PATH}:/opt/ros/jazzy DEBUGINFOD_URLS=https://debuginfod.ubuntu.com /usr/bin/cmake --build /home/russell/ROS2_REPAS/src/ur5e_moveit_demo/build/ur5e_moveit_demo -- -j24 -l24
[15.589s] DEBUG:colcon.colcon_parallel_executor.executor.parallel:run_until_complete was interrupted
[15.589s] DEBUG:colcon.colcon_parallel_executor.executor.parallel:run_until_complete again
[15.624s] DEBUG:colcon.colcon_core.event_handler.log_command:Invoked command in '/home/russell/ROS2_REPAS/src/ur5e_moveit_demo/build/ur5e_moveit_demo' returned '-2': CMAKE_PREFIX_PATH=${CMAKE_PREFIX_PATH}:/opt/ros/jazzy DEBUGINFOD_URLS=https://debuginfod.ubuntu.com /usr/bin/cmake --build /home/russell/ROS2_REPAS/src/ur5e_moveit_demo/build/ur5e_moveit_demo -- -j24 -l24
[15.624s] Level 1:colcon.colcon_core.environment:create_environment_scripts_only(ur5e_moveit_demo)
[15.677s] Level 1:colcon.colcon_core.environment:checking '/home/russell/ROS2_REPAS/src/ur5e_moveit_demo/install/ur5e_moveit_demo' for CMake module files
[15.677s] Level 1:colcon.colcon_core.environment:checking '/home/russell/ROS2_REPAS/src/ur5e_moveit_demo/install/ur5e_moveit_demo' for CMake config files
[15.678s] Level 1:colcon.colcon_core.environment:checking '/home/russell/ROS2_REPAS/src/ur5e_moveit_demo/install/ur5e_moveit_demo/bin'
[15.678s] Level 1:colcon.colcon_core.environment:checking '/home/russell/ROS2_REPAS/src/ur5e_moveit_demo/install/ur5e_moveit_demo/lib/pkgconfig/ur5e_moveit_demo.pc'
[15.678s] Level 1:colcon.colcon_core.environment:checking '/home/russell/ROS2_REPAS/src/ur5e_moveit_demo/install/ur5e_moveit_demo/lib/python3.12/site-packages'
[15.678s] Level 1:colcon.colcon_core.environment:checking '/home/russell/ROS2_REPAS/src/ur5e_moveit_demo/install/ur5e_moveit_demo/bin'
[15.678s] INFO:colcon.colcon_core.shell:Creating package script '/home/russell/ROS2_REPAS/src/ur5e_moveit_demo/install/ur5e_moveit_demo/share/ur5e_moveit_demo/package.ps1'
[15.682s] INFO:colcon.colcon_core.shell:Creating package descriptor '/home/russell/ROS2_REPAS/src/ur5e_moveit_demo/install/ur5e_moveit_demo/share/ur5e_moveit_demo/package.dsv'
[15.688s] INFO:colcon.colcon_core.shell:Creating package script '/home/russell/ROS2_REPAS/src/ur5e_moveit_demo/install/ur5e_moveit_demo/share/ur5e_moveit_demo/package.sh'
[15.689s] INFO:colcon.colcon_core.shell:Creating package script '/home/russell/ROS2_REPAS/src/ur5e_moveit_demo/install/ur5e_moveit_demo/share/ur5e_moveit_demo/package.bash'
[15.703s] INFO:colcon.colcon_core.shell:Creating package script '/home/russell/ROS2_REPAS/src/ur5e_moveit_demo/install/ur5e_moveit_demo/share/ur5e_moveit_demo/package.zsh'
[15.712s] Level 1:colcon.colcon_core.environment:create_file_with_runtime_dependencies(/home/russell/ROS2_REPAS/src/ur5e_moveit_demo/install/ur5e_moveit_demo/share/colcon-core/packages/ur5e_moveit_demo)
[15.722s] DEBUG:colcon.colcon_parallel_executor.executor.parallel:run_until_complete finished
[15.722s] DEBUG:colcon.colcon_parallel_executor.executor.parallel:closing loop
[15.722s] DEBUG:colcon.colcon_parallel_executor.executor.parallel:loop closed
[15.722s] DEBUG:colcon.colcon_core.event_reactor:joining thread
[15.732s] INFO:colcon.colcon_core.plugin_system:Skipping extension 'colcon_notification.desktop_notification.terminal_notifier': Not used on non-Darwin systems
[15.732s] INFO:colcon.colcon_core.plugin_system:Skipping extension 'colcon_notification.desktop_notification.win32': Not used on non-Windows systems
[15.732s] INFO:colcon.colcon_notification.desktop_notification:Sending desktop notification using 'notify2'
[15.757s] DEBUG:colcon.colcon_core.event_reactor:joined thread
[15.757s] INFO:colcon.colcon_core.shell:Creating prefix script '/home/russell/ROS2_REPAS/src/ur5e_moveit_demo/install/local_setup.ps1'
[15.758s] INFO:colcon.colcon_core.shell:Creating prefix util module '/home/russell/ROS2_REPAS/src/ur5e_moveit_demo/install/_local_setup_util_ps1.py'
[15.771s] INFO:colcon.colcon_core.shell:Creating prefix chain script '/home/russell/ROS2_REPAS/src/ur5e_moveit_demo/install/setup.ps1'
[15.779s] INFO:colcon.colcon_core.shell:Creating prefix script '/home/russell/ROS2_REPAS/src/ur5e_moveit_demo/install/local_setup.sh'
[15.780s] INFO:colcon.colcon_core.shell:Creating prefix util module '/home/russell/ROS2_REPAS/src/ur5e_moveit_demo/install/_local_setup_util_sh.py'
[15.781s] INFO:colcon.colcon_core.shell:Creating prefix chain script '/home/russell/ROS2_REPAS/src/ur5e_moveit_demo/install/setup.sh'
[15.782s] INFO:colcon.colcon_core.shell:Creating prefix script '/home/russell/ROS2_REPAS/src/ur5e_moveit_demo/install/local_setup.bash'
[15.783s] INFO:colcon.colcon_core.shell:Creating prefix chain script '/home/russell/ROS2_REPAS/src/ur5e_moveit_demo/install/setup.bash'
[15.784s] INFO:colcon.colcon_core.shell:Creating prefix script '/home/russell/ROS2_REPAS/src/ur5e_moveit_demo/install/local_setup.zsh'
[15.790s] INFO:colcon.colcon_core.shell:Creating prefix chain script '/home/russell/ROS2_REPAS/src/ur5e_moveit_demo/install/setup.zsh'
