[8.679s] Invoking command in '/home/russell/ROS2_REPAS/src/camera_sensor': DEBUGINFOD_URLS=https://debuginfod.ubuntu.com PYTHONPATH=/home/russell/ROS2_REPAS/build/camera_sensor/prefix_override:/usr/lib/python3/dist-packages/colcon_core/task/python/colcon_distutils_commands:/home/russell/ROS2_REPAS/install/camera_sensor/lib/python3.12/site-packages:${PYTHONPATH} /usr/bin/python3 -W ignore:setup.py install is deprecated -W ignore:easy_install command is deprecated setup.py egg_info --egg-base ../../build/camera_sensor build --build-base /home/russell/ROS2_REPAS/build/camera_sensor/build install --record /home/russell/ROS2_REPAS/build/camera_sensor/install.log --single-version-externally-managed install_data
[8.909s] running egg_info
[8.927s] writing ../../build/camera_sensor/camera_sensor.egg-info/PKG-INFO
[8.928s] writing dependency_links to ../../build/camera_sensor/camera_sensor.egg-info/dependency_links.txt
[8.928s] writing entry points to ../../build/camera_sensor/camera_sensor.egg-info/entry_points.txt
[8.928s] writing requirements to ../../build/camera_sensor/camera_sensor.egg-info/requires.txt
[8.928s] writing top-level names to ../../build/camera_sensor/camera_sensor.egg-info/top_level.txt
[8.965s] reading manifest file '../../build/camera_sensor/camera_sensor.egg-info/SOURCES.txt'
[8.992s] writing manifest file '../../build/camera_sensor/camera_sensor.egg-info/SOURCES.txt'
[8.993s] running build
[8.993s] running build_py
[8.993s] running install
[9.000s] running install_lib
[9.024s] running install_data
[9.025s] running install_egg_info
[9.047s] removing '/home/russell/ROS2_REPAS/install/camera_sensor/lib/python3.12/site-packages/camera_sensor-0.0.0-py3.12.egg-info' (and everything under it)
[9.047s] Copying ../../build/camera_sensor/camera_sensor.egg-info to /home/russell/ROS2_REPAS/install/camera_sensor/lib/python3.12/site-packages/camera_sensor-0.0.0-py3.12.egg-info
[9.064s] running install_scripts
[9.185s] Installing camera_return_z_publisher script to /home/russell/ROS2_REPAS/install/camera_sensor/lib/camera_sensor
[9.185s] writing list of installed files to '/home/russell/ROS2_REPAS/build/camera_sensor/install.log'
[9.208s] Invoked command in '/home/russell/ROS2_REPAS/src/camera_sensor' returned '0': DEBUGINFOD_URLS=https://debuginfod.ubuntu.com PYTHONPATH=/home/russell/ROS2_REPAS/build/camera_sensor/prefix_override:/usr/lib/python3/dist-packages/colcon_core/task/python/colcon_distutils_commands:/home/russell/ROS2_REPAS/install/camera_sensor/lib/python3.12/site-packages:${PYTHONPATH} /usr/bin/python3 -W ignore:setup.py install is deprecated -W ignore:easy_install command is deprecated setup.py egg_info --egg-base ../../build/camera_sensor build --build-base /home/russell/ROS2_REPAS/build/camera_sensor/build install --record /home/russell/ROS2_REPAS/build/camera_sensor/install.log --single-version-externally-managed install_data
