[ 75%] Built target home
[ 75%] Built target hydroponic_waypoint_grid
[ 75%] Built target hydroponic_waypoint_grid_v2
[ 75%] Built target move_ur5e
[ 75%] Built target waypoint_grid
[ 75%] Built target russell_script1
[ 87%] Built target parlight_grid
[ 93%] [32mBuilding CXX object CMakeFiles/parlight_grid_with_hydrosystem.dir/src/parlight_grid_with_hydrosystem.cpp.o[0m
[01m[K/home/russell/ROS2_REPAS/src/ur5e_moveit_demo/src/parlight_grid_with_hydrosystem.cpp:[m[K In function ‘[01m[Kint[01;32m[K main[m[K(int, char**)[m[K’:
[01m[K/home/russell/ROS2_REPAS/src/ur5e_moveit_demo/src/parlight_grid_with_hydrosystem.cpp:67:36:[m[K [01;31m[Kerror: [m[Kno matching function for call to ‘[01m[Kstd::vector<shape_msgs::msg::Mesh_<std::allocator<void> >, std::allocator<shape_msgs::msg::Mesh_<std::allocator<void> > > >::push_back(shapes::ShapeMsg&)[m[K’
   67 |   [01;31m[K   box_center_x, box_center_y - box_y / 2.0[m[K, box_center_z},
      |      [01;31m[K~~~~~~~~~~~~~~~~~~~~~~~~~~~~~~^~~~~~~~~~[m[K
In file included from [01m[K/usr/include/c++/13/vector:66[m[K,
                 from [01m[K/opt/ros/jazzy/include/rclcpp/rclcpp/copy_all_parameter_values.hpp:19[m[K,
                 from [01m[K/opt/ros/jazzy/include/rclcpp/rclcpp/rclcpp.hpp:171[m[K,
                 from [01m[K/home/russell/ROS2_REPAS/src/ur5e_moveit_demo/src/parlight_grid_with_hydrosystem.cpp:1[m[K:
[01m[K/usr/include/c++/13/bits/stl_vector.h:1281:7:[m[K [01;36m[Knote: [m[Kcandidate: ‘[01m[Kvoid std::vector<_Tp, _Alloc>::[01;32m[Kpush_back[m[K(const value_type&) [35m[K[with _Tp = shape_msgs::msg::Mesh_<std::allocator<void> >; _Alloc = std::allocator<shape_msgs::msg::Mesh_<std::allocator<void> > >; value_type = shape_msgs::msg::Mesh_<std::allocator<void> >][m[K[m[K’
 1281 |       [01;36m[Kpush_back[m[K(const value_type& __x)
      |       [01;36m[K^~~~~~~~~[m[K
[01m[K/usr/include/c++/13/bits/stl_vector.h:1281:35:[m[K [01;36m[Knote: [m[K  no known conversion for argument 1 from ‘[01m[Kshapes::ShapeMsg[m[K’ {aka ‘[01m[Kboost::variant<shape_msgs::msg::SolidPrimitive_<std::allocator<void> >, shape_msgs::msg::Mesh_<std::allocator<void> >, shape_msgs::msg::Plane_<std::allocator<void> > >[m[K’} to ‘[01m[Kconst std::vector<shape_msgs::msg::Mesh_<std::allocator<void> >, std::allocator<shape_msgs::msg::Mesh_<std::allocator<void> > > >::value_type&[m[K’ {aka ‘[01m[Kconst shape_msgs::msg::Mesh_<std::allocator<void> >&[m[K’}
 1281 |       push_back([01;36m[Kconst value_type& __x[m[K)
      |                 [01;36m[K~~~~~~~~~~~~~~~~~~^~~[m[K
[01m[K/usr/include/c++/13/bits/stl_vector.h:1298:7:[m[K [01;36m[Knote: [m[Kcandidate: ‘[01m[Kvoid std::vector<_Tp, _Alloc>::[01;32m[Kpush_back[m[K(value_type&&) [35m[K[with _Tp = shape_msgs::msg::Mesh_<std::allocator<void> >; _Alloc = std::allocator<shape_msgs::msg::Mesh_<std::allocator<void> > >; value_type = shape_msgs::msg::Mesh_<std::allocator<void> >][m[K[m[K’
 1298 |       [01;36m[Kpush_back[m[K(value_type&& __x)
      |       [01;36m[K^~~~~~~~~[m[K
[01m[K/usr/include/c++/13/bits/stl_vector.h:1298:30:[m[K [01;36m[Knote: [m[K  no known conversion for argument 1 from ‘[01m[Kshapes::ShapeMsg[m[K’ {aka ‘[01m[Kboost::variant<shape_msgs::msg::SolidPrimitive_<std::allocator<void> >, shape_msgs::msg::Mesh_<std::allocator<void> >, shape_msgs::msg::Plane_<std::allocator<void> > >[m[K’} to ‘[01m[Kstd::vector<shape_msgs::msg::Mesh_<std::allocator<void> >, std::allocator<shape_msgs::msg::Mesh_<std::allocator<void> > > >::value_type&&[m[K’ {aka ‘[01m[Kshape_msgs::msg::Mesh_<std::allocator<void> >&&[m[K’}
 1298 |       push_back([01;36m[Kvalue_type&& __x[m[K)
      |                 [01;36m[K~~~~~~~~~~~~~^~~[m[K
[01m[K/home/russell/ROS2_REPAS/src/ur5e_moveit_demo/src/parlight_grid_with_hydrosystem.cpp:75:84:[m[K [01;31m[Kerror: [m[Kno matching function for call to ‘[01m[Kmoveit_visual_tools::MoveItVisualTools::MoveItVisualTools(const std::string&)[m[K’
   75 |      box_center_x, box_center_y, box_center_z - box_z / 2.0},
      |                                                                                    [01;31m[K^[m[K
In file included from [01m[K/home/russell/ROS2_REPAS/src/ur5e_moveit_demo/src/parlight_grid_with_hydrosystem.cpp:15[m[K:
[01m[K/opt/ros/jazzy/include/moveit_visual_tools/moveit_visual_tools.h:101:3:[m[K [01;36m[Knote: [m[Kcandidate: ‘[01m[Kmoveit_visual_tools::MoveItVisualTools::[01;32m[KMoveItVisualTools[m[K(const rclcpp::Node::SharedPtr&, const std::string&, const std::string&, moveit::core::RobotModelConstPtr)[m[K’
  101 |   [01;36m[KMoveItVisualTools[m[K(const rclcpp::Node::SharedPtr& node, const std::string& base_frame,
      |   [01;36m[K^~~~~~~~~~~~~~~~~[m[K
[01m[K/opt/ros/jazzy/include/moveit_visual_tools/moveit_visual_tools.h:101:3:[m[K [01;36m[Knote: [m[K  candidate expects 4 arguments, 1 provided
[01m[K/opt/ros/jazzy/include/moveit_visual_tools/moveit_visual_tools.h:92:3:[m[K [01;36m[Knote: [m[Kcandidate: ‘[01m[Kmoveit_visual_tools::MoveItVisualTools::[01;32m[KMoveItVisualTools[m[K(const rclcpp::Node::SharedPtr&, const std::string&, const std::string&, planning_scene_monitor::PlanningSceneMonitorPtr)[m[K’
   92 |   [01;36m[KMoveItVisualTools[m[K(const rclcpp::Node::SharedPtr& node, const std::string& base_frame, const std::string& marker_topic,
      |   [01;36m[K^~~~~~~~~~~~~~~~~[m[K
[01m[K/opt/ros/jazzy/include/moveit_visual_tools/moveit_visual_tools.h:92:3:[m[K [01;36m[Knote: [m[K  candidate expects 4 arguments, 1 provided
[01m[K/opt/ros/jazzy/include/moveit_visual_tools/moveit_visual_tools.h:83:3:[m[K [01;36m[Knote: [m[Kcandidate: ‘[01m[Kmoveit_visual_tools::MoveItVisualTools::[01;32m[KMoveItVisualTools[m[K(const rclcpp::Node::SharedPtr&)[m[K’
   83 |   [01;36m[KMoveItVisualTools[m[K(const rclcpp::Node::SharedPtr& node);
      |   [01;36m[K^~~~~~~~~~~~~~~~~[m[K
[01m[K/opt/ros/jazzy/include/moveit_visual_tools/moveit_visual_tools.h:83:52:[m[K [01;36m[Knote: [m[K  no known conversion for argument 1 from ‘[01m[Kconst std::string[m[K’ {aka ‘[01m[Kconst std::__cxx11::basic_string<char>[m[K’} to ‘[01m[Kconst rclcpp::Node::SharedPtr&[m[K’ {aka ‘[01m[Kconst std::shared_ptr<rclcpp::Node>&[m[K’}
   83 |   MoveItVisualTools([01;36m[Kconst rclcpp::Node::SharedPtr& node[m[K);
      |                     [01;36m[K~~~~~~~~~~~~~~~~~~~~~~~~~~~~~~~^~~~[m[K
[01m[K/opt/ros/jazzy/include/moveit_visual_tools/moveit_visual_tools.h:74:7:[m[K [01;36m[Knote: [m[Kcandidate: ‘[01m[Kmoveit_visual_tools::MoveItVisualTools::[01;32m[KMoveItVisualTools[m[K(const moveit_visual_tools::MoveItVisualTools&)[m[K’
   74 | class [01;36m[KMoveItVisualTools[m[K : public rviz_visual_tools::RvizVisualTools
      |       [01;36m[K^~~~~~~~~~~~~~~~~[m[K
[01m[K/opt/ros/jazzy/include/moveit_visual_tools/moveit_visual_tools.h:74:7:[m[K [01;36m[Knote: [m[K  no known conversion for argument 1 from ‘[01m[Kconst std::string[m[K’ {aka ‘[01m[Kconst std::__cxx11::basic_string<char>[m[K’} to ‘[01m[Kconst moveit_visual_tools::MoveItVisualTools&[m[K’
[01m[K/opt/ros/jazzy/include/moveit_visual_tools/moveit_visual_tools.h:74:7:[m[K [01;36m[Knote: [m[Kcandidate: ‘[01m[Kmoveit_visual_tools::MoveItVisualTools::[01;32m[KMoveItVisualTools[m[K(moveit_visual_tools::MoveItVisualTools&&)[m[K’
[01m[K/opt/ros/jazzy/include/moveit_visual_tools/moveit_visual_tools.h:74:7:[m[K [01;36m[Knote: [m[K  no known conversion for argument 1 from ‘[01m[Kconst std::string[m[K’ {aka ‘[01m[Kconst std::__cxx11::basic_string<char>[m[K’} to ‘[01m[Kmoveit_visual_tools::MoveItVisualTools&&[m[K’
[01m[K/home/russell/ROS2_REPAS/src/ur5e_moveit_demo/src/parlight_grid_with_hydrosystem.cpp:87:27:[m[K [01;31m[Kerror: [m[Kno matching function for call to ‘[01m[Kmoveit_visual_tools::MoveItVisualTools::publishMesh(geometry_msgs::msg::Pose&, shapes::ShapeMsg&, std_msgs::msg::ColorRGBA&, const char [16])[m[K’
   87 |   [01;31m[K  geometry_msgs::msg::Pose pose;[m[K
      |     [01;31m[K~~~~~~~~~~~~~~~~~~~~~~^~~~~~~~[m[K                                       
In file included from [01m[K/opt/ros/jazzy/include/moveit_visual_tools/moveit_visual_tools.h:38[m[K:
[01m[K/opt/ros/jazzy/include/rviz_visual_tools/rviz_visual_tools.hpp:995:8:[m[K [01;36m[Knote: [m[Kcandidate: ‘[01m[Kbool rviz_visual_tools::RvizVisualTools::[01;32m[KpublishMesh[m[K(const Eigen::Isometry3d&, const std::string&, rviz_visual_tools::Colors, double, const std::string&, std::size_t)[m[K’
  995 |   bool [01;36m[KpublishMesh[m[K(const Eigen::Isometry3d& pose, const std::string& file_name,
      |        [01;36m[K^~~~~~~~~~~[m[K
[01m[K/opt/ros/jazzy/include/rviz_visual_tools/rviz_visual_tools.hpp:995:45:[m[K [01;36m[Knote: [m[K  no known conversion for argument 1 from ‘[01m[Kgeometry_msgs::msg::Pose[m[K’ {aka ‘[01m[Kgeometry_msgs::msg::Pose_<std::allocator<void> >[m[K’} to ‘[01m[Kconst Eigen::Isometry3d&[m[K’ {aka ‘[01m[Kconst Eigen::Transform<double, 3, 1>&[m[K’}
  995 |   bool publishMesh([01;36m[Kconst Eigen::Isometry3d& pose[m[K, const std::string& file_name,
      |                    [01;36m[K~~~~~~~~~~~~~~~~~~~~~~~~~^~~~[m[K
[01m[K/opt/ros/jazzy/include/rviz_visual_tools/rviz_visual_tools.hpp:998:8:[m[K [01;36m[Knote: [m[Kcandidate: ‘[01m[Kbool rviz_visual_tools::RvizVisualTools::[01;32m[KpublishMesh[m[K(const geometry_msgs::msg::Pose&, const std::string&, rviz_visual_tools::Colors, double, const std::string&, std::size_t)[m[K’
  998 |   bool [01;36m[KpublishMesh[m[K(const geometry_msgs::msg::Pose& pose, const std::string& file_name,
      |        [01;36m[K^~~~~~~~~~~[m[K
[01m[K/opt/ros/jazzy/include/rviz_visual_tools/rviz_visual_tools.hpp:998:77:[m[K [01;36m[Knote: [m[K  no known conversion for argument 2 from ‘[01m[Kshapes::ShapeMsg[m[K’ {aka ‘[01m[Kboost::variant<shape_msgs::msg::SolidPrimitive_<std::allocator<void> >, shape_msgs::msg::Mesh_<std::allocator<void> >, shape_msgs::msg::Plane_<std::allocator<void> > >[m[K’} to ‘[01m[Kconst std::string&[m[K’ {aka ‘[01m[Kconst std::__cxx11::basic_string<char>&[m[K’}
  998 |   bool publishMesh(const geometry_msgs::msg::Pose& pose, [01;36m[Kconst std::string& file_name[m[K,
      |                                                          [01;36m[K~~~~~~~~~~~~~~~~~~~^~~~~~~~~[m[K
[01m[K/opt/ros/jazzy/include/rviz_visual_tools/rviz_visual_tools.hpp:1013:8:[m[K [01;36m[Knote: [m[Kcandidate: ‘[01m[Kbool rviz_visual_tools::RvizVisualTools::[01;32m[KpublishMesh[m[K(const Eigen::Isometry3d&, const shape_msgs::msg::Mesh&, rviz_visual_tools::Colors, double, const std::string&, std::size_t)[m[K’
 1013 |   bool [01;36m[KpublishMesh[m[K(const Eigen::Isometry3d& pose, const shape_msgs::msg::Mesh& mesh,
      |        [01;36m[K^~~~~~~~~~~[m[K
[01m[K/opt/ros/jazzy/include/rviz_visual_tools/rviz_visual_tools.hpp:1013:45:[m[K [01;36m[Knote: [m[K  no known conversion for argument 1 from ‘[01m[Kgeometry_msgs::msg::Pose[m[K’ {aka ‘[01m[Kgeometry_msgs::msg::Pose_<std::allocator<void> >[m[K’} to ‘[01m[Kconst Eigen::Isometry3d&[m[K’ {aka ‘[01m[Kconst Eigen::Transform<double, 3, 1>&[m[K’}
 1013 |   bool publishMesh([01;36m[Kconst Eigen::Isometry3d& pose[m[K, const shape_msgs::msg::Mesh& mesh,
      |                    [01;36m[K~~~~~~~~~~~~~~~~~~~~~~~~~^~~~[m[K
[01m[K/opt/ros/jazzy/include/rviz_visual_tools/rviz_visual_tools.hpp:1016:8:[m[K [01;36m[Knote: [m[Kcandidate: ‘[01m[Kbool rviz_visual_tools::RvizVisualTools::[01;32m[KpublishMesh[m[K(const geometry_msgs::msg::Pose&, const shape_msgs::msg::Mesh&, rviz_visual_tools::Colors, double, const std::string&, std::size_t)[m[K’
 1016 |   bool [01;36m[KpublishMesh[m[K(const geometry_msgs::msg::Pose& pose, const shape_msgs::msg::Mesh& mesh,
      |        [01;36m[K^~~~~~~~~~~[m[K
[01m[K/opt/ros/jazzy/include/rviz_visual_tools/rviz_visual_tools.hpp:1016:87:[m[K [01;36m[Knote: [m[K  no known conversion for argument 2 from ‘[01m[Kshapes::ShapeMsg[m[K’ {aka ‘[01m[Kboost::variant<shape_msgs::msg::SolidPrimitive_<std::allocator<void> >, shape_msgs::msg::Mesh_<std::allocator<void> >, shape_msgs::msg::Plane_<std::allocator<void> > >[m[K’} to ‘[01m[Kconst shape_msgs::msg::Mesh&[m[K’ {aka ‘[01m[Kconst shape_msgs::msg::Mesh_<std::allocator<void> >&[m[K’}
 1016 |   bool publishMesh(const geometry_msgs::msg::Pose& pose, [01;36m[Kconst shape_msgs::msg::Mesh& mesh[m[K,
      |                                                          [01;36m[K~~~~~~~~~~~~~~~~~~~~~~~~~~~~~^~~~[m[K
[01m[K/home/russell/ROS2_REPAS/src/ur5e_moveit_demo/src/parlight_grid_with_hydrosystem.cpp:138:52:[m[K [01;35m[Kwarning: [m[K‘[01m[Kdouble moveit::planning_interface::MoveGroupInterface::[01;32m[KcomputeCartesianPath[m[K(const std::vector<geometry_msgs::msg::Pose_<std::allocator<void> > >&, double, double, moveit_msgs::msg::RobotTrajectory&, bool, moveit_msgs::msg::MoveItErrorCodes*)[m[K’ is deprecated: Drop jump_threshold [[01;35m[K]8;;https://gcc.gnu.org/onlinedocs/gcc/Warning-Options.html#index-Wdeprecated-declarations-Wdeprecated-declarations]8;;[m[K]
  138 |   start_pose.orienta[01;35m[Ktion.w;[m[K
      |                     [01;35m[K~~~~~~~[m[K                        [01;35m[K^[m[K
  139 | [01;35m[K  start_pose.position.x;[m[K
      |   [01;35m[K~~~~~~~~~~~~~~~~~~~~~~[m[K                                               
In file included from [01m[K/home/russell/ROS2_REPAS/src/ur5e_moveit_demo/src/parlight_grid_with_hydrosystem.cpp:2[m[K:
[01m[K/opt/ros/jazzy/include/moveit_ros_planning_interface/moveit/move_group_interface/move_group_interface.hpp:765:3:[m[K [01;36m[Knote: [m[Kdeclared here
  765 |   [01;36m[KcomputeCartesianPath[m[K(const std::vector<geometry_msgs::msg::Pose>& waypoints, double eef_step,
      |   [01;36m[K^~~~~~~~~~~~~~~~~~~~[m[K
[01m[K/home/russell/ROS2_REPAS/src/ur5e_moveit_demo/src/parlight_grid_with_hydrosystem.cpp:189:54:[m[K [01;35m[Kwarning: [m[K‘[01m[Kdouble moveit::planning_interface::MoveGroupInterface::[01;32m[KcomputeCartesianPath[m[K(const std::vector<geometry_msgs::msg::Pose_<std::allocator<void> > >&, double, double, moveit_msgs::msg::RobotTrajectory&, bool, moveit_msgs::msg::MoveItErrorCodes*)[m[K’ is deprecated: Drop jump_threshold [[01;35m[K]8;;https://gcc.gnu.org/onlinedocs/gcc/Warning-Options.html#index-Wdeprecated-declarations-Wdeprecated-declarations]8;;[m[K]
  189 |   //Node N9 = {-2, -1.[01;35m[K5};[m[K
      |                       [01;35m[K~~~[m[K                            [01;35m[K^[m[K
  190 | [01;35m[K  //Node N10 = {6, -1.5};[m[K
      |   [01;35m[K~~~~~~~~~~~~~~~~~~~~~~~[m[K                                        
[01m[K/opt/ros/jazzy/include/moveit_ros_planning_interface/moveit/move_group_interface/move_group_interface.hpp:765:3:[m[K [01;36m[Knote: [m[Kdeclared here
  765 |   [01;36m[KcomputeCartesianPath[m[K(const std::vector<geometry_msgs::msg::Pose>& waypoints, double eef_step,
      |   [01;36m[K^~~~~~~~~~~~~~~~~~~~[m[K
gmake[2]: *** [CMakeFiles/parlight_grid_with_hydrosystem.dir/build.make:76: CMakeFiles/parlight_grid_with_hydrosystem.dir/src/parlight_grid_with_hydrosystem.cpp.o] Error 1
gmake[1]: *** [CMakeFiles/Makefile2:333: CMakeFiles/parlight_grid_with_hydrosystem.dir/all] Error 2
gmake: *** [Makefile:146: all] Error 2
