[0.056s] Invoking command in '/home/russell/ROS2_REPAS/build/ur5e_moveit_demo': AMENT_PREFIX_PATH=/home/russell/ROS2_REPAS/install/ur_simulation_gz:/home/russell/ROS2_REPAS/install/ur_description:${AMENT_PREFIX_PATH} CMAKE_PREFIX_PATH=/home/russell/ROS2_REPAS/install/ur_simulation_gz:/home/russell/ROS2_REPAS/install/ur_description:/opt/ros/jazzy/opt/gz_sim_vendor:/opt/ros/jazzy/opt/gz_sensors_vendor:/opt/ros/jazzy/opt/gz_physics_vendor:/opt/ros/jazzy/opt/sdformat_vendor:/opt/ros/jazzy/opt/gz_gui_vendor:/opt/ros/jazzy/opt/gz_transport_vendor:/opt/ros/jazzy/opt/gz_rendering_vendor:/opt/ros/jazzy/opt/gz_plugin_vendor:/opt/ros/jazzy/opt/gz_fuel_tools_vendor:/opt/ros/jazzy/opt/gz_msgs_vendor:/opt/ros/jazzy/opt/gz_common_vendor:/opt/ros/jazzy/opt/gz_math_vendor:/opt/ros/jazzy/opt/gz_utils_vendor:/opt/ros/jazzy/opt/gz_tools_vendor:/opt/ros/jazzy/opt/gz_ogre_next_vendor:/opt/ros/jazzy/opt/gz_dartsim_vendor:/opt/ros/jazzy/opt/gz_cmake_vendor:/opt/ros/jazzy DEBUGINFOD_URLS=https://debuginfod.ubuntu.com /usr/bin/cmake --build /home/russell/ROS2_REPAS/build/ur5e_moveit_demo -- -j24 -l24
[1.936s] [ 75%] Built target home
[1.936s] [ 75%] Built target hydroponic_waypoint_grid
[1.936s] [ 75%] Built target hydroponic_waypoint_grid_v2
[1.936s] [ 75%] Built target move_ur5e
[1.936s] [ 75%] Built target waypoint_grid
[1.936s] [ 75%] Built target russell_script1
[1.937s] [ 87%] Built target parlight_grid
[2.059s] [ 93%] [32mBuilding CXX object CMakeFiles/parlight_grid_with_hydrosystem.dir/src/parlight_grid_with_hydrosystem.cpp.o[0m
[27.293s] [01m[K/home/russell/ROS2_REPAS/src/ur5e_moveit_demo/src/parlight_grid_with_hydrosystem.cpp:[m[K In function ‘[01m[Kint[01;32m[K main[m[K(int, char**)[m[K’:
[27.293s] [01m[K/home/russell/ROS2_REPAS/src/ur5e_moveit_demo/src/parlight_grid_with_hydrosystem.cpp:67:36:[m[K [01;31m[Kerror: [m[Kno matching function for call to ‘[01m[Kstd::vector<shape_msgs::msg::Mesh_<std::allocator<void> >, std::allocator<shape_msgs::msg::Mesh_<std::allocator<void> > > >::push_back(shapes::ShapeMsg&)[m[K’
[27.293s]    67 |   [01;31m[K   box_center_x, box_center_y - box_y / 2.0[m[K, box_center_z},
[27.293s]       |      [01;31m[K~~~~~~~~~~~~~~~~~~~~~~~~~~~~~~^~~~~~~~~~[m[K
[27.293s] In file included from [01m[K/usr/include/c++/13/vector:66[m[K,
[27.294s]                  from [01m[K/opt/ros/jazzy/include/rclcpp/rclcpp/copy_all_parameter_values.hpp:19[m[K,
[27.294s]                  from [01m[K/opt/ros/jazzy/include/rclcpp/rclcpp/rclcpp.hpp:171[m[K,
[27.294s]                  from [01m[K/home/russell/ROS2_REPAS/src/ur5e_moveit_demo/src/parlight_grid_with_hydrosystem.cpp:1[m[K:
[27.294s] [01m[K/usr/include/c++/13/bits/stl_vector.h:1281:7:[m[K [01;36m[Knote: [m[Kcandidate: ‘[01m[Kvoid std::vector<_Tp, _Alloc>::[01;32m[Kpush_back[m[K(const value_type&) [35m[K[with _Tp = shape_msgs::msg::Mesh_<std::allocator<void> >; _Alloc = std::allocator<shape_msgs::msg::Mesh_<std::allocator<void> > >; value_type = shape_msgs::msg::Mesh_<std::allocator<void> >][m[K[m[K’
[27.294s]  1281 |       [01;36m[Kpush_back[m[K(const value_type& __x)
[27.294s]       |       [01;36m[K^~~~~~~~~[m[K
[27.307s] [01m[K/usr/include/c++/13/bits/stl_vector.h:1281:35:[m[K [01;36m[Knote: [m[K  no known conversion for argument 1 from ‘[01m[Kshapes::ShapeMsg[m[K’ {aka ‘[01m[Kboost::variant<shape_msgs::msg::SolidPrimitive_<std::allocator<void> >, shape_msgs::msg::Mesh_<std::allocator<void> >, shape_msgs::msg::Plane_<std::allocator<void> > >[m[K’} to ‘[01m[Kconst std::vector<shape_msgs::msg::Mesh_<std::allocator<void> >, std::allocator<shape_msgs::msg::Mesh_<std::allocator<void> > > >::value_type&[m[K’ {aka ‘[01m[Kconst shape_msgs::msg::Mesh_<std::allocator<void> >&[m[K’}
[27.307s]  1281 |       push_back([01;36m[Kconst value_type& __x[m[K)
[27.307s]       |                 [01;36m[K~~~~~~~~~~~~~~~~~~^~~[m[K
[27.308s] [01m[K/usr/include/c++/13/bits/stl_vector.h:1298:7:[m[K [01;36m[Knote: [m[Kcandidate: ‘[01m[Kvoid std::vector<_Tp, _Alloc>::[01;32m[Kpush_back[m[K(value_type&&) [35m[K[with _Tp = shape_msgs::msg::Mesh_<std::allocator<void> >; _Alloc = std::allocator<shape_msgs::msg::Mesh_<std::allocator<void> > >; value_type = shape_msgs::msg::Mesh_<std::allocator<void> >][m[K[m[K’
[27.308s]  1298 |       [01;36m[Kpush_back[m[K(value_type&& __x)
[27.308s]       |       [01;36m[K^~~~~~~~~[m[K
[27.308s] [01m[K/usr/include/c++/13/bits/stl_vector.h:1298:30:[m[K [01;36m[Knote: [m[K  no known conversion for argument 1 from ‘[01m[Kshapes::ShapeMsg[m[K’ {aka ‘[01m[Kboost::variant<shape_msgs::msg::SolidPrimitive_<std::allocator<void> >, shape_msgs::msg::Mesh_<std::allocator<void> >, shape_msgs::msg::Plane_<std::allocator<void> > >[m[K’} to ‘[01m[Kstd::vector<shape_msgs::msg::Mesh_<std::allocator<void> >, std::allocator<shape_msgs::msg::Mesh_<std::allocator<void> > > >::value_type&&[m[K’ {aka ‘[01m[Kshape_msgs::msg::Mesh_<std::allocator<void> >&&[m[K’}
[27.308s]  1298 |       push_back([01;36m[Kvalue_type&& __x[m[K)
[27.308s]       |                 [01;36m[K~~~~~~~~~~~~~^~~[m[K
[27.309s] [01m[K/home/russell/ROS2_REPAS/src/ur5e_moveit_demo/src/parlight_grid_with_hydrosystem.cpp:75:84:[m[K [01;31m[Kerror: [m[Kno matching function for call to ‘[01m[Kmoveit_visual_tools::MoveItVisualTools::MoveItVisualTools(const std::string&)[m[K’
[27.309s]    75 |      box_center_x, box_center_y, box_center_z - box_z / 2.0},
[27.309s]       |                                                                                    [01;31m[K^[m[K
[27.309s] In file included from [01m[K/home/russell/ROS2_REPAS/src/ur5e_moveit_demo/src/parlight_grid_with_hydrosystem.cpp:15[m[K:
[27.309s] [01m[K/opt/ros/jazzy/include/moveit_visual_tools/moveit_visual_tools.h:101:3:[m[K [01;36m[Knote: [m[Kcandidate: ‘[01m[Kmoveit_visual_tools::MoveItVisualTools::[01;32m[KMoveItVisualTools[m[K(const rclcpp::Node::SharedPtr&, const std::string&, const std::string&, moveit::core::RobotModelConstPtr)[m[K’
[27.309s]   101 |   [01;36m[KMoveItVisualTools[m[K(const rclcpp::Node::SharedPtr& node, const std::string& base_frame,
[27.310s]       |   [01;36m[K^~~~~~~~~~~~~~~~~[m[K
[27.317s] [01m[K/opt/ros/jazzy/include/moveit_visual_tools/moveit_visual_tools.h:101:3:[m[K [01;36m[Knote: [m[K  candidate expects 4 arguments, 1 provided
[27.317s] [01m[K/opt/ros/jazzy/include/moveit_visual_tools/moveit_visual_tools.h:92:3:[m[K [01;36m[Knote: [m[Kcandidate: ‘[01m[Kmoveit_visual_tools::MoveItVisualTools::[01;32m[KMoveItVisualTools[m[K(const rclcpp::Node::SharedPtr&, const std::string&, const std::string&, planning_scene_monitor::PlanningSceneMonitorPtr)[m[K’
[27.317s]    92 |   [01;36m[KMoveItVisualTools[m[K(const rclcpp::Node::SharedPtr& node, const std::string& base_frame, const std::string& marker_topic,
[27.317s]       |   [01;36m[K^~~~~~~~~~~~~~~~~[m[K
[27.317s] [01m[K/opt/ros/jazzy/include/moveit_visual_tools/moveit_visual_tools.h:92:3:[m[K [01;36m[Knote: [m[K  candidate expects 4 arguments, 1 provided
[27.317s] [01m[K/opt/ros/jazzy/include/moveit_visual_tools/moveit_visual_tools.h:83:3:[m[K [01;36m[Knote: [m[Kcandidate: ‘[01m[Kmoveit_visual_tools::MoveItVisualTools::[01;32m[KMoveItVisualTools[m[K(const rclcpp::Node::SharedPtr&)[m[K’
[27.317s]    83 |   [01;36m[KMoveItVisualTools[m[K(const rclcpp::Node::SharedPtr& node);
[27.317s]       |   [01;36m[K^~~~~~~~~~~~~~~~~[m[K
[27.317s] [01m[K/opt/ros/jazzy/include/moveit_visual_tools/moveit_visual_tools.h:83:52:[m[K [01;36m[Knote: [m[K  no known conversion for argument 1 from ‘[01m[Kconst std::string[m[K’ {aka ‘[01m[Kconst std::__cxx11::basic_string<char>[m[K’} to ‘[01m[Kconst rclcpp::Node::SharedPtr&[m[K’ {aka ‘[01m[Kconst std::shared_ptr<rclcpp::Node>&[m[K’}
[27.317s]    83 |   MoveItVisualTools([01;36m[Kconst rclcpp::Node::SharedPtr& node[m[K);
[27.318s]       |                     [01;36m[K~~~~~~~~~~~~~~~~~~~~~~~~~~~~~~~^~~~[m[K
[27.318s] [01m[K/opt/ros/jazzy/include/moveit_visual_tools/moveit_visual_tools.h:74:7:[m[K [01;36m[Knote: [m[Kcandidate: ‘[01m[Kmoveit_visual_tools::MoveItVisualTools::[01;32m[KMoveItVisualTools[m[K(const moveit_visual_tools::MoveItVisualTools&)[m[K’
[27.318s]    74 | class [01;36m[KMoveItVisualTools[m[K : public rviz_visual_tools::RvizVisualTools
[27.318s]       |       [01;36m[K^~~~~~~~~~~~~~~~~[m[K
[27.318s] [01m[K/opt/ros/jazzy/include/moveit_visual_tools/moveit_visual_tools.h:74:7:[m[K [01;36m[Knote: [m[K  no known conversion for argument 1 from ‘[01m[Kconst std::string[m[K’ {aka ‘[01m[Kconst std::__cxx11::basic_string<char>[m[K’} to ‘[01m[Kconst moveit_visual_tools::MoveItVisualTools&[m[K’
[27.318s] [01m[K/opt/ros/jazzy/include/moveit_visual_tools/moveit_visual_tools.h:74:7:[m[K [01;36m[Knote: [m[Kcandidate: ‘[01m[Kmoveit_visual_tools::MoveItVisualTools::[01;32m[KMoveItVisualTools[m[K(moveit_visual_tools::MoveItVisualTools&&)[m[K’
[27.318s] [01m[K/opt/ros/jazzy/include/moveit_visual_tools/moveit_visual_tools.h:74:7:[m[K [01;36m[Knote: [m[K  no known conversion for argument 1 from ‘[01m[Kconst std::string[m[K’ {aka ‘[01m[Kconst std::__cxx11::basic_string<char>[m[K’} to ‘[01m[Kmoveit_visual_tools::MoveItVisualTools&&[m[K’
[27.318s] [01m[K/home/russell/ROS2_REPAS/src/ur5e_moveit_demo/src/parlight_grid_with_hydrosystem.cpp:87:27:[m[K [01;31m[Kerror: [m[Kno matching function for call to ‘[01m[Kmoveit_visual_tools::MoveItVisualTools::publishMesh(geometry_msgs::msg::Pose&, shapes::ShapeMsg&, std_msgs::msg::ColorRGBA&, const char [16])[m[K’
[27.318s]    87 |   [01;31m[K  geometry_msgs::msg::Pose pose;[m[K
[27.318s]       |     [01;31m[K~~~~~~~~~~~~~~~~~~~~~~^~~~~~~~[m[K                                       
[27.318s] In file included from [01m[K/opt/ros/jazzy/include/moveit_visual_tools/moveit_visual_tools.h:38[m[K:
[27.318s] [01m[K/opt/ros/jazzy/include/rviz_visual_tools/rviz_visual_tools.hpp:995:8:[m[K [01;36m[Knote: [m[Kcandidate: ‘[01m[Kbool rviz_visual_tools::RvizVisualTools::[01;32m[KpublishMesh[m[K(const Eigen::Isometry3d&, const std::string&, rviz_visual_tools::Colors, double, const std::string&, std::size_t)[m[K’
[27.318s]   995 |   bool [01;36m[KpublishMesh[m[K(const Eigen::Isometry3d& pose, const std::string& file_name,
[27.318s]       |        [01;36m[K^~~~~~~~~~~[m[K
[27.319s] [01m[K/opt/ros/jazzy/include/rviz_visual_tools/rviz_visual_tools.hpp:995:45:[m[K [01;36m[Knote: [m[K  no known conversion for argument 1 from ‘[01m[Kgeometry_msgs::msg::Pose[m[K’ {aka ‘[01m[Kgeometry_msgs::msg::Pose_<std::allocator<void> >[m[K’} to ‘[01m[Kconst Eigen::Isometry3d&[m[K’ {aka ‘[01m[Kconst Eigen::Transform<double, 3, 1>&[m[K’}
[27.319s]   995 |   bool publishMesh([01;36m[Kconst Eigen::Isometry3d& pose[m[K, const std::string& file_name,
[27.319s]       |                    [01;36m[K~~~~~~~~~~~~~~~~~~~~~~~~~^~~~[m[K
[27.319s] [01m[K/opt/ros/jazzy/include/rviz_visual_tools/rviz_visual_tools.hpp:998:8:[m[K [01;36m[Knote: [m[Kcandidate: ‘[01m[Kbool rviz_visual_tools::RvizVisualTools::[01;32m[KpublishMesh[m[K(const geometry_msgs::msg::Pose&, const std::string&, rviz_visual_tools::Colors, double, const std::string&, std::size_t)[m[K’
[27.319s]   998 |   bool [01;36m[KpublishMesh[m[K(const geometry_msgs::msg::Pose& pose, const std::string& file_name,
[27.319s]       |        [01;36m[K^~~~~~~~~~~[m[K
[27.319s] [01m[K/opt/ros/jazzy/include/rviz_visual_tools/rviz_visual_tools.hpp:998:77:[m[K [01;36m[Knote: [m[K  no known conversion for argument 2 from ‘[01m[Kshapes::ShapeMsg[m[K’ {aka ‘[01m[Kboost::variant<shape_msgs::msg::SolidPrimitive_<std::allocator<void> >, shape_msgs::msg::Mesh_<std::allocator<void> >, shape_msgs::msg::Plane_<std::allocator<void> > >[m[K’} to ‘[01m[Kconst std::string&[m[K’ {aka ‘[01m[Kconst std::__cxx11::basic_string<char>&[m[K’}
[27.319s]   998 |   bool publishMesh(const geometry_msgs::msg::Pose& pose, [01;36m[Kconst std::string& file_name[m[K,
[27.319s]       |                                                          [01;36m[K~~~~~~~~~~~~~~~~~~~^~~~~~~~~[m[K
[27.319s] [01m[K/opt/ros/jazzy/include/rviz_visual_tools/rviz_visual_tools.hpp:1013:8:[m[K [01;36m[Knote: [m[Kcandidate: ‘[01m[Kbool rviz_visual_tools::RvizVisualTools::[01;32m[KpublishMesh[m[K(const Eigen::Isometry3d&, const shape_msgs::msg::Mesh&, rviz_visual_tools::Colors, double, const std::string&, std::size_t)[m[K’
[27.319s]  1013 |   bool [01;36m[KpublishMesh[m[K(const Eigen::Isometry3d& pose, const shape_msgs::msg::Mesh& mesh,
[27.319s]       |        [01;36m[K^~~~~~~~~~~[m[K
[27.319s] [01m[K/opt/ros/jazzy/include/rviz_visual_tools/rviz_visual_tools.hpp:1013:45:[m[K [01;36m[Knote: [m[K  no known conversion for argument 1 from ‘[01m[Kgeometry_msgs::msg::Pose[m[K’ {aka ‘[01m[Kgeometry_msgs::msg::Pose_<std::allocator<void> >[m[K’} to ‘[01m[Kconst Eigen::Isometry3d&[m[K’ {aka ‘[01m[Kconst Eigen::Transform<double, 3, 1>&[m[K’}
[27.319s]  1013 |   bool publishMesh([01;36m[Kconst Eigen::Isometry3d& pose[m[K, const shape_msgs::msg::Mesh& mesh,
[27.319s]       |                    [01;36m[K~~~~~~~~~~~~~~~~~~~~~~~~~^~~~[m[K
[27.319s] [01m[K/opt/ros/jazzy/include/rviz_visual_tools/rviz_visual_tools.hpp:1016:8:[m[K [01;36m[Knote: [m[Kcandidate: ‘[01m[Kbool rviz_visual_tools::RvizVisualTools::[01;32m[KpublishMesh[m[K(const geometry_msgs::msg::Pose&, const shape_msgs::msg::Mesh&, rviz_visual_tools::Colors, double, const std::string&, std::size_t)[m[K’
[27.319s]  1016 |   bool [01;36m[KpublishMesh[m[K(const geometry_msgs::msg::Pose& pose, const shape_msgs::msg::Mesh& mesh,
[27.319s]       |        [01;36m[K^~~~~~~~~~~[m[K
[27.320s] [01m[K/opt/ros/jazzy/include/rviz_visual_tools/rviz_visual_tools.hpp:1016:87:[m[K [01;36m[Knote: [m[K  no known conversion for argument 2 from ‘[01m[Kshapes::ShapeMsg[m[K’ {aka ‘[01m[Kboost::variant<shape_msgs::msg::SolidPrimitive_<std::allocator<void> >, shape_msgs::msg::Mesh_<std::allocator<void> >, shape_msgs::msg::Plane_<std::allocator<void> > >[m[K’} to ‘[01m[Kconst shape_msgs::msg::Mesh&[m[K’ {aka ‘[01m[Kconst shape_msgs::msg::Mesh_<std::allocator<void> >&[m[K’}
[27.320s]  1016 |   bool publishMesh(const geometry_msgs::msg::Pose& pose, [01;36m[Kconst shape_msgs::msg::Mesh& mesh[m[K,
[27.320s]       |                                                          [01;36m[K~~~~~~~~~~~~~~~~~~~~~~~~~~~~~^~~~[m[K
[27.320s] [01m[K/home/russell/ROS2_REPAS/src/ur5e_moveit_demo/src/parlight_grid_with_hydrosystem.cpp:138:52:[m[K [01;35m[Kwarning: [m[K‘[01m[Kdouble moveit::planning_interface::MoveGroupInterface::[01;32m[KcomputeCartesianPath[m[K(const std::vector<geometry_msgs::msg::Pose_<std::allocator<void> > >&, double, double, moveit_msgs::msg::RobotTrajectory&, bool, moveit_msgs::msg::MoveItErrorCodes*)[m[K’ is deprecated: Drop jump_threshold [[01;35m[K]8;;https://gcc.gnu.org/onlinedocs/gcc/Warning-Options.html#index-Wdeprecated-declarations-Wdeprecated-declarations]8;;[m[K]
[27.320s]   138 |   start_pose.orienta[01;35m[Ktion.w;[m[K
[27.320s]       |                     [01;35m[K~~~~~~~[m[K                        [01;35m[K^[m[K
[27.320s]   139 | [01;35m[K  start_pose.position.x;[m[K
[27.320s]       |   [01;35m[K~~~~~~~~~~~~~~~~~~~~~~[m[K                                               
[27.320s] In file included from [01m[K/home/russell/ROS2_REPAS/src/ur5e_moveit_demo/src/parlight_grid_with_hydrosystem.cpp:2[m[K:
[27.320s] [01m[K/opt/ros/jazzy/include/moveit_ros_planning_interface/moveit/move_group_interface/move_group_interface.hpp:765:3:[m[K [01;36m[Knote: [m[Kdeclared here
[27.320s]   765 |   [01;36m[KcomputeCartesianPath[m[K(const std::vector<geometry_msgs::msg::Pose>& waypoints, double eef_step,
[27.320s]       |   [01;36m[K^~~~~~~~~~~~~~~~~~~~[m[K
[27.324s] [01m[K/home/russell/ROS2_REPAS/src/ur5e_moveit_demo/src/parlight_grid_with_hydrosystem.cpp:189:54:[m[K [01;35m[Kwarning: [m[K‘[01m[Kdouble moveit::planning_interface::MoveGroupInterface::[01;32m[KcomputeCartesianPath[m[K(const std::vector<geometry_msgs::msg::Pose_<std::allocator<void> > >&, double, double, moveit_msgs::msg::RobotTrajectory&, bool, moveit_msgs::msg::MoveItErrorCodes*)[m[K’ is deprecated: Drop jump_threshold [[01;35m[K]8;;https://gcc.gnu.org/onlinedocs/gcc/Warning-Options.html#index-Wdeprecated-declarations-Wdeprecated-declarations]8;;[m[K]
[27.324s]   189 |   //Node N9 = {-2, -1.[01;35m[K5};[m[K
[27.324s]       |                       [01;35m[K~~~[m[K                            [01;35m[K^[m[K
[27.324s]   190 | [01;35m[K  //Node N10 = {6, -1.5};[m[K
[27.325s]       |   [01;35m[K~~~~~~~~~~~~~~~~~~~~~~~[m[K                                        
[27.325s] [01m[K/opt/ros/jazzy/include/moveit_ros_planning_interface/moveit/move_group_interface/move_group_interface.hpp:765:3:[m[K [01;36m[Knote: [m[Kdeclared here
[27.325s]   765 |   [01;36m[KcomputeCartesianPath[m[K(const std::vector<geometry_msgs::msg::Pose>& waypoints, double eef_step,
[27.325s]       |   [01;36m[K^~~~~~~~~~~~~~~~~~~~[m[K
[30.125s] gmake[2]: *** [CMakeFiles/parlight_grid_with_hydrosystem.dir/build.make:76: CMakeFiles/parlight_grid_with_hydrosystem.dir/src/parlight_grid_with_hydrosystem.cpp.o] Error 1
[30.126s] gmake[1]: *** [CMakeFiles/Makefile2:333: CMakeFiles/parlight_grid_with_hydrosystem.dir/all] Error 2
[30.127s] gmake: *** [Makefile:146: all] Error 2
[30.130s] Invoked command in '/home/russell/ROS2_REPAS/build/ur5e_moveit_demo' returned '2': AMENT_PREFIX_PATH=/home/russell/ROS2_REPAS/install/ur_simulation_gz:/home/russell/ROS2_REPAS/install/ur_description:${AMENT_PREFIX_PATH} CMAKE_PREFIX_PATH=/home/russell/ROS2_REPAS/install/ur_simulation_gz:/home/russell/ROS2_REPAS/install/ur_description:/opt/ros/jazzy/opt/gz_sim_vendor:/opt/ros/jazzy/opt/gz_sensors_vendor:/opt/ros/jazzy/opt/gz_physics_vendor:/opt/ros/jazzy/opt/sdformat_vendor:/opt/ros/jazzy/opt/gz_gui_vendor:/opt/ros/jazzy/opt/gz_transport_vendor:/opt/ros/jazzy/opt/gz_rendering_vendor:/opt/ros/jazzy/opt/gz_plugin_vendor:/opt/ros/jazzy/opt/gz_fuel_tools_vendor:/opt/ros/jazzy/opt/gz_msgs_vendor:/opt/ros/jazzy/opt/gz_common_vendor:/opt/ros/jazzy/opt/gz_math_vendor:/opt/ros/jazzy/opt/gz_utils_vendor:/opt/ros/jazzy/opt/gz_tools_vendor:/opt/ros/jazzy/opt/gz_ogre_next_vendor:/opt/ros/jazzy/opt/gz_dartsim_vendor:/opt/ros/jazzy/opt/gz_cmake_vendor:/opt/ros/jazzy DEBUGINFOD_URLS=https://debuginfod.ubuntu.com /usr/bin/cmake --build /home/russell/ROS2_REPAS/build/ur5e_moveit_demo -- -j24 -l24
