[0.011s] Invoking command in '/home/russell/ROS2_REPAS/build/robotiq_2f_gripper_hardware': AMENT_PREFIX_PATH=/home/russell/ROS2_REPAS/install/robotiq_2f_gripper_interfaces:/home/russell/ROS2_REPAS/install/serial:/home/russell/ROS2_REPAS/install/robotiq_2f_gripper_msgs CMAKE_PREFIX_PATH=/home/russell/ROS2_REPAS/install/robotiq_2f_gripper_interfaces:/home/russell/ROS2_REPAS/install/serial:/home/russell/ROS2_REPAS/install/robotiq_2f_gripper_msgs DEBUGINFOD_URLS=https://debuginfod.ubuntu.com LD_LIBRARY_PATH=/home/russell/ROS2_REPAS/install/robotiq_2f_gripper_interfaces/lib:/home/russell/ROS2_REPAS/install/serial/lib:/home/russell/ROS2_REPAS/install/robotiq_2f_gripper_msgs/lib PYTHONPATH=/home/russell/ROS2_REPAS/install/robotiq_2f_gripper_msgs/lib/python3.12/site-packages /usr/bin/cmake --build /home/russell/ROS2_REPAS/build/robotiq_2f_gripper_hardware -- -j24 -l24
[0.073s] [100%] Built target robotiq_2f_gripper_node
[0.087s] Invoked command in '/home/russell/ROS2_REPAS/build/robotiq_2f_gripper_hardware' returned '0': AMENT_PREFIX_PATH=/home/russell/ROS2_REPAS/install/robotiq_2f_gripper_interfaces:/home/russell/ROS2_REPAS/install/serial:/home/russell/ROS2_REPAS/install/robotiq_2f_gripper_msgs CMAKE_PREFIX_PATH=/home/russell/ROS2_REPAS/install/robotiq_2f_gripper_interfaces:/home/russell/ROS2_REPAS/install/serial:/home/russell/ROS2_REPAS/install/robotiq_2f_gripper_msgs DEBUGINFOD_URLS=https://debuginfod.ubuntu.com LD_LIBRARY_PATH=/home/russell/ROS2_REPAS/install/robotiq_2f_gripper_interfaces/lib:/home/russell/ROS2_REPAS/install/serial/lib:/home/russell/ROS2_REPAS/install/robotiq_2f_gripper_msgs/lib PYTHONPATH=/home/russell/ROS2_REPAS/install/robotiq_2f_gripper_msgs/lib/python3.12/site-packages /usr/bin/cmake --build /home/russell/ROS2_REPAS/build/robotiq_2f_gripper_hardware -- -j24 -l24
[0.088s] Invoking command in '/home/russell/ROS2_REPAS/build/robotiq_2f_gripper_hardware': AMENT_PREFIX_PATH=/home/russell/ROS2_REPAS/install/robotiq_2f_gripper_interfaces:/home/russell/ROS2_REPAS/install/serial:/home/russell/ROS2_REPAS/install/robotiq_2f_gripper_msgs CMAKE_PREFIX_PATH=/home/russell/ROS2_REPAS/install/robotiq_2f_gripper_interfaces:/home/russell/ROS2_REPAS/install/serial:/home/russell/ROS2_REPAS/install/robotiq_2f_gripper_msgs DEBUGINFOD_URLS=https://debuginfod.ubuntu.com LD_LIBRARY_PATH=/home/russell/ROS2_REPAS/install/robotiq_2f_gripper_interfaces/lib:/home/russell/ROS2_REPAS/install/serial/lib:/home/russell/ROS2_REPAS/install/robotiq_2f_gripper_msgs/lib PYTHONPATH=/home/russell/ROS2_REPAS/install/robotiq_2f_gripper_msgs/lib/python3.12/site-packages /usr/bin/cmake --install /home/russell/ROS2_REPAS/build/robotiq_2f_gripper_hardware
[0.095s] -- Install configuration: ""
[0.095s] -- Up-to-date: /home/russell/ROS2_REPAS/install/robotiq_2f_gripper_hardware/lib/robotiq_2f_gripper_hardware/robotiq_2f_gripper_node
[0.096s] -- Up-to-date: /home/russell/ROS2_REPAS/install/robotiq_2f_gripper_hardware/include/robotiq_2f_gripper_hardware
[0.096s] -- Up-to-date: /home/russell/ROS2_REPAS/install/robotiq_2f_gripper_hardware/include/robotiq_2f_gripper_hardware/robotiq_2f_gripper_node.hpp
[0.096s] -- Up-to-date: /home/russell/ROS2_REPAS/install/robotiq_2f_gripper_hardware/share/robotiq_2f_gripper_hardware/launch
[0.096s] -- Up-to-date: /home/russell/ROS2_REPAS/install/robotiq_2f_gripper_hardware/share/robotiq_2f_gripper_hardware/launch/robotiq_2f_gripper_launch.py
[0.096s] -- Up-to-date: /home/russell/ROS2_REPAS/install/robotiq_2f_gripper_hardware/share/ament_index/resource_index/package_run_dependencies/robotiq_2f_gripper_hardware
[0.096s] -- Up-to-date: /home/russell/ROS2_REPAS/install/robotiq_2f_gripper_hardware/share/ament_index/resource_index/parent_prefix_path/robotiq_2f_gripper_hardware
[0.096s] -- Up-to-date: /home/russell/ROS2_REPAS/install/robotiq_2f_gripper_hardware/share/robotiq_2f_gripper_hardware/environment/ament_prefix_path.sh
[0.097s] -- Up-to-date: /home/russell/ROS2_REPAS/install/robotiq_2f_gripper_hardware/share/robotiq_2f_gripper_hardware/environment/ament_prefix_path.dsv
[0.097s] -- Up-to-date: /home/russell/ROS2_REPAS/install/robotiq_2f_gripper_hardware/share/robotiq_2f_gripper_hardware/environment/path.sh
[0.097s] -- Up-to-date: /home/russell/ROS2_REPAS/install/robotiq_2f_gripper_hardware/share/robotiq_2f_gripper_hardware/environment/path.dsv
[0.097s] -- Up-to-date: /home/russell/ROS2_REPAS/install/robotiq_2f_gripper_hardware/share/robotiq_2f_gripper_hardware/local_setup.bash
[0.097s] -- Up-to-date: /home/russell/ROS2_REPAS/install/robotiq_2f_gripper_hardware/share/robotiq_2f_gripper_hardware/local_setup.sh
[0.097s] -- Up-to-date: /home/russell/ROS2_REPAS/install/robotiq_2f_gripper_hardware/share/robotiq_2f_gripper_hardware/local_setup.zsh
[0.097s] -- Up-to-date: /home/russell/ROS2_REPAS/install/robotiq_2f_gripper_hardware/share/robotiq_2f_gripper_hardware/local_setup.dsv
[0.097s] -- Installing: /home/russell/ROS2_REPAS/install/robotiq_2f_gripper_hardware/share/robotiq_2f_gripper_hardware/package.dsv
[0.097s] -- Up-to-date: /home/russell/ROS2_REPAS/install/robotiq_2f_gripper_hardware/share/ament_index/resource_index/packages/robotiq_2f_gripper_hardware
[0.097s] -- Up-to-date: /home/russell/ROS2_REPAS/install/robotiq_2f_gripper_hardware/share/robotiq_2f_gripper_hardware/cmake/robotiq_2f_gripper_hardwareConfig.cmake
[0.097s] -- Up-to-date: /home/russell/ROS2_REPAS/install/robotiq_2f_gripper_hardware/share/robotiq_2f_gripper_hardware/cmake/robotiq_2f_gripper_hardwareConfig-version.cmake
[0.097s] -- Up-to-date: /home/russell/ROS2_REPAS/install/robotiq_2f_gripper_hardware/share/robotiq_2f_gripper_hardware/package.xml
[0.100s] Invoked command in '/home/russell/ROS2_REPAS/build/robotiq_2f_gripper_hardware' returned '0': AMENT_PREFIX_PATH=/home/russell/ROS2_REPAS/install/robotiq_2f_gripper_interfaces:/home/russell/ROS2_REPAS/install/serial:/home/russell/ROS2_REPAS/install/robotiq_2f_gripper_msgs CMAKE_PREFIX_PATH=/home/russell/ROS2_REPAS/install/robotiq_2f_gripper_interfaces:/home/russell/ROS2_REPAS/install/serial:/home/russell/ROS2_REPAS/install/robotiq_2f_gripper_msgs DEBUGINFOD_URLS=https://debuginfod.ubuntu.com LD_LIBRARY_PATH=/home/russell/ROS2_REPAS/install/robotiq_2f_gripper_interfaces/lib:/home/russell/ROS2_REPAS/install/serial/lib:/home/russell/ROS2_REPAS/install/robotiq_2f_gripper_msgs/lib PYTHONPATH=/home/russell/ROS2_REPAS/install/robotiq_2f_gripper_msgs/lib/python3.12/site-packages /usr/bin/cmake --install /home/russell/ROS2_REPAS/build/robotiq_2f_gripper_hardware
