[0.020s] Invoking command in '/home/russell/ROS2_REPAS/build/serial': CMAKE_PREFIX_PATH=${CMAKE_PREFIX_PATH}:/opt/ros/jazzy DEBUGINFOD_URLS=https://debuginfod.ubuntu.com /usr/bin/cmake /home/russell/ROS2_REPAS/src/robotiq_2f_gripper_ros2/serial-ros2/serial-ros2 -DCMAKE_INSTALL_PREFIX=/home/russell/ROS2_REPAS/install/serial
[0.213s] -- The C compiler identification is GNU 13.3.0
[0.214s] -- The CXX compiler identification is GNU 13.3.0
[0.214s] -- Detecting C compiler ABI info
[0.240s] -- Detecting C compiler ABI info - done
[0.249s] -- Check for working C compiler: /usr/bin/cc - skipped
[0.249s] -- Detecting C compile features
[0.249s] -- Detecting C compile features - done
[0.260s] -- Detecting CXX compiler ABI info
[0.367s] -- Detecting CXX compiler ABI info - done
[0.376s] -- Check for working CXX compiler: /usr/bin/c++ - skipped
[0.377s] -- Detecting CXX compile features
[0.377s] -- Detecting CXX compile features - done
[0.383s] -- Found ament_cmake: 2.5.4 (/opt/ros/jazzy/share/ament_cmake/cmake)
[0.538s] -- Found Python3: /usr/bin/python3 (found version "3.12.3") found components: Interpreter 
[0.733s] -- Configuring done (0.7s)
[0.738s] -- Generating done (0.0s)
[0.740s] -- Build files have been written to: /home/russell/ROS2_REPAS/build/serial
[0.745s] Invoked command in '/home/russell/ROS2_REPAS/build/serial' returned '0': CMAKE_PREFIX_PATH=${CMAKE_PREFIX_PATH}:/opt/ros/jazzy DEBUGINFOD_URLS=https://debuginfod.ubuntu.com /usr/bin/cmake /home/russell/ROS2_REPAS/src/robotiq_2f_gripper_ros2/serial-ros2/serial-ros2 -DCMAKE_INSTALL_PREFIX=/home/russell/ROS2_REPAS/install/serial
[0.746s] Invoking command in '/home/russell/ROS2_REPAS/build/serial': CMAKE_PREFIX_PATH=${CMAKE_PREFIX_PATH}:/opt/ros/jazzy DEBUGINFOD_URLS=https://debuginfod.ubuntu.com /usr/bin/cmake --build /home/russell/ROS2_REPAS/build/serial -- -j24 -l24
[0.807s] [ 50%] [32mBuilding CXX object CMakeFiles/serial.dir/src/impl/list_ports/list_ports_linux.cc.o[0m
[0.807s] [ 50%] [32mBuilding CXX object CMakeFiles/serial.dir/src/impl/unix.cc.o[0m
[0.807s] [ 75%] [32mBuilding CXX object CMakeFiles/serial.dir/src/serial.cc.o[0m
[1.166s] [100%] [32m[1mLinking CXX shared library libserial.so[0m
[1.239s] [100%] Built target serial
[1.254s] Invoked command in '/home/russell/ROS2_REPAS/build/serial' returned '0': CMAKE_PREFIX_PATH=${CMAKE_PREFIX_PATH}:/opt/ros/jazzy DEBUGINFOD_URLS=https://debuginfod.ubuntu.com /usr/bin/cmake --build /home/russell/ROS2_REPAS/build/serial -- -j24 -l24
[1.255s] Invoking command in '/home/russell/ROS2_REPAS/build/serial': CMAKE_PREFIX_PATH=${CMAKE_PREFIX_PATH}:/opt/ros/jazzy DEBUGINFOD_URLS=https://debuginfod.ubuntu.com /usr/bin/cmake --install /home/russell/ROS2_REPAS/build/serial
[1.265s] -- Install configuration: ""
[1.265s] -- Installing: /home/russell/ROS2_REPAS/install/serial/share/serial/environment/library_path.sh
[1.266s] -- Installing: /home/russell/ROS2_REPAS/install/serial/share/serial/environment/library_path.dsv
[1.266s] -- Installing: /home/russell/ROS2_REPAS/install/serial/lib/libserial.so
[1.267s] -- Installing: /home/russell/ROS2_REPAS/install/serial/include/serial/serial.h
[1.267s] -- Installing: /home/russell/ROS2_REPAS/install/serial/include/serial/v8stdint.h
[1.267s] -- Installing: /home/russell/ROS2_REPAS/install/serial/share/ament_index/resource_index/package_run_dependencies/serial
[1.267s] -- Installing: /home/russell/ROS2_REPAS/install/serial/share/ament_index/resource_index/parent_prefix_path/serial
[1.267s] -- Installing: /home/russell/ROS2_REPAS/install/serial/share/serial/environment/ament_prefix_path.sh
[1.267s] -- Installing: /home/russell/ROS2_REPAS/install/serial/share/serial/environment/ament_prefix_path.dsv
[1.267s] -- Installing: /home/russell/ROS2_REPAS/install/serial/share/serial/environment/path.sh
[1.268s] -- Installing: /home/russell/ROS2_REPAS/install/serial/share/serial/environment/path.dsv
[1.268s] -- Installing: /home/russell/ROS2_REPAS/install/serial/share/serial/local_setup.bash
[1.268s] -- Installing: /home/russell/ROS2_REPAS/install/serial/share/serial/local_setup.sh
[1.268s] -- Installing: /home/russell/ROS2_REPAS/install/serial/share/serial/local_setup.zsh
[1.268s] -- Installing: /home/russell/ROS2_REPAS/install/serial/share/serial/local_setup.dsv
[1.268s] -- Installing: /home/russell/ROS2_REPAS/install/serial/share/serial/package.dsv
[1.268s] -- Installing: /home/russell/ROS2_REPAS/install/serial/share/ament_index/resource_index/packages/serial
[1.269s] -- Installing: /home/russell/ROS2_REPAS/install/serial/share/serial/cmake/ament_cmake_export_include_directories-extras.cmake
[1.269s] -- Installing: /home/russell/ROS2_REPAS/install/serial/share/serial/cmake/ament_cmake_export_libraries-extras.cmake
[1.269s] -- Installing: /home/russell/ROS2_REPAS/install/serial/share/serial/cmake/serialConfig.cmake
[1.269s] -- Installing: /home/russell/ROS2_REPAS/install/serial/share/serial/cmake/serialConfig-version.cmake
[1.269s] -- Installing: /home/russell/ROS2_REPAS/install/serial/share/serial/package.xml
[1.272s] Invoked command in '/home/russell/ROS2_REPAS/build/serial' returned '0': CMAKE_PREFIX_PATH=${CMAKE_PREFIX_PATH}:/opt/ros/jazzy DEBUGINFOD_URLS=https://debuginfod.ubuntu.com /usr/bin/cmake --install /home/russell/ROS2_REPAS/build/serial
