[0.090s] Invoking command in '/home/russell/ROS2_REPAS/build/robotiq_2f_gripper_msgs': CMAKE_PREFIX_PATH=${CMAKE_PREFIX_PATH}:/opt/ros/jazzy DEBUGINFOD_URLS=https://debuginfod.ubuntu.com /usr/bin/cmake --build /home/russell/ROS2_REPAS/build/robotiq_2f_gripper_msgs -- -j24 -l24
[0.457s] [  2%] Built target robotiq_2f_gripper_msgs__rosidl_generator_type_description
[0.546s] [  5%] Built target robotiq_2f_gripper_msgs__cpp
[0.595s] [ 20%] Built target robotiq_2f_gripper_msgs__rosidl_generator_c
[0.714s] [ 38%] Built target robotiq_2f_gripper_msgs__rosidl_typesupport_introspection_cpp
[0.714s] [ 35%] Built target robotiq_2f_gripper_msgs__rosidl_typesupport_cpp
[0.717s] [ 52%] Built target robotiq_2f_gripper_msgs__rosidl_typesupport_introspection_c
[0.717s] [ 55%] Built target robotiq_2f_gripper_msgs__rosidl_typesupport_c
[0.731s] [ 55%] Built target ament_cmake_python_copy_robotiq_2f_gripper_msgs
[0.755s] [ 64%] Built target robotiq_2f_gripper_msgs__rosidl_typesupport_fastrtps_c
[0.763s] [ 73%] Built target robotiq_2f_gripper_msgs__rosidl_typesupport_fastrtps_cpp
[0.802s] [ 73%] Built target robotiq_2f_gripper_msgs
[0.849s] [ 76%] Built target robotiq_2f_gripper_msgs__py
[0.941s] [ 82%] Built target robotiq_2f_gripper_msgs__rosidl_generator_py
[0.993s] [ 88%] Built target robotiq_2f_gripper_msgs_s__rosidl_typesupport_fastrtps_c
[1.020s] [ 94%] Built target robotiq_2f_gripper_msgs_s__rosidl_typesupport_introspection_c
[1.067s] [100%] Built target robotiq_2f_gripper_msgs_s__rosidl_typesupport_c
[1.371s] running egg_info
[1.395s] writing robotiq_2f_gripper_msgs.egg-info/PKG-INFO
[1.395s] writing dependency_links to robotiq_2f_gripper_msgs.egg-info/dependency_links.txt
[1.395s] writing top-level names to robotiq_2f_gripper_msgs.egg-info/top_level.txt
[1.458s] reading manifest file 'robotiq_2f_gripper_msgs.egg-info/SOURCES.txt'
[1.458s] writing manifest file 'robotiq_2f_gripper_msgs.egg-info/SOURCES.txt'
[1.488s] [100%] Built target ament_cmake_python_build_robotiq_2f_gripper_msgs_egg
[1.503s] Invoked command in '/home/russell/ROS2_REPAS/build/robotiq_2f_gripper_msgs' returned '0': CMAKE_PREFIX_PATH=${CMAKE_PREFIX_PATH}:/opt/ros/jazzy DEBUGINFOD_URLS=https://debuginfod.ubuntu.com /usr/bin/cmake --build /home/russell/ROS2_REPAS/build/robotiq_2f_gripper_msgs -- -j24 -l24
[1.564s] Invoking command in '/home/russell/ROS2_REPAS/build/robotiq_2f_gripper_msgs': CMAKE_PREFIX_PATH=${CMAKE_PREFIX_PATH}:/opt/ros/jazzy DEBUGINFOD_URLS=https://debuginfod.ubuntu.com /usr/bin/cmake --install /home/russell/ROS2_REPAS/build/robotiq_2f_gripper_msgs
[1.583s] -- Install configuration: ""
[1.583s] -- Up-to-date: /home/russell/ROS2_REPAS/install/robotiq_2f_gripper_msgs/share/ament_index/resource_index/rosidl_interfaces/robotiq_2f_gripper_msgs
[1.583s] -- Up-to-date: /home/russell/ROS2_REPAS/install/robotiq_2f_gripper_msgs/share/robotiq_2f_gripper_msgs/action/MoveTwoFingerGripper.json
[1.583s] -- Up-to-date: /home/russell/ROS2_REPAS/install/robotiq_2f_gripper_msgs/include/robotiq_2f_gripper_msgs/robotiq_2f_gripper_msgs
[1.584s] -- Up-to-date: /home/russell/ROS2_REPAS/install/robotiq_2f_gripper_msgs/include/robotiq_2f_gripper_msgs/robotiq_2f_gripper_msgs/msg
[1.584s] -- Up-to-date: /home/russell/ROS2_REPAS/install/robotiq_2f_gripper_msgs/include/robotiq_2f_gripper_msgs/robotiq_2f_gripper_msgs/msg/rosidl_generator_c__visibility_control.h
[1.584s] -- Up-to-date: /home/russell/ROS2_REPAS/install/robotiq_2f_gripper_msgs/include/robotiq_2f_gripper_msgs/robotiq_2f_gripper_msgs/action
[1.584s] -- Up-to-date: /home/russell/ROS2_REPAS/install/robotiq_2f_gripper_msgs/include/robotiq_2f_gripper_msgs/robotiq_2f_gripper_msgs/action/detail
[1.584s] -- Up-to-date: /home/russell/ROS2_REPAS/install/robotiq_2f_gripper_msgs/include/robotiq_2f_gripper_msgs/robotiq_2f_gripper_msgs/action/detail/move_two_finger_gripper__description.c
[1.584s] -- Up-to-date: /home/russell/ROS2_REPAS/install/robotiq_2f_gripper_msgs/include/robotiq_2f_gripper_msgs/robotiq_2f_gripper_msgs/action/detail/move_two_finger_gripper__type_support.h
[1.584s] -- Up-to-date: /home/russell/ROS2_REPAS/install/robotiq_2f_gripper_msgs/include/robotiq_2f_gripper_msgs/robotiq_2f_gripper_msgs/action/detail/move_two_finger_gripper__functions.c
[1.584s] -- Up-to-date: /home/russell/ROS2_REPAS/install/robotiq_2f_gripper_msgs/include/robotiq_2f_gripper_msgs/robotiq_2f_gripper_msgs/action/detail/move_two_finger_gripper__functions.h
[1.584s] -- Up-to-date: /home/russell/ROS2_REPAS/install/robotiq_2f_gripper_msgs/include/robotiq_2f_gripper_msgs/robotiq_2f_gripper_msgs/action/detail/move_two_finger_gripper__type_support.c
[1.585s] -- Up-to-date: /home/russell/ROS2_REPAS/install/robotiq_2f_gripper_msgs/include/robotiq_2f_gripper_msgs/robotiq_2f_gripper_msgs/action/detail/move_two_finger_gripper__struct.h
[1.585s] -- Up-to-date: /home/russell/ROS2_REPAS/install/robotiq_2f_gripper_msgs/include/robotiq_2f_gripper_msgs/robotiq_2f_gripper_msgs/action/move_two_finger_gripper.h
[1.585s] -- Up-to-date: /home/russell/ROS2_REPAS/install/robotiq_2f_gripper_msgs/share/robotiq_2f_gripper_msgs/environment/library_path.sh
[1.585s] -- Up-to-date: /home/russell/ROS2_REPAS/install/robotiq_2f_gripper_msgs/share/robotiq_2f_gripper_msgs/environment/library_path.dsv
[1.585s] -- Up-to-date: /home/russell/ROS2_REPAS/install/robotiq_2f_gripper_msgs/lib/librobotiq_2f_gripper_msgs__rosidl_generator_c.so
[1.585s] -- Up-to-date: /home/russell/ROS2_REPAS/install/robotiq_2f_gripper_msgs/include/robotiq_2f_gripper_msgs/robotiq_2f_gripper_msgs
[1.585s] -- Up-to-date: /home/russell/ROS2_REPAS/install/robotiq_2f_gripper_msgs/include/robotiq_2f_gripper_msgs/robotiq_2f_gripper_msgs/msg
[1.585s] -- Up-to-date: /home/russell/ROS2_REPAS/install/robotiq_2f_gripper_msgs/include/robotiq_2f_gripper_msgs/robotiq_2f_gripper_msgs/msg/rosidl_typesupport_fastrtps_c__visibility_control.h
[1.585s] -- Up-to-date: /home/russell/ROS2_REPAS/install/robotiq_2f_gripper_msgs/include/robotiq_2f_gripper_msgs/robotiq_2f_gripper_msgs/action
[1.585s] -- Up-to-date: /home/russell/ROS2_REPAS/install/robotiq_2f_gripper_msgs/include/robotiq_2f_gripper_msgs/robotiq_2f_gripper_msgs/action/detail
[1.586s] -- Up-to-date: /home/russell/ROS2_REPAS/install/robotiq_2f_gripper_msgs/include/robotiq_2f_gripper_msgs/robotiq_2f_gripper_msgs/action/detail/move_two_finger_gripper__rosidl_typesupport_fastrtps_c.h
[1.586s] -- Up-to-date: /home/russell/ROS2_REPAS/install/robotiq_2f_gripper_msgs/lib/librobotiq_2f_gripper_msgs__rosidl_typesupport_fastrtps_c.so
[1.586s] -- Up-to-date: /home/russell/ROS2_REPAS/install/robotiq_2f_gripper_msgs/include/robotiq_2f_gripper_msgs/robotiq_2f_gripper_msgs
[1.586s] -- Up-to-date: /home/russell/ROS2_REPAS/install/robotiq_2f_gripper_msgs/include/robotiq_2f_gripper_msgs/robotiq_2f_gripper_msgs/msg
[1.586s] -- Up-to-date: /home/russell/ROS2_REPAS/install/robotiq_2f_gripper_msgs/include/robotiq_2f_gripper_msgs/robotiq_2f_gripper_msgs/msg/rosidl_typesupport_introspection_c__visibility_control.h
[1.586s] -- Up-to-date: /home/russell/ROS2_REPAS/install/robotiq_2f_gripper_msgs/include/robotiq_2f_gripper_msgs/robotiq_2f_gripper_msgs/action
[1.586s] -- Up-to-date: /home/russell/ROS2_REPAS/install/robotiq_2f_gripper_msgs/include/robotiq_2f_gripper_msgs/robotiq_2f_gripper_msgs/action/detail
[1.586s] -- Up-to-date: /home/russell/ROS2_REPAS/install/robotiq_2f_gripper_msgs/include/robotiq_2f_gripper_msgs/robotiq_2f_gripper_msgs/action/detail/move_two_finger_gripper__type_support.c
[1.586s] -- Up-to-date: /home/russell/ROS2_REPAS/install/robotiq_2f_gripper_msgs/include/robotiq_2f_gripper_msgs/robotiq_2f_gripper_msgs/action/detail/move_two_finger_gripper__rosidl_typesupport_introspection_c.h
[1.586s] -- Up-to-date: /home/russell/ROS2_REPAS/install/robotiq_2f_gripper_msgs/lib/librobotiq_2f_gripper_msgs__rosidl_typesupport_introspection_c.so
[1.587s] -- Up-to-date: /home/russell/ROS2_REPAS/install/robotiq_2f_gripper_msgs/lib/librobotiq_2f_gripper_msgs__rosidl_typesupport_c.so
[1.587s] -- Up-to-date: /home/russell/ROS2_REPAS/install/robotiq_2f_gripper_msgs/include/robotiq_2f_gripper_msgs/robotiq_2f_gripper_msgs
[1.587s] -- Up-to-date: /home/russell/ROS2_REPAS/install/robotiq_2f_gripper_msgs/include/robotiq_2f_gripper_msgs/robotiq_2f_gripper_msgs/msg
[1.587s] -- Up-to-date: /home/russell/ROS2_REPAS/install/robotiq_2f_gripper_msgs/include/robotiq_2f_gripper_msgs/robotiq_2f_gripper_msgs/msg/rosidl_generator_cpp__visibility_control.hpp
[1.587s] -- Up-to-date: /home/russell/ROS2_REPAS/install/robotiq_2f_gripper_msgs/include/robotiq_2f_gripper_msgs/robotiq_2f_gripper_msgs/action
[1.587s] -- Up-to-date: /home/russell/ROS2_REPAS/install/robotiq_2f_gripper_msgs/include/robotiq_2f_gripper_msgs/robotiq_2f_gripper_msgs/action/detail
[1.587s] -- Up-to-date: /home/russell/ROS2_REPAS/install/robotiq_2f_gripper_msgs/include/robotiq_2f_gripper_msgs/robotiq_2f_gripper_msgs/action/detail/move_two_finger_gripper__type_support.hpp
[1.587s] -- Up-to-date: /home/russell/ROS2_REPAS/install/robotiq_2f_gripper_msgs/include/robotiq_2f_gripper_msgs/robotiq_2f_gripper_msgs/action/detail/move_two_finger_gripper__traits.hpp
[1.587s] -- Up-to-date: /home/russell/ROS2_REPAS/install/robotiq_2f_gripper_msgs/include/robotiq_2f_gripper_msgs/robotiq_2f_gripper_msgs/action/detail/move_two_finger_gripper__struct.hpp
[1.587s] -- Up-to-date: /home/russell/ROS2_REPAS/install/robotiq_2f_gripper_msgs/include/robotiq_2f_gripper_msgs/robotiq_2f_gripper_msgs/action/detail/move_two_finger_gripper__builder.hpp
[1.587s] -- Up-to-date: /home/russell/ROS2_REPAS/install/robotiq_2f_gripper_msgs/include/robotiq_2f_gripper_msgs/robotiq_2f_gripper_msgs/action/move_two_finger_gripper.hpp
[1.587s] -- Up-to-date: /home/russell/ROS2_REPAS/install/robotiq_2f_gripper_msgs/include/robotiq_2f_gripper_msgs/robotiq_2f_gripper_msgs
[1.587s] -- Up-to-date: /home/russell/ROS2_REPAS/install/robotiq_2f_gripper_msgs/include/robotiq_2f_gripper_msgs/robotiq_2f_gripper_msgs/msg
[1.588s] -- Up-to-date: /home/russell/ROS2_REPAS/install/robotiq_2f_gripper_msgs/include/robotiq_2f_gripper_msgs/robotiq_2f_gripper_msgs/msg/rosidl_typesupport_fastrtps_cpp__visibility_control.h
[1.588s] -- Up-to-date: /home/russell/ROS2_REPAS/install/robotiq_2f_gripper_msgs/include/robotiq_2f_gripper_msgs/robotiq_2f_gripper_msgs/action
[1.588s] -- Up-to-date: /home/russell/ROS2_REPAS/install/robotiq_2f_gripper_msgs/include/robotiq_2f_gripper_msgs/robotiq_2f_gripper_msgs/action/detail
[1.588s] -- Up-to-date: /home/russell/ROS2_REPAS/install/robotiq_2f_gripper_msgs/include/robotiq_2f_gripper_msgs/robotiq_2f_gripper_msgs/action/detail/move_two_finger_gripper__rosidl_typesupport_fastrtps_cpp.hpp
[1.588s] -- Up-to-date: /home/russell/ROS2_REPAS/install/robotiq_2f_gripper_msgs/include/robotiq_2f_gripper_msgs/robotiq_2f_gripper_msgs/action/detail/dds_fastrtps
[1.589s] -- Up-to-date: /home/russell/ROS2_REPAS/install/robotiq_2f_gripper_msgs/lib/librobotiq_2f_gripper_msgs__rosidl_typesupport_fastrtps_cpp.so
[1.589s] -- Up-to-date: /home/russell/ROS2_REPAS/install/robotiq_2f_gripper_msgs/include/robotiq_2f_gripper_msgs/robotiq_2f_gripper_msgs
[1.589s] -- Up-to-date: /home/russell/ROS2_REPAS/install/robotiq_2f_gripper_msgs/include/robotiq_2f_gripper_msgs/robotiq_2f_gripper_msgs/action
[1.589s] -- Up-to-date: /home/russell/ROS2_REPAS/install/robotiq_2f_gripper_msgs/include/robotiq_2f_gripper_msgs/robotiq_2f_gripper_msgs/action/detail
[1.589s] -- Up-to-date: /home/russell/ROS2_REPAS/install/robotiq_2f_gripper_msgs/include/robotiq_2f_gripper_msgs/robotiq_2f_gripper_msgs/action/detail/move_two_finger_gripper__rosidl_typesupport_introspection_cpp.hpp
[1.589s] -- Up-to-date: /home/russell/ROS2_REPAS/install/robotiq_2f_gripper_msgs/include/robotiq_2f_gripper_msgs/robotiq_2f_gripper_msgs/action/detail/move_two_finger_gripper__type_support.cpp
[1.589s] -- Up-to-date: /home/russell/ROS2_REPAS/install/robotiq_2f_gripper_msgs/lib/librobotiq_2f_gripper_msgs__rosidl_typesupport_introspection_cpp.so
[1.589s] -- Up-to-date: /home/russell/ROS2_REPAS/install/robotiq_2f_gripper_msgs/lib/librobotiq_2f_gripper_msgs__rosidl_typesupport_cpp.so
[1.590s] -- Up-to-date: /home/russell/ROS2_REPAS/install/robotiq_2f_gripper_msgs/share/robotiq_2f_gripper_msgs/environment/pythonpath.sh
[1.590s] -- Up-to-date: /home/russell/ROS2_REPAS/install/robotiq_2f_gripper_msgs/share/robotiq_2f_gripper_msgs/environment/pythonpath.dsv
[1.590s] -- Up-to-date: /home/russell/ROS2_REPAS/install/robotiq_2f_gripper_msgs/lib/python3.12/site-packages/robotiq_2f_gripper_msgs-0.0.0-py3.12.egg-info
[1.590s] -- Installing: /home/russell/ROS2_REPAS/install/robotiq_2f_gripper_msgs/lib/python3.12/site-packages/robotiq_2f_gripper_msgs-0.0.0-py3.12.egg-info/dependency_links.txt
[1.590s] -- Installing: /home/russell/ROS2_REPAS/install/robotiq_2f_gripper_msgs/lib/python3.12/site-packages/robotiq_2f_gripper_msgs-0.0.0-py3.12.egg-info/PKG-INFO
[1.590s] -- Installing: /home/russell/ROS2_REPAS/install/robotiq_2f_gripper_msgs/lib/python3.12/site-packages/robotiq_2f_gripper_msgs-0.0.0-py3.12.egg-info/SOURCES.txt
[1.590s] -- Installing: /home/russell/ROS2_REPAS/install/robotiq_2f_gripper_msgs/lib/python3.12/site-packages/robotiq_2f_gripper_msgs-0.0.0-py3.12.egg-info/top_level.txt
[1.590s] -- Up-to-date: /home/russell/ROS2_REPAS/install/robotiq_2f_gripper_msgs/lib/python3.12/site-packages/robotiq_2f_gripper_msgs
[1.590s] -- Up-to-date: /home/russell/ROS2_REPAS/install/robotiq_2f_gripper_msgs/lib/python3.12/site-packages/robotiq_2f_gripper_msgs/_robotiq_2f_gripper_msgs_s.ep.rosidl_typesupport_c.c
[1.590s] -- Up-to-date: /home/russell/ROS2_REPAS/install/robotiq_2f_gripper_msgs/lib/python3.12/site-packages/robotiq_2f_gripper_msgs/robotiq_2f_gripper_msgs_s__rosidl_typesupport_fastrtps_c.so
[1.591s] -- Up-to-date: /home/russell/ROS2_REPAS/install/robotiq_2f_gripper_msgs/lib/python3.12/site-packages/robotiq_2f_gripper_msgs/robotiq_2f_gripper_msgs_s__rosidl_typesupport_introspection_c.so
[1.591s] -- Up-to-date: /home/russell/ROS2_REPAS/install/robotiq_2f_gripper_msgs/lib/python3.12/site-packages/robotiq_2f_gripper_msgs/_robotiq_2f_gripper_msgs_s.ep.rosidl_typesupport_introspection_c.c
[1.591s] -- Up-to-date: /home/russell/ROS2_REPAS/install/robotiq_2f_gripper_msgs/lib/python3.12/site-packages/robotiq_2f_gripper_msgs/action
[1.591s] -- Up-to-date: /home/russell/ROS2_REPAS/install/robotiq_2f_gripper_msgs/lib/python3.12/site-packages/robotiq_2f_gripper_msgs/action/_move_two_finger_gripper_s.c
[1.591s] -- Up-to-date: /home/russell/ROS2_REPAS/install/robotiq_2f_gripper_msgs/lib/python3.12/site-packages/robotiq_2f_gripper_msgs/action/__init__.py
[1.591s] -- Up-to-date: /home/russell/ROS2_REPAS/install/robotiq_2f_gripper_msgs/lib/python3.12/site-packages/robotiq_2f_gripper_msgs/action/_move_two_finger_gripper.py
[1.591s] -- Up-to-date: /home/russell/ROS2_REPAS/install/robotiq_2f_gripper_msgs/lib/python3.12/site-packages/robotiq_2f_gripper_msgs/__init__.py
[1.591s] -- Up-to-date: /home/russell/ROS2_REPAS/install/robotiq_2f_gripper_msgs/lib/python3.12/site-packages/robotiq_2f_gripper_msgs/_robotiq_2f_gripper_msgs_s.ep.rosidl_typesupport_fastrtps_c.c
[1.592s] -- Up-to-date: /home/russell/ROS2_REPAS/install/robotiq_2f_gripper_msgs/lib/python3.12/site-packages/robotiq_2f_gripper_msgs/robotiq_2f_gripper_msgs_s__rosidl_typesupport_c.so
[1.686s] Listing '/home/russell/ROS2_REPAS/install/robotiq_2f_gripper_msgs/lib/python3.12/site-packages/robotiq_2f_gripper_msgs'...
[1.687s] Listing '/home/russell/ROS2_REPAS/install/robotiq_2f_gripper_msgs/lib/python3.12/site-packages/robotiq_2f_gripper_msgs/action'...
[1.692s] -- Up-to-date: /home/russell/ROS2_REPAS/install/robotiq_2f_gripper_msgs/lib/python3.12/site-packages/robotiq_2f_gripper_msgs/robotiq_2f_gripper_msgs_s__rosidl_typesupport_fastrtps_c.so
[1.692s] -- Up-to-date: /home/russell/ROS2_REPAS/install/robotiq_2f_gripper_msgs/lib/python3.12/site-packages/robotiq_2f_gripper_msgs/robotiq_2f_gripper_msgs_s__rosidl_typesupport_introspection_c.so
[1.692s] -- Up-to-date: /home/russell/ROS2_REPAS/install/robotiq_2f_gripper_msgs/lib/python3.12/site-packages/robotiq_2f_gripper_msgs/robotiq_2f_gripper_msgs_s__rosidl_typesupport_c.so
[1.692s] -- Up-to-date: /home/russell/ROS2_REPAS/install/robotiq_2f_gripper_msgs/lib/librobotiq_2f_gripper_msgs__rosidl_generator_py.so
[1.693s] -- Up-to-date: /home/russell/ROS2_REPAS/install/robotiq_2f_gripper_msgs/share/robotiq_2f_gripper_msgs/action/MoveTwoFingerGripper.idl
[1.693s] -- Up-to-date: /home/russell/ROS2_REPAS/install/robotiq_2f_gripper_msgs/share/robotiq_2f_gripper_msgs/action/MoveTwoFingerGripper.action
[1.693s] -- Up-to-date: /home/russell/ROS2_REPAS/install/robotiq_2f_gripper_msgs/share/ament_index/resource_index/package_run_dependencies/robotiq_2f_gripper_msgs
[1.693s] -- Up-to-date: /home/russell/ROS2_REPAS/install/robotiq_2f_gripper_msgs/share/ament_index/resource_index/parent_prefix_path/robotiq_2f_gripper_msgs
[1.693s] -- Up-to-date: /home/russell/ROS2_REPAS/install/robotiq_2f_gripper_msgs/share/robotiq_2f_gripper_msgs/environment/ament_prefix_path.sh
[1.693s] -- Up-to-date: /home/russell/ROS2_REPAS/install/robotiq_2f_gripper_msgs/share/robotiq_2f_gripper_msgs/environment/ament_prefix_path.dsv
[1.693s] -- Up-to-date: /home/russell/ROS2_REPAS/install/robotiq_2f_gripper_msgs/share/robotiq_2f_gripper_msgs/environment/path.sh
[1.693s] -- Up-to-date: /home/russell/ROS2_REPAS/install/robotiq_2f_gripper_msgs/share/robotiq_2f_gripper_msgs/environment/path.dsv
[1.693s] -- Up-to-date: /home/russell/ROS2_REPAS/install/robotiq_2f_gripper_msgs/share/robotiq_2f_gripper_msgs/local_setup.bash
[1.693s] -- Up-to-date: /home/russell/ROS2_REPAS/install/robotiq_2f_gripper_msgs/share/robotiq_2f_gripper_msgs/local_setup.sh
[1.693s] -- Up-to-date: /home/russell/ROS2_REPAS/install/robotiq_2f_gripper_msgs/share/robotiq_2f_gripper_msgs/local_setup.zsh
[1.693s] -- Up-to-date: /home/russell/ROS2_REPAS/install/robotiq_2f_gripper_msgs/share/robotiq_2f_gripper_msgs/local_setup.dsv
[1.694s] -- Installing: /home/russell/ROS2_REPAS/install/robotiq_2f_gripper_msgs/share/robotiq_2f_gripper_msgs/package.dsv
[1.704s] -- Up-to-date: /home/russell/ROS2_REPAS/install/robotiq_2f_gripper_msgs/share/ament_index/resource_index/packages/robotiq_2f_gripper_msgs
[1.704s] -- Up-to-date: /home/russell/ROS2_REPAS/install/robotiq_2f_gripper_msgs/share/robotiq_2f_gripper_msgs/cmake/export_robotiq_2f_gripper_msgs__rosidl_generator_cExport.cmake
[1.704s] -- Up-to-date: /home/russell/ROS2_REPAS/install/robotiq_2f_gripper_msgs/share/robotiq_2f_gripper_msgs/cmake/export_robotiq_2f_gripper_msgs__rosidl_generator_cExport-noconfig.cmake
[1.704s] -- Up-to-date: /home/russell/ROS2_REPAS/install/robotiq_2f_gripper_msgs/share/robotiq_2f_gripper_msgs/cmake/export_robotiq_2f_gripper_msgs__rosidl_typesupport_fastrtps_cExport.cmake
[1.705s] -- Up-to-date: /home/russell/ROS2_REPAS/install/robotiq_2f_gripper_msgs/share/robotiq_2f_gripper_msgs/cmake/export_robotiq_2f_gripper_msgs__rosidl_typesupport_fastrtps_cExport-noconfig.cmake
[1.705s] -- Up-to-date: /home/russell/ROS2_REPAS/install/robotiq_2f_gripper_msgs/share/robotiq_2f_gripper_msgs/cmake/robotiq_2f_gripper_msgs__rosidl_typesupport_introspection_cExport.cmake
[1.705s] -- Up-to-date: /home/russell/ROS2_REPAS/install/robotiq_2f_gripper_msgs/share/robotiq_2f_gripper_msgs/cmake/robotiq_2f_gripper_msgs__rosidl_typesupport_introspection_cExport-noconfig.cmake
[1.705s] -- Up-to-date: /home/russell/ROS2_REPAS/install/robotiq_2f_gripper_msgs/share/robotiq_2f_gripper_msgs/cmake/robotiq_2f_gripper_msgs__rosidl_typesupport_cExport.cmake
[1.705s] -- Up-to-date: /home/russell/ROS2_REPAS/install/robotiq_2f_gripper_msgs/share/robotiq_2f_gripper_msgs/cmake/robotiq_2f_gripper_msgs__rosidl_typesupport_cExport-noconfig.cmake
[1.705s] -- Up-to-date: /home/russell/ROS2_REPAS/install/robotiq_2f_gripper_msgs/share/robotiq_2f_gripper_msgs/cmake/export_robotiq_2f_gripper_msgs__rosidl_generator_cppExport.cmake
[1.706s] -- Up-to-date: /home/russell/ROS2_REPAS/install/robotiq_2f_gripper_msgs/share/robotiq_2f_gripper_msgs/cmake/export_robotiq_2f_gripper_msgs__rosidl_typesupport_fastrtps_cppExport.cmake
[1.706s] -- Up-to-date: /home/russell/ROS2_REPAS/install/robotiq_2f_gripper_msgs/share/robotiq_2f_gripper_msgs/cmake/export_robotiq_2f_gripper_msgs__rosidl_typesupport_fastrtps_cppExport-noconfig.cmake
[1.706s] -- Up-to-date: /home/russell/ROS2_REPAS/install/robotiq_2f_gripper_msgs/share/robotiq_2f_gripper_msgs/cmake/robotiq_2f_gripper_msgs__rosidl_typesupport_introspection_cppExport.cmake
[1.706s] -- Up-to-date: /home/russell/ROS2_REPAS/install/robotiq_2f_gripper_msgs/share/robotiq_2f_gripper_msgs/cmake/robotiq_2f_gripper_msgs__rosidl_typesupport_introspection_cppExport-noconfig.cmake
[1.706s] -- Up-to-date: /home/russell/ROS2_REPAS/install/robotiq_2f_gripper_msgs/share/robotiq_2f_gripper_msgs/cmake/robotiq_2f_gripper_msgs__rosidl_typesupport_cppExport.cmake
[1.706s] -- Up-to-date: /home/russell/ROS2_REPAS/install/robotiq_2f_gripper_msgs/share/robotiq_2f_gripper_msgs/cmake/robotiq_2f_gripper_msgs__rosidl_typesupport_cppExport-noconfig.cmake
[1.706s] -- Up-to-date: /home/russell/ROS2_REPAS/install/robotiq_2f_gripper_msgs/share/robotiq_2f_gripper_msgs/cmake/export_robotiq_2f_gripper_msgs__rosidl_generator_pyExport.cmake
[1.706s] -- Up-to-date: /home/russell/ROS2_REPAS/install/robotiq_2f_gripper_msgs/share/robotiq_2f_gripper_msgs/cmake/export_robotiq_2f_gripper_msgs__rosidl_generator_pyExport-noconfig.cmake
[1.706s] -- Up-to-date: /home/russell/ROS2_REPAS/install/robotiq_2f_gripper_msgs/share/robotiq_2f_gripper_msgs/cmake/rosidl_cmake-extras.cmake
[1.707s] -- Up-to-date: /home/russell/ROS2_REPAS/install/robotiq_2f_gripper_msgs/share/robotiq_2f_gripper_msgs/cmake/ament_cmake_export_dependencies-extras.cmake
[1.707s] -- Up-to-date: /home/russell/ROS2_REPAS/install/robotiq_2f_gripper_msgs/share/robotiq_2f_gripper_msgs/cmake/ament_cmake_export_include_directories-extras.cmake
[1.707s] -- Up-to-date: /home/russell/ROS2_REPAS/install/robotiq_2f_gripper_msgs/share/robotiq_2f_gripper_msgs/cmake/ament_cmake_export_libraries-extras.cmake
[1.707s] -- Up-to-date: /home/russell/ROS2_REPAS/install/robotiq_2f_gripper_msgs/share/robotiq_2f_gripper_msgs/cmake/ament_cmake_export_targets-extras.cmake
[1.707s] -- Up-to-date: /home/russell/ROS2_REPAS/install/robotiq_2f_gripper_msgs/share/robotiq_2f_gripper_msgs/cmake/rosidl_cmake_export_typesupport_targets-extras.cmake
[1.707s] -- Up-to-date: /home/russell/ROS2_REPAS/install/robotiq_2f_gripper_msgs/share/robotiq_2f_gripper_msgs/cmake/rosidl_cmake_export_typesupport_libraries-extras.cmake
[1.707s] -- Up-to-date: /home/russell/ROS2_REPAS/install/robotiq_2f_gripper_msgs/share/robotiq_2f_gripper_msgs/cmake/robotiq_2f_gripper_msgsConfig.cmake
[1.707s] -- Up-to-date: /home/russell/ROS2_REPAS/install/robotiq_2f_gripper_msgs/share/robotiq_2f_gripper_msgs/cmake/robotiq_2f_gripper_msgsConfig-version.cmake
[1.707s] -- Up-to-date: /home/russell/ROS2_REPAS/install/robotiq_2f_gripper_msgs/share/robotiq_2f_gripper_msgs/package.xml
[1.711s] Invoked command in '/home/russell/ROS2_REPAS/build/robotiq_2f_gripper_msgs' returned '0': CMAKE_PREFIX_PATH=${CMAKE_PREFIX_PATH}:/opt/ros/jazzy DEBUGINFOD_URLS=https://debuginfod.ubuntu.com /usr/bin/cmake --install /home/russell/ROS2_REPAS/build/robotiq_2f_gripper_msgs
