-- Found ament_cmake: 2.5.4 (/opt/ros/jazzy/share/ament_cmake/cmake)
-- Override CMake install command with custom implementation using symlinks instead of copying resources
-- Found ament_lint_auto: 0.17.2 (/opt/ros/jazzy/share/ament_lint_auto/cmake)
-- Added test 'lint_cmake' to check CMake code style
-- Added test 'xmllint' to check XML markup files
-- Configuring done (0.3s)
-- Generating done (0.0s)
-- Build files have been written to: /home/russell/ROS2_REPAS/build/robotiq_2f_gripper_description
-- Install configuration: ""
-- Execute custom install script
-- Up-to-date symlink: /home/russell/ROS2_REPAS/install/robotiq_2f_gripper_description/share/robotiq_2f_gripper_description/launch/robotiq_2f_gripper.rviz
-- Up-to-date symlink: /home/russell/ROS2_REPAS/install/robotiq_2f_gripper_description/share/robotiq_2f_gripper_description/launch/visualize.launch
-- Up-to-date symlink: /home/russell/ROS2_REPAS/install/robotiq_2f_gripper_description/share/robotiq_2f_gripper_description/urdf/example_use_robotiq_2f_140.urdf.xacro
-- Up-to-date symlink: /home/russell/ROS2_REPAS/install/robotiq_2f_gripper_description/share/robotiq_2f_gripper_description/urdf/robotiq_2f_140.xacro
-- Up-to-date symlink: /home/russell/ROS2_REPAS/install/robotiq_2f_gripper_description/share/robotiq_2f_gripper_description/urdf/robotiq_2f_140_macro.xacro
-- Up-to-date symlink: /home/russell/ROS2_REPAS/install/robotiq_2f_gripper_description/share/robotiq_2f_gripper_description/urdf/robotiq_arg2f.xacro
-- Up-to-date symlink: /home/russell/ROS2_REPAS/install/robotiq_2f_gripper_description/share/robotiq_2f_gripper_description/urdf/robotiq_arg2f_transmission.xacro
-- Up-to-date symlink: /home/russell/ROS2_REPAS/install/robotiq_2f_gripper_description/share/robotiq_2f_gripper_description/meshes/collision/robotiq_arg2f_140_inner_finger.stl
-- Up-to-date symlink: /home/russell/ROS2_REPAS/install/robotiq_2f_gripper_description/share/robotiq_2f_gripper_description/meshes/collision/robotiq_arg2f_140_inner_knuckle.stl
-- Up-to-date symlink: /home/russell/ROS2_REPAS/install/robotiq_2f_gripper_description/share/robotiq_2f_gripper_description/meshes/collision/robotiq_arg2f_140_outer_finger.stl
-- Up-to-date symlink: /home/russell/ROS2_REPAS/install/robotiq_2f_gripper_description/share/robotiq_2f_gripper_description/meshes/collision/robotiq_arg2f_140_outer_knuckle.stl
-- Up-to-date symlink: /home/russell/ROS2_REPAS/install/robotiq_2f_gripper_description/share/robotiq_2f_gripper_description/meshes/collision/robotiq_arg2f_base_link.stl
-- Up-to-date symlink: /home/russell/ROS2_REPAS/install/robotiq_2f_gripper_description/share/robotiq_2f_gripper_description/meshes/collision/robotiq_arg2f_coupling.stl
-- Up-to-date symlink: /home/russell/ROS2_REPAS/install/robotiq_2f_gripper_description/share/robotiq_2f_gripper_description/meshes/visual/robotiq_arg2f_140_inner_finger.stl
-- Up-to-date symlink: /home/russell/ROS2_REPAS/install/robotiq_2f_gripper_description/share/robotiq_2f_gripper_description/meshes/visual/robotiq_arg2f_140_inner_knuckle.stl
-- Up-to-date symlink: /home/russell/ROS2_REPAS/install/robotiq_2f_gripper_description/share/robotiq_2f_gripper_description/meshes/visual/robotiq_arg2f_140_outer_finger.stl
-- Up-to-date symlink: /home/russell/ROS2_REPAS/install/robotiq_2f_gripper_description/share/robotiq_2f_gripper_description/meshes/visual/robotiq_arg2f_140_outer_knuckle.stl
-- Up-to-date symlink: /home/russell/ROS2_REPAS/install/robotiq_2f_gripper_description/share/robotiq_2f_gripper_description/meshes/visual/robotiq_arg2f_base_link.stl
-- Up-to-date symlink: /home/russell/ROS2_REPAS/install/robotiq_2f_gripper_description/share/robotiq_2f_gripper_description/meshes/visual/robotiq_arg2f_coupling.stl
-- Up-to-date symlink: /home/russell/ROS2_REPAS/install/robotiq_2f_gripper_description/share/ament_index/resource_index/package_run_dependencies/robotiq_2f_gripper_description
-- Up-to-date symlink: /home/russell/ROS2_REPAS/install/robotiq_2f_gripper_description/share/ament_index/resource_index/parent_prefix_path/robotiq_2f_gripper_description
-- Up-to-date symlink: /home/russell/ROS2_REPAS/install/robotiq_2f_gripper_description/share/robotiq_2f_gripper_description/environment/ament_prefix_path.sh
-- Up-to-date symlink: /home/russell/ROS2_REPAS/install/robotiq_2f_gripper_description/share/robotiq_2f_gripper_description/environment/ament_prefix_path.dsv
-- Up-to-date symlink: /home/russell/ROS2_REPAS/install/robotiq_2f_gripper_description/share/robotiq_2f_gripper_description/environment/path.sh
-- Up-to-date symlink: /home/russell/ROS2_REPAS/install/robotiq_2f_gripper_description/share/robotiq_2f_gripper_description/environment/path.dsv
-- Up-to-date symlink: /home/russell/ROS2_REPAS/install/robotiq_2f_gripper_description/share/robotiq_2f_gripper_description/local_setup.bash
-- Up-to-date symlink: /home/russell/ROS2_REPAS/install/robotiq_2f_gripper_description/share/robotiq_2f_gripper_description/local_setup.sh
-- Up-to-date symlink: /home/russell/ROS2_REPAS/install/robotiq_2f_gripper_description/share/robotiq_2f_gripper_description/local_setup.zsh
-- Up-to-date symlink: /home/russell/ROS2_REPAS/install/robotiq_2f_gripper_description/share/robotiq_2f_gripper_description/local_setup.dsv
-- Symlinking: /home/russell/ROS2_REPAS/install/robotiq_2f_gripper_description/share/robotiq_2f_gripper_description/package.dsv
-- Up-to-date symlink: /home/russell/ROS2_REPAS/install/robotiq_2f_gripper_description/share/ament_index/resource_index/packages/robotiq_2f_gripper_description
-- Up-to-date symlink: /home/russell/ROS2_REPAS/install/robotiq_2f_gripper_description/share/robotiq_2f_gripper_description/cmake/robotiq_2f_gripper_descriptionConfig.cmake
-- Up-to-date symlink: /home/russell/ROS2_REPAS/install/robotiq_2f_gripper_description/share/robotiq_2f_gripper_description/cmake/robotiq_2f_gripper_descriptionConfig-version.cmake
-- Up-to-date symlink: /home/russell/ROS2_REPAS/install/robotiq_2f_gripper_description/share/robotiq_2f_gripper_description/package.xml
