[0.017s] Invoking command in '/home/russell/ROS2_REPAS/build/ur5e_moveit_demo': AMENT_PREFIX_PATH=/home/russell/ROS2_REPAS/install/ur_simulation_gz:/home/russell/ROS2_REPAS/install/ur_description:${AMENT_PREFIX_PATH} CMAKE_PREFIX_PATH=/home/russell/ROS2_REPAS/install/ur_simulation_gz:/home/russell/ROS2_REPAS/install/ur_description:/opt/ros/jazzy/opt/gz_sim_vendor:/opt/ros/jazzy/opt/gz_sensors_vendor:/opt/ros/jazzy/opt/gz_physics_vendor:/opt/ros/jazzy/opt/sdformat_vendor:/opt/ros/jazzy/opt/gz_gui_vendor:/opt/ros/jazzy/opt/gz_transport_vendor:/opt/ros/jazzy/opt/gz_rendering_vendor:/opt/ros/jazzy/opt/gz_plugin_vendor:/opt/ros/jazzy/opt/gz_fuel_tools_vendor:/opt/ros/jazzy/opt/gz_msgs_vendor:/opt/ros/jazzy/opt/gz_common_vendor:/opt/ros/jazzy/opt/gz_math_vendor:/opt/ros/jazzy/opt/gz_utils_vendor:/opt/ros/jazzy/opt/gz_tools_vendor:/opt/ros/jazzy/opt/gz_ogre_next_vendor:/opt/ros/jazzy/opt/gz_dartsim_vendor:/opt/ros/jazzy/opt/gz_cmake_vendor:/opt/ros/jazzy DEBUGINFOD_URLS=https://debuginfod.ubuntu.com /usr/bin/cmake --build /home/russell/ROS2_REPAS/build/ur5e_moveit_demo -- -j24 -l24
[0.054s] -- Found ament_cmake: 2.5.4 (/opt/ros/jazzy/share/ament_cmake/cmake)
[0.264s] -- Override CMake install command with custom implementation using symlinks instead of copying resources
[0.271s] -- Found rclcpp: 28.1.12 (/opt/ros/jazzy/share/rclcpp/cmake)
[0.305s] -- Found rosidl_generator_c: 4.6.6 (/opt/ros/jazzy/share/rosidl_generator_c/cmake)
[0.314s] -- Found rosidl_generator_cpp: 4.6.6 (/opt/ros/jazzy/share/rosidl_generator_cpp/cmake)
[0.327s] -- Using all available rosidl_typesupport_c: rosidl_typesupport_fastrtps_c;rosidl_typesupport_introspection_c
[0.341s] -- Using all available rosidl_typesupport_cpp: rosidl_typesupport_fastrtps_cpp;rosidl_typesupport_introspection_cpp
[0.407s] -- Found rmw_implementation_cmake: 7.3.2 (/opt/ros/jazzy/share/rmw_implementation_cmake/cmake)
[0.408s] -- Found rmw_fastrtps_cpp: 8.4.3 (/opt/ros/jazzy/share/rmw_fastrtps_cpp/cmake)
[0.488s] -- Using RMW implementation 'rmw_fastrtps_cpp' as default
[0.559s] -- Found geometry_msgs: 5.3.6 (/opt/ros/jazzy/share/geometry_msgs/cmake)
[0.593s] -- Found moveit_ros_planning_interface: 2.12.3 (/opt/ros/jazzy/share/moveit_ros_planning_interface/cmake)
[0.604s] -- Found Boost: /usr/lib/x86_64-linux-gnu/cmake/Boost-1.83.0/BoostConfig.cmake (found version "1.83.0") found components: date_time filesystem program_options system thread 
[0.866s] -- Found Boost: /usr/lib/x86_64-linux-gnu/cmake/Boost-1.83.0/BoostConfig.cmake (found version "1.83.0") found components: chrono date_time filesystem iostreams program_options regex serialization system thread 
[0.898s] -- Found parameter_traits: 0.5.0 (/opt/ros/jazzy/share/parameter_traits/cmake)
[0.905s] -- Found rclcpp_lifecycle: 28.1.12 (/opt/ros/jazzy/share/rclcpp_lifecycle/cmake)
[0.944s] -- Found Boost: /usr/lib/x86_64-linux-gnu/cmake/Boost-1.83.0/BoostConfig.cmake (found version "1.83.0") found components: filesystem 
[0.994s] -- Ensuring Eigen3 include directory is part of orocos-kdl CMake target
[1.133s] -- Found Boost: /usr/lib/x86_64-linux-gnu/cmake/Boost-1.83.0/BoostConfig.cmake (found version "1.83.0") found components: system filesystem date_time program_options thread chrono 
[1.188s] -- Found Boost: /usr/lib/x86_64-linux-gnu/cmake/Boost-1.83.0/BoostConfig.cmake (found version "1.83.0") found components: thread system filesystem regex date_time program_options 
[1.218s] -- Found Boost: /usr/lib/x86_64-linux-gnu/cmake/Boost-1.83.0/BoostConfig.cmake (found version "1.83.0") found components: system filesystem date_time program_options thread 
[1.257s] -- Found ur_robot_driver: 3.4.0 (/opt/ros/jazzy/share/ur_robot_driver/cmake)
[1.551s] -- Found ur_description: 3.1.0 (/home/russell/ROS2_REPAS/install/ur_description/share/ur_description/cmake)
[1.552s] -- Found moveit_visual_tools: 4.1.2 (/opt/ros/jazzy/share/moveit_visual_tools/cmake)
[1.618s] -- Setting OGRE_DIR to: '/opt/ros/jazzy/share/rviz_ogre_vendor/cmake/../../../opt/rviz_ogre_vendor/lib/OGRE/cmake'
[1.619s] -- Found OGRE
[1.619s] --   static     : OFF
[1.620s] --   components : MeshLodGenerator;Overlay;Paging;Property;RTShaderSystem;Terrain;Volume
[1.620s] --   plugins    : Plugin_BSPSceneManager;Plugin_OctreeSceneManager;Plugin_PCZSceneManager;Plugin_ParticleFX;RenderSystem_GL;RenderSystem_GL3Plus;Codec_STBI
[1.620s] --   media      : /opt/ros/jazzy/opt/rviz_ogre_vendor/share/OGRE/Media
[1.620s] -- OGRE_LIBRARIES: OgreMeshLodGenerator;OgreOverlay;OgrePaging;OgreProperty;OgreRTShaderSystem;OgreTerrain;OgreVolume;OgreMain
[1.620s] -- OGRE_LIBRARY_DIRS: /opt/ros/jazzy/opt/rviz_ogre_vendor/lib
[1.620s] -- OGRE_PLUGINS: Plugin_BSPSceneManager;Plugin_OctreeSceneManager;Plugin_PCZSceneManager;Plugin_ParticleFX;RenderSystem_GL;RenderSystem_GL3Plus;Codec_STBI
[1.620s] -- OGRE_PLUGIN_DIR: /opt/ros/jazzy/opt/rviz_ogre_vendor/lib/OGRE
[1.620s] -- rviz_ogre_vendor::OgreOverlay for IMPORTED_LOCATION_RELEASE: /opt/ros/jazzy/opt/rviz_ogre_vendor/lib/libOgreOverlay.so
[1.620s] -- rviz_ogre_vendor::OgreOverlay for IMPORTED_LOCATION_DEBUG: /opt/ros/jazzy/opt/rviz_ogre_vendor/lib/libOgreOverlay.so
[1.620s] -- rviz_ogre_vendor::OgreMain for IMPORTED_LOCATION_RELEASE: /opt/ros/jazzy/opt/rviz_ogre_vendor/lib/libOgreMain.so
[1.620s] -- rviz_ogre_vendor::OgreMain for IMPORTED_LOCATION_DEBUG: /opt/ros/jazzy/opt/rviz_ogre_vendor/lib/libOgreMain.so
[1.743s] -- Setting yaml-cpp_DIR to: '/opt/ros/jazzy/share/yaml_cpp_vendor/cmake/../../../opt/yaml_cpp_vendor/share/cmake/yaml-cpp'
[1.867s] -- Found ament_lint_auto: 0.17.3 (/opt/ros/jazzy/share/ament_lint_auto/cmake)
[2.087s] -- Added test 'cppcheck' to perform static code analysis on C / C++ code
[2.089s] -- Configured cppcheck include dirs: 
[2.089s] -- Configured cppcheck exclude dirs and/or files: 
[2.107s] -- Added test 'flake8' to check Python code syntax and style conventions
[2.107s] -- Configured 'flake8' exclude dirs and/or files: 
[2.133s] -- Added test 'lint_cmake' to check CMake code style
[2.140s] -- Added test 'pep257' to check Python code against some of the docstring style conventions in PEP 257
[2.167s] -- Added test 'uncrustify' to check C / C++ code style
[2.167s] -- Configured uncrustify additional arguments: 
[2.185s] -- Added test 'xmllint' to check XML markup files
[2.227s] -- Configuring done (2.2s)
[3.105s] -- Generating done (0.7s)
[3.167s] -- Build files have been written to: /home/russell/ROS2_REPAS/build/ur5e_moveit_demo
[3.232s] [  3%] [32mBuilding CXX object CMakeFiles/rpm_pos_agnostic_with_data.dir/src/rpm_pos_agnostic_with_data.cpp.o[0m
[3.616s] [ 10%] Built target rpm_continuous
[3.704s] [ 39%] Built target parlight_grid
[3.704s] [ 39%] Built target hydroponic_waypoint_grid_v2
[3.704s] [ 39%] Built target parlight_grid_with_hydrosystem
[3.704s] [ 39%] Built target parlight_grid_with_parsensor
[3.704s] [ 46%] Built target waypoint_grid
[3.704s] [ 85%] Built target russell_script1
[3.705s] [ 85%] Built target move_ur5e
[3.705s] [ 85%] Built target rpm_simple_with_data
[3.705s] [ 89%] Built target home
[3.705s] [ 89%] Built target parlight_grid_with_cadsensor
[3.705s] [ 89%] Built target hydroponic_waypoint_grid
[3.705s] [ 96%] Built target rpm_simple
[14.426s] [100%] [32m[1mLinking CXX executable rpm_pos_agnostic_with_data[0m
[16.016s] [100%] Built target rpm_pos_agnostic_with_data
[16.033s] Invoked command in '/home/russell/ROS2_REPAS/build/ur5e_moveit_demo' returned '0': AMENT_PREFIX_PATH=/home/russell/ROS2_REPAS/install/ur_simulation_gz:/home/russell/ROS2_REPAS/install/ur_description:${AMENT_PREFIX_PATH} CMAKE_PREFIX_PATH=/home/russell/ROS2_REPAS/install/ur_simulation_gz:/home/russell/ROS2_REPAS/install/ur_description:/opt/ros/jazzy/opt/gz_sim_vendor:/opt/ros/jazzy/opt/gz_sensors_vendor:/opt/ros/jazzy/opt/gz_physics_vendor:/opt/ros/jazzy/opt/sdformat_vendor:/opt/ros/jazzy/opt/gz_gui_vendor:/opt/ros/jazzy/opt/gz_transport_vendor:/opt/ros/jazzy/opt/gz_rendering_vendor:/opt/ros/jazzy/opt/gz_plugin_vendor:/opt/ros/jazzy/opt/gz_fuel_tools_vendor:/opt/ros/jazzy/opt/gz_msgs_vendor:/opt/ros/jazzy/opt/gz_common_vendor:/opt/ros/jazzy/opt/gz_math_vendor:/opt/ros/jazzy/opt/gz_utils_vendor:/opt/ros/jazzy/opt/gz_tools_vendor:/opt/ros/jazzy/opt/gz_ogre_next_vendor:/opt/ros/jazzy/opt/gz_dartsim_vendor:/opt/ros/jazzy/opt/gz_cmake_vendor:/opt/ros/jazzy DEBUGINFOD_URLS=https://debuginfod.ubuntu.com /usr/bin/cmake --build /home/russell/ROS2_REPAS/build/ur5e_moveit_demo -- -j24 -l24
[16.045s] Invoking command in '/home/russell/ROS2_REPAS/build/ur5e_moveit_demo': AMENT_PREFIX_PATH=/home/russell/ROS2_REPAS/install/ur_simulation_gz:/home/russell/ROS2_REPAS/install/ur_description:${AMENT_PREFIX_PATH} CMAKE_PREFIX_PATH=/home/russell/ROS2_REPAS/install/ur_simulation_gz:/home/russell/ROS2_REPAS/install/ur_description:/opt/ros/jazzy/opt/gz_sim_vendor:/opt/ros/jazzy/opt/gz_sensors_vendor:/opt/ros/jazzy/opt/gz_physics_vendor:/opt/ros/jazzy/opt/sdformat_vendor:/opt/ros/jazzy/opt/gz_gui_vendor:/opt/ros/jazzy/opt/gz_transport_vendor:/opt/ros/jazzy/opt/gz_rendering_vendor:/opt/ros/jazzy/opt/gz_plugin_vendor:/opt/ros/jazzy/opt/gz_fuel_tools_vendor:/opt/ros/jazzy/opt/gz_msgs_vendor:/opt/ros/jazzy/opt/gz_common_vendor:/opt/ros/jazzy/opt/gz_math_vendor:/opt/ros/jazzy/opt/gz_utils_vendor:/opt/ros/jazzy/opt/gz_tools_vendor:/opt/ros/jazzy/opt/gz_ogre_next_vendor:/opt/ros/jazzy/opt/gz_dartsim_vendor:/opt/ros/jazzy/opt/gz_cmake_vendor:/opt/ros/jazzy DEBUGINFOD_URLS=https://debuginfod.ubuntu.com /usr/bin/cmake --install /home/russell/ROS2_REPAS/build/ur5e_moveit_demo
[16.055s] -- Install configuration: ""
[16.056s] -- Execute custom install script
[16.056s] -- Up-to-date symlink: /home/russell/ROS2_REPAS/install/ur5e_moveit_demo/lib/ur5e_moveit_demo/move_ur5e
[16.056s] -- Up-to-date symlink: /home/russell/ROS2_REPAS/install/ur5e_moveit_demo/lib/ur5e_moveit_demo/home
[16.056s] -- Up-to-date symlink: /home/russell/ROS2_REPAS/install/ur5e_moveit_demo/lib/ur5e_moveit_demo/russell_script1
[16.057s] -- Up-to-date symlink: /home/russell/ROS2_REPAS/install/ur5e_moveit_demo/lib/ur5e_moveit_demo/waypoint_grid
[16.057s] -- Up-to-date symlink: /home/russell/ROS2_REPAS/install/ur5e_moveit_demo/lib/ur5e_moveit_demo/hydroponic_waypoint_grid
[16.057s] -- Up-to-date symlink: /home/russell/ROS2_REPAS/install/ur5e_moveit_demo/lib/ur5e_moveit_demo/hydroponic_waypoint_grid_v2
[16.057s] -- Up-to-date symlink: /home/russell/ROS2_REPAS/install/ur5e_moveit_demo/lib/ur5e_moveit_demo/parlight_grid
[16.057s] -- Up-to-date symlink: /home/russell/ROS2_REPAS/install/ur5e_moveit_demo/lib/ur5e_moveit_demo/parlight_grid_with_hydrosystem
[16.057s] -- Up-to-date symlink: /home/russell/ROS2_REPAS/install/ur5e_moveit_demo/lib/ur5e_moveit_demo/parlight_grid_with_parsensor
[16.058s] -- Up-to-date symlink: /home/russell/ROS2_REPAS/install/ur5e_moveit_demo/lib/ur5e_moveit_demo/parlight_grid_with_cadsensor
[16.058s] -- Up-to-date symlink: /home/russell/ROS2_REPAS/install/ur5e_moveit_demo/lib/ur5e_moveit_demo/rpm_simple
[16.058s] -- Up-to-date symlink: /home/russell/ROS2_REPAS/install/ur5e_moveit_demo/lib/ur5e_moveit_demo/rpm_simple_with_data
[16.058s] -- Up-to-date symlink: /home/russell/ROS2_REPAS/install/ur5e_moveit_demo/lib/ur5e_moveit_demo/rpm_continuous
[16.058s] -- Symlinking: /home/russell/ROS2_REPAS/install/ur5e_moveit_demo/lib/ur5e_moveit_demo/rpm_pos_agnostic_with_data
[16.071s] -- Up-to-date symlink: /home/russell/ROS2_REPAS/install/ur5e_moveit_demo/share/ur5e_moveit_demo//launch/home.launch.py
[16.071s] -- Up-to-date symlink: /home/russell/ROS2_REPAS/install/ur5e_moveit_demo/share/ur5e_moveit_demo//launch/hydroponic_waypoint_grid.launch.py
[16.071s] -- Up-to-date symlink: /home/russell/ROS2_REPAS/install/ur5e_moveit_demo/share/ur5e_moveit_demo//launch/hydroponic_waypoint_grid_v2.launch.py
[16.071s] -- Up-to-date symlink: /home/russell/ROS2_REPAS/install/ur5e_moveit_demo/share/ur5e_moveit_demo//launch/move_ur5e.launch.py
[16.071s] -- Up-to-date symlink: /home/russell/ROS2_REPAS/install/ur5e_moveit_demo/share/ur5e_moveit_demo//launch/parlight_grid.launch.py
[16.072s] -- Up-to-date symlink: /home/russell/ROS2_REPAS/install/ur5e_moveit_demo/share/ur5e_moveit_demo//launch/parlight_grid_with_cadsensor.launch.py
[16.072s] -- Up-to-date symlink: /home/russell/ROS2_REPAS/install/ur5e_moveit_demo/share/ur5e_moveit_demo//launch/parlight_grid_with_hydrosystem.launch.py
[16.072s] -- Up-to-date symlink: /home/russell/ROS2_REPAS/install/ur5e_moveit_demo/share/ur5e_moveit_demo//launch/parlight_grid_with_parsensor.launch.py
[16.072s] -- Up-to-date symlink: /home/russell/ROS2_REPAS/install/ur5e_moveit_demo/share/ur5e_moveit_demo//launch/rpm_continuous.launch.py
[16.072s] -- Symlinking: /home/russell/ROS2_REPAS/install/ur5e_moveit_demo/share/ur5e_moveit_demo//launch/rpm_pos_agnostic_with_data.launch.py
[16.085s] -- Up-to-date symlink: /home/russell/ROS2_REPAS/install/ur5e_moveit_demo/share/ur5e_moveit_demo//launch/rpm_simple.launch.py
[16.085s] -- Up-to-date symlink: /home/russell/ROS2_REPAS/install/ur5e_moveit_demo/share/ur5e_moveit_demo//launch/rpm_simple_with_data.launch.py
[16.085s] -- Up-to-date symlink: /home/russell/ROS2_REPAS/install/ur5e_moveit_demo/share/ur5e_moveit_demo//launch/russell_script1.launch.py
[16.085s] -- Up-to-date symlink: /home/russell/ROS2_REPAS/install/ur5e_moveit_demo/share/ur5e_moveit_demo//launch/waypoint_grid.launch.py
[16.086s] -- Up-to-date symlink: /home/russell/ROS2_REPAS/install/ur5e_moveit_demo/share/ur5e_moveit_demo/meshes/1010-23-CL.stl
[16.086s] -- Up-to-date symlink: /home/russell/ROS2_REPAS/install/ur5e_moveit_demo/share/ur5e_moveit_demo/meshes/StructureResvrLightBox.stl
[16.086s] -- Up-to-date symlink: /home/russell/ROS2_REPAS/install/ur5e_moveit_demo/share/ur5e_moveit_demo/meshes/light sensor.stl
[16.086s] -- Up-to-date symlink: /home/russell/ROS2_REPAS/install/ur5e_moveit_demo/share/ament_index/resource_index/package_run_dependencies/ur5e_moveit_demo
[16.086s] -- Up-to-date symlink: /home/russell/ROS2_REPAS/install/ur5e_moveit_demo/share/ament_index/resource_index/parent_prefix_path/ur5e_moveit_demo
[16.086s] -- Up-to-date symlink: /home/russell/ROS2_REPAS/install/ur5e_moveit_demo/share/ur5e_moveit_demo/environment/ament_prefix_path.sh
[16.087s] -- Up-to-date symlink: /home/russell/ROS2_REPAS/install/ur5e_moveit_demo/share/ur5e_moveit_demo/environment/ament_prefix_path.dsv
[16.087s] -- Up-to-date symlink: /home/russell/ROS2_REPAS/install/ur5e_moveit_demo/share/ur5e_moveit_demo/environment/path.sh
[16.087s] -- Up-to-date symlink: /home/russell/ROS2_REPAS/install/ur5e_moveit_demo/share/ur5e_moveit_demo/environment/path.dsv
[16.087s] -- Up-to-date symlink: /home/russell/ROS2_REPAS/install/ur5e_moveit_demo/share/ur5e_moveit_demo/local_setup.bash
[16.087s] -- Up-to-date symlink: /home/russell/ROS2_REPAS/install/ur5e_moveit_demo/share/ur5e_moveit_demo/local_setup.sh
[16.088s] -- Up-to-date symlink: /home/russell/ROS2_REPAS/install/ur5e_moveit_demo/share/ur5e_moveit_demo/local_setup.zsh
[16.088s] -- Up-to-date symlink: /home/russell/ROS2_REPAS/install/ur5e_moveit_demo/share/ur5e_moveit_demo/local_setup.dsv
[16.088s] -- Symlinking: /home/russell/ROS2_REPAS/install/ur5e_moveit_demo/share/ur5e_moveit_demo/package.dsv
[16.100s] -- Up-to-date symlink: /home/russell/ROS2_REPAS/install/ur5e_moveit_demo/share/ament_index/resource_index/packages/ur5e_moveit_demo
[16.101s] -- Up-to-date symlink: /home/russell/ROS2_REPAS/install/ur5e_moveit_demo/share/ur5e_moveit_demo/cmake/ur5e_moveit_demoConfig.cmake
[16.101s] -- Up-to-date symlink: /home/russell/ROS2_REPAS/install/ur5e_moveit_demo/share/ur5e_moveit_demo/cmake/ur5e_moveit_demoConfig-version.cmake
[16.101s] -- Up-to-date symlink: /home/russell/ROS2_REPAS/install/ur5e_moveit_demo/share/ur5e_moveit_demo/package.xml
[16.103s] Invoked command in '/home/russell/ROS2_REPAS/build/ur5e_moveit_demo' returned '0': AMENT_PREFIX_PATH=/home/russell/ROS2_REPAS/install/ur_simulation_gz:/home/russell/ROS2_REPAS/install/ur_description:${AMENT_PREFIX_PATH} CMAKE_PREFIX_PATH=/home/russell/ROS2_REPAS/install/ur_simulation_gz:/home/russell/ROS2_REPAS/install/ur_description:/opt/ros/jazzy/opt/gz_sim_vendor:/opt/ros/jazzy/opt/gz_sensors_vendor:/opt/ros/jazzy/opt/gz_physics_vendor:/opt/ros/jazzy/opt/sdformat_vendor:/opt/ros/jazzy/opt/gz_gui_vendor:/opt/ros/jazzy/opt/gz_transport_vendor:/opt/ros/jazzy/opt/gz_rendering_vendor:/opt/ros/jazzy/opt/gz_plugin_vendor:/opt/ros/jazzy/opt/gz_fuel_tools_vendor:/opt/ros/jazzy/opt/gz_msgs_vendor:/opt/ros/jazzy/opt/gz_common_vendor:/opt/ros/jazzy/opt/gz_math_vendor:/opt/ros/jazzy/opt/gz_utils_vendor:/opt/ros/jazzy/opt/gz_tools_vendor:/opt/ros/jazzy/opt/gz_ogre_next_vendor:/opt/ros/jazzy/opt/gz_dartsim_vendor:/opt/ros/jazzy/opt/gz_cmake_vendor:/opt/ros/jazzy DEBUGINFOD_URLS=https://debuginfod.ubuntu.com /usr/bin/cmake --install /home/russell/ROS2_REPAS/build/ur5e_moveit_demo
