[6.876s] Invoking command in '/home/russell/ROS2_REPAS/src/camera_sensor': DEBUGINFOD_URLS=https://debuginfod.ubuntu.com PYTHONPATH=/home/russell/ROS2_REPAS/build/camera_sensor/prefix_override:/usr/lib/python3/dist-packages/colcon_core/task/python/colcon_distutils_commands:/home/russell/ROS2_REPAS/install/camera_sensor/lib/python3.12/site-packages:${PYTHONPATH} /usr/bin/python3 -W ignore:setup.py install is deprecated -W ignore:easy_install command is deprecated setup.py egg_info --egg-base ../../build/camera_sensor build --build-base /home/russell/ROS2_REPAS/build/camera_sensor/build install --record /home/russell/ROS2_REPAS/build/camera_sensor/install.log --single-version-externally-managed install_data
[7.111s] running egg_info
[7.111s] creating ../../build/camera_sensor/camera_sensor.egg-info
[7.130s] writing ../../build/camera_sensor/camera_sensor.egg-info/PKG-INFO
[7.130s] writing dependency_links to ../../build/camera_sensor/camera_sensor.egg-info/dependency_links.txt
[7.130s] writing entry points to ../../build/camera_sensor/camera_sensor.egg-info/entry_points.txt
[7.130s] writing requirements to ../../build/camera_sensor/camera_sensor.egg-info/requires.txt
[7.130s] writing top-level names to ../../build/camera_sensor/camera_sensor.egg-info/top_level.txt
[7.131s] writing manifest file '../../build/camera_sensor/camera_sensor.egg-info/SOURCES.txt'
[7.168s] reading manifest file '../../build/camera_sensor/camera_sensor.egg-info/SOURCES.txt'
[7.168s] writing manifest file '../../build/camera_sensor/camera_sensor.egg-info/SOURCES.txt'
[7.169s] running build
[7.169s] running build_py
[7.169s] creating /home/russell/ROS2_REPAS/build/camera_sensor/build
[7.169s] creating /home/russell/ROS2_REPAS/build/camera_sensor/build/lib
[7.169s] creating /home/russell/ROS2_REPAS/build/camera_sensor/build/lib/camera_sensor
[7.169s] copying camera_sensor/__init__.py -> /home/russell/ROS2_REPAS/build/camera_sensor/build/lib/camera_sensor
[7.169s] copying camera_sensor/camera_return_z.py -> /home/russell/ROS2_REPAS/build/camera_sensor/build/lib/camera_sensor
[7.169s] running install
[7.174s] running install_lib
[7.192s] creating /home/russell/ROS2_REPAS/install/camera_sensor/lib/python3.12/site-packages/camera_sensor
[7.192s] copying /home/russell/ROS2_REPAS/build/camera_sensor/build/lib/camera_sensor/__init__.py -> /home/russell/ROS2_REPAS/install/camera_sensor/lib/python3.12/site-packages/camera_sensor
[7.192s] copying /home/russell/ROS2_REPAS/build/camera_sensor/build/lib/camera_sensor/camera_return_z.py -> /home/russell/ROS2_REPAS/install/camera_sensor/lib/python3.12/site-packages/camera_sensor
[7.193s] byte-compiling /home/russell/ROS2_REPAS/install/camera_sensor/lib/python3.12/site-packages/camera_sensor/__init__.py to __init__.cpython-312.pyc
[7.193s] byte-compiling /home/russell/ROS2_REPAS/install/camera_sensor/lib/python3.12/site-packages/camera_sensor/camera_return_z.py to camera_return_z.cpython-312.pyc
[7.193s] running install_data
[7.193s] creating /home/russell/ROS2_REPAS/install/camera_sensor/share/ament_index
[7.194s] creating /home/russell/ROS2_REPAS/install/camera_sensor/share/ament_index/resource_index
[7.194s] creating /home/russell/ROS2_REPAS/install/camera_sensor/share/ament_index/resource_index/packages
[7.194s] copying resource/camera_sensor -> /home/russell/ROS2_REPAS/install/camera_sensor/share/ament_index/resource_index/packages
[7.194s] copying package.xml -> /home/russell/ROS2_REPAS/install/camera_sensor/share/camera_sensor
[7.194s] creating /home/russell/ROS2_REPAS/install/camera_sensor/share/camera_sensor/camera_z_data
[7.195s] copying camera_z_data/camera_z.txt -> /home/russell/ROS2_REPAS/install/camera_sensor/share/camera_sensor/camera_z_data
[7.195s] running install_egg_info
[7.213s] Copying ../../build/camera_sensor/camera_sensor.egg-info to /home/russell/ROS2_REPAS/install/camera_sensor/lib/python3.12/site-packages/camera_sensor-0.0.0-py3.12.egg-info
[7.213s] running install_scripts
[7.331s] Installing camera_return_z_publisher script to /home/russell/ROS2_REPAS/install/camera_sensor/lib/camera_sensor
[7.332s] writing list of installed files to '/home/russell/ROS2_REPAS/build/camera_sensor/install.log'
[7.354s] Invoked command in '/home/russell/ROS2_REPAS/src/camera_sensor' returned '0': DEBUGINFOD_URLS=https://debuginfod.ubuntu.com PYTHONPATH=/home/russell/ROS2_REPAS/build/camera_sensor/prefix_override:/usr/lib/python3/dist-packages/colcon_core/task/python/colcon_distutils_commands:/home/russell/ROS2_REPAS/install/camera_sensor/lib/python3.12/site-packages:${PYTHONPATH} /usr/bin/python3 -W ignore:setup.py install is deprecated -W ignore:easy_install command is deprecated setup.py egg_info --egg-base ../../build/camera_sensor build --build-base /home/russell/ROS2_REPAS/build/camera_sensor/build install --record /home/russell/ROS2_REPAS/build/camera_sensor/install.log --single-version-externally-managed install_data
