[0.060s] Invoking command in '/home/russell/ROS2_REPAS/build/serial': CMAKE_PREFIX_PATH=${CMAKE_PREFIX_PATH}:/home/russell/ROS2_REPAS/install/camera_sensor:/opt/ros/jazzy DEBUGINFOD_URLS=https://debuginfod.ubuntu.com /usr/bin/cmake --build /home/russell/ROS2_REPAS/build/serial -- -j24 -l24
[0.494s] [100%] Built target serial
[0.508s] Invoked command in '/home/russell/ROS2_REPAS/build/serial' returned '0': CMAKE_PREFIX_PATH=${CMAKE_PREFIX_PATH}:/home/russell/ROS2_REPAS/install/camera_sensor:/opt/ros/jazzy DEBUGINFOD_URLS=https://debuginfod.ubuntu.com /usr/bin/cmake --build /home/russell/ROS2_REPAS/build/serial -- -j24 -l24
[0.516s] Invoking command in '/home/russell/ROS2_REPAS/build/serial': CMAKE_PREFIX_PATH=${CMAKE_PREFIX_PATH}:/home/russell/ROS2_REPAS/install/camera_sensor:/opt/ros/jazzy DEBUGINFOD_URLS=https://debuginfod.ubuntu.com /usr/bin/cmake --install /home/russell/ROS2_REPAS/build/serial
[0.540s] -- Install configuration: ""
[0.552s] -- Up-to-date: /home/russell/ROS2_REPAS/install/serial/share/serial/environment/library_path.sh
[0.552s] -- Up-to-date: /home/russell/ROS2_REPAS/install/serial/share/serial/environment/library_path.dsv
[0.641s] -- Up-to-date: /home/russell/ROS2_REPAS/install/serial/lib/libserial.so
[0.642s] -- Up-to-date: /home/russell/ROS2_REPAS/install/serial/include/serial/serial.h
[0.642s] -- Up-to-date: /home/russell/ROS2_REPAS/install/serial/include/serial/v8stdint.h
[0.642s] -- Up-to-date: /home/russell/ROS2_REPAS/install/serial/share/ament_index/resource_index/package_run_dependencies/serial
[0.642s] -- Up-to-date: /home/russell/ROS2_REPAS/install/serial/share/ament_index/resource_index/parent_prefix_path/serial
[0.643s] -- Up-to-date: /home/russell/ROS2_REPAS/install/serial/share/serial/environment/ament_prefix_path.sh
[0.643s] -- Up-to-date: /home/russell/ROS2_REPAS/install/serial/share/serial/environment/ament_prefix_path.dsv
[0.643s] -- Up-to-date: /home/russell/ROS2_REPAS/install/serial/share/serial/environment/path.sh
[0.643s] -- Up-to-date: /home/russell/ROS2_REPAS/install/serial/share/serial/environment/path.dsv
[0.643s] -- Up-to-date: /home/russell/ROS2_REPAS/install/serial/share/serial/local_setup.bash
[0.644s] -- Up-to-date: /home/russell/ROS2_REPAS/install/serial/share/serial/local_setup.sh
[0.644s] -- Up-to-date: /home/russell/ROS2_REPAS/install/serial/share/serial/local_setup.zsh
[0.644s] -- Up-to-date: /home/russell/ROS2_REPAS/install/serial/share/serial/local_setup.dsv
[0.644s] -- Installing: /home/russell/ROS2_REPAS/install/serial/share/serial/package.dsv
[0.644s] -- Up-to-date: /home/russell/ROS2_REPAS/install/serial/share/ament_index/resource_index/packages/serial
[0.645s] -- Up-to-date: /home/russell/ROS2_REPAS/install/serial/share/serial/cmake/ament_cmake_export_include_directories-extras.cmake
[0.645s] -- Up-to-date: /home/russell/ROS2_REPAS/install/serial/share/serial/cmake/ament_cmake_export_libraries-extras.cmake
[0.645s] -- Up-to-date: /home/russell/ROS2_REPAS/install/serial/share/serial/cmake/serialConfig.cmake
[0.645s] -- Up-to-date: /home/russell/ROS2_REPAS/install/serial/share/serial/cmake/serialConfig-version.cmake
[0.645s] -- Up-to-date: /home/russell/ROS2_REPAS/install/serial/share/serial/package.xml
[0.834s] Invoked command in '/home/russell/ROS2_REPAS/build/serial' returned '0': CMAKE_PREFIX_PATH=${CMAKE_PREFIX_PATH}:/home/russell/ROS2_REPAS/install/camera_sensor:/opt/ros/jazzy DEBUGINFOD_URLS=https://debuginfod.ubuntu.com /usr/bin/cmake --install /home/russell/ROS2_REPAS/build/serial
