[0.076s] Invoking command in '/home/russell/ROS2_REPAS/build/serial': CMAKE_PREFIX_PATH=${CMAKE_PREFIX_PATH}:/opt/ros/jazzy DEBUGINFOD_URLS=https://debuginfod.ubuntu.com /usr/bin/cmake --build /home/russell/ROS2_REPAS/build/serial -- -j24 -l24
[0.468s] [100%] Built target serial
[0.483s] Invoked command in '/home/russell/ROS2_REPAS/build/serial' returned '0': CMAKE_PREFIX_PATH=${CMAKE_PREFIX_PATH}:/opt/ros/jazzy DEBUGINFOD_URLS=https://debuginfod.ubuntu.com /usr/bin/cmake --build /home/russell/ROS2_REPAS/build/serial -- -j24 -l24
[0.485s] Invoking command in '/home/russell/ROS2_REPAS/build/serial': CMAKE_PREFIX_PATH=${CMAKE_PREFIX_PATH}:/opt/ros/jazzy DEBUGINFOD_URLS=https://debuginfod.ubuntu.com /usr/bin/cmake --install /home/russell/ROS2_REPAS/build/serial
[0.497s] -- Install configuration: ""
[0.544s] -- Up-to-date: /home/russell/ROS2_REPAS/install/serial/share/serial/environment/library_path.sh
[0.545s] -- Up-to-date: /home/russell/ROS2_REPAS/install/serial/share/serial/environment/library_path.dsv
[0.598s] -- Up-to-date: /home/russell/ROS2_REPAS/install/serial/lib/libserial.so
[0.599s] -- Up-to-date: /home/russell/ROS2_REPAS/install/serial/include/serial/serial.h
[0.599s] -- Up-to-date: /home/russell/ROS2_REPAS/install/serial/include/serial/v8stdint.h
[0.599s] -- Up-to-date: /home/russell/ROS2_REPAS/install/serial/share/ament_index/resource_index/package_run_dependencies/serial
[0.599s] -- Up-to-date: /home/russell/ROS2_REPAS/install/serial/share/ament_index/resource_index/parent_prefix_path/serial
[0.599s] -- Up-to-date: /home/russell/ROS2_REPAS/install/serial/share/serial/environment/ament_prefix_path.sh
[0.599s] -- Up-to-date: /home/russell/ROS2_REPAS/install/serial/share/serial/environment/ament_prefix_path.dsv
[0.600s] -- Up-to-date: /home/russell/ROS2_REPAS/install/serial/share/serial/environment/path.sh
[0.600s] -- Up-to-date: /home/russell/ROS2_REPAS/install/serial/share/serial/environment/path.dsv
[0.600s] -- Up-to-date: /home/russell/ROS2_REPAS/install/serial/share/serial/local_setup.bash
[0.600s] -- Up-to-date: /home/russell/ROS2_REPAS/install/serial/share/serial/local_setup.sh
[0.600s] -- Up-to-date: /home/russell/ROS2_REPAS/install/serial/share/serial/local_setup.zsh
[0.600s] -- Up-to-date: /home/russell/ROS2_REPAS/install/serial/share/serial/local_setup.dsv
[0.600s] -- Installing: /home/russell/ROS2_REPAS/install/serial/share/serial/package.dsv
[0.622s] -- Up-to-date: /home/russell/ROS2_REPAS/install/serial/share/ament_index/resource_index/packages/serial
[0.623s] -- Up-to-date: /home/russell/ROS2_REPAS/install/serial/share/serial/cmake/ament_cmake_export_include_directories-extras.cmake
[0.623s] -- Up-to-date: /home/russell/ROS2_REPAS/install/serial/share/serial/cmake/ament_cmake_export_libraries-extras.cmake
[0.623s] -- Up-to-date: /home/russell/ROS2_REPAS/install/serial/share/serial/cmake/serialConfig.cmake
[0.623s] -- Up-to-date: /home/russell/ROS2_REPAS/install/serial/share/serial/cmake/serialConfig-version.cmake
[0.623s] -- Up-to-date: /home/russell/ROS2_REPAS/install/serial/share/serial/package.xml
[0.795s] Invoked command in '/home/russell/ROS2_REPAS/build/serial' returned '0': CMAKE_PREFIX_PATH=${CMAKE_PREFIX_PATH}:/opt/ros/jazzy DEBUGINFOD_URLS=https://debuginfod.ubuntu.com /usr/bin/cmake --install /home/russell/ROS2_REPAS/build/serial
