[0.412s] Invoking command in '/home/russell/ROS2_REPAS/build/robotiq_2f_gripper_description': CMAKE_PREFIX_PATH=${CMAKE_PREFIX_PATH}:/home/russell/ROS2_REPAS/install/ur_description:/home/russell/ROS2_REPAS/install/serial:/home/russell/ROS2_REPAS/install/camera_sensor:/opt/ros/jazzy DEBUGINFOD_URLS=https://debuginfod.ubuntu.com /usr/bin/cmake /home/russell/ROS2_REPAS/src/robotiq_2f_gripper_ros2/robotiq_2f_gripper_description -DCMAKE_INSTALL_PREFIX=/home/russell/ROS2_REPAS/install/robotiq_2f_gripper_description
[0.428s] -- Found ament_cmake: 2.5.4 (/opt/ros/jazzy/share/ament_cmake/cmake)
[0.631s] -- Override CMake install command with custom implementation using symlinks instead of copying resources
[0.852s] -- Found ament_lint_auto: 0.17.2 (/opt/ros/jazzy/share/ament_lint_auto/cmake)
[1.258s] -- Added test 'lint_cmake' to check CMake code style
[1.267s] -- Added test 'xmllint' to check XML markup files
[1.270s] -- Configuring done (0.8s)
[1.401s] -- Generating done (0.1s)
[1.402s] -- Build files have been written to: /home/russell/ROS2_REPAS/build/robotiq_2f_gripper_description
[1.405s] Invoked command in '/home/russell/ROS2_REPAS/build/robotiq_2f_gripper_description' returned '0': CMAKE_PREFIX_PATH=${CMAKE_PREFIX_PATH}:/home/russell/ROS2_REPAS/install/ur_description:/home/russell/ROS2_REPAS/install/serial:/home/russell/ROS2_REPAS/install/camera_sensor:/opt/ros/jazzy DEBUGINFOD_URLS=https://debuginfod.ubuntu.com /usr/bin/cmake /home/russell/ROS2_REPAS/src/robotiq_2f_gripper_ros2/robotiq_2f_gripper_description -DCMAKE_INSTALL_PREFIX=/home/russell/ROS2_REPAS/install/robotiq_2f_gripper_description
[1.406s] Invoking command in '/home/russell/ROS2_REPAS/build/robotiq_2f_gripper_description': CMAKE_PREFIX_PATH=${CMAKE_PREFIX_PATH}:/home/russell/ROS2_REPAS/install/ur_description:/home/russell/ROS2_REPAS/install/serial:/home/russell/ROS2_REPAS/install/camera_sensor:/opt/ros/jazzy DEBUGINFOD_URLS=https://debuginfod.ubuntu.com /usr/bin/cmake --build /home/russell/ROS2_REPAS/build/robotiq_2f_gripper_description -- -j24 -l24
[1.453s] Invoked command in '/home/russell/ROS2_REPAS/build/robotiq_2f_gripper_description' returned '0': CMAKE_PREFIX_PATH=${CMAKE_PREFIX_PATH}:/home/russell/ROS2_REPAS/install/ur_description:/home/russell/ROS2_REPAS/install/serial:/home/russell/ROS2_REPAS/install/camera_sensor:/opt/ros/jazzy DEBUGINFOD_URLS=https://debuginfod.ubuntu.com /usr/bin/cmake --build /home/russell/ROS2_REPAS/build/robotiq_2f_gripper_description -- -j24 -l24
[1.466s] Invoking command in '/home/russell/ROS2_REPAS/build/robotiq_2f_gripper_description': CMAKE_PREFIX_PATH=${CMAKE_PREFIX_PATH}:/home/russell/ROS2_REPAS/install/ur_description:/home/russell/ROS2_REPAS/install/serial:/home/russell/ROS2_REPAS/install/camera_sensor:/opt/ros/jazzy DEBUGINFOD_URLS=https://debuginfod.ubuntu.com /usr/bin/cmake --install /home/russell/ROS2_REPAS/build/robotiq_2f_gripper_description
[1.475s] -- Install configuration: ""
[1.476s] -- Execute custom install script
[1.476s] -- Up-to-date symlink: /home/russell/ROS2_REPAS/install/robotiq_2f_gripper_description/share/robotiq_2f_gripper_description/launch/robotiq_2f_gripper.rviz
[1.477s] -- Up-to-date symlink: /home/russell/ROS2_REPAS/install/robotiq_2f_gripper_description/share/robotiq_2f_gripper_description/launch/visualize.launch
[1.477s] -- Up-to-date symlink: /home/russell/ROS2_REPAS/install/robotiq_2f_gripper_description/share/robotiq_2f_gripper_description/urdf/example_use_robotiq_2f_140.urdf.xacro
[1.477s] -- Up-to-date symlink: /home/russell/ROS2_REPAS/install/robotiq_2f_gripper_description/share/robotiq_2f_gripper_description/urdf/robotiq_2f_140.xacro
[1.477s] -- Up-to-date symlink: /home/russell/ROS2_REPAS/install/robotiq_2f_gripper_description/share/robotiq_2f_gripper_description/urdf/robotiq_2f_140_macro.xacro
[1.478s] -- Up-to-date symlink: /home/russell/ROS2_REPAS/install/robotiq_2f_gripper_description/share/robotiq_2f_gripper_description/urdf/robotiq_arg2f.xacro
[1.478s] -- Up-to-date symlink: /home/russell/ROS2_REPAS/install/robotiq_2f_gripper_description/share/robotiq_2f_gripper_description/urdf/robotiq_arg2f_transmission.xacro
[1.478s] -- Up-to-date symlink: /home/russell/ROS2_REPAS/install/robotiq_2f_gripper_description/share/robotiq_2f_gripper_description/meshes/collision/robotiq_arg2f_140_inner_finger.stl
[1.478s] -- Up-to-date symlink: /home/russell/ROS2_REPAS/install/robotiq_2f_gripper_description/share/robotiq_2f_gripper_description/meshes/collision/robotiq_arg2f_140_inner_knuckle.stl
[1.478s] -- Up-to-date symlink: /home/russell/ROS2_REPAS/install/robotiq_2f_gripper_description/share/robotiq_2f_gripper_description/meshes/collision/robotiq_arg2f_140_outer_finger.stl
[1.478s] -- Up-to-date symlink: /home/russell/ROS2_REPAS/install/robotiq_2f_gripper_description/share/robotiq_2f_gripper_description/meshes/collision/robotiq_arg2f_140_outer_knuckle.stl
[1.478s] -- Up-to-date symlink: /home/russell/ROS2_REPAS/install/robotiq_2f_gripper_description/share/robotiq_2f_gripper_description/meshes/collision/robotiq_arg2f_base_link.stl
[1.478s] -- Up-to-date symlink: /home/russell/ROS2_REPAS/install/robotiq_2f_gripper_description/share/robotiq_2f_gripper_description/meshes/collision/robotiq_arg2f_coupling.stl
[1.478s] -- Up-to-date symlink: /home/russell/ROS2_REPAS/install/robotiq_2f_gripper_description/share/robotiq_2f_gripper_description/meshes/visual/robotiq_arg2f_140_inner_finger.stl
[1.478s] -- Up-to-date symlink: /home/russell/ROS2_REPAS/install/robotiq_2f_gripper_description/share/robotiq_2f_gripper_description/meshes/visual/robotiq_arg2f_140_inner_knuckle.stl
[1.478s] -- Up-to-date symlink: /home/russell/ROS2_REPAS/install/robotiq_2f_gripper_description/share/robotiq_2f_gripper_description/meshes/visual/robotiq_arg2f_140_outer_finger.stl
[1.479s] -- Up-to-date symlink: /home/russell/ROS2_REPAS/install/robotiq_2f_gripper_description/share/robotiq_2f_gripper_description/meshes/visual/robotiq_arg2f_140_outer_knuckle.stl
[1.479s] -- Up-to-date symlink: /home/russell/ROS2_REPAS/install/robotiq_2f_gripper_description/share/robotiq_2f_gripper_description/meshes/visual/robotiq_arg2f_base_link.stl
[1.479s] -- Up-to-date symlink: /home/russell/ROS2_REPAS/install/robotiq_2f_gripper_description/share/robotiq_2f_gripper_description/meshes/visual/robotiq_arg2f_coupling.stl
[1.479s] -- Up-to-date symlink: /home/russell/ROS2_REPAS/install/robotiq_2f_gripper_description/share/ament_index/resource_index/package_run_dependencies/robotiq_2f_gripper_description
[1.479s] -- Up-to-date symlink: /home/russell/ROS2_REPAS/install/robotiq_2f_gripper_description/share/ament_index/resource_index/parent_prefix_path/robotiq_2f_gripper_description
[1.480s] -- Up-to-date symlink: /home/russell/ROS2_REPAS/install/robotiq_2f_gripper_description/share/robotiq_2f_gripper_description/environment/ament_prefix_path.sh
[1.480s] -- Up-to-date symlink: /home/russell/ROS2_REPAS/install/robotiq_2f_gripper_description/share/robotiq_2f_gripper_description/environment/ament_prefix_path.dsv
[1.480s] -- Up-to-date symlink: /home/russell/ROS2_REPAS/install/robotiq_2f_gripper_description/share/robotiq_2f_gripper_description/environment/path.sh
[1.480s] -- Up-to-date symlink: /home/russell/ROS2_REPAS/install/robotiq_2f_gripper_description/share/robotiq_2f_gripper_description/environment/path.dsv
[1.480s] -- Up-to-date symlink: /home/russell/ROS2_REPAS/install/robotiq_2f_gripper_description/share/robotiq_2f_gripper_description/local_setup.bash
[1.480s] -- Up-to-date symlink: /home/russell/ROS2_REPAS/install/robotiq_2f_gripper_description/share/robotiq_2f_gripper_description/local_setup.sh
[1.481s] -- Up-to-date symlink: /home/russell/ROS2_REPAS/install/robotiq_2f_gripper_description/share/robotiq_2f_gripper_description/local_setup.zsh
[1.481s] -- Up-to-date symlink: /home/russell/ROS2_REPAS/install/robotiq_2f_gripper_description/share/robotiq_2f_gripper_description/local_setup.dsv
[1.481s] -- Symlinking: /home/russell/ROS2_REPAS/install/robotiq_2f_gripper_description/share/robotiq_2f_gripper_description/package.dsv
[1.492s] -- Up-to-date symlink: /home/russell/ROS2_REPAS/install/robotiq_2f_gripper_description/share/ament_index/resource_index/packages/robotiq_2f_gripper_description
[1.492s] -- Up-to-date symlink: /home/russell/ROS2_REPAS/install/robotiq_2f_gripper_description/share/robotiq_2f_gripper_description/cmake/robotiq_2f_gripper_descriptionConfig.cmake
[1.492s] -- Up-to-date symlink: /home/russell/ROS2_REPAS/install/robotiq_2f_gripper_description/share/robotiq_2f_gripper_description/cmake/robotiq_2f_gripper_descriptionConfig-version.cmake
[1.492s] -- Up-to-date symlink: /home/russell/ROS2_REPAS/install/robotiq_2f_gripper_description/share/robotiq_2f_gripper_description/package.xml
[1.798s] Invoked command in '/home/russell/ROS2_REPAS/build/robotiq_2f_gripper_description' returned '0': CMAKE_PREFIX_PATH=${CMAKE_PREFIX_PATH}:/home/russell/ROS2_REPAS/install/ur_description:/home/russell/ROS2_REPAS/install/serial:/home/russell/ROS2_REPAS/install/camera_sensor:/opt/ros/jazzy DEBUGINFOD_URLS=https://debuginfod.ubuntu.com /usr/bin/cmake --install /home/russell/ROS2_REPAS/build/robotiq_2f_gripper_description
