[0.023s] Invoking command in '/home/russell/ROS2_REPAS/build/ur_description': CMAKE_PREFIX_PATH=${CMAKE_PREFIX_PATH}:/home/russell/ROS2_REPAS/install/camera_sensor:/opt/ros/jazzy DEBUGINFOD_URLS=https://debuginfod.ubuntu.com /usr/bin/cmake /home/russell/ROS2_REPAS/src/Universal_Robots_ROS2_Description -DAMENT_CMAKE_SYMLINK_INSTALL=1 -DCMAKE_INSTALL_PREFIX=/home/russell/ROS2_REPAS/install/ur_description
[0.331s] -- Found ament_cmake: 2.5.4 (/opt/ros/jazzy/share/ament_cmake/cmake)
[0.947s] -- Override CMake install command with custom implementation using symlinks instead of copying resources
[1.054s] -- Found ament_cmake_pytest: 2.5.4 (/opt/ros/jazzy/share/ament_cmake_pytest/cmake)
[2.787s] -- Configuring done (2.8s)
[2.794s] -- Generating done (0.0s)
[2.797s] -- Build files have been written to: /home/russell/ROS2_REPAS/build/ur_description
[2.800s] Invoked command in '/home/russell/ROS2_REPAS/build/ur_description' returned '0': CMAKE_PREFIX_PATH=${CMAKE_PREFIX_PATH}:/home/russell/ROS2_REPAS/install/camera_sensor:/opt/ros/jazzy DEBUGINFOD_URLS=https://debuginfod.ubuntu.com /usr/bin/cmake /home/russell/ROS2_REPAS/src/Universal_Robots_ROS2_Description -DAMENT_CMAKE_SYMLINK_INSTALL=1 -DCMAKE_INSTALL_PREFIX=/home/russell/ROS2_REPAS/install/ur_description
[2.802s] Invoking command in '/home/russell/ROS2_REPAS/build/ur_description': CMAKE_PREFIX_PATH=${CMAKE_PREFIX_PATH}:/home/russell/ROS2_REPAS/install/camera_sensor:/opt/ros/jazzy DEBUGINFOD_URLS=https://debuginfod.ubuntu.com /usr/bin/cmake --build /home/russell/ROS2_REPAS/build/ur_description -- -j24 -l24
[2.852s] Invoked command in '/home/russell/ROS2_REPAS/build/ur_description' returned '0': CMAKE_PREFIX_PATH=${CMAKE_PREFIX_PATH}:/home/russell/ROS2_REPAS/install/camera_sensor:/opt/ros/jazzy DEBUGINFOD_URLS=https://debuginfod.ubuntu.com /usr/bin/cmake --build /home/russell/ROS2_REPAS/build/ur_description -- -j24 -l24
[2.853s] Invoking command in '/home/russell/ROS2_REPAS/build/ur_description': CMAKE_PREFIX_PATH=${CMAKE_PREFIX_PATH}:/home/russell/ROS2_REPAS/install/camera_sensor:/opt/ros/jazzy DEBUGINFOD_URLS=https://debuginfod.ubuntu.com /usr/bin/cmake --install /home/russell/ROS2_REPAS/build/ur_description
[2.863s] -- Install configuration: ""
[2.863s] -- Execute custom install script
[2.864s] -- Symlinking: /home/russell/ROS2_REPAS/install/ur_description/share/ur_description/config/initial_positions.yaml
[2.876s] -- Symlinking: /home/russell/ROS2_REPAS/install/ur_description/share/ur_description/config/ur10/default_kinematics.yaml
[2.887s] -- Symlinking: /home/russell/ROS2_REPAS/install/ur_description/share/ur_description/config/ur10/joint_limits.yaml
[2.898s] -- Symlinking: /home/russell/ROS2_REPAS/install/ur_description/share/ur_description/config/ur10/physical_parameters.yaml
[2.912s] -- Symlinking: /home/russell/ROS2_REPAS/install/ur_description/share/ur_description/config/ur10/visual_parameters.yaml
[2.924s] -- Symlinking: /home/russell/ROS2_REPAS/install/ur_description/share/ur_description/config/ur10e/default_kinematics.yaml
[2.938s] -- Symlinking: /home/russell/ROS2_REPAS/install/ur_description/share/ur_description/config/ur10e/joint_limits.yaml
[2.949s] -- Symlinking: /home/russell/ROS2_REPAS/install/ur_description/share/ur_description/config/ur10e/physical_parameters.yaml
[2.961s] -- Symlinking: /home/russell/ROS2_REPAS/install/ur_description/share/ur_description/config/ur10e/visual_parameters.yaml
[2.972s] -- Symlinking: /home/russell/ROS2_REPAS/install/ur_description/share/ur_description/config/ur12e/default_kinematics.yaml
[2.983s] -- Symlinking: /home/russell/ROS2_REPAS/install/ur_description/share/ur_description/config/ur12e/joint_limits.yaml
[2.995s] -- Symlinking: /home/russell/ROS2_REPAS/install/ur_description/share/ur_description/config/ur12e/physical_parameters.yaml
[3.007s] -- Symlinking: /home/russell/ROS2_REPAS/install/ur_description/share/ur_description/config/ur12e/visual_parameters.yaml
[3.018s] -- Symlinking: /home/russell/ROS2_REPAS/install/ur_description/share/ur_description/config/ur16e/default_kinematics.yaml
[3.033s] -- Symlinking: /home/russell/ROS2_REPAS/install/ur_description/share/ur_description/config/ur16e/joint_limits.yaml
[3.043s] -- Symlinking: /home/russell/ROS2_REPAS/install/ur_description/share/ur_description/config/ur16e/physical_parameters.yaml
[3.056s] -- Symlinking: /home/russell/ROS2_REPAS/install/ur_description/share/ur_description/config/ur16e/visual_parameters.yaml
[3.067s] -- Symlinking: /home/russell/ROS2_REPAS/install/ur_description/share/ur_description/config/ur20/default_kinematics.yaml
[3.078s] -- Symlinking: /home/russell/ROS2_REPAS/install/ur_description/share/ur_description/config/ur20/joint_limits.yaml
[3.089s] -- Symlinking: /home/russell/ROS2_REPAS/install/ur_description/share/ur_description/config/ur20/physical_parameters.yaml
[3.102s] -- Symlinking: /home/russell/ROS2_REPAS/install/ur_description/share/ur_description/config/ur20/visual_parameters.yaml
[3.116s] -- Symlinking: /home/russell/ROS2_REPAS/install/ur_description/share/ur_description/config/ur3/default_kinematics.yaml
[3.127s] -- Symlinking: /home/russell/ROS2_REPAS/install/ur_description/share/ur_description/config/ur3/joint_limits.yaml
[3.139s] -- Symlinking: /home/russell/ROS2_REPAS/install/ur_description/share/ur_description/config/ur3/physical_parameters.yaml
[3.153s] -- Symlinking: /home/russell/ROS2_REPAS/install/ur_description/share/ur_description/config/ur3/visual_parameters.yaml
[3.165s] -- Symlinking: /home/russell/ROS2_REPAS/install/ur_description/share/ur_description/config/ur30/default_kinematics.yaml
[3.176s] -- Symlinking: /home/russell/ROS2_REPAS/install/ur_description/share/ur_description/config/ur30/joint_limits.yaml
[3.187s] -- Symlinking: /home/russell/ROS2_REPAS/install/ur_description/share/ur_description/config/ur30/physical_parameters.yaml
[3.200s] -- Symlinking: /home/russell/ROS2_REPAS/install/ur_description/share/ur_description/config/ur30/visual_parameters.yaml
[3.212s] -- Symlinking: /home/russell/ROS2_REPAS/install/ur_description/share/ur_description/config/ur3e/default_kinematics.yaml
[3.223s] -- Symlinking: /home/russell/ROS2_REPAS/install/ur_description/share/ur_description/config/ur3e/joint_limits.yaml
[3.233s] -- Symlinking: /home/russell/ROS2_REPAS/install/ur_description/share/ur_description/config/ur3e/physical_parameters.yaml
[3.244s] -- Symlinking: /home/russell/ROS2_REPAS/install/ur_description/share/ur_description/config/ur3e/visual_parameters.yaml
[3.256s] -- Symlinking: /home/russell/ROS2_REPAS/install/ur_description/share/ur_description/config/ur5/default_kinematics.yaml
[3.269s] -- Symlinking: /home/russell/ROS2_REPAS/install/ur_description/share/ur_description/config/ur5/joint_limits.yaml
[3.280s] -- Symlinking: /home/russell/ROS2_REPAS/install/ur_description/share/ur_description/config/ur5/physical_parameters.yaml
[3.292s] -- Symlinking: /home/russell/ROS2_REPAS/install/ur_description/share/ur_description/config/ur5/visual_parameters.yaml
[3.303s] -- Symlinking: /home/russell/ROS2_REPAS/install/ur_description/share/ur_description/config/ur5e/default_kinematics.yaml
[3.318s] -- Symlinking: /home/russell/ROS2_REPAS/install/ur_description/share/ur_description/config/ur5e/joint_limits.yaml
[3.329s] -- Symlinking: /home/russell/ROS2_REPAS/install/ur_description/share/ur_description/config/ur5e/physical_parameters.yaml
[3.342s] -- Symlinking: /home/russell/ROS2_REPAS/install/ur_description/share/ur_description/config/ur5e/visual_parameters.yaml
[3.355s] -- Symlinking: /home/russell/ROS2_REPAS/install/ur_description/share/ur_description/config/ur7e/default_kinematics.yaml
[3.367s] -- Symlinking: /home/russell/ROS2_REPAS/install/ur_description/share/ur_description/config/ur7e/joint_limits.yaml
[3.379s] -- Symlinking: /home/russell/ROS2_REPAS/install/ur_description/share/ur_description/config/ur7e/physical_parameters.yaml
[3.390s] -- Symlinking: /home/russell/ROS2_REPAS/install/ur_description/share/ur_description/config/ur7e/visual_parameters.yaml
[3.402s] -- Symlinking: /home/russell/ROS2_REPAS/install/ur_description/share/ur_description/launch/view_ur.launch.py
[3.415s] -- Symlinking: /home/russell/ROS2_REPAS/install/ur_description/share/ur_description/meshes/ur10/collision/base.stl
[3.426s] -- Symlinking: /home/russell/ROS2_REPAS/install/ur_description/share/ur_description/meshes/ur10/collision/forearm.stl
[3.439s] -- Symlinking: /home/russell/ROS2_REPAS/install/ur_description/share/ur_description/meshes/ur10/collision/shoulder.stl
[3.454s] -- Symlinking: /home/russell/ROS2_REPAS/install/ur_description/share/ur_description/meshes/ur10/collision/upperarm.stl
[3.465s] -- Symlinking: /home/russell/ROS2_REPAS/install/ur_description/share/ur_description/meshes/ur10/collision/wrist1.stl
[3.477s] -- Symlinking: /home/russell/ROS2_REPAS/install/ur_description/share/ur_description/meshes/ur10/collision/wrist2.stl
[3.489s] -- Symlinking: /home/russell/ROS2_REPAS/install/ur_description/share/ur_description/meshes/ur10/collision/wrist3.stl
[3.501s] -- Symlinking: /home/russell/ROS2_REPAS/install/ur_description/share/ur_description/meshes/ur10/visual/base.dae
[3.514s] -- Symlinking: /home/russell/ROS2_REPAS/install/ur_description/share/ur_description/meshes/ur10/visual/forearm.dae
[3.527s] -- Symlinking: /home/russell/ROS2_REPAS/install/ur_description/share/ur_description/meshes/ur10/visual/shoulder.dae
[3.539s] -- Symlinking: /home/russell/ROS2_REPAS/install/ur_description/share/ur_description/meshes/ur10/visual/upperarm.dae
[3.552s] -- Symlinking: /home/russell/ROS2_REPAS/install/ur_description/share/ur_description/meshes/ur10/visual/wrist1.dae
[3.564s] -- Symlinking: /home/russell/ROS2_REPAS/install/ur_description/share/ur_description/meshes/ur10/visual/wrist2.dae
[3.575s] -- Symlinking: /home/russell/ROS2_REPAS/install/ur_description/share/ur_description/meshes/ur10/visual/wrist3.dae
[3.590s] -- Symlinking: /home/russell/ROS2_REPAS/install/ur_description/share/ur_description/meshes/ur10e/collision/base.stl
[3.603s] -- Symlinking: /home/russell/ROS2_REPAS/install/ur_description/share/ur_description/meshes/ur10e/collision/forearm.stl
[3.615s] -- Symlinking: /home/russell/ROS2_REPAS/install/ur_description/share/ur_description/meshes/ur10e/collision/shoulder.stl
[3.626s] -- Symlinking: /home/russell/ROS2_REPAS/install/ur_description/share/ur_description/meshes/ur10e/collision/upperarm.stl
[3.639s] -- Symlinking: /home/russell/ROS2_REPAS/install/ur_description/share/ur_description/meshes/ur10e/collision/wrist1.stl
[3.653s] -- Symlinking: /home/russell/ROS2_REPAS/install/ur_description/share/ur_description/meshes/ur10e/collision/wrist2.stl
[3.668s] -- Symlinking: /home/russell/ROS2_REPAS/install/ur_description/share/ur_description/meshes/ur10e/collision/wrist3.stl
[3.681s] -- Symlinking: /home/russell/ROS2_REPAS/install/ur_description/share/ur_description/meshes/ur10e/visual/base.dae
[3.695s] -- Symlinking: /home/russell/ROS2_REPAS/install/ur_description/share/ur_description/meshes/ur10e/visual/forearm.dae
[3.708s] -- Symlinking: /home/russell/ROS2_REPAS/install/ur_description/share/ur_description/meshes/ur10e/visual/shoulder.dae
[3.720s] -- Symlinking: /home/russell/ROS2_REPAS/install/ur_description/share/ur_description/meshes/ur10e/visual/upperarm.dae
[3.733s] -- Symlinking: /home/russell/ROS2_REPAS/install/ur_description/share/ur_description/meshes/ur10e/visual/wrist1.dae
[3.746s] -- Symlinking: /home/russell/ROS2_REPAS/install/ur_description/share/ur_description/meshes/ur10e/visual/wrist2.dae
[3.757s] -- Symlinking: /home/russell/ROS2_REPAS/install/ur_description/share/ur_description/meshes/ur10e/visual/wrist3.dae
[3.769s] -- Symlinking: /home/russell/ROS2_REPAS/install/ur_description/share/ur_description/meshes/ur16e/collision/forearm.stl
[3.780s] -- Symlinking: /home/russell/ROS2_REPAS/install/ur_description/share/ur_description/meshes/ur16e/collision/upperarm.stl
[3.792s] -- Symlinking: /home/russell/ROS2_REPAS/install/ur_description/share/ur_description/meshes/ur16e/visual/forearm.dae
[3.804s] -- Symlinking: /home/russell/ROS2_REPAS/install/ur_description/share/ur_description/meshes/ur16e/visual/upperarm.dae
[3.815s] -- Symlinking: /home/russell/ROS2_REPAS/install/ur_description/share/ur_description/meshes/ur20/LICENSE.txt
[3.827s] -- Symlinking: /home/russell/ROS2_REPAS/install/ur_description/share/ur_description/meshes/ur20/collision/base.stl
[3.838s] -- Symlinking: /home/russell/ROS2_REPAS/install/ur_description/share/ur_description/meshes/ur20/collision/forearm.stl
[3.851s] -- Symlinking: /home/russell/ROS2_REPAS/install/ur_description/share/ur_description/meshes/ur20/collision/shoulder.stl
[3.864s] -- Symlinking: /home/russell/ROS2_REPAS/install/ur_description/share/ur_description/meshes/ur20/collision/upperarm.stl
[3.877s] -- Symlinking: /home/russell/ROS2_REPAS/install/ur_description/share/ur_description/meshes/ur20/collision/wrist1.stl
[3.941s] -- Symlinking: /home/russell/ROS2_REPAS/install/ur_description/share/ur_description/meshes/ur20/collision/wrist2.stl
[3.956s] -- Symlinking: /home/russell/ROS2_REPAS/install/ur_description/share/ur_description/meshes/ur20/collision/wrist3.stl
[3.969s] -- Symlinking: /home/russell/ROS2_REPAS/install/ur_description/share/ur_description/meshes/ur20/visual/UR20_DIFF_8bit_2K.png
[3.981s] -- Symlinking: /home/russell/ROS2_REPAS/install/ur_description/share/ur_description/meshes/ur20/visual/base.dae
[3.995s] -- Symlinking: /home/russell/ROS2_REPAS/install/ur_description/share/ur_description/meshes/ur20/visual/forearm.dae
[4.007s] -- Symlinking: /home/russell/ROS2_REPAS/install/ur_description/share/ur_description/meshes/ur20/visual/shoulder.dae
[4.021s] -- Symlinking: /home/russell/ROS2_REPAS/install/ur_description/share/ur_description/meshes/ur20/visual/upperarm.dae
[4.033s] -- Symlinking: /home/russell/ROS2_REPAS/install/ur_description/share/ur_description/meshes/ur20/visual/wrist1.dae
[4.044s] -- Symlinking: /home/russell/ROS2_REPAS/install/ur_description/share/ur_description/meshes/ur20/visual/wrist2.dae
[4.059s] -- Symlinking: /home/russell/ROS2_REPAS/install/ur_description/share/ur_description/meshes/ur20/visual/wrist3.dae
[4.072s] -- Symlinking: /home/russell/ROS2_REPAS/install/ur_description/share/ur_description/meshes/ur3/collision/base.stl
[4.084s] -- Symlinking: /home/russell/ROS2_REPAS/install/ur_description/share/ur_description/meshes/ur3/collision/forearm.stl
[4.097s] -- Symlinking: /home/russell/ROS2_REPAS/install/ur_description/share/ur_description/meshes/ur3/collision/shoulder.stl
[4.108s] -- Symlinking: /home/russell/ROS2_REPAS/install/ur_description/share/ur_description/meshes/ur3/collision/upperarm.stl
[4.120s] -- Symlinking: /home/russell/ROS2_REPAS/install/ur_description/share/ur_description/meshes/ur3/collision/wrist1.stl
[4.132s] -- Symlinking: /home/russell/ROS2_REPAS/install/ur_description/share/ur_description/meshes/ur3/collision/wrist2.stl
[4.144s] -- Symlinking: /home/russell/ROS2_REPAS/install/ur_description/share/ur_description/meshes/ur3/collision/wrist3.stl
[4.155s] -- Symlinking: /home/russell/ROS2_REPAS/install/ur_description/share/ur_description/meshes/ur3/visual/base.dae
[4.167s] -- Symlinking: /home/russell/ROS2_REPAS/install/ur_description/share/ur_description/meshes/ur3/visual/forearm.dae
[4.181s] -- Symlinking: /home/russell/ROS2_REPAS/install/ur_description/share/ur_description/meshes/ur3/visual/shoulder.dae
[4.194s] -- Symlinking: /home/russell/ROS2_REPAS/install/ur_description/share/ur_description/meshes/ur3/visual/upperarm.dae
[4.206s] -- Symlinking: /home/russell/ROS2_REPAS/install/ur_description/share/ur_description/meshes/ur3/visual/wrist1.dae
[4.219s] -- Symlinking: /home/russell/ROS2_REPAS/install/ur_description/share/ur_description/meshes/ur3/visual/wrist2.dae
[4.230s] -- Symlinking: /home/russell/ROS2_REPAS/install/ur_description/share/ur_description/meshes/ur3/visual/wrist3.dae
[4.241s] -- Symlinking: /home/russell/ROS2_REPAS/install/ur_description/share/ur_description/meshes/ur30/LICENSE.txt
[4.253s] -- Symlinking: /home/russell/ROS2_REPAS/install/ur_description/share/ur_description/meshes/ur30/collision/forearm.stl
[4.265s] -- Symlinking: /home/russell/ROS2_REPAS/install/ur_description/share/ur_description/meshes/ur30/collision/upperarm.stl
[4.276s] -- Symlinking: /home/russell/ROS2_REPAS/install/ur_description/share/ur_description/meshes/ur30/visual/UR30_DIFF_8bit_2K.png
[4.288s] -- Symlinking: /home/russell/ROS2_REPAS/install/ur_description/share/ur_description/meshes/ur30/visual/forearm.dae
[4.298s] -- Symlinking: /home/russell/ROS2_REPAS/install/ur_description/share/ur_description/meshes/ur30/visual/upperarm.dae
[4.312s] -- Symlinking: /home/russell/ROS2_REPAS/install/ur_description/share/ur_description/meshes/ur3e/collision/base.stl
[4.322s] -- Symlinking: /home/russell/ROS2_REPAS/install/ur_description/share/ur_description/meshes/ur3e/collision/forearm.stl
[4.335s] -- Symlinking: /home/russell/ROS2_REPAS/install/ur_description/share/ur_description/meshes/ur3e/collision/shoulder.stl
[4.346s] -- Symlinking: /home/russell/ROS2_REPAS/install/ur_description/share/ur_description/meshes/ur3e/collision/upperarm.stl
[4.359s] -- Symlinking: /home/russell/ROS2_REPAS/install/ur_description/share/ur_description/meshes/ur3e/collision/wrist1.stl
[4.371s] -- Symlinking: /home/russell/ROS2_REPAS/install/ur_description/share/ur_description/meshes/ur3e/collision/wrist2.stl
[4.383s] -- Symlinking: /home/russell/ROS2_REPAS/install/ur_description/share/ur_description/meshes/ur3e/collision/wrist3.stl
[4.394s] -- Symlinking: /home/russell/ROS2_REPAS/install/ur_description/share/ur_description/meshes/ur3e/visual/base.dae
[4.405s] -- Symlinking: /home/russell/ROS2_REPAS/install/ur_description/share/ur_description/meshes/ur3e/visual/forearm.dae
[4.416s] -- Symlinking: /home/russell/ROS2_REPAS/install/ur_description/share/ur_description/meshes/ur3e/visual/shoulder.dae
[4.428s] -- Symlinking: /home/russell/ROS2_REPAS/install/ur_description/share/ur_description/meshes/ur3e/visual/upperarm.dae
[4.444s] -- Symlinking: /home/russell/ROS2_REPAS/install/ur_description/share/ur_description/meshes/ur3e/visual/wrist1.dae
[4.455s] -- Symlinking: /home/russell/ROS2_REPAS/install/ur_description/share/ur_description/meshes/ur3e/visual/wrist2.dae
[4.468s] -- Symlinking: /home/russell/ROS2_REPAS/install/ur_description/share/ur_description/meshes/ur3e/visual/wrist3.dae
[4.481s] -- Symlinking: /home/russell/ROS2_REPAS/install/ur_description/share/ur_description/meshes/ur5/collision/base.stl
[4.493s] -- Symlinking: /home/russell/ROS2_REPAS/install/ur_description/share/ur_description/meshes/ur5/collision/forearm.stl
[4.506s] -- Symlinking: /home/russell/ROS2_REPAS/install/ur_description/share/ur_description/meshes/ur5/collision/shoulder.stl
[4.518s] -- Symlinking: /home/russell/ROS2_REPAS/install/ur_description/share/ur_description/meshes/ur5/collision/upperarm.stl
[4.531s] -- Symlinking: /home/russell/ROS2_REPAS/install/ur_description/share/ur_description/meshes/ur5/collision/wrist1.stl
[4.543s] -- Symlinking: /home/russell/ROS2_REPAS/install/ur_description/share/ur_description/meshes/ur5/collision/wrist2.stl
[4.554s] -- Symlinking: /home/russell/ROS2_REPAS/install/ur_description/share/ur_description/meshes/ur5/collision/wrist3.stl
[4.566s] -- Symlinking: /home/russell/ROS2_REPAS/install/ur_description/share/ur_description/meshes/ur5/visual/base.dae
[4.577s] -- Symlinking: /home/russell/ROS2_REPAS/install/ur_description/share/ur_description/meshes/ur5/visual/forearm.dae
[4.589s] -- Symlinking: /home/russell/ROS2_REPAS/install/ur_description/share/ur_description/meshes/ur5/visual/shoulder.dae
[4.600s] -- Symlinking: /home/russell/ROS2_REPAS/install/ur_description/share/ur_description/meshes/ur5/visual/upperarm.dae
[4.612s] -- Symlinking: /home/russell/ROS2_REPAS/install/ur_description/share/ur_description/meshes/ur5/visual/wrist1.dae
[4.624s] -- Symlinking: /home/russell/ROS2_REPAS/install/ur_description/share/ur_description/meshes/ur5/visual/wrist2.dae
[4.636s] -- Symlinking: /home/russell/ROS2_REPAS/install/ur_description/share/ur_description/meshes/ur5/visual/wrist3.dae
[4.646s] -- Symlinking: /home/russell/ROS2_REPAS/install/ur_description/share/ur_description/meshes/ur5e/collision/base.stl
[4.659s] -- Symlinking: /home/russell/ROS2_REPAS/install/ur_description/share/ur_description/meshes/ur5e/collision/forearm.stl
[4.673s] -- Symlinking: /home/russell/ROS2_REPAS/install/ur_description/share/ur_description/meshes/ur5e/collision/shoulder.stl
[4.685s] -- Symlinking: /home/russell/ROS2_REPAS/install/ur_description/share/ur_description/meshes/ur5e/collision/upperarm.stl
[4.699s] -- Symlinking: /home/russell/ROS2_REPAS/install/ur_description/share/ur_description/meshes/ur5e/collision/wrist1.stl
[4.711s] -- Symlinking: /home/russell/ROS2_REPAS/install/ur_description/share/ur_description/meshes/ur5e/collision/wrist2.stl
[4.723s] -- Symlinking: /home/russell/ROS2_REPAS/install/ur_description/share/ur_description/meshes/ur5e/collision/wrist3.stl
[4.734s] -- Symlinking: /home/russell/ROS2_REPAS/install/ur_description/share/ur_description/meshes/ur5e/visual/base.dae
[4.745s] -- Symlinking: /home/russell/ROS2_REPAS/install/ur_description/share/ur_description/meshes/ur5e/visual/forearm.dae
[4.758s] -- Symlinking: /home/russell/ROS2_REPAS/install/ur_description/share/ur_description/meshes/ur5e/visual/shoulder.dae
[4.770s] -- Symlinking: /home/russell/ROS2_REPAS/install/ur_description/share/ur_description/meshes/ur5e/visual/upperarm.dae
[4.781s] -- Symlinking: /home/russell/ROS2_REPAS/install/ur_description/share/ur_description/meshes/ur5e/visual/wrist1.dae
[4.792s] -- Symlinking: /home/russell/ROS2_REPAS/install/ur_description/share/ur_description/meshes/ur5e/visual/wrist2.dae
[4.804s] -- Symlinking: /home/russell/ROS2_REPAS/install/ur_description/share/ur_description/meshes/ur5e/visual/wrist3.dae
[4.817s] -- Symlinking: /home/russell/ROS2_REPAS/install/ur_description/share/ur_description/rviz/view_robot.rviz
[4.827s] -- Symlinking: /home/russell/ROS2_REPAS/install/ur_description/share/ur_description/urdf/inc/ur_common.xacro
[4.838s] -- Symlinking: /home/russell/ROS2_REPAS/install/ur_description/share/ur_description/urdf/inc/ur_joint_control.xacro
[4.849s] -- Symlinking: /home/russell/ROS2_REPAS/install/ur_description/share/ur_description/urdf/inc/ur_sensors.xacro
[4.861s] -- Symlinking: /home/russell/ROS2_REPAS/install/ur_description/share/ur_description/urdf/inc/ur_transmissions.xacro
[4.871s] -- Symlinking: /home/russell/ROS2_REPAS/install/ur_description/share/ur_description/urdf/ros2_control_mock_hardware.xacro
[4.883s] -- Symlinking: /home/russell/ROS2_REPAS/install/ur_description/share/ur_description/urdf/ur.urdf.xacro
[4.896s] -- Symlinking: /home/russell/ROS2_REPAS/install/ur_description/share/ur_description/urdf/ur_macro.xacro
[4.907s] -- Symlinking: /home/russell/ROS2_REPAS/install/ur_description/share/ur_description/urdf/ur_mocked.urdf.xacro
[4.918s] -- Symlinking: /home/russell/ROS2_REPAS/install/ur_description/share/ur_description/test/test_ur_urdf_xacro.py
[4.930s] -- Symlinking: /home/russell/ROS2_REPAS/install/ur_description/share/ur_description/test/test_view_ur_launch.py
[4.941s] -- Symlinking: /home/russell/ROS2_REPAS/install/ur_description/share/ament_index/resource_index/package_run_dependencies/ur_description
[4.954s] -- Symlinking: /home/russell/ROS2_REPAS/install/ur_description/share/ament_index/resource_index/parent_prefix_path/ur_description
[4.967s] -- Symlinking: /home/russell/ROS2_REPAS/install/ur_description/share/ur_description/environment/ament_prefix_path.sh
[4.978s] -- Symlinking: /home/russell/ROS2_REPAS/install/ur_description/share/ur_description/environment/ament_prefix_path.dsv
[4.990s] -- Symlinking: /home/russell/ROS2_REPAS/install/ur_description/share/ur_description/environment/path.sh
[5.003s] -- Symlinking: /home/russell/ROS2_REPAS/install/ur_description/share/ur_description/environment/path.dsv
[5.016s] -- Symlinking: /home/russell/ROS2_REPAS/install/ur_description/share/ur_description/local_setup.bash
[5.027s] -- Symlinking: /home/russell/ROS2_REPAS/install/ur_description/share/ur_description/local_setup.sh
[5.039s] -- Symlinking: /home/russell/ROS2_REPAS/install/ur_description/share/ur_description/local_setup.zsh
[5.052s] -- Symlinking: /home/russell/ROS2_REPAS/install/ur_description/share/ur_description/local_setup.dsv
[5.063s] -- Symlinking: /home/russell/ROS2_REPAS/install/ur_description/share/ur_description/package.dsv
[5.075s] -- Symlinking: /home/russell/ROS2_REPAS/install/ur_description/share/ament_index/resource_index/packages/ur_description
[5.086s] -- Symlinking: /home/russell/ROS2_REPAS/install/ur_description/share/ur_description/cmake/ur_descriptionConfig.cmake
[5.099s] -- Symlinking: /home/russell/ROS2_REPAS/install/ur_description/share/ur_description/cmake/ur_descriptionConfig-version.cmake
[5.111s] -- Symlinking: /home/russell/ROS2_REPAS/install/ur_description/share/ur_description/package.xml
