-- Found ament_cmake: 2.5.4 (/opt/ros/jazzy/share/ament_cmake/cmake)
-- Override CMake install command with custom implementation using symlinks instead of copying resources
-- Found launch_testing_ament_cmake: 3.4.5 (/opt/ros/jazzy/share/launch_testing_ament_cmake/cmake)
-- Found python_cmake_module: 0.11.1 (/opt/ros/jazzy/share/python_cmake_module/cmake)
-- Found ament_cmake_pytest: 2.5.4 (/opt/ros/jazzy/share/ament_cmake_pytest/cmake)
-- Configuring done (1.1s)
-- Generating done (0.1s)
-- Build files have been written to: /home/russell/ROS2_REPAS/build/ur_simulation_gz
-- Install configuration: ""
-- Execute custom install script
-- Up-to-date symlink: /home/russell/ROS2_REPAS/install/ur_simulation_gz/share/ur_simulation_gz/config/ur_controllers.yaml
-- Up-to-date symlink: /home/russell/ROS2_REPAS/install/ur_simulation_gz/share/ur_simulation_gz/launch/ur_sim_control.launch.py
-- Up-to-date symlink: /home/russell/ROS2_REPAS/install/ur_simulation_gz/share/ur_simulation_gz/launch/ur_sim_moveit.launch.py
-- Up-to-date symlink: /home/russell/ROS2_REPAS/install/ur_simulation_gz/share/ur_simulation_gz/urdf/ur_gz.ros2_control.xacro
-- Up-to-date symlink: /home/russell/ROS2_REPAS/install/ur_simulation_gz/share/ur_simulation_gz/urdf/ur_gz.urdf.xacro
-- Up-to-date symlink: /home/russell/ROS2_REPAS/install/ur_simulation_gz/share/ament_index/resource_index/package_run_dependencies/ur_simulation_gz
-- Up-to-date symlink: /home/russell/ROS2_REPAS/install/ur_simulation_gz/share/ament_index/resource_index/parent_prefix_path/ur_simulation_gz
-- Up-to-date symlink: /home/russell/ROS2_REPAS/install/ur_simulation_gz/share/ur_simulation_gz/environment/ament_prefix_path.sh
-- Up-to-date symlink: /home/russell/ROS2_REPAS/install/ur_simulation_gz/share/ur_simulation_gz/environment/ament_prefix_path.dsv
-- Up-to-date symlink: /home/russell/ROS2_REPAS/install/ur_simulation_gz/share/ur_simulation_gz/environment/path.sh
-- Up-to-date symlink: /home/russell/ROS2_REPAS/install/ur_simulation_gz/share/ur_simulation_gz/environment/path.dsv
-- Up-to-date symlink: /home/russell/ROS2_REPAS/install/ur_simulation_gz/share/ur_simulation_gz/local_setup.bash
-- Up-to-date symlink: /home/russell/ROS2_REPAS/install/ur_simulation_gz/share/ur_simulation_gz/local_setup.sh
-- Up-to-date symlink: /home/russell/ROS2_REPAS/install/ur_simulation_gz/share/ur_simulation_gz/local_setup.zsh
-- Up-to-date symlink: /home/russell/ROS2_REPAS/install/ur_simulation_gz/share/ur_simulation_gz/local_setup.dsv
-- Symlinking: /home/russell/ROS2_REPAS/install/ur_simulation_gz/share/ur_simulation_gz/package.dsv
-- Up-to-date symlink: /home/russell/ROS2_REPAS/install/ur_simulation_gz/share/ament_index/resource_index/packages/ur_simulation_gz
-- Up-to-date symlink: /home/russell/ROS2_REPAS/install/ur_simulation_gz/share/ur_simulation_gz/cmake/ur_simulation_gzConfig.cmake
-- Up-to-date symlink: /home/russell/ROS2_REPAS/install/ur_simulation_gz/share/ur_simulation_gz/cmake/ur_simulation_gzConfig-version.cmake
-- Up-to-date symlink: /home/russell/ROS2_REPAS/install/ur_simulation_gz/share/ur_simulation_gz/package.xml
