[  9%] Built target move_ur5e
[ 18%] Built target hydroponic_waypoint_grid_v2
[ 27%] Built target home
[ 36%] Built target russell_script1
[ 45%] Built target waypoint_grid
[ 54%] Built target parlight_grid
[ 72%] Built target parlight_grid_with_cadsensor
[ 72%] Built target hydroponic_waypoint_grid
[ 81%] Built target parlight_grid_with_parsensor
[ 90%] Built target parlight_grid_with_hydrosystem
[ 95%] [32mBuilding CXX object CMakeFiles/rpm_simple.dir/src/rpm_simple.cpp.o[0m
[01m[K/home/russell/ROS2_REPAS/src/ur5e_moveit_demo/src/rpm_simple.cpp:[m[K In function ‘[01m[Kint[01;32m[K main[m[K(int, char**)[m[K’:
[01m[K/home/russell/ROS2_REPAS/src/ur5e_moveit_demo/src/rpm_simple.cpp:68:58:[m[K [01;31m[Kerror: [m[Kno matching function for call to ‘[01m[Kmoveit::planning_interface::MoveGroupInterface::computeCartesianPath(std::vector<geometry_msgs::msg::Pose_<std::allocator<void> > >&, const double&, moveit_msgs::msg::RobotTrajectory&, double, bool)[m[K’
   68 |         double fraction = [01;31m[Kmove_group.computeCartesianPath([m[K
      |                           [01;31m[K~~~~~~~~~~~~~~~~~~~~~~~~~~~~~~~^[m[K
   69 | [01;31m[K            waypoints,[m[K
      |             [01;31m[K~~~~~~~~~~[m[K                                    
   70 | [01;31m[K            eef_step,[m[K
      |             [01;31m[K~~~~~~~~~[m[K                                     
   71 | [01;31m[K            trajectory,[m[K
      |             [01;31m[K~~~~~~~~~~~[m[K                                   
   72 | [01;31m[K            0.0,      // jump_threshold (deprecated, ignored)[m[K
      |             [01;31m[K~~~~~~~~~~~~~~~~~~~~~~~~~~~~~~~~~~~~~~~~~~~~~~~~~[m[K
   73 | [01;31m[K            true      // avoid collisions[m[K
      |             [01;31m[K~~~~~~~~~~~~~~~~~~~~~~~~~~~~~[m[K                 
   74 | [01;31m[K        )[m[K;
      |         [01;31m[K~[m[K                                                 
In file included from [01m[K/home/russell/ROS2_REPAS/src/ur5e_moveit_demo/src/rpm_simple.cpp:2[m[K:
[01m[K/opt/ros/jazzy/include/moveit_ros_planning_interface/moveit/move_group_interface/move_group_interface.hpp:765:3:[m[K [01;36m[Knote: [m[Kcandidate: ‘[01m[Kdouble moveit::planning_interface::MoveGroupInterface::[01;32m[KcomputeCartesianPath[m[K(const std::vector<geometry_msgs::msg::Pose_<std::allocator<void> > >&, double, double, moveit_msgs::msg::RobotTrajectory&, bool, moveit_msgs::msg::MoveItErrorCodes*)[m[K’
  765 |   [01;36m[KcomputeCartesianPath[m[K(const std::vector<geometry_msgs::msg::Pose>& waypoints, double eef_step,
      |   [01;36m[K^~~~~~~~~~~~~~~~~~~~[m[K
[01m[K/opt/ros/jazzy/include/moveit_ros_planning_interface/moveit/move_group_interface/move_group_interface.hpp:766:24:[m[K [01;36m[Knote: [m[K  no known conversion for argument 3 from ‘[01m[Kmoveit_msgs::msg::RobotTrajectory[m[K’ {aka ‘[01m[Kmoveit_msgs::msg::RobotTrajectory_<std::allocator<void> >[m[K’} to ‘[01m[Kdouble[m[K’
  766 |                        [01;36m[Kdouble[m[K /*jump_threshold*/, moveit_msgs::msg::RobotTrajectory& trajectory,
      |                        [01;36m[K^~~~~~[m[K
[01m[K/opt/ros/jazzy/include/moveit_ros_planning_interface/moveit/move_group_interface/move_group_interface.hpp:771:10:[m[K [01;36m[Knote: [m[Kcandidate: ‘[01m[Kdouble moveit::planning_interface::MoveGroupInterface::[01;32m[KcomputeCartesianPath[m[K(const std::vector<geometry_msgs::msg::Pose_<std::allocator<void> > >&, double, moveit_msgs::msg::RobotTrajectory&, bool, moveit_msgs::msg::MoveItErrorCodes*)[m[K’
  771 |   double [01;36m[KcomputeCartesianPath[m[K(const std::vector<geometry_msgs::msg::Pose>& waypoints, double eef_step,
      |          [01;36m[K^~~~~~~~~~~~~~~~~~~~[m[K
[01m[K/opt/ros/jazzy/include/moveit_ros_planning_interface/moveit/move_group_interface/move_group_interface.hpp:773:67:[m[K [01;36m[Knote: [m[K  no known conversion for argument 5 from ‘[01m[Kbool[m[K’ to ‘[01m[Kmoveit_msgs::msg::MoveItErrorCodes*[m[K’ {aka ‘[01m[Kmoveit_msgs::msg::MoveItErrorCodes_<std::allocator<void> >*[m[K’}
  773 |                               [01;36m[Kmoveit_msgs::msg::MoveItErrorCodes* error_code = nullptr[m[K);
      |                               [01;36m[K~~~~~~~~~~~~~~~~~~~~~~~~~~~~~~~~~~~~^~~~~~~~~~~~~~~~~~~~[m[K
[01m[K/opt/ros/jazzy/include/moveit_ros_planning_interface/moveit/move_group_interface/move_group_interface.hpp:788:3:[m[K [01;36m[Knote: [m[Kcandidate: ‘[01m[Kdouble moveit::planning_interface::MoveGroupInterface::[01;32m[KcomputeCartesianPath[m[K(const std::vector<geometry_msgs::msg::Pose_<std::allocator<void> > >&, double, double, moveit_msgs::msg::RobotTrajectory&, const moveit_msgs::msg::Constraints&, bool, moveit_msgs::msg::MoveItErrorCodes*)[m[K’
  788 |   [01;36m[KcomputeCartesianPath[m[K(const std::vector<geometry_msgs::msg::Pose>& waypoints, double eef_step,
      |   [01;36m[K^~~~~~~~~~~~~~~~~~~~[m[K
[01m[K/opt/ros/jazzy/include/moveit_ros_planning_interface/moveit/move_group_interface/move_group_interface.hpp:789:24:[m[K [01;36m[Knote: [m[K  no known conversion for argument 3 from ‘[01m[Kmoveit_msgs::msg::RobotTrajectory[m[K’ {aka ‘[01m[Kmoveit_msgs::msg::RobotTrajectory_<std::allocator<void> >[m[K’} to ‘[01m[Kdouble[m[K’
  789 |                        [01;36m[Kdouble[m[K /*jump_threshold*/, moveit_msgs::msg::RobotTrajectory& trajectory,
      |                        [01;36m[K^~~~~~[m[K
[01m[K/opt/ros/jazzy/include/moveit_ros_planning_interface/moveit/move_group_interface/move_group_interface.hpp:795:10:[m[K [01;36m[Knote: [m[Kcandidate: ‘[01m[Kdouble moveit::planning_interface::MoveGroupInterface::[01;32m[KcomputeCartesianPath[m[K(const std::vector<geometry_msgs::msg::Pose_<std::allocator<void> > >&, double, moveit_msgs::msg::RobotTrajectory&, const moveit_msgs::msg::Constraints&, bool, moveit_msgs::msg::MoveItErrorCodes*)[m[K’
  795 |   double [01;36m[KcomputeCartesianPath[m[K(const std::vector<geometry_msgs::msg::Pose>& waypoints, double eef_step,
      |          [01;36m[K^~~~~~~~~~~~~~~~~~~~[m[K
[01m[K/opt/ros/jazzy/include/moveit_ros_planning_interface/moveit/move_group_interface/move_group_interface.hpp:797:68:[m[K [01;36m[Knote: [m[K  no known conversion for argument 4 from ‘[01m[Kdouble[m[K’ to ‘[01m[Kconst moveit_msgs::msg::Constraints&[m[K’ {aka ‘[01m[Kconst moveit_msgs::msg::Constraints_<std::allocator<void> >&[m[K’}
  797 |                               [01;36m[Kconst moveit_msgs::msg::Constraints& path_constraints[m[K, bool avoid_collisions = true,
      |                               [01;36m[K~~~~~~~~~~~~~~~~~~~~~~~~~~~~~~~~~~~~~^~~~~~~~~~~~~~~~[m[K
gmake[2]: *** [CMakeFiles/rpm_simple.dir/build.make:76: CMakeFiles/rpm_simple.dir/src/rpm_simple.cpp.o] Error 1
gmake[1]: *** [CMakeFiles/Makefile2:417: CMakeFiles/rpm_simple.dir/all] Error 2
gmake: *** [Makefile:146: all] Error 2
