-- The C compiler identification is GNU 13.3.0
-- The CXX compiler identification is GNU 13.3.0
-- Detecting C compiler ABI info
-- Detecting C compiler ABI info - done
-- Check for working C compiler: /usr/bin/cc - skipped
-- Detecting C compile features
-- Detecting C compile features - done
-- Detecting CXX compiler ABI info
-- Detecting CXX compiler ABI info - done
-- Check for working CXX compiler: /usr/bin/c++ - skipped
-- Detecting CXX compile features
-- Detecting CXX compile features - done
-- Found ament_cmake: 2.5.4 (/opt/ros/jazzy/share/ament_cmake/cmake)
-- Found Python3: /usr/bin/python3 (found version "3.12.3") found components: Interpreter 
-- Override CMake install command with custom implementation using symlinks instead of copying resources
-- Configuring done (1.9s)
-- Generating done (0.0s)
-- Build files have been written to: /home/russell/ROS2_REPAS/build/serial
[ 25%] [32mBuilding CXX object CMakeFiles/serial.dir/src/impl/list_ports/list_ports_linux.cc.o[0m
[ 50%] [32mBuilding CXX object CMakeFiles/serial.dir/src/serial.cc.o[0m
[ 75%] [32mBuilding CXX object CMakeFiles/serial.dir/src/impl/unix.cc.o[0m
[100%] [32m[1mLinking CXX shared library libserial.so[0m
[100%] Built target serial
-- Install configuration: ""
-- Execute custom install script
-- Symlinking: /home/russell/ROS2_REPAS/install/serial/share/serial/environment/library_path.sh
-- Symlinking: /home/russell/ROS2_REPAS/install/serial/share/serial/environment/library_path.dsv
-- Symlinking: /home/russell/ROS2_REPAS/install/serial/lib/libserial.so
-- Symlinking: /home/russell/ROS2_REPAS/install/serial/include/serial/serial.h
-- Symlinking: /home/russell/ROS2_REPAS/install/serial/include/serial/v8stdint.h
-- Symlinking: /home/russell/ROS2_REPAS/install/serial/share/ament_index/resource_index/package_run_dependencies/serial
-- Symlinking: /home/russell/ROS2_REPAS/install/serial/share/ament_index/resource_index/parent_prefix_path/serial
-- Symlinking: /home/russell/ROS2_REPAS/install/serial/share/serial/environment/ament_prefix_path.sh
-- Symlinking: /home/russell/ROS2_REPAS/install/serial/share/serial/environment/ament_prefix_path.dsv
-- Symlinking: /home/russell/ROS2_REPAS/install/serial/share/serial/environment/path.sh
-- Symlinking: /home/russell/ROS2_REPAS/install/serial/share/serial/environment/path.dsv
-- Symlinking: /home/russell/ROS2_REPAS/install/serial/share/serial/local_setup.bash
-- Symlinking: /home/russell/ROS2_REPAS/install/serial/share/serial/local_setup.sh
-- Symlinking: /home/russell/ROS2_REPAS/install/serial/share/serial/local_setup.zsh
-- Symlinking: /home/russell/ROS2_REPAS/install/serial/share/serial/local_setup.dsv
-- Symlinking: /home/russell/ROS2_REPAS/install/serial/share/serial/package.dsv
-- Symlinking: /home/russell/ROS2_REPAS/install/serial/share/ament_index/resource_index/packages/serial
-- Symlinking: /home/russell/ROS2_REPAS/install/serial/share/serial/cmake/ament_cmake_export_include_directories-extras.cmake
-- Symlinking: /home/russell/ROS2_REPAS/install/serial/share/serial/cmake/ament_cmake_export_libraries-extras.cmake
-- Symlinking: /home/russell/ROS2_REPAS/install/serial/share/serial/cmake/serialConfig.cmake
-- Symlinking: /home/russell/ROS2_REPAS/install/serial/share/serial/cmake/serialConfig-version.cmake
-- Symlinking: /home/russell/ROS2_REPAS/install/serial/share/serial/package.xml
