[0.119s] Invoking command in '/home/russell/ROS2_REPAS/build/ur_description': CMAKE_PREFIX_PATH=${CMAKE_PREFIX_PATH}:/opt/ros/jazzy DEBUGINFOD_URLS=https://debuginfod.ubuntu.com /usr/bin/cmake /home/russell/ROS2_REPAS/src/Universal_Robots_ROS2_Description -DCMAKE_INSTALL_PREFIX=/home/russell/ROS2_REPAS/install/ur_description
[0.372s] -- Found ament_cmake: 2.5.4 (/opt/ros/jazzy/share/ament_cmake/cmake)
[0.372s] -- Override CMake install command with custom implementation using symlinks instead of copying resources
[0.420s] -- Found ament_cmake_pytest: 2.5.4 (/opt/ros/jazzy/share/ament_cmake_pytest/cmake)
[5.276s] -- Configuring done (5.1s)
[5.390s] -- Generating done (0.1s)
[5.393s] -- Build files have been written to: /home/russell/ROS2_REPAS/build/ur_description
[5.397s] Invoked command in '/home/russell/ROS2_REPAS/build/ur_description' returned '0': CMAKE_PREFIX_PATH=${CMAKE_PREFIX_PATH}:/opt/ros/jazzy DEBUGINFOD_URLS=https://debuginfod.ubuntu.com /usr/bin/cmake /home/russell/ROS2_REPAS/src/Universal_Robots_ROS2_Description -DCMAKE_INSTALL_PREFIX=/home/russell/ROS2_REPAS/install/ur_description
[5.399s] Invoking command in '/home/russell/ROS2_REPAS/build/ur_description': CMAKE_PREFIX_PATH=${CMAKE_PREFIX_PATH}:/opt/ros/jazzy DEBUGINFOD_URLS=https://debuginfod.ubuntu.com /usr/bin/cmake --build /home/russell/ROS2_REPAS/build/ur_description -- -j24 -l24
[5.443s] Invoked command in '/home/russell/ROS2_REPAS/build/ur_description' returned '0': CMAKE_PREFIX_PATH=${CMAKE_PREFIX_PATH}:/opt/ros/jazzy DEBUGINFOD_URLS=https://debuginfod.ubuntu.com /usr/bin/cmake --build /home/russell/ROS2_REPAS/build/ur_description -- -j24 -l24
[5.463s] Invoking command in '/home/russell/ROS2_REPAS/build/ur_description': CMAKE_PREFIX_PATH=${CMAKE_PREFIX_PATH}:/opt/ros/jazzy DEBUGINFOD_URLS=https://debuginfod.ubuntu.com /usr/bin/cmake --install /home/russell/ROS2_REPAS/build/ur_description
[5.473s] -- Install configuration: ""
[5.473s] -- Execute custom install script
[5.474s] -- Up-to-date symlink: /home/russell/ROS2_REPAS/install/ur_description/share/ur_description/config/initial_positions.yaml
[5.474s] -- Up-to-date symlink: /home/russell/ROS2_REPAS/install/ur_description/share/ur_description/config/ur10/default_kinematics.yaml
[5.475s] -- Up-to-date symlink: /home/russell/ROS2_REPAS/install/ur_description/share/ur_description/config/ur10/joint_limits.yaml
[5.475s] -- Up-to-date symlink: /home/russell/ROS2_REPAS/install/ur_description/share/ur_description/config/ur10/physical_parameters.yaml
[5.475s] -- Up-to-date symlink: /home/russell/ROS2_REPAS/install/ur_description/share/ur_description/config/ur10/visual_parameters.yaml
[5.475s] -- Up-to-date symlink: /home/russell/ROS2_REPAS/install/ur_description/share/ur_description/config/ur10e/default_kinematics.yaml
[5.475s] -- Up-to-date symlink: /home/russell/ROS2_REPAS/install/ur_description/share/ur_description/config/ur10e/joint_limits.yaml
[5.475s] -- Up-to-date symlink: /home/russell/ROS2_REPAS/install/ur_description/share/ur_description/config/ur10e/physical_parameters.yaml
[5.476s] -- Up-to-date symlink: /home/russell/ROS2_REPAS/install/ur_description/share/ur_description/config/ur10e/visual_parameters.yaml
[5.476s] -- Up-to-date symlink: /home/russell/ROS2_REPAS/install/ur_description/share/ur_description/config/ur12e/default_kinematics.yaml
[5.476s] -- Up-to-date symlink: /home/russell/ROS2_REPAS/install/ur_description/share/ur_description/config/ur12e/joint_limits.yaml
[5.476s] -- Up-to-date symlink: /home/russell/ROS2_REPAS/install/ur_description/share/ur_description/config/ur12e/physical_parameters.yaml
[5.476s] -- Up-to-date symlink: /home/russell/ROS2_REPAS/install/ur_description/share/ur_description/config/ur12e/visual_parameters.yaml
[5.476s] -- Up-to-date symlink: /home/russell/ROS2_REPAS/install/ur_description/share/ur_description/config/ur16e/default_kinematics.yaml
[5.476s] -- Up-to-date symlink: /home/russell/ROS2_REPAS/install/ur_description/share/ur_description/config/ur16e/joint_limits.yaml
[5.477s] -- Up-to-date symlink: /home/russell/ROS2_REPAS/install/ur_description/share/ur_description/config/ur16e/physical_parameters.yaml
[5.477s] -- Up-to-date symlink: /home/russell/ROS2_REPAS/install/ur_description/share/ur_description/config/ur16e/visual_parameters.yaml
[5.477s] -- Up-to-date symlink: /home/russell/ROS2_REPAS/install/ur_description/share/ur_description/config/ur20/default_kinematics.yaml
[5.477s] -- Up-to-date symlink: /home/russell/ROS2_REPAS/install/ur_description/share/ur_description/config/ur20/joint_limits.yaml
[5.477s] -- Up-to-date symlink: /home/russell/ROS2_REPAS/install/ur_description/share/ur_description/config/ur20/physical_parameters.yaml
[5.477s] -- Up-to-date symlink: /home/russell/ROS2_REPAS/install/ur_description/share/ur_description/config/ur20/visual_parameters.yaml
[5.477s] -- Up-to-date symlink: /home/russell/ROS2_REPAS/install/ur_description/share/ur_description/config/ur3/default_kinematics.yaml
[5.478s] -- Up-to-date symlink: /home/russell/ROS2_REPAS/install/ur_description/share/ur_description/config/ur3/joint_limits.yaml
[5.478s] -- Up-to-date symlink: /home/russell/ROS2_REPAS/install/ur_description/share/ur_description/config/ur3/physical_parameters.yaml
[5.478s] -- Up-to-date symlink: /home/russell/ROS2_REPAS/install/ur_description/share/ur_description/config/ur3/visual_parameters.yaml
[5.478s] -- Up-to-date symlink: /home/russell/ROS2_REPAS/install/ur_description/share/ur_description/config/ur30/default_kinematics.yaml
[5.479s] -- Up-to-date symlink: /home/russell/ROS2_REPAS/install/ur_description/share/ur_description/config/ur30/joint_limits.yaml
[5.479s] -- Up-to-date symlink: /home/russell/ROS2_REPAS/install/ur_description/share/ur_description/config/ur30/physical_parameters.yaml
[5.479s] -- Up-to-date symlink: /home/russell/ROS2_REPAS/install/ur_description/share/ur_description/config/ur30/visual_parameters.yaml
[5.479s] -- Up-to-date symlink: /home/russell/ROS2_REPAS/install/ur_description/share/ur_description/config/ur3e/default_kinematics.yaml
[5.479s] -- Up-to-date symlink: /home/russell/ROS2_REPAS/install/ur_description/share/ur_description/config/ur3e/joint_limits.yaml
[5.480s] -- Up-to-date symlink: /home/russell/ROS2_REPAS/install/ur_description/share/ur_description/config/ur3e/physical_parameters.yaml
[5.480s] -- Up-to-date symlink: /home/russell/ROS2_REPAS/install/ur_description/share/ur_description/config/ur3e/visual_parameters.yaml
[5.480s] -- Up-to-date symlink: /home/russell/ROS2_REPAS/install/ur_description/share/ur_description/config/ur5/default_kinematics.yaml
[5.480s] -- Up-to-date symlink: /home/russell/ROS2_REPAS/install/ur_description/share/ur_description/config/ur5/joint_limits.yaml
[5.480s] -- Up-to-date symlink: /home/russell/ROS2_REPAS/install/ur_description/share/ur_description/config/ur5/physical_parameters.yaml
[5.480s] -- Up-to-date symlink: /home/russell/ROS2_REPAS/install/ur_description/share/ur_description/config/ur5/visual_parameters.yaml
[5.480s] -- Up-to-date symlink: /home/russell/ROS2_REPAS/install/ur_description/share/ur_description/config/ur5e/default_kinematics.yaml
[5.480s] -- Up-to-date symlink: /home/russell/ROS2_REPAS/install/ur_description/share/ur_description/config/ur5e/joint_limits.yaml
[5.481s] -- Up-to-date symlink: /home/russell/ROS2_REPAS/install/ur_description/share/ur_description/config/ur5e/physical_parameters.yaml
[5.481s] -- Up-to-date symlink: /home/russell/ROS2_REPAS/install/ur_description/share/ur_description/config/ur5e/visual_parameters.yaml
[5.481s] -- Up-to-date symlink: /home/russell/ROS2_REPAS/install/ur_description/share/ur_description/config/ur7e/default_kinematics.yaml
[5.481s] -- Up-to-date symlink: /home/russell/ROS2_REPAS/install/ur_description/share/ur_description/config/ur7e/joint_limits.yaml
[5.481s] -- Up-to-date symlink: /home/russell/ROS2_REPAS/install/ur_description/share/ur_description/config/ur7e/physical_parameters.yaml
[5.481s] -- Up-to-date symlink: /home/russell/ROS2_REPAS/install/ur_description/share/ur_description/config/ur7e/visual_parameters.yaml
[5.481s] -- Up-to-date symlink: /home/russell/ROS2_REPAS/install/ur_description/share/ur_description/launch/view_ur.launch.py
[5.481s] -- Up-to-date symlink: /home/russell/ROS2_REPAS/install/ur_description/share/ur_description/meshes/ur10/collision/base.stl
[5.482s] -- Up-to-date symlink: /home/russell/ROS2_REPAS/install/ur_description/share/ur_description/meshes/ur10/collision/forearm.stl
[5.482s] -- Up-to-date symlink: /home/russell/ROS2_REPAS/install/ur_description/share/ur_description/meshes/ur10/collision/shoulder.stl
[5.482s] -- Up-to-date symlink: /home/russell/ROS2_REPAS/install/ur_description/share/ur_description/meshes/ur10/collision/upperarm.stl
[5.482s] -- Up-to-date symlink: /home/russell/ROS2_REPAS/install/ur_description/share/ur_description/meshes/ur10/collision/wrist1.stl
[5.482s] -- Up-to-date symlink: /home/russell/ROS2_REPAS/install/ur_description/share/ur_description/meshes/ur10/collision/wrist2.stl
[5.482s] -- Up-to-date symlink: /home/russell/ROS2_REPAS/install/ur_description/share/ur_description/meshes/ur10/collision/wrist3.stl
[5.482s] -- Up-to-date symlink: /home/russell/ROS2_REPAS/install/ur_description/share/ur_description/meshes/ur10/visual/base.dae
[5.483s] -- Up-to-date symlink: /home/russell/ROS2_REPAS/install/ur_description/share/ur_description/meshes/ur10/visual/forearm.dae
[5.483s] -- Up-to-date symlink: /home/russell/ROS2_REPAS/install/ur_description/share/ur_description/meshes/ur10/visual/shoulder.dae
[5.483s] -- Up-to-date symlink: /home/russell/ROS2_REPAS/install/ur_description/share/ur_description/meshes/ur10/visual/upperarm.dae
[5.483s] -- Up-to-date symlink: /home/russell/ROS2_REPAS/install/ur_description/share/ur_description/meshes/ur10/visual/wrist1.dae
[5.483s] -- Up-to-date symlink: /home/russell/ROS2_REPAS/install/ur_description/share/ur_description/meshes/ur10/visual/wrist2.dae
[5.483s] -- Up-to-date symlink: /home/russell/ROS2_REPAS/install/ur_description/share/ur_description/meshes/ur10/visual/wrist3.dae
[5.483s] -- Up-to-date symlink: /home/russell/ROS2_REPAS/install/ur_description/share/ur_description/meshes/ur10e/collision/base.stl
[5.483s] -- Up-to-date symlink: /home/russell/ROS2_REPAS/install/ur_description/share/ur_description/meshes/ur10e/collision/forearm.stl
[5.483s] -- Up-to-date symlink: /home/russell/ROS2_REPAS/install/ur_description/share/ur_description/meshes/ur10e/collision/shoulder.stl
[5.484s] -- Up-to-date symlink: /home/russell/ROS2_REPAS/install/ur_description/share/ur_description/meshes/ur10e/collision/upperarm.stl
[5.484s] -- Up-to-date symlink: /home/russell/ROS2_REPAS/install/ur_description/share/ur_description/meshes/ur10e/collision/wrist1.stl
[5.484s] -- Up-to-date symlink: /home/russell/ROS2_REPAS/install/ur_description/share/ur_description/meshes/ur10e/collision/wrist2.stl
[5.484s] -- Up-to-date symlink: /home/russell/ROS2_REPAS/install/ur_description/share/ur_description/meshes/ur10e/collision/wrist3.stl
[5.484s] -- Up-to-date symlink: /home/russell/ROS2_REPAS/install/ur_description/share/ur_description/meshes/ur10e/visual/base.dae
[5.484s] -- Up-to-date symlink: /home/russell/ROS2_REPAS/install/ur_description/share/ur_description/meshes/ur10e/visual/forearm.dae
[5.484s] -- Up-to-date symlink: /home/russell/ROS2_REPAS/install/ur_description/share/ur_description/meshes/ur10e/visual/shoulder.dae
[5.484s] -- Up-to-date symlink: /home/russell/ROS2_REPAS/install/ur_description/share/ur_description/meshes/ur10e/visual/upperarm.dae
[5.485s] -- Up-to-date symlink: /home/russell/ROS2_REPAS/install/ur_description/share/ur_description/meshes/ur10e/visual/wrist1.dae
[5.485s] -- Up-to-date symlink: /home/russell/ROS2_REPAS/install/ur_description/share/ur_description/meshes/ur10e/visual/wrist2.dae
[5.485s] -- Up-to-date symlink: /home/russell/ROS2_REPAS/install/ur_description/share/ur_description/meshes/ur10e/visual/wrist3.dae
[5.485s] -- Up-to-date symlink: /home/russell/ROS2_REPAS/install/ur_description/share/ur_description/meshes/ur16e/collision/forearm.stl
[5.485s] -- Up-to-date symlink: /home/russell/ROS2_REPAS/install/ur_description/share/ur_description/meshes/ur16e/collision/upperarm.stl
[5.485s] -- Up-to-date symlink: /home/russell/ROS2_REPAS/install/ur_description/share/ur_description/meshes/ur16e/visual/forearm.dae
[5.485s] -- Up-to-date symlink: /home/russell/ROS2_REPAS/install/ur_description/share/ur_description/meshes/ur16e/visual/upperarm.dae
[5.486s] -- Up-to-date symlink: /home/russell/ROS2_REPAS/install/ur_description/share/ur_description/meshes/ur20/LICENSE.txt
[5.486s] -- Up-to-date symlink: /home/russell/ROS2_REPAS/install/ur_description/share/ur_description/meshes/ur20/collision/base.stl
[5.486s] -- Up-to-date symlink: /home/russell/ROS2_REPAS/install/ur_description/share/ur_description/meshes/ur20/collision/forearm.stl
[5.486s] -- Up-to-date symlink: /home/russell/ROS2_REPAS/install/ur_description/share/ur_description/meshes/ur20/collision/shoulder.stl
[5.486s] -- Up-to-date symlink: /home/russell/ROS2_REPAS/install/ur_description/share/ur_description/meshes/ur20/collision/upperarm.stl
[5.486s] -- Up-to-date symlink: /home/russell/ROS2_REPAS/install/ur_description/share/ur_description/meshes/ur20/collision/wrist1.stl
[5.486s] -- Up-to-date symlink: /home/russell/ROS2_REPAS/install/ur_description/share/ur_description/meshes/ur20/collision/wrist2.stl
[5.486s] -- Up-to-date symlink: /home/russell/ROS2_REPAS/install/ur_description/share/ur_description/meshes/ur20/collision/wrist3.stl
[5.486s] -- Up-to-date symlink: /home/russell/ROS2_REPAS/install/ur_description/share/ur_description/meshes/ur20/visual/UR20_DIFF_8bit_2K.png
[5.487s] -- Up-to-date symlink: /home/russell/ROS2_REPAS/install/ur_description/share/ur_description/meshes/ur20/visual/base.dae
[5.487s] -- Up-to-date symlink: /home/russell/ROS2_REPAS/install/ur_description/share/ur_description/meshes/ur20/visual/forearm.dae
[5.487s] -- Up-to-date symlink: /home/russell/ROS2_REPAS/install/ur_description/share/ur_description/meshes/ur20/visual/shoulder.dae
[5.487s] -- Up-to-date symlink: /home/russell/ROS2_REPAS/install/ur_description/share/ur_description/meshes/ur20/visual/upperarm.dae
[5.487s] -- Up-to-date symlink: /home/russell/ROS2_REPAS/install/ur_description/share/ur_description/meshes/ur20/visual/wrist1.dae
[5.487s] -- Up-to-date symlink: /home/russell/ROS2_REPAS/install/ur_description/share/ur_description/meshes/ur20/visual/wrist2.dae
[5.487s] -- Up-to-date symlink: /home/russell/ROS2_REPAS/install/ur_description/share/ur_description/meshes/ur20/visual/wrist3.dae
[5.487s] -- Up-to-date symlink: /home/russell/ROS2_REPAS/install/ur_description/share/ur_description/meshes/ur3/collision/base.stl
[5.488s] -- Up-to-date symlink: /home/russell/ROS2_REPAS/install/ur_description/share/ur_description/meshes/ur3/collision/forearm.stl
[5.488s] -- Up-to-date symlink: /home/russell/ROS2_REPAS/install/ur_description/share/ur_description/meshes/ur3/collision/shoulder.stl
[5.488s] -- Up-to-date symlink: /home/russell/ROS2_REPAS/install/ur_description/share/ur_description/meshes/ur3/collision/upperarm.stl
[5.488s] -- Up-to-date symlink: /home/russell/ROS2_REPAS/install/ur_description/share/ur_description/meshes/ur3/collision/wrist1.stl
[5.488s] -- Up-to-date symlink: /home/russell/ROS2_REPAS/install/ur_description/share/ur_description/meshes/ur3/collision/wrist2.stl
[5.488s] -- Up-to-date symlink: /home/russell/ROS2_REPAS/install/ur_description/share/ur_description/meshes/ur3/collision/wrist3.stl
[5.488s] -- Up-to-date symlink: /home/russell/ROS2_REPAS/install/ur_description/share/ur_description/meshes/ur3/visual/base.dae
[5.488s] -- Up-to-date symlink: /home/russell/ROS2_REPAS/install/ur_description/share/ur_description/meshes/ur3/visual/forearm.dae
[5.489s] -- Up-to-date symlink: /home/russell/ROS2_REPAS/install/ur_description/share/ur_description/meshes/ur3/visual/shoulder.dae
[5.489s] -- Up-to-date symlink: /home/russell/ROS2_REPAS/install/ur_description/share/ur_description/meshes/ur3/visual/upperarm.dae
[5.489s] -- Up-to-date symlink: /home/russell/ROS2_REPAS/install/ur_description/share/ur_description/meshes/ur3/visual/wrist1.dae
[5.489s] -- Up-to-date symlink: /home/russell/ROS2_REPAS/install/ur_description/share/ur_description/meshes/ur3/visual/wrist2.dae
[5.489s] -- Up-to-date symlink: /home/russell/ROS2_REPAS/install/ur_description/share/ur_description/meshes/ur3/visual/wrist3.dae
[5.489s] -- Up-to-date symlink: /home/russell/ROS2_REPAS/install/ur_description/share/ur_description/meshes/ur30/LICENSE.txt
[5.489s] -- Up-to-date symlink: /home/russell/ROS2_REPAS/install/ur_description/share/ur_description/meshes/ur30/collision/forearm.stl
[5.489s] -- Up-to-date symlink: /home/russell/ROS2_REPAS/install/ur_description/share/ur_description/meshes/ur30/collision/upperarm.stl
[5.490s] -- Up-to-date symlink: /home/russell/ROS2_REPAS/install/ur_description/share/ur_description/meshes/ur30/visual/UR30_DIFF_8bit_2K.png
[5.490s] -- Up-to-date symlink: /home/russell/ROS2_REPAS/install/ur_description/share/ur_description/meshes/ur30/visual/forearm.dae
[5.490s] -- Up-to-date symlink: /home/russell/ROS2_REPAS/install/ur_description/share/ur_description/meshes/ur30/visual/upperarm.dae
[5.490s] -- Up-to-date symlink: /home/russell/ROS2_REPAS/install/ur_description/share/ur_description/meshes/ur3e/collision/base.stl
[5.490s] -- Up-to-date symlink: /home/russell/ROS2_REPAS/install/ur_description/share/ur_description/meshes/ur3e/collision/forearm.stl
[5.490s] -- Up-to-date symlink: /home/russell/ROS2_REPAS/install/ur_description/share/ur_description/meshes/ur3e/collision/shoulder.stl
[5.490s] -- Up-to-date symlink: /home/russell/ROS2_REPAS/install/ur_description/share/ur_description/meshes/ur3e/collision/upperarm.stl
[5.490s] -- Up-to-date symlink: /home/russell/ROS2_REPAS/install/ur_description/share/ur_description/meshes/ur3e/collision/wrist1.stl
[5.491s] -- Up-to-date symlink: /home/russell/ROS2_REPAS/install/ur_description/share/ur_description/meshes/ur3e/collision/wrist2.stl
[5.491s] -- Up-to-date symlink: /home/russell/ROS2_REPAS/install/ur_description/share/ur_description/meshes/ur3e/collision/wrist3.stl
[5.491s] -- Up-to-date symlink: /home/russell/ROS2_REPAS/install/ur_description/share/ur_description/meshes/ur3e/visual/base.dae
[5.491s] -- Up-to-date symlink: /home/russell/ROS2_REPAS/install/ur_description/share/ur_description/meshes/ur3e/visual/forearm.dae
[5.491s] -- Up-to-date symlink: /home/russell/ROS2_REPAS/install/ur_description/share/ur_description/meshes/ur3e/visual/shoulder.dae
[5.491s] -- Up-to-date symlink: /home/russell/ROS2_REPAS/install/ur_description/share/ur_description/meshes/ur3e/visual/upperarm.dae
[5.491s] -- Up-to-date symlink: /home/russell/ROS2_REPAS/install/ur_description/share/ur_description/meshes/ur3e/visual/wrist1.dae
[5.491s] -- Up-to-date symlink: /home/russell/ROS2_REPAS/install/ur_description/share/ur_description/meshes/ur3e/visual/wrist2.dae
[5.492s] -- Up-to-date symlink: /home/russell/ROS2_REPAS/install/ur_description/share/ur_description/meshes/ur3e/visual/wrist3.dae
[5.492s] -- Up-to-date symlink: /home/russell/ROS2_REPAS/install/ur_description/share/ur_description/meshes/ur5/collision/base.stl
[5.492s] -- Up-to-date symlink: /home/russell/ROS2_REPAS/install/ur_description/share/ur_description/meshes/ur5/collision/forearm.stl
[5.492s] -- Up-to-date symlink: /home/russell/ROS2_REPAS/install/ur_description/share/ur_description/meshes/ur5/collision/shoulder.stl
[5.492s] -- Up-to-date symlink: /home/russell/ROS2_REPAS/install/ur_description/share/ur_description/meshes/ur5/collision/upperarm.stl
[5.492s] -- Up-to-date symlink: /home/russell/ROS2_REPAS/install/ur_description/share/ur_description/meshes/ur5/collision/wrist1.stl
[5.492s] -- Up-to-date symlink: /home/russell/ROS2_REPAS/install/ur_description/share/ur_description/meshes/ur5/collision/wrist2.stl
[5.493s] -- Up-to-date symlink: /home/russell/ROS2_REPAS/install/ur_description/share/ur_description/meshes/ur5/collision/wrist3.stl
[5.493s] -- Up-to-date symlink: /home/russell/ROS2_REPAS/install/ur_description/share/ur_description/meshes/ur5/visual/base.dae
[5.493s] -- Up-to-date symlink: /home/russell/ROS2_REPAS/install/ur_description/share/ur_description/meshes/ur5/visual/forearm.dae
[5.493s] -- Up-to-date symlink: /home/russell/ROS2_REPAS/install/ur_description/share/ur_description/meshes/ur5/visual/shoulder.dae
[5.493s] -- Up-to-date symlink: /home/russell/ROS2_REPAS/install/ur_description/share/ur_description/meshes/ur5/visual/upperarm.dae
[5.493s] -- Up-to-date symlink: /home/russell/ROS2_REPAS/install/ur_description/share/ur_description/meshes/ur5/visual/wrist1.dae
[5.493s] -- Up-to-date symlink: /home/russell/ROS2_REPAS/install/ur_description/share/ur_description/meshes/ur5/visual/wrist2.dae
[5.493s] -- Up-to-date symlink: /home/russell/ROS2_REPAS/install/ur_description/share/ur_description/meshes/ur5/visual/wrist3.dae
[5.494s] -- Up-to-date symlink: /home/russell/ROS2_REPAS/install/ur_description/share/ur_description/meshes/ur5e/collision/base.stl
[5.494s] -- Up-to-date symlink: /home/russell/ROS2_REPAS/install/ur_description/share/ur_description/meshes/ur5e/collision/forearm.stl
[5.494s] -- Up-to-date symlink: /home/russell/ROS2_REPAS/install/ur_description/share/ur_description/meshes/ur5e/collision/shoulder.stl
[5.494s] -- Up-to-date symlink: /home/russell/ROS2_REPAS/install/ur_description/share/ur_description/meshes/ur5e/collision/upperarm.stl
[5.494s] -- Up-to-date symlink: /home/russell/ROS2_REPAS/install/ur_description/share/ur_description/meshes/ur5e/collision/wrist1.stl
[5.494s] -- Up-to-date symlink: /home/russell/ROS2_REPAS/install/ur_description/share/ur_description/meshes/ur5e/collision/wrist2.stl
[5.494s] -- Up-to-date symlink: /home/russell/ROS2_REPAS/install/ur_description/share/ur_description/meshes/ur5e/collision/wrist3.stl
[5.494s] -- Up-to-date symlink: /home/russell/ROS2_REPAS/install/ur_description/share/ur_description/meshes/ur5e/visual/base.dae
[5.494s] -- Up-to-date symlink: /home/russell/ROS2_REPAS/install/ur_description/share/ur_description/meshes/ur5e/visual/forearm.dae
[5.495s] -- Up-to-date symlink: /home/russell/ROS2_REPAS/install/ur_description/share/ur_description/meshes/ur5e/visual/shoulder.dae
[5.495s] -- Up-to-date symlink: /home/russell/ROS2_REPAS/install/ur_description/share/ur_description/meshes/ur5e/visual/upperarm.dae
[5.495s] -- Up-to-date symlink: /home/russell/ROS2_REPAS/install/ur_description/share/ur_description/meshes/ur5e/visual/wrist1.dae
[5.495s] -- Up-to-date symlink: /home/russell/ROS2_REPAS/install/ur_description/share/ur_description/meshes/ur5e/visual/wrist2.dae
[5.495s] -- Up-to-date symlink: /home/russell/ROS2_REPAS/install/ur_description/share/ur_description/meshes/ur5e/visual/wrist3.dae
[5.495s] -- Up-to-date symlink: /home/russell/ROS2_REPAS/install/ur_description/share/ur_description/rviz/view_robot.rviz
[5.495s] -- Up-to-date symlink: /home/russell/ROS2_REPAS/install/ur_description/share/ur_description/urdf/inc/ur_common.xacro
[5.495s] -- Up-to-date symlink: /home/russell/ROS2_REPAS/install/ur_description/share/ur_description/urdf/inc/ur_joint_control.xacro
[5.496s] -- Up-to-date symlink: /home/russell/ROS2_REPAS/install/ur_description/share/ur_description/urdf/inc/ur_sensors.xacro
[5.496s] -- Up-to-date symlink: /home/russell/ROS2_REPAS/install/ur_description/share/ur_description/urdf/inc/ur_transmissions.xacro
[5.496s] -- Up-to-date symlink: /home/russell/ROS2_REPAS/install/ur_description/share/ur_description/urdf/ros2_control_mock_hardware.xacro
[5.496s] -- Up-to-date symlink: /home/russell/ROS2_REPAS/install/ur_description/share/ur_description/urdf/ur.urdf.xacro
[5.496s] -- Up-to-date symlink: /home/russell/ROS2_REPAS/install/ur_description/share/ur_description/urdf/ur_macro.xacro
[5.496s] -- Up-to-date symlink: /home/russell/ROS2_REPAS/install/ur_description/share/ur_description/urdf/ur_mocked.urdf.xacro
[5.496s] -- Up-to-date symlink: /home/russell/ROS2_REPAS/install/ur_description/share/ur_description/test/test_ur_urdf_xacro.py
[5.496s] -- Up-to-date symlink: /home/russell/ROS2_REPAS/install/ur_description/share/ur_description/test/test_view_ur_launch.py
[5.497s] -- Up-to-date symlink: /home/russell/ROS2_REPAS/install/ur_description/share/ament_index/resource_index/package_run_dependencies/ur_description
[5.497s] -- Up-to-date symlink: /home/russell/ROS2_REPAS/install/ur_description/share/ament_index/resource_index/parent_prefix_path/ur_description
[5.497s] -- Up-to-date symlink: /home/russell/ROS2_REPAS/install/ur_description/share/ur_description/environment/ament_prefix_path.sh
[5.497s] -- Up-to-date symlink: /home/russell/ROS2_REPAS/install/ur_description/share/ur_description/environment/ament_prefix_path.dsv
[5.497s] -- Up-to-date symlink: /home/russell/ROS2_REPAS/install/ur_description/share/ur_description/environment/path.sh
[5.497s] -- Up-to-date symlink: /home/russell/ROS2_REPAS/install/ur_description/share/ur_description/environment/path.dsv
[5.497s] -- Up-to-date symlink: /home/russell/ROS2_REPAS/install/ur_description/share/ur_description/local_setup.bash
[5.497s] -- Up-to-date symlink: /home/russell/ROS2_REPAS/install/ur_description/share/ur_description/local_setup.sh
[5.498s] -- Up-to-date symlink: /home/russell/ROS2_REPAS/install/ur_description/share/ur_description/local_setup.zsh
[5.498s] -- Up-to-date symlink: /home/russell/ROS2_REPAS/install/ur_description/share/ur_description/local_setup.dsv
[5.498s] -- Symlinking: /home/russell/ROS2_REPAS/install/ur_description/share/ur_description/package.dsv
[5.511s] -- Up-to-date symlink: /home/russell/ROS2_REPAS/install/ur_description/share/ament_index/resource_index/packages/ur_description
[5.511s] -- Up-to-date symlink: /home/russell/ROS2_REPAS/install/ur_description/share/ur_description/cmake/ur_descriptionConfig.cmake
[5.511s] -- Up-to-date symlink: /home/russell/ROS2_REPAS/install/ur_description/share/ur_description/cmake/ur_descriptionConfig-version.cmake
[5.511s] -- Up-to-date symlink: /home/russell/ROS2_REPAS/install/ur_description/share/ur_description/package.xml
[5.514s] Invoked command in '/home/russell/ROS2_REPAS/build/ur_description' returned '0': CMAKE_PREFIX_PATH=${CMAKE_PREFIX_PATH}:/opt/ros/jazzy DEBUGINFOD_URLS=https://debuginfod.ubuntu.com /usr/bin/cmake --install /home/russell/ROS2_REPAS/build/ur_description
