[0.013s] Invoking command in '/home/russell/ROS2_REPAS/build/ur5e_moveit_demo': CMAKE_PREFIX_PATH=/home/russell/ROS2_REPAS/install/ur_simulation_gz:/home/russell/ROS2_REPAS/install/ur_description:/home/russell/ROS2_REPAS/install/ur5e_moveit_demo:/home/russell/ROS2_REPAS/install/robotiq_2f_gripper_hardware:/home/russell/ROS2_REPAS/install/robotiq_2f_gripper_interfaces:/home/russell/ROS2_REPAS/install/serial:/home/russell/ROS2_REPAS/install/robotiq_2f_gripper_msgs:/home/russell/ROS2_REPAS/install/robotiq_2f_gripper_description:/opt/ros/jazzy/opt/gz_sim_vendor:/opt/ros/jazzy/opt/gz_sensors_vendor:/opt/ros/jazzy/opt/gz_physics_vendor:/opt/ros/jazzy/opt/sdformat_vendor:/opt/ros/jazzy/opt/gz_gui_vendor:/opt/ros/jazzy/opt/gz_transport_vendor:/opt/ros/jazzy/opt/gz_rendering_vendor:/opt/ros/jazzy/opt/gz_plugin_vendor:/opt/ros/jazzy/opt/gz_fuel_tools_vendor:/opt/ros/jazzy/opt/gz_msgs_vendor:/opt/ros/jazzy/opt/gz_common_vendor:/opt/ros/jazzy/opt/gz_math_vendor:/opt/ros/jazzy/opt/gz_utils_vendor:/opt/ros/jazzy/opt/gz_tools_vendor:/opt/ros/jazzy/opt/gz_ogre_next_vendor:/opt/ros/jazzy/opt/gz_dartsim_vendor:/opt/ros/jazzy/opt/gz_cmake_vendor:/home/russell/ROS2_REPAS/install/camera_sensor:/opt/ros/jazzy DEBUGINFOD_URLS=https://debuginfod.ubuntu.com /usr/bin/cmake --build /home/russell/ROS2_REPAS/build/ur5e_moveit_demo -- -j24 -l24
[0.091s] [  6%] Built target rpm_continuous
[0.093s] [ 26%] Built target rpm_simple
[0.093s] [ 26%] Built target waypoint_grid
[0.093s] [ 26%] Built target home
[0.093s] [ 40%] Built target hydroponic_waypoint_grid
[0.093s] [ 40%] Built target russell_script1
[0.094s] [ 46%] Built target move_ur5e
[0.095s] [ 53%] Built target hydroponic_waypoint_grid_v2
[0.095s] [ 60%] Built target parlight_grid_with_cadsensor
[0.097s] [ 66%] Built target rpm_simple_with_data
[0.097s] [ 76%] Built target parlight_grid
[0.097s] [ 80%] Built target parlight_grid_with_hydrosystem
[0.097s] [ 86%] Built target rpm_pos_agnostic_with_data
[0.099s] [ 93%] Built target parlight_grid_with_parsensor
[0.112s] [ 96%] [32mBuilding CXX object CMakeFiles/rpm_continuous_data.dir/src/rpm_continuous_data.cpp.o[0m
[2.839s] In file included from [01m[K/home/russell/ROS2_REPAS/src/ur5e_moveit_demo/src/rpm_continuous_data.cpp:11[m[K:
[2.839s] [01m[K/opt/ros/jazzy/include/moveit_ros_planning_interface/moveit/move_group_interface/move_group_interface.h:51:77:[m[K [01;36m[Knote: [m[K‘[01m[K#pragma message: .h header is obsolete. Please use the .hpp header instead.[m[K’
[2.839s]    51 | #pragma message(".h header is obsolete. Please use the .hpp header instead."[01;36m[K)[m[K
[2.839s]       |                                                                             [01;36m[K^[m[K
[4.473s] In file included from [01m[K/home/russell/ROS2_REPAS/src/ur5e_moveit_demo/src/rpm_continuous_data.cpp:12[m[K:
[4.473s] [01m[K/opt/ros/jazzy/include/moveit_ros_planning_interface/moveit/planning_scene_interface/planning_scene_interface.h:50:77:[m[K [01;36m[Knote: [m[K‘[01m[K#pragma message: .h header is obsolete. Please use the .hpp header instead.[m[K’
[4.473s]    50 | #pragma message(".h header is obsolete. Please use the .hpp header instead."[01;36m[K)[m[K
[4.473s]       |                                                                             [01;36m[K^[m[K
[4.484s] In file included from [01m[K/home/russell/ROS2_REPAS/src/ur5e_moveit_demo/src/rpm_continuous_data.cpp:20[m[K:
[4.485s] [01m[K/opt/ros/jazzy/include/moveit_core/moveit/robot_state/robot_state.h:51:77:[m[K [01;36m[Knote: [m[K‘[01m[K#pragma message: .h header is obsolete. Please use the .hpp header instead.[m[K’
[4.485s]    51 | #pragma message(".h header is obsolete. Please use the .hpp header instead."[01;36m[K)[m[K
[4.485s]       |                                                                             [01;36m[K^[m[K
[4.485s] In file included from [01m[K/home/russell/ROS2_REPAS/src/ur5e_moveit_demo/src/rpm_continuous_data.cpp:21[m[K:
[4.485s] [01m[K/opt/ros/jazzy/include/moveit_ros_planning/moveit/robot_model_loader/robot_model_loader.h:50:77:[m[K [01;36m[Knote: [m[K‘[01m[K#pragma message: .h header is obsolete. Please use the .hpp header instead.[m[K’
[4.485s]    50 | #pragma message(".h header is obsolete. Please use the .hpp header instead."[01;36m[K)[m[K
[4.485s]       |                                                                             [01;36m[K^[m[K
[4.682s] [01m[K/home/russell/ROS2_REPAS/src/ur5e_moveit_demo/src/rpm_continuous_data.cpp:[m[K In function ‘[01m[Kvoid[01;32m[K logCurrentOrientation[m[K(std::ofstream&, moveit::core::RobotStatePtr, const moveit::planning_interface::MoveGroupInterface&)[m[K’:
[4.682s] [01m[K/home/russell/ROS2_REPAS/src/ur5e_moveit_demo/src/rpm_continuous_data.cpp:80:38:[m[K [01;31m[Kerror: [m[K‘[01m[Kclass Eigen::Transform<double, 3, 1>[m[K’ has no member named ‘[01m[KgetRotation[m[K’; did you mean ‘[01m[Krotation[m[K’?
[4.682s]    80 |     tf2::Quaternion q = ee_transform.[01;31m[KgetRotation[m[K();
[4.682s]       |                                      [01;31m[K^~~~~~~~~~~[m[K
[4.682s]       |                                      [32m[Krotation[m[K
[7.780s] gmake[2]: *** [CMakeFiles/rpm_continuous_data.dir/build.make:76: CMakeFiles/rpm_continuous_data.dir/src/rpm_continuous_data.cpp.o] Error 1
[7.781s] gmake[1]: *** [CMakeFiles/Makefile2:529: CMakeFiles/rpm_continuous_data.dir/all] Error 2
[7.781s] gmake: *** [Makefile:146: all] Error 2
[7.785s] Invoked command in '/home/russell/ROS2_REPAS/build/ur5e_moveit_demo' returned '2': CMAKE_PREFIX_PATH=/home/russell/ROS2_REPAS/install/ur_simulation_gz:/home/russell/ROS2_REPAS/install/ur_description:/home/russell/ROS2_REPAS/install/ur5e_moveit_demo:/home/russell/ROS2_REPAS/install/robotiq_2f_gripper_hardware:/home/russell/ROS2_REPAS/install/robotiq_2f_gripper_interfaces:/home/russell/ROS2_REPAS/install/serial:/home/russell/ROS2_REPAS/install/robotiq_2f_gripper_msgs:/home/russell/ROS2_REPAS/install/robotiq_2f_gripper_description:/opt/ros/jazzy/opt/gz_sim_vendor:/opt/ros/jazzy/opt/gz_sensors_vendor:/opt/ros/jazzy/opt/gz_physics_vendor:/opt/ros/jazzy/opt/sdformat_vendor:/opt/ros/jazzy/opt/gz_gui_vendor:/opt/ros/jazzy/opt/gz_transport_vendor:/opt/ros/jazzy/opt/gz_rendering_vendor:/opt/ros/jazzy/opt/gz_plugin_vendor:/opt/ros/jazzy/opt/gz_fuel_tools_vendor:/opt/ros/jazzy/opt/gz_msgs_vendor:/opt/ros/jazzy/opt/gz_common_vendor:/opt/ros/jazzy/opt/gz_math_vendor:/opt/ros/jazzy/opt/gz_utils_vendor:/opt/ros/jazzy/opt/gz_tools_vendor:/opt/ros/jazzy/opt/gz_ogre_next_vendor:/opt/ros/jazzy/opt/gz_dartsim_vendor:/opt/ros/jazzy/opt/gz_cmake_vendor:/home/russell/ROS2_REPAS/install/camera_sensor:/opt/ros/jazzy DEBUGINFOD_URLS=https://debuginfod.ubuntu.com /usr/bin/cmake --build /home/russell/ROS2_REPAS/build/ur5e_moveit_demo -- -j24 -l24
