[0.815s] Invoking command in '/home/russell/ROS2_REPAS/build/camera_sensor': DEBUGINFOD_URLS=https://debuginfod.ubuntu.com PYTHONPATH=/home/russell/ROS2_REPAS/build/camera_sensor/prefix_override:/usr/lib/python3/dist-packages/colcon_core/task/python/colcon_distutils_commands:/home/russell/ROS2_REPAS/install/camera_sensor/lib/python3.12/site-packages:${PYTHONPATH} /usr/bin/python3 -W ignore:setup.py install is deprecated -W ignore:easy_install command is deprecated setup.py develop --uninstall --editable --build-directory /home/russell/ROS2_REPAS/build/camera_sensor/build
[1.100s] running develop
[1.278s] /usr/lib/python3/dist-packages/setuptools/command/easy_install.py:363: UserWarning: Unbuilt egg for pytest-repeat [unknown version] (/usr/lib/python3/dist-packages)
[1.278s]   self.local_index = Environment(self.shadow_path + sys.path)
[1.317s] Removing /home/russell/ROS2_REPAS/install/camera_sensor/lib/python3.12/site-packages/camera-sensor.egg-link (link to .)
[1.350s] Invoked command in '/home/russell/ROS2_REPAS/build/camera_sensor' returned '0': DEBUGINFOD_URLS=https://debuginfod.ubuntu.com PYTHONPATH=/home/russell/ROS2_REPAS/build/camera_sensor/prefix_override:/usr/lib/python3/dist-packages/colcon_core/task/python/colcon_distutils_commands:/home/russell/ROS2_REPAS/install/camera_sensor/lib/python3.12/site-packages:${PYTHONPATH} /usr/bin/python3 -W ignore:setup.py install is deprecated -W ignore:easy_install command is deprecated setup.py develop --uninstall --editable --build-directory /home/russell/ROS2_REPAS/build/camera_sensor/build
[1.351s] Invoking command in '/home/russell/ROS2_REPAS/src/camera_sensor': DEBUGINFOD_URLS=https://debuginfod.ubuntu.com PYTHONPATH=/home/russell/ROS2_REPAS/build/camera_sensor/prefix_override:/usr/lib/python3/dist-packages/colcon_core/task/python/colcon_distutils_commands:/home/russell/ROS2_REPAS/install/camera_sensor/lib/python3.12/site-packages:${PYTHONPATH} /usr/bin/python3 -W ignore:setup.py install is deprecated -W ignore:easy_install command is deprecated setup.py egg_info --egg-base ../../build/camera_sensor build --build-base /home/russell/ROS2_REPAS/build/camera_sensor/build install --record /home/russell/ROS2_REPAS/build/camera_sensor/install.log --single-version-externally-managed install_data --force
[1.599s] running egg_info
[1.619s] writing ../../build/camera_sensor/camera_sensor.egg-info/PKG-INFO
[1.619s] writing dependency_links to ../../build/camera_sensor/camera_sensor.egg-info/dependency_links.txt
[1.619s] writing entry points to ../../build/camera_sensor/camera_sensor.egg-info/entry_points.txt
[1.619s] writing requirements to ../../build/camera_sensor/camera_sensor.egg-info/requires.txt
[1.620s] writing top-level names to ../../build/camera_sensor/camera_sensor.egg-info/top_level.txt
[1.659s] reading manifest file '../../build/camera_sensor/camera_sensor.egg-info/SOURCES.txt'
[1.660s] writing manifest file '../../build/camera_sensor/camera_sensor.egg-info/SOURCES.txt'
[1.660s] running build
[1.660s] running build_py
[1.660s] creating /home/russell/ROS2_REPAS/build/camera_sensor/build
[1.660s] creating /home/russell/ROS2_REPAS/build/camera_sensor/build/lib
[1.660s] creating /home/russell/ROS2_REPAS/build/camera_sensor/build/lib/camera_sensor
[1.660s] copying camera_sensor/__init__.py -> /home/russell/ROS2_REPAS/build/camera_sensor/build/lib/camera_sensor
[1.660s] copying camera_sensor/camera_return_z.py -> /home/russell/ROS2_REPAS/build/camera_sensor/build/lib/camera_sensor
[1.660s] running install
[1.666s] running install_lib
[1.685s] creating /home/russell/ROS2_REPAS/install/camera_sensor/lib/python3.12/site-packages/camera_sensor
[1.685s] copying /home/russell/ROS2_REPAS/build/camera_sensor/build/lib/camera_sensor/__init__.py -> /home/russell/ROS2_REPAS/install/camera_sensor/lib/python3.12/site-packages/camera_sensor
[1.685s] copying /home/russell/ROS2_REPAS/build/camera_sensor/build/lib/camera_sensor/camera_return_z.py -> /home/russell/ROS2_REPAS/install/camera_sensor/lib/python3.12/site-packages/camera_sensor
[1.686s] byte-compiling /home/russell/ROS2_REPAS/install/camera_sensor/lib/python3.12/site-packages/camera_sensor/__init__.py to __init__.cpython-312.pyc
[1.686s] byte-compiling /home/russell/ROS2_REPAS/install/camera_sensor/lib/python3.12/site-packages/camera_sensor/camera_return_z.py to camera_return_z.cpython-312.pyc
[1.686s] Sorry: IndentationError: expected an indented block after 'with' statement on line 18 (camera_return_z.py, line 19)
[1.687s] running install_data
[1.687s] copying resource/camera_sensor -> /home/russell/ROS2_REPAS/install/camera_sensor/share/ament_index/resource_index/packages
[1.687s] copying package.xml -> /home/russell/ROS2_REPAS/install/camera_sensor/share/camera_sensor
[1.687s] copying camera_z_data/camera_z.txt -> /home/russell/ROS2_REPAS/install/camera_sensor/share/camera_sensor/camera_z_data
[1.687s] running install_egg_info
[1.708s] Copying ../../build/camera_sensor/camera_sensor.egg-info to /home/russell/ROS2_REPAS/install/camera_sensor/lib/python3.12/site-packages/camera_sensor-0.0.0-py3.12.egg-info
[1.708s] running install_scripts
[1.839s] Installing camera_return_z_publisher script to /home/russell/ROS2_REPAS/install/camera_sensor/lib/camera_sensor
[1.839s] writing list of installed files to '/home/russell/ROS2_REPAS/build/camera_sensor/install.log'
[1.871s] Invoked command in '/home/russell/ROS2_REPAS/src/camera_sensor' returned '0': DEBUGINFOD_URLS=https://debuginfod.ubuntu.com PYTHONPATH=/home/russell/ROS2_REPAS/build/camera_sensor/prefix_override:/usr/lib/python3/dist-packages/colcon_core/task/python/colcon_distutils_commands:/home/russell/ROS2_REPAS/install/camera_sensor/lib/python3.12/site-packages:${PYTHONPATH} /usr/bin/python3 -W ignore:setup.py install is deprecated -W ignore:easy_install command is deprecated setup.py egg_info --egg-base ../../build/camera_sensor build --build-base /home/russell/ROS2_REPAS/build/camera_sensor/build install --record /home/russell/ROS2_REPAS/build/camera_sensor/install.log --single-version-externally-managed install_data --force
