[0.071s] DEBUG:colcon:Command line arguments: ['/usr/bin/colcon', 'build']
[0.071s] DEBUG:colcon:Parsed command line arguments: Namespace(log_base=None, log_level=None, verb_name='build', build_base='build', install_base='install', merge_install=False, symlink_install=False, test_result_base=None, continue_on_error=False, executor='parallel', parallel_workers=24, event_handlers=None, ignore_user_meta=False, metas=['./colcon.meta'], base_paths=['.'], packages_ignore=None, packages_ignore_regex=None, paths=None, packages_up_to=None, packages_up_to_regex=None, packages_above=None, packages_above_and_dependencies=None, packages_above_depth=None, packages_select_by_dep=None, packages_skip_by_dep=None, packages_skip_up_to=None, packages_select_build_failed=False, packages_skip_build_finished=False, packages_select_test_failures=False, packages_skip_test_passed=False, packages_select=None, packages_skip=None, packages_select_regex=None, packages_skip_regex=None, packages_start=None, packages_end=None, allow_overriding=[], cmake_args=None, cmake_target=None, cmake_target_skip_unavailable=False, cmake_clean_cache=False, cmake_clean_first=False, cmake_force_configure=False, ament_cmake_args=None, catkin_cmake_args=None, catkin_skip_building_tests=False, mixin_files=None, mixin=None, verb_parser=<colcon_mixin.mixin.mixin_argument.MixinArgumentDecorator object at 0x76de8d01f140>, verb_extension=<colcon_core.verb.build.BuildVerb object at 0x76de8d13f6b0>, main=<bound method BuildVerb.main of <colcon_core.verb.build.BuildVerb object at 0x76de8d13f6b0>>, mixin_verb=('build',))
[0.101s] Level 1:colcon.colcon_core.package_discovery:discover_packages(colcon_meta) check parameters
[0.102s] Level 1:colcon.colcon_core.package_discovery:discover_packages(recursive) check parameters
[0.102s] Level 1:colcon.colcon_core.package_discovery:discover_packages(ignore) check parameters
[0.102s] Level 1:colcon.colcon_core.package_discovery:discover_packages(path) check parameters
[0.102s] Level 1:colcon.colcon_core.package_discovery:discover_packages(colcon_meta) discover
[0.102s] Level 1:colcon.colcon_core.package_discovery:discover_packages(recursive) discover
[0.102s] INFO:colcon.colcon_core.package_discovery:Crawling recursively for packages in '/home/russell/ROS2_REPAS'
[0.102s] Level 1:colcon.colcon_core.package_identification:_identify(.) by extensions ['ignore', 'ignore_ament_install']
[0.102s] Level 1:colcon.colcon_core.package_identification:_identify(.) by extension 'ignore'
[0.102s] Level 1:colcon.colcon_core.package_identification:_identify(.) by extension 'ignore_ament_install'
[0.102s] Level 1:colcon.colcon_core.package_identification:_identify(.) by extensions ['colcon_pkg']
[0.102s] Level 1:colcon.colcon_core.package_identification:_identify(.) by extension 'colcon_pkg'
[0.102s] Level 1:colcon.colcon_core.package_identification:_identify(.) by extensions ['colcon_meta']
[0.102s] Level 1:colcon.colcon_core.package_identification:_identify(.) by extension 'colcon_meta'
[0.102s] Level 1:colcon.colcon_core.package_identification:_identify(.) by extensions ['ros']
[0.102s] Level 1:colcon.colcon_core.package_identification:_identify(.) by extension 'ros'
[0.121s] Level 1:colcon.colcon_core.package_identification:_identify(.) by extensions ['cmake', 'python']
[0.121s] Level 1:colcon.colcon_core.package_identification:_identify(.) by extension 'cmake'
[0.121s] Level 1:colcon.colcon_core.package_identification:_identify(.) by extension 'python'
[0.121s] Level 1:colcon.colcon_core.package_identification:_identify(.) by extensions ['python_setup_py']
[0.121s] Level 1:colcon.colcon_core.package_identification:_identify(.) by extension 'python_setup_py'
[0.121s] Level 1:colcon.colcon_core.package_identification:_identify(build) by extensions ['ignore', 'ignore_ament_install']
[0.121s] Level 1:colcon.colcon_core.package_identification:_identify(build) by extension 'ignore'
[0.121s] Level 1:colcon.colcon_core.package_identification:_identify(build) ignored
[0.121s] Level 1:colcon.colcon_core.package_identification:_identify(install) by extensions ['ignore', 'ignore_ament_install']
[0.122s] Level 1:colcon.colcon_core.package_identification:_identify(install) by extension 'ignore'
[0.122s] Level 1:colcon.colcon_core.package_identification:_identify(install) ignored
[0.122s] Level 1:colcon.colcon_core.package_identification:_identify(log) by extensions ['ignore', 'ignore_ament_install']
[0.122s] Level 1:colcon.colcon_core.package_identification:_identify(log) by extension 'ignore'
[0.122s] Level 1:colcon.colcon_core.package_identification:_identify(log) ignored
[0.122s] Level 1:colcon.colcon_core.package_identification:_identify(src) by extensions ['ignore', 'ignore_ament_install']
[0.122s] Level 1:colcon.colcon_core.package_identification:_identify(src) by extension 'ignore'
[0.122s] Level 1:colcon.colcon_core.package_identification:_identify(src) by extension 'ignore_ament_install'
[0.122s] Level 1:colcon.colcon_core.package_identification:_identify(src) by extensions ['colcon_pkg']
[0.122s] Level 1:colcon.colcon_core.package_identification:_identify(src) by extension 'colcon_pkg'
[0.122s] Level 1:colcon.colcon_core.package_identification:_identify(src) by extensions ['colcon_meta']
[0.122s] Level 1:colcon.colcon_core.package_identification:_identify(src) by extension 'colcon_meta'
[0.122s] Level 1:colcon.colcon_core.package_identification:_identify(src) by extensions ['ros']
[0.122s] Level 1:colcon.colcon_core.package_identification:_identify(src) by extension 'ros'
[0.122s] Level 1:colcon.colcon_core.package_identification:_identify(src) by extensions ['cmake', 'python']
[0.122s] Level 1:colcon.colcon_core.package_identification:_identify(src) by extension 'cmake'
[0.122s] Level 1:colcon.colcon_core.package_identification:_identify(src) by extension 'python'
[0.122s] Level 1:colcon.colcon_core.package_identification:_identify(src) by extensions ['python_setup_py']
[0.122s] Level 1:colcon.colcon_core.package_identification:_identify(src) by extension 'python_setup_py'
[0.122s] Level 1:colcon.colcon_core.package_identification:_identify(src/Universal_Robots_ROS2_Description) by extensions ['ignore', 'ignore_ament_install']
[0.122s] Level 1:colcon.colcon_core.package_identification:_identify(src/Universal_Robots_ROS2_Description) by extension 'ignore'
[0.122s] Level 1:colcon.colcon_core.package_identification:_identify(src/Universal_Robots_ROS2_Description) by extension 'ignore_ament_install'
[0.122s] Level 1:colcon.colcon_core.package_identification:_identify(src/Universal_Robots_ROS2_Description) by extensions ['colcon_pkg']
[0.122s] Level 1:colcon.colcon_core.package_identification:_identify(src/Universal_Robots_ROS2_Description) by extension 'colcon_pkg'
[0.123s] Level 1:colcon.colcon_core.package_identification:_identify(src/Universal_Robots_ROS2_Description) by extensions ['colcon_meta']
[0.123s] Level 1:colcon.colcon_core.package_identification:_identify(src/Universal_Robots_ROS2_Description) by extension 'colcon_meta'
[0.123s] Level 1:colcon.colcon_core.package_identification:_identify(src/Universal_Robots_ROS2_Description) by extensions ['ros']
[0.123s] Level 1:colcon.colcon_core.package_identification:_identify(src/Universal_Robots_ROS2_Description) by extension 'ros'
[0.125s] DEBUG:colcon.colcon_core.package_identification:Package 'src/Universal_Robots_ROS2_Description' with type 'ros.ament_cmake' and name 'ur_description'
[0.125s] Level 1:colcon.colcon_core.package_identification:_identify(src/Universal_Robots_ROS2_GZ_Simulation) by extensions ['ignore', 'ignore_ament_install']
[0.125s] Level 1:colcon.colcon_core.package_identification:_identify(src/Universal_Robots_ROS2_GZ_Simulation) by extension 'ignore'
[0.125s] Level 1:colcon.colcon_core.package_identification:_identify(src/Universal_Robots_ROS2_GZ_Simulation) by extension 'ignore_ament_install'
[0.125s] Level 1:colcon.colcon_core.package_identification:_identify(src/Universal_Robots_ROS2_GZ_Simulation) by extensions ['colcon_pkg']
[0.125s] Level 1:colcon.colcon_core.package_identification:_identify(src/Universal_Robots_ROS2_GZ_Simulation) by extension 'colcon_pkg'
[0.125s] Level 1:colcon.colcon_core.package_identification:_identify(src/Universal_Robots_ROS2_GZ_Simulation) by extensions ['colcon_meta']
[0.125s] Level 1:colcon.colcon_core.package_identification:_identify(src/Universal_Robots_ROS2_GZ_Simulation) by extension 'colcon_meta'
[0.125s] Level 1:colcon.colcon_core.package_identification:_identify(src/Universal_Robots_ROS2_GZ_Simulation) by extensions ['ros']
[0.125s] Level 1:colcon.colcon_core.package_identification:_identify(src/Universal_Robots_ROS2_GZ_Simulation) by extension 'ros'
[0.125s] Level 1:colcon.colcon_core.package_identification:_identify(src/Universal_Robots_ROS2_GZ_Simulation) by extensions ['cmake', 'python']
[0.125s] Level 1:colcon.colcon_core.package_identification:_identify(src/Universal_Robots_ROS2_GZ_Simulation) by extension 'cmake'
[0.125s] Level 1:colcon.colcon_core.package_identification:_identify(src/Universal_Robots_ROS2_GZ_Simulation) by extension 'python'
[0.125s] Level 1:colcon.colcon_core.package_identification:_identify(src/Universal_Robots_ROS2_GZ_Simulation) by extensions ['python_setup_py']
[0.125s] Level 1:colcon.colcon_core.package_identification:_identify(src/Universal_Robots_ROS2_GZ_Simulation) by extension 'python_setup_py'
[0.125s] Level 1:colcon.colcon_core.package_identification:_identify(src/Universal_Robots_ROS2_GZ_Simulation/ur_simulation_gz) by extensions ['ignore', 'ignore_ament_install']
[0.125s] Level 1:colcon.colcon_core.package_identification:_identify(src/Universal_Robots_ROS2_GZ_Simulation/ur_simulation_gz) by extension 'ignore'
[0.126s] Level 1:colcon.colcon_core.package_identification:_identify(src/Universal_Robots_ROS2_GZ_Simulation/ur_simulation_gz) by extension 'ignore_ament_install'
[0.126s] Level 1:colcon.colcon_core.package_identification:_identify(src/Universal_Robots_ROS2_GZ_Simulation/ur_simulation_gz) by extensions ['colcon_pkg']
[0.126s] Level 1:colcon.colcon_core.package_identification:_identify(src/Universal_Robots_ROS2_GZ_Simulation/ur_simulation_gz) by extension 'colcon_pkg'
[0.126s] Level 1:colcon.colcon_core.package_identification:_identify(src/Universal_Robots_ROS2_GZ_Simulation/ur_simulation_gz) by extensions ['colcon_meta']
[0.126s] Level 1:colcon.colcon_core.package_identification:_identify(src/Universal_Robots_ROS2_GZ_Simulation/ur_simulation_gz) by extension 'colcon_meta'
[0.126s] Level 1:colcon.colcon_core.package_identification:_identify(src/Universal_Robots_ROS2_GZ_Simulation/ur_simulation_gz) by extensions ['ros']
[0.126s] Level 1:colcon.colcon_core.package_identification:_identify(src/Universal_Robots_ROS2_GZ_Simulation/ur_simulation_gz) by extension 'ros'
[0.126s] DEBUG:colcon.colcon_core.package_identification:Package 'src/Universal_Robots_ROS2_GZ_Simulation/ur_simulation_gz' with type 'ros.ament_cmake' and name 'ur_simulation_gz'
[0.126s] Level 1:colcon.colcon_core.package_identification:_identify(src/ur5e_moveit_demo) by extensions ['ignore', 'ignore_ament_install']
[0.126s] Level 1:colcon.colcon_core.package_identification:_identify(src/ur5e_moveit_demo) by extension 'ignore'
[0.126s] Level 1:colcon.colcon_core.package_identification:_identify(src/ur5e_moveit_demo) by extension 'ignore_ament_install'
[0.126s] Level 1:colcon.colcon_core.package_identification:_identify(src/ur5e_moveit_demo) by extensions ['colcon_pkg']
[0.126s] Level 1:colcon.colcon_core.package_identification:_identify(src/ur5e_moveit_demo) by extension 'colcon_pkg'
[0.126s] Level 1:colcon.colcon_core.package_identification:_identify(src/ur5e_moveit_demo) by extensions ['colcon_meta']
[0.127s] Level 1:colcon.colcon_core.package_identification:_identify(src/ur5e_moveit_demo) by extension 'colcon_meta'
[0.127s] Level 1:colcon.colcon_core.package_identification:_identify(src/ur5e_moveit_demo) by extensions ['ros']
[0.127s] Level 1:colcon.colcon_core.package_identification:_identify(src/ur5e_moveit_demo) by extension 'ros'
[0.127s] DEBUG:colcon.colcon_core.package_identification:Package 'src/ur5e_moveit_demo' with type 'ros.ament_cmake' and name 'ur5e_moveit_demo'
[0.127s] Level 1:colcon.colcon_core.package_discovery:discover_packages(recursive) using defaults
[0.127s] Level 1:colcon.colcon_core.package_discovery:discover_packages(ignore) discover
[0.127s] Level 1:colcon.colcon_core.package_discovery:discover_packages(ignore) using defaults
[0.127s] Level 1:colcon.colcon_core.package_discovery:discover_packages(path) discover
[0.127s] Level 1:colcon.colcon_core.package_discovery:discover_packages(path) using defaults
[0.141s] Level 1:colcon.colcon_core.package_discovery:discover_packages(prefix_path) check parameters
[0.141s] Level 1:colcon.colcon_core.package_discovery:discover_packages(prefix_path) discover
[0.141s] Level 1:colcon.colcon_core.package_discovery:discover_packages(prefix_path) using defaults
[0.142s] Level 5:colcon.colcon_core.verb:set package 'ur_description' build argument 'cmake_args' from command line to 'None'
[0.142s] Level 5:colcon.colcon_core.verb:set package 'ur_description' build argument 'cmake_target' from command line to 'None'
[0.142s] Level 5:colcon.colcon_core.verb:set package 'ur_description' build argument 'cmake_target_skip_unavailable' from command line to 'False'
[0.142s] Level 5:colcon.colcon_core.verb:set package 'ur_description' build argument 'cmake_clean_cache' from command line to 'False'
[0.142s] Level 5:colcon.colcon_core.verb:set package 'ur_description' build argument 'cmake_clean_first' from command line to 'False'
[0.142s] Level 5:colcon.colcon_core.verb:set package 'ur_description' build argument 'cmake_force_configure' from command line to 'False'
[0.142s] Level 5:colcon.colcon_core.verb:set package 'ur_description' build argument 'ament_cmake_args' from command line to 'None'
[0.142s] Level 5:colcon.colcon_core.verb:set package 'ur_description' build argument 'catkin_cmake_args' from command line to 'None'
[0.142s] Level 5:colcon.colcon_core.verb:set package 'ur_description' build argument 'catkin_skip_building_tests' from command line to 'False'
[0.142s] DEBUG:colcon.colcon_core.verb:Building package 'ur_description' with the following arguments: {'ament_cmake_args': None, 'build_base': '/home/russell/ROS2_REPAS/build/ur_description', 'catkin_cmake_args': None, 'catkin_skip_building_tests': False, 'cmake_args': None, 'cmake_clean_cache': False, 'cmake_clean_first': False, 'cmake_force_configure': False, 'cmake_target': None, 'cmake_target_skip_unavailable': False, 'install_base': '/home/russell/ROS2_REPAS/install/ur_description', 'merge_install': False, 'path': '/home/russell/ROS2_REPAS/src/Universal_Robots_ROS2_Description', 'symlink_install': False, 'test_result_base': None}
[0.142s] Level 5:colcon.colcon_core.verb:set package 'ur_simulation_gz' build argument 'cmake_args' from command line to 'None'
[0.142s] Level 5:colcon.colcon_core.verb:set package 'ur_simulation_gz' build argument 'cmake_target' from command line to 'None'
[0.142s] Level 5:colcon.colcon_core.verb:set package 'ur_simulation_gz' build argument 'cmake_target_skip_unavailable' from command line to 'False'
[0.142s] Level 5:colcon.colcon_core.verb:set package 'ur_simulation_gz' build argument 'cmake_clean_cache' from command line to 'False'
[0.142s] Level 5:colcon.colcon_core.verb:set package 'ur_simulation_gz' build argument 'cmake_clean_first' from command line to 'False'
[0.142s] Level 5:colcon.colcon_core.verb:set package 'ur_simulation_gz' build argument 'cmake_force_configure' from command line to 'False'
[0.142s] Level 5:colcon.colcon_core.verb:set package 'ur_simulation_gz' build argument 'ament_cmake_args' from command line to 'None'
[0.142s] Level 5:colcon.colcon_core.verb:set package 'ur_simulation_gz' build argument 'catkin_cmake_args' from command line to 'None'
[0.142s] Level 5:colcon.colcon_core.verb:set package 'ur_simulation_gz' build argument 'catkin_skip_building_tests' from command line to 'False'
[0.142s] DEBUG:colcon.colcon_core.verb:Building package 'ur_simulation_gz' with the following arguments: {'ament_cmake_args': None, 'build_base': '/home/russell/ROS2_REPAS/build/ur_simulation_gz', 'catkin_cmake_args': None, 'catkin_skip_building_tests': False, 'cmake_args': None, 'cmake_clean_cache': False, 'cmake_clean_first': False, 'cmake_force_configure': False, 'cmake_target': None, 'cmake_target_skip_unavailable': False, 'install_base': '/home/russell/ROS2_REPAS/install/ur_simulation_gz', 'merge_install': False, 'path': '/home/russell/ROS2_REPAS/src/Universal_Robots_ROS2_GZ_Simulation/ur_simulation_gz', 'symlink_install': False, 'test_result_base': None}
[0.142s] Level 5:colcon.colcon_core.verb:set package 'ur5e_moveit_demo' build argument 'cmake_args' from command line to 'None'
[0.143s] Level 5:colcon.colcon_core.verb:set package 'ur5e_moveit_demo' build argument 'cmake_target' from command line to 'None'
[0.143s] Level 5:colcon.colcon_core.verb:set package 'ur5e_moveit_demo' build argument 'cmake_target_skip_unavailable' from command line to 'False'
[0.143s] Level 5:colcon.colcon_core.verb:set package 'ur5e_moveit_demo' build argument 'cmake_clean_cache' from command line to 'False'
[0.143s] Level 5:colcon.colcon_core.verb:set package 'ur5e_moveit_demo' build argument 'cmake_clean_first' from command line to 'False'
[0.143s] Level 5:colcon.colcon_core.verb:set package 'ur5e_moveit_demo' build argument 'cmake_force_configure' from command line to 'False'
[0.143s] Level 5:colcon.colcon_core.verb:set package 'ur5e_moveit_demo' build argument 'ament_cmake_args' from command line to 'None'
[0.143s] Level 5:colcon.colcon_core.verb:set package 'ur5e_moveit_demo' build argument 'catkin_cmake_args' from command line to 'None'
[0.143s] Level 5:colcon.colcon_core.verb:set package 'ur5e_moveit_demo' build argument 'catkin_skip_building_tests' from command line to 'False'
[0.143s] DEBUG:colcon.colcon_core.verb:Building package 'ur5e_moveit_demo' with the following arguments: {'ament_cmake_args': None, 'build_base': '/home/russell/ROS2_REPAS/build/ur5e_moveit_demo', 'catkin_cmake_args': None, 'catkin_skip_building_tests': False, 'cmake_args': None, 'cmake_clean_cache': False, 'cmake_clean_first': False, 'cmake_force_configure': False, 'cmake_target': None, 'cmake_target_skip_unavailable': False, 'install_base': '/home/russell/ROS2_REPAS/install/ur5e_moveit_demo', 'merge_install': False, 'path': '/home/russell/ROS2_REPAS/src/ur5e_moveit_demo', 'symlink_install': False, 'test_result_base': None}
[0.143s] INFO:colcon.colcon_core.executor:Executing jobs using 'parallel' executor
[0.143s] DEBUG:colcon.colcon_parallel_executor.executor.parallel:run_until_complete
[0.144s] INFO:colcon.colcon_ros.task.ament_cmake.build:Building ROS package in '/home/russell/ROS2_REPAS/src/Universal_Robots_ROS2_Description' with build type 'ament_cmake'
[0.144s] INFO:colcon.colcon_cmake.task.cmake.build:Building CMake package in '/home/russell/ROS2_REPAS/src/Universal_Robots_ROS2_Description'
[0.145s] INFO:colcon.colcon_core.plugin_system:Skipping extension 'colcon_core.shell.bat': Not used on non-Windows systems
[0.145s] INFO:colcon.colcon_core.shell:Skip shell extension 'powershell' for command environment: Not usable outside of PowerShell
[0.145s] DEBUG:colcon.colcon_core.shell:Skip shell extension 'dsv' for command environment
[0.151s] DEBUG:colcon.colcon_core.event_handler.log_command:Invoking command in '/home/russell/ROS2_REPAS/build/ur_description': DEBUGINFOD_URLS=https://debuginfod.ubuntu.com /usr/bin/cmake --build /home/russell/ROS2_REPAS/build/ur_description -- -j24 -l24
[0.184s] DEBUG:colcon.colcon_core.event_handler.log_command:Invoked command in '/home/russell/ROS2_REPAS/build/ur_description' returned '0': DEBUGINFOD_URLS=https://debuginfod.ubuntu.com /usr/bin/cmake --build /home/russell/ROS2_REPAS/build/ur_description -- -j24 -l24
[0.192s] DEBUG:colcon.colcon_core.event_handler.log_command:Invoking command in '/home/russell/ROS2_REPAS/build/ur_description': DEBUGINFOD_URLS=https://debuginfod.ubuntu.com /usr/bin/cmake --install /home/russell/ROS2_REPAS/build/ur_description
[0.207s] Level 1:colcon.colcon_core.environment:create_environment_scripts_only(ur_description)
[0.216s] Level 1:colcon.colcon_core.environment:checking '/home/russell/ROS2_REPAS/install/ur_description' for CMake module files
[0.219s] Level 1:colcon.colcon_core.environment:checking '/home/russell/ROS2_REPAS/install/ur_description' for CMake config files
[0.222s] Level 1:colcon.colcon_core.shell:create_environment_hook('ur_description', 'cmake_prefix_path')
[0.222s] INFO:colcon.colcon_core.shell:Creating environment hook '/home/russell/ROS2_REPAS/install/ur_description/share/ur_description/hook/cmake_prefix_path.ps1'
[0.224s] INFO:colcon.colcon_core.shell:Creating environment descriptor '/home/russell/ROS2_REPAS/install/ur_description/share/ur_description/hook/cmake_prefix_path.dsv'
[0.225s] INFO:colcon.colcon_core.shell:Creating environment hook '/home/russell/ROS2_REPAS/install/ur_description/share/ur_description/hook/cmake_prefix_path.sh'
[0.227s] Level 1:colcon.colcon_core.environment:checking '/home/russell/ROS2_REPAS/install/ur_description/bin'
[0.227s] Level 1:colcon.colcon_core.environment:checking '/home/russell/ROS2_REPAS/install/ur_description/lib/pkgconfig/ur_description.pc'
[0.229s] Level 1:colcon.colcon_core.environment:checking '/home/russell/ROS2_REPAS/install/ur_description/lib/python3.12/site-packages'
[0.229s] Level 1:colcon.colcon_core.environment:checking '/home/russell/ROS2_REPAS/install/ur_description/bin'
[0.229s] INFO:colcon.colcon_core.shell:Creating package script '/home/russell/ROS2_REPAS/install/ur_description/share/ur_description/package.ps1'
[0.230s] INFO:colcon.colcon_core.shell:Creating package descriptor '/home/russell/ROS2_REPAS/install/ur_description/share/ur_description/package.dsv'
[0.231s] INFO:colcon.colcon_core.shell:Creating package script '/home/russell/ROS2_REPAS/install/ur_description/share/ur_description/package.sh'
[0.232s] INFO:colcon.colcon_core.shell:Creating package script '/home/russell/ROS2_REPAS/install/ur_description/share/ur_description/package.bash'
[0.233s] INFO:colcon.colcon_core.shell:Creating package script '/home/russell/ROS2_REPAS/install/ur_description/share/ur_description/package.zsh'
[0.234s] Level 1:colcon.colcon_core.environment:create_file_with_runtime_dependencies(/home/russell/ROS2_REPAS/install/ur_description/share/colcon-core/packages/ur_description)
[0.235s] Level 1:colcon.colcon_core.environment:create_environment_scripts_only(ur_description)
[0.235s] Level 1:colcon.colcon_core.environment:checking '/home/russell/ROS2_REPAS/install/ur_description' for CMake module files
[0.235s] DEBUG:colcon.colcon_core.event_handler.log_command:Invoked command in '/home/russell/ROS2_REPAS/build/ur_description' returned '0': DEBUGINFOD_URLS=https://debuginfod.ubuntu.com /usr/bin/cmake --install /home/russell/ROS2_REPAS/build/ur_description
[0.236s] Level 1:colcon.colcon_core.environment:checking '/home/russell/ROS2_REPAS/install/ur_description' for CMake config files
[0.236s] Level 1:colcon.colcon_core.shell:create_environment_hook('ur_description', 'cmake_prefix_path')
[0.236s] INFO:colcon.colcon_core.shell:Creating environment hook '/home/russell/ROS2_REPAS/install/ur_description/share/ur_description/hook/cmake_prefix_path.ps1'
[0.236s] INFO:colcon.colcon_core.shell:Creating environment descriptor '/home/russell/ROS2_REPAS/install/ur_description/share/ur_description/hook/cmake_prefix_path.dsv'
[0.237s] INFO:colcon.colcon_core.shell:Creating environment hook '/home/russell/ROS2_REPAS/install/ur_description/share/ur_description/hook/cmake_prefix_path.sh'
[0.237s] Level 1:colcon.colcon_core.environment:checking '/home/russell/ROS2_REPAS/install/ur_description/bin'
[0.237s] Level 1:colcon.colcon_core.environment:checking '/home/russell/ROS2_REPAS/install/ur_description/lib/pkgconfig/ur_description.pc'
[0.237s] Level 1:colcon.colcon_core.environment:checking '/home/russell/ROS2_REPAS/install/ur_description/lib/python3.12/site-packages'
[0.237s] Level 1:colcon.colcon_core.environment:checking '/home/russell/ROS2_REPAS/install/ur_description/bin'
[0.237s] INFO:colcon.colcon_core.shell:Creating package script '/home/russell/ROS2_REPAS/install/ur_description/share/ur_description/package.ps1'
[0.238s] INFO:colcon.colcon_core.shell:Creating package descriptor '/home/russell/ROS2_REPAS/install/ur_description/share/ur_description/package.dsv'
[0.238s] INFO:colcon.colcon_core.shell:Creating package script '/home/russell/ROS2_REPAS/install/ur_description/share/ur_description/package.sh'
[0.238s] INFO:colcon.colcon_core.shell:Creating package script '/home/russell/ROS2_REPAS/install/ur_description/share/ur_description/package.bash'
[0.238s] INFO:colcon.colcon_core.shell:Creating package script '/home/russell/ROS2_REPAS/install/ur_description/share/ur_description/package.zsh'
[0.239s] Level 1:colcon.colcon_core.environment:create_file_with_runtime_dependencies(/home/russell/ROS2_REPAS/install/ur_description/share/colcon-core/packages/ur_description)
[0.239s] INFO:colcon.colcon_ros.task.ament_cmake.build:Building ROS package in '/home/russell/ROS2_REPAS/src/Universal_Robots_ROS2_GZ_Simulation/ur_simulation_gz' with build type 'ament_cmake'
[0.239s] INFO:colcon.colcon_cmake.task.cmake.build:Building CMake package in '/home/russell/ROS2_REPAS/src/Universal_Robots_ROS2_GZ_Simulation/ur_simulation_gz'
[0.239s] INFO:colcon.colcon_core.shell:Skip shell extension 'powershell' for command environment: Not usable outside of PowerShell
[0.239s] DEBUG:colcon.colcon_core.shell:Skip shell extension 'dsv' for command environment
[0.246s] DEBUG:colcon.colcon_core.event_handler.log_command:Invoking command in '/home/russell/ROS2_REPAS/build/ur_simulation_gz': AMENT_PREFIX_PATH=/home/russell/ROS2_REPAS/install/ur_description CMAKE_PREFIX_PATH=/home/russell/ROS2_REPAS/install/ur_description DEBUGINFOD_URLS=https://debuginfod.ubuntu.com /usr/bin/cmake --build /home/russell/ROS2_REPAS/build/ur_simulation_gz -- -j24 -l24
[0.279s] DEBUG:colcon.colcon_core.event_handler.log_command:Invoked command in '/home/russell/ROS2_REPAS/build/ur_simulation_gz' returned '0': AMENT_PREFIX_PATH=/home/russell/ROS2_REPAS/install/ur_description CMAKE_PREFIX_PATH=/home/russell/ROS2_REPAS/install/ur_description DEBUGINFOD_URLS=https://debuginfod.ubuntu.com /usr/bin/cmake --build /home/russell/ROS2_REPAS/build/ur_simulation_gz -- -j24 -l24
[0.280s] DEBUG:colcon.colcon_core.event_handler.log_command:Invoking command in '/home/russell/ROS2_REPAS/build/ur_simulation_gz': AMENT_PREFIX_PATH=/home/russell/ROS2_REPAS/install/ur_description CMAKE_PREFIX_PATH=/home/russell/ROS2_REPAS/install/ur_description DEBUGINFOD_URLS=https://debuginfod.ubuntu.com /usr/bin/cmake --install /home/russell/ROS2_REPAS/build/ur_simulation_gz
[0.295s] Level 1:colcon.colcon_core.environment:create_environment_scripts_only(ur_simulation_gz)
[0.295s] Level 1:colcon.colcon_core.environment:checking '/home/russell/ROS2_REPAS/install/ur_simulation_gz' for CMake module files
[0.296s] DEBUG:colcon.colcon_core.event_handler.log_command:Invoked command in '/home/russell/ROS2_REPAS/build/ur_simulation_gz' returned '0': AMENT_PREFIX_PATH=/home/russell/ROS2_REPAS/install/ur_description CMAKE_PREFIX_PATH=/home/russell/ROS2_REPAS/install/ur_description DEBUGINFOD_URLS=https://debuginfod.ubuntu.com /usr/bin/cmake --install /home/russell/ROS2_REPAS/build/ur_simulation_gz
[0.296s] Level 1:colcon.colcon_core.environment:checking '/home/russell/ROS2_REPAS/install/ur_simulation_gz' for CMake config files
[0.296s] Level 1:colcon.colcon_core.shell:create_environment_hook('ur_simulation_gz', 'cmake_prefix_path')
[0.296s] INFO:colcon.colcon_core.shell:Creating environment hook '/home/russell/ROS2_REPAS/install/ur_simulation_gz/share/ur_simulation_gz/hook/cmake_prefix_path.ps1'
[0.297s] INFO:colcon.colcon_core.shell:Creating environment descriptor '/home/russell/ROS2_REPAS/install/ur_simulation_gz/share/ur_simulation_gz/hook/cmake_prefix_path.dsv'
[0.297s] INFO:colcon.colcon_core.shell:Creating environment hook '/home/russell/ROS2_REPAS/install/ur_simulation_gz/share/ur_simulation_gz/hook/cmake_prefix_path.sh'
[0.297s] Level 1:colcon.colcon_core.environment:checking '/home/russell/ROS2_REPAS/install/ur_simulation_gz/bin'
[0.297s] Level 1:colcon.colcon_core.environment:checking '/home/russell/ROS2_REPAS/install/ur_simulation_gz/lib/pkgconfig/ur_simulation_gz.pc'
[0.298s] Level 1:colcon.colcon_core.environment:checking '/home/russell/ROS2_REPAS/install/ur_simulation_gz/lib/python3.12/site-packages'
[0.298s] Level 1:colcon.colcon_core.environment:checking '/home/russell/ROS2_REPAS/install/ur_simulation_gz/bin'
[0.298s] INFO:colcon.colcon_core.shell:Creating package script '/home/russell/ROS2_REPAS/install/ur_simulation_gz/share/ur_simulation_gz/package.ps1'
[0.298s] INFO:colcon.colcon_core.shell:Creating package descriptor '/home/russell/ROS2_REPAS/install/ur_simulation_gz/share/ur_simulation_gz/package.dsv'
[0.298s] INFO:colcon.colcon_core.shell:Creating package script '/home/russell/ROS2_REPAS/install/ur_simulation_gz/share/ur_simulation_gz/package.sh'
[0.299s] INFO:colcon.colcon_core.shell:Creating package script '/home/russell/ROS2_REPAS/install/ur_simulation_gz/share/ur_simulation_gz/package.bash'
[0.299s] INFO:colcon.colcon_core.shell:Creating package script '/home/russell/ROS2_REPAS/install/ur_simulation_gz/share/ur_simulation_gz/package.zsh'
[0.299s] Level 1:colcon.colcon_core.environment:create_file_with_runtime_dependencies(/home/russell/ROS2_REPAS/install/ur_simulation_gz/share/colcon-core/packages/ur_simulation_gz)
[0.300s] Level 1:colcon.colcon_core.environment:create_environment_scripts_only(ur_simulation_gz)
[0.300s] Level 1:colcon.colcon_core.environment:checking '/home/russell/ROS2_REPAS/install/ur_simulation_gz' for CMake module files
[0.300s] Level 1:colcon.colcon_core.environment:checking '/home/russell/ROS2_REPAS/install/ur_simulation_gz' for CMake config files
[0.300s] Level 1:colcon.colcon_core.shell:create_environment_hook('ur_simulation_gz', 'cmake_prefix_path')
[0.300s] INFO:colcon.colcon_core.shell:Creating environment hook '/home/russell/ROS2_REPAS/install/ur_simulation_gz/share/ur_simulation_gz/hook/cmake_prefix_path.ps1'
[0.301s] INFO:colcon.colcon_core.shell:Creating environment descriptor '/home/russell/ROS2_REPAS/install/ur_simulation_gz/share/ur_simulation_gz/hook/cmake_prefix_path.dsv'
[0.301s] INFO:colcon.colcon_core.shell:Creating environment hook '/home/russell/ROS2_REPAS/install/ur_simulation_gz/share/ur_simulation_gz/hook/cmake_prefix_path.sh'
[0.301s] Level 1:colcon.colcon_core.environment:checking '/home/russell/ROS2_REPAS/install/ur_simulation_gz/bin'
[0.301s] Level 1:colcon.colcon_core.environment:checking '/home/russell/ROS2_REPAS/install/ur_simulation_gz/lib/pkgconfig/ur_simulation_gz.pc'
[0.302s] Level 1:colcon.colcon_core.environment:checking '/home/russell/ROS2_REPAS/install/ur_simulation_gz/lib/python3.12/site-packages'
[0.302s] Level 1:colcon.colcon_core.environment:checking '/home/russell/ROS2_REPAS/install/ur_simulation_gz/bin'
[0.302s] INFO:colcon.colcon_core.shell:Creating package script '/home/russell/ROS2_REPAS/install/ur_simulation_gz/share/ur_simulation_gz/package.ps1'
[0.302s] INFO:colcon.colcon_core.shell:Creating package descriptor '/home/russell/ROS2_REPAS/install/ur_simulation_gz/share/ur_simulation_gz/package.dsv'
[0.303s] INFO:colcon.colcon_core.shell:Creating package script '/home/russell/ROS2_REPAS/install/ur_simulation_gz/share/ur_simulation_gz/package.sh'
[0.303s] INFO:colcon.colcon_core.shell:Creating package script '/home/russell/ROS2_REPAS/install/ur_simulation_gz/share/ur_simulation_gz/package.bash'
[0.303s] INFO:colcon.colcon_core.shell:Creating package script '/home/russell/ROS2_REPAS/install/ur_simulation_gz/share/ur_simulation_gz/package.zsh'
[0.304s] Level 1:colcon.colcon_core.environment:create_file_with_runtime_dependencies(/home/russell/ROS2_REPAS/install/ur_simulation_gz/share/colcon-core/packages/ur_simulation_gz)
[0.304s] INFO:colcon.colcon_ros.task.ament_cmake.build:Building ROS package in '/home/russell/ROS2_REPAS/src/ur5e_moveit_demo' with build type 'ament_cmake'
[0.304s] INFO:colcon.colcon_cmake.task.cmake.build:Building CMake package in '/home/russell/ROS2_REPAS/src/ur5e_moveit_demo'
[0.304s] INFO:colcon.colcon_core.shell:Skip shell extension 'powershell' for command environment: Not usable outside of PowerShell
[0.304s] DEBUG:colcon.colcon_core.shell:Skip shell extension 'dsv' for command environment
[0.311s] DEBUG:colcon.colcon_core.event_handler.log_command:Invoking command in '/home/russell/ROS2_REPAS/build/ur5e_moveit_demo': AMENT_PREFIX_PATH=/home/russell/ROS2_REPAS/install/ur_simulation_gz:/home/russell/ROS2_REPAS/install/ur_description CMAKE_PREFIX_PATH=/home/russell/ROS2_REPAS/install/ur_simulation_gz:/home/russell/ROS2_REPAS/install/ur_description DEBUGINFOD_URLS=https://debuginfod.ubuntu.com /usr/bin/cmake --build /home/russell/ROS2_REPAS/build/ur5e_moveit_demo -- -j24 -l24
[5.834s] DEBUG:colcon.colcon_core.event_handler.log_command:Invoked command in '/home/russell/ROS2_REPAS/build/ur5e_moveit_demo' returned '0': AMENT_PREFIX_PATH=/home/russell/ROS2_REPAS/install/ur_simulation_gz:/home/russell/ROS2_REPAS/install/ur_description CMAKE_PREFIX_PATH=/home/russell/ROS2_REPAS/install/ur_simulation_gz:/home/russell/ROS2_REPAS/install/ur_description DEBUGINFOD_URLS=https://debuginfod.ubuntu.com /usr/bin/cmake --build /home/russell/ROS2_REPAS/build/ur5e_moveit_demo -- -j24 -l24
[5.835s] DEBUG:colcon.colcon_core.event_handler.log_command:Invoking command in '/home/russell/ROS2_REPAS/build/ur5e_moveit_demo': AMENT_PREFIX_PATH=/home/russell/ROS2_REPAS/install/ur_simulation_gz:/home/russell/ROS2_REPAS/install/ur_description CMAKE_PREFIX_PATH=/home/russell/ROS2_REPAS/install/ur_simulation_gz:/home/russell/ROS2_REPAS/install/ur_description DEBUGINFOD_URLS=https://debuginfod.ubuntu.com /usr/bin/cmake --install /home/russell/ROS2_REPAS/build/ur5e_moveit_demo
[5.845s] Level 1:colcon.colcon_core.environment:create_environment_scripts_only(ur5e_moveit_demo)
[5.845s] DEBUG:colcon.colcon_core.event_handler.log_command:Invoked command in '/home/russell/ROS2_REPAS/build/ur5e_moveit_demo' returned '0': AMENT_PREFIX_PATH=/home/russell/ROS2_REPAS/install/ur_simulation_gz:/home/russell/ROS2_REPAS/install/ur_description CMAKE_PREFIX_PATH=/home/russell/ROS2_REPAS/install/ur_simulation_gz:/home/russell/ROS2_REPAS/install/ur_description DEBUGINFOD_URLS=https://debuginfod.ubuntu.com /usr/bin/cmake --install /home/russell/ROS2_REPAS/build/ur5e_moveit_demo
[5.845s] Level 1:colcon.colcon_core.environment:checking '/home/russell/ROS2_REPAS/install/ur5e_moveit_demo' for CMake module files
[5.847s] Level 1:colcon.colcon_core.environment:checking '/home/russell/ROS2_REPAS/install/ur5e_moveit_demo' for CMake config files
[5.847s] Level 1:colcon.colcon_core.shell:create_environment_hook('ur5e_moveit_demo', 'cmake_prefix_path')
[5.847s] INFO:colcon.colcon_core.shell:Creating environment hook '/home/russell/ROS2_REPAS/install/ur5e_moveit_demo/share/ur5e_moveit_demo/hook/cmake_prefix_path.ps1'
[5.848s] INFO:colcon.colcon_core.shell:Creating environment descriptor '/home/russell/ROS2_REPAS/install/ur5e_moveit_demo/share/ur5e_moveit_demo/hook/cmake_prefix_path.dsv'
[5.849s] INFO:colcon.colcon_core.shell:Creating environment hook '/home/russell/ROS2_REPAS/install/ur5e_moveit_demo/share/ur5e_moveit_demo/hook/cmake_prefix_path.sh'
[5.850s] Level 1:colcon.colcon_core.environment:checking '/home/russell/ROS2_REPAS/install/ur5e_moveit_demo/lib'
[5.850s] Level 1:colcon.colcon_core.environment:checking '/home/russell/ROS2_REPAS/install/ur5e_moveit_demo/bin'
[5.850s] Level 1:colcon.colcon_core.environment:checking '/home/russell/ROS2_REPAS/install/ur5e_moveit_demo/lib/pkgconfig/ur5e_moveit_demo.pc'
[5.850s] Level 1:colcon.colcon_core.environment:checking '/home/russell/ROS2_REPAS/install/ur5e_moveit_demo/lib/python3.12/site-packages'
[5.850s] Level 1:colcon.colcon_core.environment:checking '/home/russell/ROS2_REPAS/install/ur5e_moveit_demo/bin'
[5.851s] INFO:colcon.colcon_core.shell:Creating package script '/home/russell/ROS2_REPAS/install/ur5e_moveit_demo/share/ur5e_moveit_demo/package.ps1'
[5.851s] INFO:colcon.colcon_core.shell:Creating package descriptor '/home/russell/ROS2_REPAS/install/ur5e_moveit_demo/share/ur5e_moveit_demo/package.dsv'
[5.852s] INFO:colcon.colcon_core.shell:Creating package script '/home/russell/ROS2_REPAS/install/ur5e_moveit_demo/share/ur5e_moveit_demo/package.sh'
[5.852s] INFO:colcon.colcon_core.shell:Creating package script '/home/russell/ROS2_REPAS/install/ur5e_moveit_demo/share/ur5e_moveit_demo/package.bash'
[5.853s] INFO:colcon.colcon_core.shell:Creating package script '/home/russell/ROS2_REPAS/install/ur5e_moveit_demo/share/ur5e_moveit_demo/package.zsh'
[5.854s] Level 1:colcon.colcon_core.environment:create_file_with_runtime_dependencies(/home/russell/ROS2_REPAS/install/ur5e_moveit_demo/share/colcon-core/packages/ur5e_moveit_demo)
[5.854s] Level 1:colcon.colcon_core.environment:create_environment_scripts_only(ur5e_moveit_demo)
[5.855s] Level 1:colcon.colcon_core.environment:checking '/home/russell/ROS2_REPAS/install/ur5e_moveit_demo' for CMake module files
[5.855s] Level 1:colcon.colcon_core.environment:checking '/home/russell/ROS2_REPAS/install/ur5e_moveit_demo' for CMake config files
[5.856s] Level 1:colcon.colcon_core.shell:create_environment_hook('ur5e_moveit_demo', 'cmake_prefix_path')
[5.856s] INFO:colcon.colcon_core.shell:Creating environment hook '/home/russell/ROS2_REPAS/install/ur5e_moveit_demo/share/ur5e_moveit_demo/hook/cmake_prefix_path.ps1'
[5.864s] INFO:colcon.colcon_core.shell:Creating environment descriptor '/home/russell/ROS2_REPAS/install/ur5e_moveit_demo/share/ur5e_moveit_demo/hook/cmake_prefix_path.dsv'
[5.865s] INFO:colcon.colcon_core.shell:Creating environment hook '/home/russell/ROS2_REPAS/install/ur5e_moveit_demo/share/ur5e_moveit_demo/hook/cmake_prefix_path.sh'
[5.866s] Level 1:colcon.colcon_core.environment:checking '/home/russell/ROS2_REPAS/install/ur5e_moveit_demo/lib'
[5.866s] Level 1:colcon.colcon_core.environment:checking '/home/russell/ROS2_REPAS/install/ur5e_moveit_demo/bin'
[5.866s] Level 1:colcon.colcon_core.environment:checking '/home/russell/ROS2_REPAS/install/ur5e_moveit_demo/lib/pkgconfig/ur5e_moveit_demo.pc'
[5.867s] Level 1:colcon.colcon_core.environment:checking '/home/russell/ROS2_REPAS/install/ur5e_moveit_demo/lib/python3.12/site-packages'
[5.867s] Level 1:colcon.colcon_core.environment:checking '/home/russell/ROS2_REPAS/install/ur5e_moveit_demo/bin'
[5.868s] INFO:colcon.colcon_core.shell:Creating package script '/home/russell/ROS2_REPAS/install/ur5e_moveit_demo/share/ur5e_moveit_demo/package.ps1'
[5.868s] INFO:colcon.colcon_core.shell:Creating package descriptor '/home/russell/ROS2_REPAS/install/ur5e_moveit_demo/share/ur5e_moveit_demo/package.dsv'
[5.869s] INFO:colcon.colcon_core.shell:Creating package script '/home/russell/ROS2_REPAS/install/ur5e_moveit_demo/share/ur5e_moveit_demo/package.sh'
[5.870s] INFO:colcon.colcon_core.shell:Creating package script '/home/russell/ROS2_REPAS/install/ur5e_moveit_demo/share/ur5e_moveit_demo/package.bash'
[5.871s] INFO:colcon.colcon_core.shell:Creating package script '/home/russell/ROS2_REPAS/install/ur5e_moveit_demo/share/ur5e_moveit_demo/package.zsh'
[5.871s] Level 1:colcon.colcon_core.environment:create_file_with_runtime_dependencies(/home/russell/ROS2_REPAS/install/ur5e_moveit_demo/share/colcon-core/packages/ur5e_moveit_demo)
[5.872s] DEBUG:colcon.colcon_parallel_executor.executor.parallel:closing loop
[5.873s] DEBUG:colcon.colcon_parallel_executor.executor.parallel:loop closed
[5.873s] DEBUG:colcon.colcon_parallel_executor.executor.parallel:run_until_complete finished with '0'
[5.873s] DEBUG:colcon.colcon_core.event_reactor:joining thread
[5.881s] INFO:colcon.colcon_core.plugin_system:Skipping extension 'colcon_notification.desktop_notification.terminal_notifier': Not used on non-Darwin systems
[5.881s] INFO:colcon.colcon_core.plugin_system:Skipping extension 'colcon_notification.desktop_notification.win32': Not used on non-Windows systems
[5.881s] INFO:colcon.colcon_notification.desktop_notification:Sending desktop notification using 'notify2'
[5.900s] DEBUG:colcon.colcon_core.event_reactor:joined thread
[5.900s] INFO:colcon.colcon_core.shell:Creating prefix script '/home/russell/ROS2_REPAS/install/local_setup.ps1'
[5.901s] INFO:colcon.colcon_core.shell:Creating prefix util module '/home/russell/ROS2_REPAS/install/_local_setup_util_ps1.py'
[5.902s] INFO:colcon.colcon_core.shell:Creating prefix chain script '/home/russell/ROS2_REPAS/install/setup.ps1'
[5.902s] INFO:colcon.colcon_core.shell:Creating prefix script '/home/russell/ROS2_REPAS/install/local_setup.sh'
[5.902s] INFO:colcon.colcon_core.shell:Creating prefix util module '/home/russell/ROS2_REPAS/install/_local_setup_util_sh.py'
[5.903s] INFO:colcon.colcon_core.shell:Creating prefix chain script '/home/russell/ROS2_REPAS/install/setup.sh'
[5.903s] INFO:colcon.colcon_core.shell:Creating prefix script '/home/russell/ROS2_REPAS/install/local_setup.bash'
[5.904s] INFO:colcon.colcon_core.shell:Creating prefix chain script '/home/russell/ROS2_REPAS/install/setup.bash'
[5.904s] INFO:colcon.colcon_core.shell:Creating prefix script '/home/russell/ROS2_REPAS/install/local_setup.zsh'
[5.904s] INFO:colcon.colcon_core.shell:Creating prefix chain script '/home/russell/ROS2_REPAS/install/setup.zsh'
