[0.015s] Invoking command in '/home/russell/ROS2_REPAS/build/ur5e_moveit_demo': CMAKE_PREFIX_PATH=/home/russell/ROS2_REPAS/install/ur_simulation_gz:/home/russell/ROS2_REPAS/install/ur_description:/home/russell/ROS2_REPAS/install/ur5e_moveit_demo:/home/russell/ROS2_REPAS/install/robotiq_2f_gripper_hardware:/home/russell/ROS2_REPAS/install/robotiq_2f_gripper_interfaces:/home/russell/ROS2_REPAS/install/serial:/home/russell/ROS2_REPAS/install/robotiq_2f_gripper_msgs:/home/russell/ROS2_REPAS/install/robotiq_2f_gripper_description:/opt/ros/jazzy/opt/gz_sim_vendor:/opt/ros/jazzy/opt/gz_sensors_vendor:/opt/ros/jazzy/opt/gz_physics_vendor:/opt/ros/jazzy/opt/sdformat_vendor:/opt/ros/jazzy/opt/gz_gui_vendor:/opt/ros/jazzy/opt/gz_transport_vendor:/opt/ros/jazzy/opt/gz_rendering_vendor:/opt/ros/jazzy/opt/gz_plugin_vendor:/opt/ros/jazzy/opt/gz_fuel_tools_vendor:/opt/ros/jazzy/opt/gz_msgs_vendor:/opt/ros/jazzy/opt/gz_common_vendor:/opt/ros/jazzy/opt/gz_math_vendor:/opt/ros/jazzy/opt/gz_utils_vendor:/opt/ros/jazzy/opt/gz_tools_vendor:/opt/ros/jazzy/opt/gz_ogre_next_vendor:/opt/ros/jazzy/opt/gz_dartsim_vendor:/opt/ros/jazzy/opt/gz_cmake_vendor:/home/russell/ROS2_REPAS/install/camera_sensor:/opt/ros/jazzy DEBUGINFOD_URLS=https://debuginfod.ubuntu.com /usr/bin/cmake --build /home/russell/ROS2_REPAS/build/ur5e_moveit_demo -- -j24 -l24
[0.111s] [  7%] Built target rpm_continuous
[0.112s] [ 14%] Built target move_ur5e
[0.112s] [ 35%] Built target russell_script1
[0.112s] [ 46%] Built target hydroponic_waypoint_grid
[0.112s] [ 46%] Built target waypoint_grid
[0.112s] [ 35%] Built target hydroponic_waypoint_grid_v2
[0.112s] [ 53%] Built target home
[0.112s] [ 57%] Built target parlight_grid
[0.113s] [ 64%] Built target rpm_simple
[0.115s] [ 71%] Built target rpm_simple_with_data
[0.117s] [ 85%] Built target parlight_grid_with_cadsensor
[0.117s] [ 85%] Built target parlight_grid_with_parsensor
[0.117s] [ 92%] Built target parlight_grid_with_hydrosystem
[0.125s] [ 96%] [32mBuilding CXX object CMakeFiles/rpm_pos_agnostic_with_data.dir/src/rpm_pos_agnostic_with_data.cpp.o[0m
[3.111s] In file included from [01m[K/home/russell/ROS2_REPAS/src/ur5e_moveit_demo/src/rpm_pos_agnostic_with_data.cpp:10[m[K:
[3.111s] [01m[K/opt/ros/jazzy/include/moveit_ros_planning_interface/moveit/move_group_interface/move_group_interface.h:51:77:[m[K [01;36m[Knote: [m[K‘[01m[K#pragma message: .h header is obsolete. Please use the .hpp header instead.[m[K’
[3.111s]    51 | #pragma message(".h header is obsolete. Please use the .hpp header instead."[01;36m[K)[m[K
[3.111s]       |                                                                             [01;36m[K^[m[K
[5.189s] In file included from [01m[K/home/russell/ROS2_REPAS/src/ur5e_moveit_demo/src/rpm_pos_agnostic_with_data.cpp:11[m[K:
[5.189s] [01m[K/opt/ros/jazzy/include/moveit_ros_planning_interface/moveit/planning_scene_interface/planning_scene_interface.h:50:77:[m[K [01;36m[Knote: [m[K‘[01m[K#pragma message: .h header is obsolete. Please use the .hpp header instead.[m[K’
[5.189s]    50 | #pragma message(".h header is obsolete. Please use the .hpp header instead."[01;36m[K)[m[K
[5.189s]       |                                                                             [01;36m[K^[m[K
[7.765s] [100%] [32m[1mLinking CXX executable rpm_pos_agnostic_with_data[0m
[8.269s] [100%] Built target rpm_pos_agnostic_with_data
[8.286s] Invoked command in '/home/russell/ROS2_REPAS/build/ur5e_moveit_demo' returned '0': CMAKE_PREFIX_PATH=/home/russell/ROS2_REPAS/install/ur_simulation_gz:/home/russell/ROS2_REPAS/install/ur_description:/home/russell/ROS2_REPAS/install/ur5e_moveit_demo:/home/russell/ROS2_REPAS/install/robotiq_2f_gripper_hardware:/home/russell/ROS2_REPAS/install/robotiq_2f_gripper_interfaces:/home/russell/ROS2_REPAS/install/serial:/home/russell/ROS2_REPAS/install/robotiq_2f_gripper_msgs:/home/russell/ROS2_REPAS/install/robotiq_2f_gripper_description:/opt/ros/jazzy/opt/gz_sim_vendor:/opt/ros/jazzy/opt/gz_sensors_vendor:/opt/ros/jazzy/opt/gz_physics_vendor:/opt/ros/jazzy/opt/sdformat_vendor:/opt/ros/jazzy/opt/gz_gui_vendor:/opt/ros/jazzy/opt/gz_transport_vendor:/opt/ros/jazzy/opt/gz_rendering_vendor:/opt/ros/jazzy/opt/gz_plugin_vendor:/opt/ros/jazzy/opt/gz_fuel_tools_vendor:/opt/ros/jazzy/opt/gz_msgs_vendor:/opt/ros/jazzy/opt/gz_common_vendor:/opt/ros/jazzy/opt/gz_math_vendor:/opt/ros/jazzy/opt/gz_utils_vendor:/opt/ros/jazzy/opt/gz_tools_vendor:/opt/ros/jazzy/opt/gz_ogre_next_vendor:/opt/ros/jazzy/opt/gz_dartsim_vendor:/opt/ros/jazzy/opt/gz_cmake_vendor:/home/russell/ROS2_REPAS/install/camera_sensor:/opt/ros/jazzy DEBUGINFOD_URLS=https://debuginfod.ubuntu.com /usr/bin/cmake --build /home/russell/ROS2_REPAS/build/ur5e_moveit_demo -- -j24 -l24
[8.300s] Invoking command in '/home/russell/ROS2_REPAS/build/ur5e_moveit_demo': CMAKE_PREFIX_PATH=/home/russell/ROS2_REPAS/install/ur_simulation_gz:/home/russell/ROS2_REPAS/install/ur_description:/home/russell/ROS2_REPAS/install/ur5e_moveit_demo:/home/russell/ROS2_REPAS/install/robotiq_2f_gripper_hardware:/home/russell/ROS2_REPAS/install/robotiq_2f_gripper_interfaces:/home/russell/ROS2_REPAS/install/serial:/home/russell/ROS2_REPAS/install/robotiq_2f_gripper_msgs:/home/russell/ROS2_REPAS/install/robotiq_2f_gripper_description:/opt/ros/jazzy/opt/gz_sim_vendor:/opt/ros/jazzy/opt/gz_sensors_vendor:/opt/ros/jazzy/opt/gz_physics_vendor:/opt/ros/jazzy/opt/sdformat_vendor:/opt/ros/jazzy/opt/gz_gui_vendor:/opt/ros/jazzy/opt/gz_transport_vendor:/opt/ros/jazzy/opt/gz_rendering_vendor:/opt/ros/jazzy/opt/gz_plugin_vendor:/opt/ros/jazzy/opt/gz_fuel_tools_vendor:/opt/ros/jazzy/opt/gz_msgs_vendor:/opt/ros/jazzy/opt/gz_common_vendor:/opt/ros/jazzy/opt/gz_math_vendor:/opt/ros/jazzy/opt/gz_utils_vendor:/opt/ros/jazzy/opt/gz_tools_vendor:/opt/ros/jazzy/opt/gz_ogre_next_vendor:/opt/ros/jazzy/opt/gz_dartsim_vendor:/opt/ros/jazzy/opt/gz_cmake_vendor:/home/russell/ROS2_REPAS/install/camera_sensor:/opt/ros/jazzy DEBUGINFOD_URLS=https://debuginfod.ubuntu.com /usr/bin/cmake --install /home/russell/ROS2_REPAS/build/ur5e_moveit_demo
[8.311s] -- Install configuration: ""
[8.312s] -- Execute custom install script
[8.312s] -- Up-to-date symlink: /home/russell/ROS2_REPAS/install/ur5e_moveit_demo/lib/ur5e_moveit_demo/move_ur5e
[8.312s] -- Up-to-date symlink: /home/russell/ROS2_REPAS/install/ur5e_moveit_demo/lib/ur5e_moveit_demo/home
[8.313s] -- Up-to-date symlink: /home/russell/ROS2_REPAS/install/ur5e_moveit_demo/lib/ur5e_moveit_demo/russell_script1
[8.313s] -- Up-to-date symlink: /home/russell/ROS2_REPAS/install/ur5e_moveit_demo/lib/ur5e_moveit_demo/waypoint_grid
[8.314s] -- Up-to-date symlink: /home/russell/ROS2_REPAS/install/ur5e_moveit_demo/lib/ur5e_moveit_demo/hydroponic_waypoint_grid
[8.314s] -- Up-to-date symlink: /home/russell/ROS2_REPAS/install/ur5e_moveit_demo/lib/ur5e_moveit_demo/hydroponic_waypoint_grid_v2
[8.314s] -- Up-to-date symlink: /home/russell/ROS2_REPAS/install/ur5e_moveit_demo/lib/ur5e_moveit_demo/parlight_grid
[8.314s] -- Up-to-date symlink: /home/russell/ROS2_REPAS/install/ur5e_moveit_demo/lib/ur5e_moveit_demo/parlight_grid_with_hydrosystem
[8.315s] -- Up-to-date symlink: /home/russell/ROS2_REPAS/install/ur5e_moveit_demo/lib/ur5e_moveit_demo/parlight_grid_with_parsensor
[8.315s] -- Up-to-date symlink: /home/russell/ROS2_REPAS/install/ur5e_moveit_demo/lib/ur5e_moveit_demo/parlight_grid_with_cadsensor
[8.315s] -- Up-to-date symlink: /home/russell/ROS2_REPAS/install/ur5e_moveit_demo/lib/ur5e_moveit_demo/rpm_simple
[8.315s] -- Up-to-date symlink: /home/russell/ROS2_REPAS/install/ur5e_moveit_demo/lib/ur5e_moveit_demo/rpm_simple_with_data
[8.315s] -- Up-to-date symlink: /home/russell/ROS2_REPAS/install/ur5e_moveit_demo/lib/ur5e_moveit_demo/rpm_continuous
[8.315s] -- Up-to-date symlink: /home/russell/ROS2_REPAS/install/ur5e_moveit_demo/lib/ur5e_moveit_demo/rpm_pos_agnostic_with_data
[8.316s] -- Up-to-date symlink: /home/russell/ROS2_REPAS/install/ur5e_moveit_demo/share/ur5e_moveit_demo//launch/home.launch.py
[8.316s] -- Up-to-date symlink: /home/russell/ROS2_REPAS/install/ur5e_moveit_demo/share/ur5e_moveit_demo//launch/hydroponic_waypoint_grid.launch.py
[8.316s] -- Up-to-date symlink: /home/russell/ROS2_REPAS/install/ur5e_moveit_demo/share/ur5e_moveit_demo//launch/hydroponic_waypoint_grid_v2.launch.py
[8.316s] -- Up-to-date symlink: /home/russell/ROS2_REPAS/install/ur5e_moveit_demo/share/ur5e_moveit_demo//launch/move_ur5e.launch.py
[8.316s] -- Up-to-date symlink: /home/russell/ROS2_REPAS/install/ur5e_moveit_demo/share/ur5e_moveit_demo//launch/parlight_grid.launch.py
[8.316s] -- Up-to-date symlink: /home/russell/ROS2_REPAS/install/ur5e_moveit_demo/share/ur5e_moveit_demo//launch/parlight_grid_with_cadsensor.launch.py
[8.316s] -- Up-to-date symlink: /home/russell/ROS2_REPAS/install/ur5e_moveit_demo/share/ur5e_moveit_demo//launch/parlight_grid_with_hydrosystem.launch.py
[8.316s] -- Up-to-date symlink: /home/russell/ROS2_REPAS/install/ur5e_moveit_demo/share/ur5e_moveit_demo//launch/parlight_grid_with_parsensor.launch.py
[8.316s] -- Up-to-date symlink: /home/russell/ROS2_REPAS/install/ur5e_moveit_demo/share/ur5e_moveit_demo//launch/rpm_continuous.launch.py
[8.317s] -- Up-to-date symlink: /home/russell/ROS2_REPAS/install/ur5e_moveit_demo/share/ur5e_moveit_demo//launch/rpm_pos_agnostic_with_data.launch.py
[8.317s] -- Up-to-date symlink: /home/russell/ROS2_REPAS/install/ur5e_moveit_demo/share/ur5e_moveit_demo//launch/rpm_simple.launch.py
[8.317s] -- Up-to-date symlink: /home/russell/ROS2_REPAS/install/ur5e_moveit_demo/share/ur5e_moveit_demo//launch/rpm_simple_with_data.launch.py
[8.317s] -- Up-to-date symlink: /home/russell/ROS2_REPAS/install/ur5e_moveit_demo/share/ur5e_moveit_demo//launch/russell_script1.launch.py
[8.317s] -- Up-to-date symlink: /home/russell/ROS2_REPAS/install/ur5e_moveit_demo/share/ur5e_moveit_demo//launch/waypoint_grid.launch.py
[8.317s] -- Up-to-date symlink: /home/russell/ROS2_REPAS/install/ur5e_moveit_demo/share/ur5e_moveit_demo/meshes/1010-23-CL.stl
[8.317s] -- Up-to-date symlink: /home/russell/ROS2_REPAS/install/ur5e_moveit_demo/share/ur5e_moveit_demo/meshes/StructureResvrLightBox.stl
[8.317s] -- Up-to-date symlink: /home/russell/ROS2_REPAS/install/ur5e_moveit_demo/share/ur5e_moveit_demo/meshes/light sensor.stl
[8.317s] -- Up-to-date symlink: /home/russell/ROS2_REPAS/install/ur5e_moveit_demo/share/ament_index/resource_index/package_run_dependencies/ur5e_moveit_demo
[8.317s] -- Up-to-date symlink: /home/russell/ROS2_REPAS/install/ur5e_moveit_demo/share/ament_index/resource_index/parent_prefix_path/ur5e_moveit_demo
[8.318s] -- Up-to-date symlink: /home/russell/ROS2_REPAS/install/ur5e_moveit_demo/share/ur5e_moveit_demo/environment/ament_prefix_path.sh
[8.318s] -- Up-to-date symlink: /home/russell/ROS2_REPAS/install/ur5e_moveit_demo/share/ur5e_moveit_demo/environment/ament_prefix_path.dsv
[8.318s] -- Up-to-date symlink: /home/russell/ROS2_REPAS/install/ur5e_moveit_demo/share/ur5e_moveit_demo/environment/path.sh
[8.318s] -- Up-to-date symlink: /home/russell/ROS2_REPAS/install/ur5e_moveit_demo/share/ur5e_moveit_demo/environment/path.dsv
[8.318s] -- Up-to-date symlink: /home/russell/ROS2_REPAS/install/ur5e_moveit_demo/share/ur5e_moveit_demo/local_setup.bash
[8.318s] -- Up-to-date symlink: /home/russell/ROS2_REPAS/install/ur5e_moveit_demo/share/ur5e_moveit_demo/local_setup.sh
[8.319s] -- Up-to-date symlink: /home/russell/ROS2_REPAS/install/ur5e_moveit_demo/share/ur5e_moveit_demo/local_setup.zsh
[8.319s] -- Up-to-date symlink: /home/russell/ROS2_REPAS/install/ur5e_moveit_demo/share/ur5e_moveit_demo/local_setup.dsv
[8.319s] -- Symlinking: /home/russell/ROS2_REPAS/install/ur5e_moveit_demo/share/ur5e_moveit_demo/package.dsv
[8.332s] -- Up-to-date symlink: /home/russell/ROS2_REPAS/install/ur5e_moveit_demo/share/ament_index/resource_index/packages/ur5e_moveit_demo
[8.332s] -- Up-to-date symlink: /home/russell/ROS2_REPAS/install/ur5e_moveit_demo/share/ur5e_moveit_demo/cmake/ur5e_moveit_demoConfig.cmake
[8.332s] -- Up-to-date symlink: /home/russell/ROS2_REPAS/install/ur5e_moveit_demo/share/ur5e_moveit_demo/cmake/ur5e_moveit_demoConfig-version.cmake
[8.332s] -- Up-to-date symlink: /home/russell/ROS2_REPAS/install/ur5e_moveit_demo/share/ur5e_moveit_demo/package.xml
[8.335s] Invoked command in '/home/russell/ROS2_REPAS/build/ur5e_moveit_demo' returned '0': CMAKE_PREFIX_PATH=/home/russell/ROS2_REPAS/install/ur_simulation_gz:/home/russell/ROS2_REPAS/install/ur_description:/home/russell/ROS2_REPAS/install/ur5e_moveit_demo:/home/russell/ROS2_REPAS/install/robotiq_2f_gripper_hardware:/home/russell/ROS2_REPAS/install/robotiq_2f_gripper_interfaces:/home/russell/ROS2_REPAS/install/serial:/home/russell/ROS2_REPAS/install/robotiq_2f_gripper_msgs:/home/russell/ROS2_REPAS/install/robotiq_2f_gripper_description:/opt/ros/jazzy/opt/gz_sim_vendor:/opt/ros/jazzy/opt/gz_sensors_vendor:/opt/ros/jazzy/opt/gz_physics_vendor:/opt/ros/jazzy/opt/sdformat_vendor:/opt/ros/jazzy/opt/gz_gui_vendor:/opt/ros/jazzy/opt/gz_transport_vendor:/opt/ros/jazzy/opt/gz_rendering_vendor:/opt/ros/jazzy/opt/gz_plugin_vendor:/opt/ros/jazzy/opt/gz_fuel_tools_vendor:/opt/ros/jazzy/opt/gz_msgs_vendor:/opt/ros/jazzy/opt/gz_common_vendor:/opt/ros/jazzy/opt/gz_math_vendor:/opt/ros/jazzy/opt/gz_utils_vendor:/opt/ros/jazzy/opt/gz_tools_vendor:/opt/ros/jazzy/opt/gz_ogre_next_vendor:/opt/ros/jazzy/opt/gz_dartsim_vendor:/opt/ros/jazzy/opt/gz_cmake_vendor:/home/russell/ROS2_REPAS/install/camera_sensor:/opt/ros/jazzy DEBUGINFOD_URLS=https://debuginfod.ubuntu.com /usr/bin/cmake --install /home/russell/ROS2_REPAS/build/ur5e_moveit_demo
