[0.011s] Invoking command in '/home/russell/ROS2_REPAS/build/serial': DEBUGINFOD_URLS=https://debuginfod.ubuntu.com /usr/bin/cmake --build /home/russell/ROS2_REPAS/build/serial -- -j24 -l24
[0.162s] [100%] Built target serial
[0.177s] Invoked command in '/home/russell/ROS2_REPAS/build/serial' returned '0': DEBUGINFOD_URLS=https://debuginfod.ubuntu.com /usr/bin/cmake --build /home/russell/ROS2_REPAS/build/serial -- -j24 -l24
[0.178s] Invoking command in '/home/russell/ROS2_REPAS/build/serial': DEBUGINFOD_URLS=https://debuginfod.ubuntu.com /usr/bin/cmake --install /home/russell/ROS2_REPAS/build/serial
[0.195s] -- Install configuration: ""
[0.195s] -- Up-to-date: /home/russell/ROS2_REPAS/install/serial/share/serial/environment/library_path.sh
[0.195s] -- Up-to-date: /home/russell/ROS2_REPAS/install/serial/share/serial/environment/library_path.dsv
[0.195s] -- Up-to-date: /home/russell/ROS2_REPAS/install/serial/lib/libserial.so
[0.195s] -- Up-to-date: /home/russell/ROS2_REPAS/install/serial/include/serial/serial.h
[0.195s] -- Up-to-date: /home/russell/ROS2_REPAS/install/serial/include/serial/v8stdint.h
[0.195s] -- Up-to-date: /home/russell/ROS2_REPAS/install/serial/share/ament_index/resource_index/package_run_dependencies/serial
[0.195s] -- Up-to-date: /home/russell/ROS2_REPAS/install/serial/share/ament_index/resource_index/parent_prefix_path/serial
[0.195s] -- Up-to-date: /home/russell/ROS2_REPAS/install/serial/share/serial/environment/ament_prefix_path.sh
[0.196s] -- Up-to-date: /home/russell/ROS2_REPAS/install/serial/share/serial/environment/ament_prefix_path.dsv
[0.196s] -- Up-to-date: /home/russell/ROS2_REPAS/install/serial/share/serial/environment/path.sh
[0.196s] -- Up-to-date: /home/russell/ROS2_REPAS/install/serial/share/serial/environment/path.dsv
[0.196s] -- Up-to-date: /home/russell/ROS2_REPAS/install/serial/share/serial/local_setup.bash
[0.196s] -- Up-to-date: /home/russell/ROS2_REPAS/install/serial/share/serial/local_setup.sh
[0.196s] -- Up-to-date: /home/russell/ROS2_REPAS/install/serial/share/serial/local_setup.zsh
[0.196s] -- Up-to-date: /home/russell/ROS2_REPAS/install/serial/share/serial/local_setup.dsv
[0.196s] -- Installing: /home/russell/ROS2_REPAS/install/serial/share/serial/package.dsv
[0.197s] -- Up-to-date: /home/russell/ROS2_REPAS/install/serial/share/ament_index/resource_index/packages/serial
[0.197s] -- Up-to-date: /home/russell/ROS2_REPAS/install/serial/share/serial/cmake/ament_cmake_export_include_directories-extras.cmake
[0.198s] -- Up-to-date: /home/russell/ROS2_REPAS/install/serial/share/serial/cmake/ament_cmake_export_libraries-extras.cmake
[0.198s] -- Up-to-date: /home/russell/ROS2_REPAS/install/serial/share/serial/cmake/serialConfig.cmake
[0.198s] -- Up-to-date: /home/russell/ROS2_REPAS/install/serial/share/serial/cmake/serialConfig-version.cmake
[0.198s] -- Up-to-date: /home/russell/ROS2_REPAS/install/serial/share/serial/package.xml
[0.205s] Invoked command in '/home/russell/ROS2_REPAS/build/serial' returned '0': DEBUGINFOD_URLS=https://debuginfod.ubuntu.com /usr/bin/cmake --install /home/russell/ROS2_REPAS/build/serial
