[0.016s] Invoking command in '/home/russell/ROS2_REPAS/build/robotiq_2f_gripper_hardware': AMENT_PREFIX_PATH=/home/russell/ROS2_REPAS/install/robotiq_2f_gripper_interfaces:/home/russell/ROS2_REPAS/install/serial:/home/russell/ROS2_REPAS/install/robotiq_2f_gripper_msgs:${AMENT_PREFIX_PATH} CMAKE_PREFIX_PATH=/home/russell/ROS2_REPAS/install/robotiq_2f_gripper_interfaces:/home/russell/ROS2_REPAS/install/serial:/home/russell/ROS2_REPAS/install/robotiq_2f_gripper_msgs:/opt/ros/jazzy/opt/gz_sim_vendor:/opt/ros/jazzy/opt/gz_sensors_vendor:/opt/ros/jazzy/opt/gz_physics_vendor:/opt/ros/jazzy/opt/sdformat_vendor:/opt/ros/jazzy/opt/gz_gui_vendor:/opt/ros/jazzy/opt/gz_transport_vendor:/opt/ros/jazzy/opt/gz_rendering_vendor:/opt/ros/jazzy/opt/gz_plugin_vendor:/opt/ros/jazzy/opt/gz_fuel_tools_vendor:/opt/ros/jazzy/opt/gz_msgs_vendor:/opt/ros/jazzy/opt/gz_common_vendor:/opt/ros/jazzy/opt/gz_math_vendor:/opt/ros/jazzy/opt/gz_utils_vendor:/opt/ros/jazzy/opt/gz_tools_vendor:/opt/ros/jazzy/opt/gz_ogre_next_vendor:/opt/ros/jazzy/opt/gz_dartsim_vendor:/opt/ros/jazzy/opt/gz_cmake_vendor:/opt/ros/jazzy DEBUGINFOD_URLS=https://debuginfod.ubuntu.com LD_LIBRARY_PATH=/home/russell/ROS2_REPAS/install/robotiq_2f_gripper_interfaces/lib:/home/russell/ROS2_REPAS/install/serial/lib:/home/russell/ROS2_REPAS/install/robotiq_2f_gripper_msgs/lib:${LD_LIBRARY_PATH} PYTHONPATH=/home/russell/ROS2_REPAS/install/robotiq_2f_gripper_msgs/lib/python3.12/site-packages:${PYTHONPATH} /usr/bin/cmake --build /home/russell/ROS2_REPAS/build/robotiq_2f_gripper_hardware -- -j24 -l24
[0.094s] -- Found ament_cmake: 2.5.4 (/opt/ros/jazzy/share/ament_cmake/cmake)
[0.282s] -- Found hardware_interface: 4.32.0 (/opt/ros/jazzy/share/hardware_interface/cmake)
[0.313s] -- Found rosidl_generator_c: 4.6.5 (/opt/ros/jazzy/share/rosidl_generator_c/cmake)
[0.321s] -- Found rosidl_generator_cpp: 4.6.5 (/opt/ros/jazzy/share/rosidl_generator_cpp/cmake)
[0.331s] -- Using all available rosidl_typesupport_c: rosidl_typesupport_fastrtps_c;rosidl_typesupport_introspection_c
[0.343s] -- Using all available rosidl_typesupport_cpp: rosidl_typesupport_fastrtps_cpp;rosidl_typesupport_introspection_cpp
[0.514s] -- Found TinyXML2 via Config file: /usr/lib/x86_64-linux-gnu/cmake/tinyxml2
[0.545s] -- Found rmw_implementation_cmake: 7.3.2 (/opt/ros/jazzy/share/rmw_implementation_cmake/cmake)
[0.546s] -- Found rmw_fastrtps_cpp: 8.4.2 (/opt/ros/jazzy/share/rmw_fastrtps_cpp/cmake)
[0.561s] -- Found TinyXML2 via Config file: /usr/lib/x86_64-linux-gnu/cmake/tinyxml2
[0.572s] -- Found TinyXML2 via Config file: /usr/lib/x86_64-linux-gnu/cmake/tinyxml2
[0.591s] -- Found TinyXML2 via Config file: /usr/lib/x86_64-linux-gnu/cmake/tinyxml2
[0.600s] -- Found TinyXML2 via Config file: /usr/lib/x86_64-linux-gnu/cmake/tinyxml2
[0.615s] -- Using RMW implementation 'rmw_fastrtps_cpp' as default
[0.734s] -- Found robotiq_2f_gripper_msgs: 0.0.0 (/home/russell/ROS2_REPAS/install/robotiq_2f_gripper_msgs/share/robotiq_2f_gripper_msgs/cmake)
[0.755s] -- Found serial: 1.2.1 (/home/russell/ROS2_REPAS/install/serial/share/serial/cmake)
[0.756s] -- Found robotiq_2f_gripper_interfaces: 0.0.1 (/home/russell/ROS2_REPAS/install/robotiq_2f_gripper_interfaces/share/robotiq_2f_gripper_interfaces/cmake)
[0.853s] -- Configuring done (0.8s)
[0.930s] -- Generating done (0.1s)
[0.936s] -- Build files have been written to: /home/russell/ROS2_REPAS/build/robotiq_2f_gripper_hardware
[0.994s] [ 50%] [32mBuilding CXX object CMakeFiles/robotiq_2f_gripper_node.dir/src/robotiq_2f_gripper_node.cpp.o[0m
[5.913s] [100%] [32m[1mLinking CXX executable robotiq_2f_gripper_node[0m
[6.324s] [100%] Built target robotiq_2f_gripper_node
[6.339s] Invoked command in '/home/russell/ROS2_REPAS/build/robotiq_2f_gripper_hardware' returned '0': AMENT_PREFIX_PATH=/home/russell/ROS2_REPAS/install/robotiq_2f_gripper_interfaces:/home/russell/ROS2_REPAS/install/serial:/home/russell/ROS2_REPAS/install/robotiq_2f_gripper_msgs:${AMENT_PREFIX_PATH} CMAKE_PREFIX_PATH=/home/russell/ROS2_REPAS/install/robotiq_2f_gripper_interfaces:/home/russell/ROS2_REPAS/install/serial:/home/russell/ROS2_REPAS/install/robotiq_2f_gripper_msgs:/opt/ros/jazzy/opt/gz_sim_vendor:/opt/ros/jazzy/opt/gz_sensors_vendor:/opt/ros/jazzy/opt/gz_physics_vendor:/opt/ros/jazzy/opt/sdformat_vendor:/opt/ros/jazzy/opt/gz_gui_vendor:/opt/ros/jazzy/opt/gz_transport_vendor:/opt/ros/jazzy/opt/gz_rendering_vendor:/opt/ros/jazzy/opt/gz_plugin_vendor:/opt/ros/jazzy/opt/gz_fuel_tools_vendor:/opt/ros/jazzy/opt/gz_msgs_vendor:/opt/ros/jazzy/opt/gz_common_vendor:/opt/ros/jazzy/opt/gz_math_vendor:/opt/ros/jazzy/opt/gz_utils_vendor:/opt/ros/jazzy/opt/gz_tools_vendor:/opt/ros/jazzy/opt/gz_ogre_next_vendor:/opt/ros/jazzy/opt/gz_dartsim_vendor:/opt/ros/jazzy/opt/gz_cmake_vendor:/opt/ros/jazzy DEBUGINFOD_URLS=https://debuginfod.ubuntu.com LD_LIBRARY_PATH=/home/russell/ROS2_REPAS/install/robotiq_2f_gripper_interfaces/lib:/home/russell/ROS2_REPAS/install/serial/lib:/home/russell/ROS2_REPAS/install/robotiq_2f_gripper_msgs/lib:${LD_LIBRARY_PATH} PYTHONPATH=/home/russell/ROS2_REPAS/install/robotiq_2f_gripper_msgs/lib/python3.12/site-packages:${PYTHONPATH} /usr/bin/cmake --build /home/russell/ROS2_REPAS/build/robotiq_2f_gripper_hardware -- -j24 -l24
[6.340s] Invoking command in '/home/russell/ROS2_REPAS/build/robotiq_2f_gripper_hardware': AMENT_PREFIX_PATH=/home/russell/ROS2_REPAS/install/robotiq_2f_gripper_interfaces:/home/russell/ROS2_REPAS/install/serial:/home/russell/ROS2_REPAS/install/robotiq_2f_gripper_msgs:${AMENT_PREFIX_PATH} CMAKE_PREFIX_PATH=/home/russell/ROS2_REPAS/install/robotiq_2f_gripper_interfaces:/home/russell/ROS2_REPAS/install/serial:/home/russell/ROS2_REPAS/install/robotiq_2f_gripper_msgs:/opt/ros/jazzy/opt/gz_sim_vendor:/opt/ros/jazzy/opt/gz_sensors_vendor:/opt/ros/jazzy/opt/gz_physics_vendor:/opt/ros/jazzy/opt/sdformat_vendor:/opt/ros/jazzy/opt/gz_gui_vendor:/opt/ros/jazzy/opt/gz_transport_vendor:/opt/ros/jazzy/opt/gz_rendering_vendor:/opt/ros/jazzy/opt/gz_plugin_vendor:/opt/ros/jazzy/opt/gz_fuel_tools_vendor:/opt/ros/jazzy/opt/gz_msgs_vendor:/opt/ros/jazzy/opt/gz_common_vendor:/opt/ros/jazzy/opt/gz_math_vendor:/opt/ros/jazzy/opt/gz_utils_vendor:/opt/ros/jazzy/opt/gz_tools_vendor:/opt/ros/jazzy/opt/gz_ogre_next_vendor:/opt/ros/jazzy/opt/gz_dartsim_vendor:/opt/ros/jazzy/opt/gz_cmake_vendor:/opt/ros/jazzy DEBUGINFOD_URLS=https://debuginfod.ubuntu.com LD_LIBRARY_PATH=/home/russell/ROS2_REPAS/install/robotiq_2f_gripper_interfaces/lib:/home/russell/ROS2_REPAS/install/serial/lib:/home/russell/ROS2_REPAS/install/robotiq_2f_gripper_msgs/lib:${LD_LIBRARY_PATH} PYTHONPATH=/home/russell/ROS2_REPAS/install/robotiq_2f_gripper_msgs/lib/python3.12/site-packages:${PYTHONPATH} /usr/bin/cmake --install /home/russell/ROS2_REPAS/build/robotiq_2f_gripper_hardware
[6.349s] -- Install configuration: ""
[6.349s] -- Installing: /home/russell/ROS2_REPAS/install/robotiq_2f_gripper_hardware/lib/robotiq_2f_gripper_hardware/robotiq_2f_gripper_node
[6.354s] -- Set non-toolchain portion of runtime path of "/home/russell/ROS2_REPAS/install/robotiq_2f_gripper_hardware/lib/robotiq_2f_gripper_hardware/robotiq_2f_gripper_node" to ""
[6.354s] -- Up-to-date: /home/russell/ROS2_REPAS/install/robotiq_2f_gripper_hardware/include/robotiq_2f_gripper_hardware
[6.354s] -- Up-to-date: /home/russell/ROS2_REPAS/install/robotiq_2f_gripper_hardware/include/robotiq_2f_gripper_hardware/robotiq_2f_gripper_node.hpp
[6.354s] -- Up-to-date: /home/russell/ROS2_REPAS/install/robotiq_2f_gripper_hardware/share/robotiq_2f_gripper_hardware/launch
[6.354s] -- Up-to-date: /home/russell/ROS2_REPAS/install/robotiq_2f_gripper_hardware/share/robotiq_2f_gripper_hardware/launch/robotiq_2f_gripper_launch.py
[6.354s] -- Up-to-date: /home/russell/ROS2_REPAS/install/robotiq_2f_gripper_hardware/share/ament_index/resource_index/package_run_dependencies/robotiq_2f_gripper_hardware
[6.354s] -- Installing: /home/russell/ROS2_REPAS/install/robotiq_2f_gripper_hardware/share/ament_index/resource_index/parent_prefix_path/robotiq_2f_gripper_hardware
[6.355s] -- Up-to-date: /home/russell/ROS2_REPAS/install/robotiq_2f_gripper_hardware/share/robotiq_2f_gripper_hardware/environment/ament_prefix_path.sh
[6.355s] -- Up-to-date: /home/russell/ROS2_REPAS/install/robotiq_2f_gripper_hardware/share/robotiq_2f_gripper_hardware/environment/ament_prefix_path.dsv
[6.355s] -- Up-to-date: /home/russell/ROS2_REPAS/install/robotiq_2f_gripper_hardware/share/robotiq_2f_gripper_hardware/environment/path.sh
[6.355s] -- Up-to-date: /home/russell/ROS2_REPAS/install/robotiq_2f_gripper_hardware/share/robotiq_2f_gripper_hardware/environment/path.dsv
[6.355s] -- Up-to-date: /home/russell/ROS2_REPAS/install/robotiq_2f_gripper_hardware/share/robotiq_2f_gripper_hardware/local_setup.bash
[6.355s] -- Up-to-date: /home/russell/ROS2_REPAS/install/robotiq_2f_gripper_hardware/share/robotiq_2f_gripper_hardware/local_setup.sh
[6.355s] -- Up-to-date: /home/russell/ROS2_REPAS/install/robotiq_2f_gripper_hardware/share/robotiq_2f_gripper_hardware/local_setup.zsh
[6.355s] -- Up-to-date: /home/russell/ROS2_REPAS/install/robotiq_2f_gripper_hardware/share/robotiq_2f_gripper_hardware/local_setup.dsv
[6.355s] -- Installing: /home/russell/ROS2_REPAS/install/robotiq_2f_gripper_hardware/share/robotiq_2f_gripper_hardware/package.dsv
[6.355s] -- Up-to-date: /home/russell/ROS2_REPAS/install/robotiq_2f_gripper_hardware/share/ament_index/resource_index/packages/robotiq_2f_gripper_hardware
[6.355s] -- Up-to-date: /home/russell/ROS2_REPAS/install/robotiq_2f_gripper_hardware/share/robotiq_2f_gripper_hardware/cmake/robotiq_2f_gripper_hardwareConfig.cmake
[6.355s] -- Up-to-date: /home/russell/ROS2_REPAS/install/robotiq_2f_gripper_hardware/share/robotiq_2f_gripper_hardware/cmake/robotiq_2f_gripper_hardwareConfig-version.cmake
[6.355s] -- Up-to-date: /home/russell/ROS2_REPAS/install/robotiq_2f_gripper_hardware/share/robotiq_2f_gripper_hardware/package.xml
[6.357s] Invoked command in '/home/russell/ROS2_REPAS/build/robotiq_2f_gripper_hardware' returned '0': AMENT_PREFIX_PATH=/home/russell/ROS2_REPAS/install/robotiq_2f_gripper_interfaces:/home/russell/ROS2_REPAS/install/serial:/home/russell/ROS2_REPAS/install/robotiq_2f_gripper_msgs:${AMENT_PREFIX_PATH} CMAKE_PREFIX_PATH=/home/russell/ROS2_REPAS/install/robotiq_2f_gripper_interfaces:/home/russell/ROS2_REPAS/install/serial:/home/russell/ROS2_REPAS/install/robotiq_2f_gripper_msgs:/opt/ros/jazzy/opt/gz_sim_vendor:/opt/ros/jazzy/opt/gz_sensors_vendor:/opt/ros/jazzy/opt/gz_physics_vendor:/opt/ros/jazzy/opt/sdformat_vendor:/opt/ros/jazzy/opt/gz_gui_vendor:/opt/ros/jazzy/opt/gz_transport_vendor:/opt/ros/jazzy/opt/gz_rendering_vendor:/opt/ros/jazzy/opt/gz_plugin_vendor:/opt/ros/jazzy/opt/gz_fuel_tools_vendor:/opt/ros/jazzy/opt/gz_msgs_vendor:/opt/ros/jazzy/opt/gz_common_vendor:/opt/ros/jazzy/opt/gz_math_vendor:/opt/ros/jazzy/opt/gz_utils_vendor:/opt/ros/jazzy/opt/gz_tools_vendor:/opt/ros/jazzy/opt/gz_ogre_next_vendor:/opt/ros/jazzy/opt/gz_dartsim_vendor:/opt/ros/jazzy/opt/gz_cmake_vendor:/opt/ros/jazzy DEBUGINFOD_URLS=https://debuginfod.ubuntu.com LD_LIBRARY_PATH=/home/russell/ROS2_REPAS/install/robotiq_2f_gripper_interfaces/lib:/home/russell/ROS2_REPAS/install/serial/lib:/home/russell/ROS2_REPAS/install/robotiq_2f_gripper_msgs/lib:${LD_LIBRARY_PATH} PYTHONPATH=/home/russell/ROS2_REPAS/install/robotiq_2f_gripper_msgs/lib/python3.12/site-packages:${PYTHONPATH} /usr/bin/cmake --install /home/russell/ROS2_REPAS/build/robotiq_2f_gripper_hardware
