[0.011s] Invoking command in '/home/russell/ROS2_REPAS/build/ur_simulation_gz': AMENT_PREFIX_PATH=/home/russell/ROS2_REPAS/install/ur_description:${AMENT_PREFIX_PATH} CMAKE_PREFIX_PATH=/home/russell/ROS2_REPAS/install/ur_description:/opt/ros/jazzy/opt/gz_sim_vendor:/opt/ros/jazzy/opt/gz_sensors_vendor:/opt/ros/jazzy/opt/gz_physics_vendor:/opt/ros/jazzy/opt/sdformat_vendor:/opt/ros/jazzy/opt/gz_gui_vendor:/opt/ros/jazzy/opt/gz_transport_vendor:/opt/ros/jazzy/opt/gz_rendering_vendor:/opt/ros/jazzy/opt/gz_plugin_vendor:/opt/ros/jazzy/opt/gz_fuel_tools_vendor:/opt/ros/jazzy/opt/gz_msgs_vendor:/opt/ros/jazzy/opt/gz_common_vendor:/opt/ros/jazzy/opt/gz_math_vendor:/opt/ros/jazzy/opt/gz_utils_vendor:/opt/ros/jazzy/opt/gz_tools_vendor:/opt/ros/jazzy/opt/gz_ogre_next_vendor:/opt/ros/jazzy/opt/gz_dartsim_vendor:/opt/ros/jazzy/opt/gz_cmake_vendor:/opt/ros/jazzy DEBUGINFOD_URLS=https://debuginfod.ubuntu.com /usr/bin/cmake --build /home/russell/ROS2_REPAS/build/ur_simulation_gz -- -j24 -l24
[0.056s] Invoked command in '/home/russell/ROS2_REPAS/build/ur_simulation_gz' returned '0': AMENT_PREFIX_PATH=/home/russell/ROS2_REPAS/install/ur_description:${AMENT_PREFIX_PATH} CMAKE_PREFIX_PATH=/home/russell/ROS2_REPAS/install/ur_description:/opt/ros/jazzy/opt/gz_sim_vendor:/opt/ros/jazzy/opt/gz_sensors_vendor:/opt/ros/jazzy/opt/gz_physics_vendor:/opt/ros/jazzy/opt/sdformat_vendor:/opt/ros/jazzy/opt/gz_gui_vendor:/opt/ros/jazzy/opt/gz_transport_vendor:/opt/ros/jazzy/opt/gz_rendering_vendor:/opt/ros/jazzy/opt/gz_plugin_vendor:/opt/ros/jazzy/opt/gz_fuel_tools_vendor:/opt/ros/jazzy/opt/gz_msgs_vendor:/opt/ros/jazzy/opt/gz_common_vendor:/opt/ros/jazzy/opt/gz_math_vendor:/opt/ros/jazzy/opt/gz_utils_vendor:/opt/ros/jazzy/opt/gz_tools_vendor:/opt/ros/jazzy/opt/gz_ogre_next_vendor:/opt/ros/jazzy/opt/gz_dartsim_vendor:/opt/ros/jazzy/opt/gz_cmake_vendor:/opt/ros/jazzy DEBUGINFOD_URLS=https://debuginfod.ubuntu.com /usr/bin/cmake --build /home/russell/ROS2_REPAS/build/ur_simulation_gz -- -j24 -l24
[0.057s] Invoking command in '/home/russell/ROS2_REPAS/build/ur_simulation_gz': AMENT_PREFIX_PATH=/home/russell/ROS2_REPAS/install/ur_description:${AMENT_PREFIX_PATH} CMAKE_PREFIX_PATH=/home/russell/ROS2_REPAS/install/ur_description:/opt/ros/jazzy/opt/gz_sim_vendor:/opt/ros/jazzy/opt/gz_sensors_vendor:/opt/ros/jazzy/opt/gz_physics_vendor:/opt/ros/jazzy/opt/sdformat_vendor:/opt/ros/jazzy/opt/gz_gui_vendor:/opt/ros/jazzy/opt/gz_transport_vendor:/opt/ros/jazzy/opt/gz_rendering_vendor:/opt/ros/jazzy/opt/gz_plugin_vendor:/opt/ros/jazzy/opt/gz_fuel_tools_vendor:/opt/ros/jazzy/opt/gz_msgs_vendor:/opt/ros/jazzy/opt/gz_common_vendor:/opt/ros/jazzy/opt/gz_math_vendor:/opt/ros/jazzy/opt/gz_utils_vendor:/opt/ros/jazzy/opt/gz_tools_vendor:/opt/ros/jazzy/opt/gz_ogre_next_vendor:/opt/ros/jazzy/opt/gz_dartsim_vendor:/opt/ros/jazzy/opt/gz_cmake_vendor:/opt/ros/jazzy DEBUGINFOD_URLS=https://debuginfod.ubuntu.com /usr/bin/cmake --install /home/russell/ROS2_REPAS/build/ur_simulation_gz
[0.065s] -- Install configuration: ""
[0.066s] -- Execute custom install script
[0.066s] -- Up-to-date symlink: /home/russell/ROS2_REPAS/install/ur_simulation_gz/share/ur_simulation_gz/config/ur_controllers.yaml
[0.066s] -- Up-to-date symlink: /home/russell/ROS2_REPAS/install/ur_simulation_gz/share/ur_simulation_gz/launch/ur_sim_control.launch.py
[0.067s] -- Up-to-date symlink: /home/russell/ROS2_REPAS/install/ur_simulation_gz/share/ur_simulation_gz/launch/ur_sim_moveit.launch.py
[0.067s] -- Up-to-date symlink: /home/russell/ROS2_REPAS/install/ur_simulation_gz/share/ur_simulation_gz/urdf/ur_gz.ros2_control.xacro
[0.067s] -- Up-to-date symlink: /home/russell/ROS2_REPAS/install/ur_simulation_gz/share/ur_simulation_gz/urdf/ur_gz.urdf.xacro
[0.067s] -- Up-to-date symlink: /home/russell/ROS2_REPAS/install/ur_simulation_gz/share/ament_index/resource_index/package_run_dependencies/ur_simulation_gz
[0.067s] -- Up-to-date symlink: /home/russell/ROS2_REPAS/install/ur_simulation_gz/share/ament_index/resource_index/parent_prefix_path/ur_simulation_gz
[0.067s] -- Up-to-date symlink: /home/russell/ROS2_REPAS/install/ur_simulation_gz/share/ur_simulation_gz/environment/ament_prefix_path.sh
[0.067s] -- Up-to-date symlink: /home/russell/ROS2_REPAS/install/ur_simulation_gz/share/ur_simulation_gz/environment/ament_prefix_path.dsv
[0.067s] -- Up-to-date symlink: /home/russell/ROS2_REPAS/install/ur_simulation_gz/share/ur_simulation_gz/environment/path.sh
[0.068s] -- Up-to-date symlink: /home/russell/ROS2_REPAS/install/ur_simulation_gz/share/ur_simulation_gz/environment/path.dsv
[0.068s] -- Up-to-date symlink: /home/russell/ROS2_REPAS/install/ur_simulation_gz/share/ur_simulation_gz/local_setup.bash
[0.068s] -- Up-to-date symlink: /home/russell/ROS2_REPAS/install/ur_simulation_gz/share/ur_simulation_gz/local_setup.sh
[0.068s] -- Up-to-date symlink: /home/russell/ROS2_REPAS/install/ur_simulation_gz/share/ur_simulation_gz/local_setup.zsh
[0.068s] -- Up-to-date symlink: /home/russell/ROS2_REPAS/install/ur_simulation_gz/share/ur_simulation_gz/local_setup.dsv
[0.068s] -- Symlinking: /home/russell/ROS2_REPAS/install/ur_simulation_gz/share/ur_simulation_gz/package.dsv
[0.079s] -- Up-to-date symlink: /home/russell/ROS2_REPAS/install/ur_simulation_gz/share/ament_index/resource_index/packages/ur_simulation_gz
[0.079s] -- Up-to-date symlink: /home/russell/ROS2_REPAS/install/ur_simulation_gz/share/ur_simulation_gz/cmake/ur_simulation_gzConfig.cmake
[0.080s] -- Up-to-date symlink: /home/russell/ROS2_REPAS/install/ur_simulation_gz/share/ur_simulation_gz/cmake/ur_simulation_gzConfig-version.cmake
[0.080s] -- Up-to-date symlink: /home/russell/ROS2_REPAS/install/ur_simulation_gz/share/ur_simulation_gz/package.xml
[0.082s] Invoked command in '/home/russell/ROS2_REPAS/build/ur_simulation_gz' returned '0': AMENT_PREFIX_PATH=/home/russell/ROS2_REPAS/install/ur_description:${AMENT_PREFIX_PATH} CMAKE_PREFIX_PATH=/home/russell/ROS2_REPAS/install/ur_description:/opt/ros/jazzy/opt/gz_sim_vendor:/opt/ros/jazzy/opt/gz_sensors_vendor:/opt/ros/jazzy/opt/gz_physics_vendor:/opt/ros/jazzy/opt/sdformat_vendor:/opt/ros/jazzy/opt/gz_gui_vendor:/opt/ros/jazzy/opt/gz_transport_vendor:/opt/ros/jazzy/opt/gz_rendering_vendor:/opt/ros/jazzy/opt/gz_plugin_vendor:/opt/ros/jazzy/opt/gz_fuel_tools_vendor:/opt/ros/jazzy/opt/gz_msgs_vendor:/opt/ros/jazzy/opt/gz_common_vendor:/opt/ros/jazzy/opt/gz_math_vendor:/opt/ros/jazzy/opt/gz_utils_vendor:/opt/ros/jazzy/opt/gz_tools_vendor:/opt/ros/jazzy/opt/gz_ogre_next_vendor:/opt/ros/jazzy/opt/gz_dartsim_vendor:/opt/ros/jazzy/opt/gz_cmake_vendor:/opt/ros/jazzy DEBUGINFOD_URLS=https://debuginfod.ubuntu.com /usr/bin/cmake --install /home/russell/ROS2_REPAS/build/ur_simulation_gz
