[0.011s] Invoking command in '/home/russell/ROS2_REPAS/build/ur5e_moveit_demo': CMAKE_PREFIX_PATH=/home/russell/ROS2_REPAS/install/ur_simulation_gz:/home/russell/ROS2_REPAS/install/ur_description:/home/russell/ROS2_REPAS/install/ur5e_moveit_demo:/home/russell/ROS2_REPAS/install/robotiq_2f_gripper_hardware:/home/russell/ROS2_REPAS/install/robotiq_2f_gripper_interfaces:/home/russell/ROS2_REPAS/install/serial:/home/russell/ROS2_REPAS/install/robotiq_2f_gripper_msgs:/home/russell/ROS2_REPAS/install/robotiq_2f_gripper_description:/opt/ros/jazzy/opt/gz_sim_vendor:/opt/ros/jazzy/opt/gz_sensors_vendor:/opt/ros/jazzy/opt/gz_physics_vendor:/opt/ros/jazzy/opt/sdformat_vendor:/opt/ros/jazzy/opt/gz_gui_vendor:/opt/ros/jazzy/opt/gz_transport_vendor:/opt/ros/jazzy/opt/gz_rendering_vendor:/opt/ros/jazzy/opt/gz_plugin_vendor:/opt/ros/jazzy/opt/gz_fuel_tools_vendor:/opt/ros/jazzy/opt/gz_msgs_vendor:/opt/ros/jazzy/opt/gz_common_vendor:/opt/ros/jazzy/opt/gz_math_vendor:/opt/ros/jazzy/opt/gz_utils_vendor:/opt/ros/jazzy/opt/gz_tools_vendor:/opt/ros/jazzy/opt/gz_ogre_next_vendor:/opt/ros/jazzy/opt/gz_dartsim_vendor:/opt/ros/jazzy/opt/gz_cmake_vendor:/opt/ros/jazzy DEBUGINFOD_URLS=https://debuginfod.ubuntu.com /usr/bin/cmake --build /home/russell/ROS2_REPAS/build/ur5e_moveit_demo -- -j24 -l24
[0.098s] [ 37%] Built target move_ur5e
[0.098s] [ 37%] Built target russell_script1
[0.098s] [ 37%] Built target home
[0.098s] [ 75%] Built target parlight_grid
[0.099s] [ 75%] Built target hydroponic_waypoint_grid
[0.099s] [ 75%] Built target hydroponic_waypoint_grid_v2
[0.099s] [ 87%] Built target waypoint_grid
[0.103s] [ 93%] [32mBuilding CXX object CMakeFiles/parlight_grid_with_hydrosystem.dir/src/parlight_grid_with_hydrosystem.cpp.o[0m
[5.545s] [01m[K/home/russell/ROS2_REPAS/src/ur5e_moveit_demo/src/parlight_grid_with_hydrosystem.cpp:[m[K In function ‘[01m[Kint[01;32m[K main[m[K(int, char**)[m[K’:
[5.545s] [01m[K/home/russell/ROS2_REPAS/src/ur5e_moveit_demo/src/parlight_grid_with_hydrosystem.cpp:84:28:[m[K [01;31m[Kerror: [m[K‘[01m[Kclass moveit::planning_interface::PlanningSceneInterface[m[K’ has no member named ‘[01m[KapplyColors[m[K’
[5.545s]    84 |   planning_scene_interface.[01;31m[KapplyColors[m[K(object_colors);
[5.546s]       |                            [01;31m[K^~~~~~~~~~~[m[K
[5.548s] [01m[K/home/russell/ROS2_REPAS/src/ur5e_moveit_demo/src/parlight_grid_with_hydrosystem.cpp:137:52:[m[K [01;35m[Kwarning: [m[K‘[01m[Kdouble moveit::planning_interface::MoveGroupInterface::[01;32m[KcomputeCartesianPath[m[K(const std::vector<geometry_msgs::msg::Pose_<std::allocator<void> > >&, double, double, moveit_msgs::msg::RobotTrajectory&, bool, moveit_msgs::msg::MoveItErrorCodes*)[m[K’ is deprecated: Drop jump_threshold [[01;35m[K]8;;https://gcc.gnu.org/onlinedocs/gcc/Warning-Options.html#index-Wdeprecated-declarations-Wdeprecated-declarations]8;;[m[K]
[5.549s]   137 |   double fraction = [01;35m[Kmove_group.computeCartesianPath([m[K
[5.549s]       |                     [01;35m[K~~~~~~~~~~~~~~~~~~~~~~~~~~~~~~~^[m[K
[5.549s]   138 | [01;35m[K      waypoints_z, eef_step_z, jump_threshold_z, trajectory_approach_z)[m[K;
[5.549s]       |       [01;35m[K~~~~~~~~~~~~~~~~~~~~~~~~~~~~~~~~~~~~~~~~~~~~~~~~~~~~~~~~~~~~~~~~~[m[K
[5.549s] In file included from [01m[K/home/russell/ROS2_REPAS/src/ur5e_moveit_demo/src/parlight_grid_with_hydrosystem.cpp:2[m[K:
[5.549s] [01m[K/opt/ros/jazzy/include/moveit_ros_planning_interface/moveit/move_group_interface/move_group_interface.hpp:765:3:[m[K [01;36m[Knote: [m[Kdeclared here
[5.549s]   765 |   [01;36m[KcomputeCartesianPath[m[K(const std::vector<geometry_msgs::msg::Pose>& waypoints, double eef_step,
[5.550s]       |   [01;36m[K^~~~~~~~~~~~~~~~~~~~[m[K
[5.552s] [01m[K/home/russell/ROS2_REPAS/src/ur5e_moveit_demo/src/parlight_grid_with_hydrosystem.cpp:192:54:[m[K [01;35m[Kwarning: [m[K‘[01m[Kdouble moveit::planning_interface::MoveGroupInterface::[01;32m[KcomputeCartesianPath[m[K(const std::vector<geometry_msgs::msg::Pose_<std::allocator<void> > >&, double, double, moveit_msgs::msg::RobotTrajectory&, bool, moveit_msgs::msg::MoveItErrorCodes*)[m[K’ is deprecated: Drop jump_threshold [[01;35m[K]8;;https://gcc.gnu.org/onlinedocs/gcc/Warning-Options.html#index-Wdeprecated-declarations-Wdeprecated-declarations]8;;[m[K]
[5.552s]   192 |     double fraction = [01;35m[Kmove_group.computeCartesianPath([m[K
[5.552s]       |                       [01;35m[K~~~~~~~~~~~~~~~~~~~~~~~~~~~~~~~^[m[K
[5.552s]   193 | [01;35m[K        waypoints, eef_step, jump_threshold, trajectory_approach)[m[K;
[5.552s]       |         [01;35m[K~~~~~~~~~~~~~~~~~~~~~~~~~~~~~~~~~~~~~~~~~~~~~~~~~~~~~~~~~[m[K
[5.553s] [01m[K/opt/ros/jazzy/include/moveit_ros_planning_interface/moveit/move_group_interface/move_group_interface.hpp:765:3:[m[K [01;36m[Knote: [m[Kdeclared here
[5.553s]   765 |   [01;36m[KcomputeCartesianPath[m[K(const std::vector<geometry_msgs::msg::Pose>& waypoints, double eef_step,
[5.553s]       |   [01;36m[K^~~~~~~~~~~~~~~~~~~~[m[K
[7.731s] gmake[2]: *** [CMakeFiles/parlight_grid_with_hydrosystem.dir/build.make:76: CMakeFiles/parlight_grid_with_hydrosystem.dir/src/parlight_grid_with_hydrosystem.cpp.o] Error 1
[7.732s] gmake[1]: *** [CMakeFiles/Makefile2:333: CMakeFiles/parlight_grid_with_hydrosystem.dir/all] Error 2
[7.732s] gmake: *** [Makefile:146: all] Error 2
[7.737s] Invoked command in '/home/russell/ROS2_REPAS/build/ur5e_moveit_demo' returned '2': CMAKE_PREFIX_PATH=/home/russell/ROS2_REPAS/install/ur_simulation_gz:/home/russell/ROS2_REPAS/install/ur_description:/home/russell/ROS2_REPAS/install/ur5e_moveit_demo:/home/russell/ROS2_REPAS/install/robotiq_2f_gripper_hardware:/home/russell/ROS2_REPAS/install/robotiq_2f_gripper_interfaces:/home/russell/ROS2_REPAS/install/serial:/home/russell/ROS2_REPAS/install/robotiq_2f_gripper_msgs:/home/russell/ROS2_REPAS/install/robotiq_2f_gripper_description:/opt/ros/jazzy/opt/gz_sim_vendor:/opt/ros/jazzy/opt/gz_sensors_vendor:/opt/ros/jazzy/opt/gz_physics_vendor:/opt/ros/jazzy/opt/sdformat_vendor:/opt/ros/jazzy/opt/gz_gui_vendor:/opt/ros/jazzy/opt/gz_transport_vendor:/opt/ros/jazzy/opt/gz_rendering_vendor:/opt/ros/jazzy/opt/gz_plugin_vendor:/opt/ros/jazzy/opt/gz_fuel_tools_vendor:/opt/ros/jazzy/opt/gz_msgs_vendor:/opt/ros/jazzy/opt/gz_common_vendor:/opt/ros/jazzy/opt/gz_math_vendor:/opt/ros/jazzy/opt/gz_utils_vendor:/opt/ros/jazzy/opt/gz_tools_vendor:/opt/ros/jazzy/opt/gz_ogre_next_vendor:/opt/ros/jazzy/opt/gz_dartsim_vendor:/opt/ros/jazzy/opt/gz_cmake_vendor:/opt/ros/jazzy DEBUGINFOD_URLS=https://debuginfod.ubuntu.com /usr/bin/cmake --build /home/russell/ROS2_REPAS/build/ur5e_moveit_demo -- -j24 -l24
