[0.770s] Invoking command in '/home/russell/ROS2_REPAS/src/camera_sensor': DEBUGINFOD_URLS=https://debuginfod.ubuntu.com PYTHONPATH=/home/russell/ROS2_REPAS/build/camera_sensor/prefix_override:/usr/lib/python3/dist-packages/colcon_core/task/python/colcon_distutils_commands:/home/russell/ROS2_REPAS/install/camera_sensor/lib/python3.12/site-packages:${PYTHONPATH} /usr/bin/python3 -W ignore:setup.py install is deprecated -W ignore:easy_install command is deprecated setup.py egg_info --egg-base ../../build/camera_sensor build --build-base /home/russell/ROS2_REPAS/build/camera_sensor/build install --record /home/russell/ROS2_REPAS/build/camera_sensor/install.log --single-version-externally-managed install_data
[1.020s] running egg_info
[1.020s] creating ../../build/camera_sensor/camera_sensor.egg-info
[1.040s] writing ../../build/camera_sensor/camera_sensor.egg-info/PKG-INFO
[1.040s] writing dependency_links to ../../build/camera_sensor/camera_sensor.egg-info/dependency_links.txt
[1.040s] writing entry points to ../../build/camera_sensor/camera_sensor.egg-info/entry_points.txt
[1.040s] writing requirements to ../../build/camera_sensor/camera_sensor.egg-info/requires.txt
[1.040s] writing top-level names to ../../build/camera_sensor/camera_sensor.egg-info/top_level.txt
[1.040s] writing manifest file '../../build/camera_sensor/camera_sensor.egg-info/SOURCES.txt'
[1.080s] reading manifest file '../../build/camera_sensor/camera_sensor.egg-info/SOURCES.txt'
[1.080s] writing manifest file '../../build/camera_sensor/camera_sensor.egg-info/SOURCES.txt'
[1.080s] running build
[1.080s] running build_py
[1.080s] creating /home/russell/ROS2_REPAS/build/camera_sensor/build
[1.080s] creating /home/russell/ROS2_REPAS/build/camera_sensor/build/lib
[1.081s] creating /home/russell/ROS2_REPAS/build/camera_sensor/build/lib/camera_sensor
[1.081s] copying camera_sensor/__init__.py -> /home/russell/ROS2_REPAS/build/camera_sensor/build/lib/camera_sensor
[1.081s] copying camera_sensor/camera_return_z.py -> /home/russell/ROS2_REPAS/build/camera_sensor/build/lib/camera_sensor
[1.081s] running install
[1.086s] running install_lib
[1.105s] creating /home/russell/ROS2_REPAS/install/camera_sensor/lib/python3.12/site-packages/camera_sensor
[1.106s] copying /home/russell/ROS2_REPAS/build/camera_sensor/build/lib/camera_sensor/__init__.py -> /home/russell/ROS2_REPAS/install/camera_sensor/lib/python3.12/site-packages/camera_sensor
[1.106s] copying /home/russell/ROS2_REPAS/build/camera_sensor/build/lib/camera_sensor/camera_return_z.py -> /home/russell/ROS2_REPAS/install/camera_sensor/lib/python3.12/site-packages/camera_sensor
[1.106s] byte-compiling /home/russell/ROS2_REPAS/install/camera_sensor/lib/python3.12/site-packages/camera_sensor/__init__.py to __init__.cpython-312.pyc
[1.106s] byte-compiling /home/russell/ROS2_REPAS/install/camera_sensor/lib/python3.12/site-packages/camera_sensor/camera_return_z.py to camera_return_z.cpython-312.pyc
[1.107s] running install_data
[1.107s] creating /home/russell/ROS2_REPAS/install/camera_sensor/share/ament_index
[1.107s] creating /home/russell/ROS2_REPAS/install/camera_sensor/share/ament_index/resource_index
[1.107s] creating /home/russell/ROS2_REPAS/install/camera_sensor/share/ament_index/resource_index/packages
[1.107s] copying resource/camera_sensor -> /home/russell/ROS2_REPAS/install/camera_sensor/share/ament_index/resource_index/packages
[1.107s] copying package.xml -> /home/russell/ROS2_REPAS/install/camera_sensor/share/camera_sensor
[1.107s] creating /home/russell/ROS2_REPAS/install/camera_sensor/share/camera_sensor/camera_z_data
[1.108s] copying camera_z_data/camera_z.txt -> /home/russell/ROS2_REPAS/install/camera_sensor/share/camera_sensor/camera_z_data
[1.108s] running install_egg_info
[1.128s] Copying ../../build/camera_sensor/camera_sensor.egg-info to /home/russell/ROS2_REPAS/install/camera_sensor/lib/python3.12/site-packages/camera_sensor-0.0.0-py3.12.egg-info
[1.129s] running install_scripts
[1.264s] Installing camera_return_z_publisher script to /home/russell/ROS2_REPAS/install/camera_sensor/lib/camera_sensor
[1.264s] writing list of installed files to '/home/russell/ROS2_REPAS/build/camera_sensor/install.log'
[1.295s] Invoked command in '/home/russell/ROS2_REPAS/src/camera_sensor' returned '0': DEBUGINFOD_URLS=https://debuginfod.ubuntu.com PYTHONPATH=/home/russell/ROS2_REPAS/build/camera_sensor/prefix_override:/usr/lib/python3/dist-packages/colcon_core/task/python/colcon_distutils_commands:/home/russell/ROS2_REPAS/install/camera_sensor/lib/python3.12/site-packages:${PYTHONPATH} /usr/bin/python3 -W ignore:setup.py install is deprecated -W ignore:easy_install command is deprecated setup.py egg_info --egg-base ../../build/camera_sensor build --build-base /home/russell/ROS2_REPAS/build/camera_sensor/build install --record /home/russell/ROS2_REPAS/build/camera_sensor/install.log --single-version-externally-managed install_data
