[0.014s] Invoking command in '/home/russell/ROS2_REPAS/build/ur5e_moveit_demo': CMAKE_PREFIX_PATH=/home/russell/ROS2_REPAS/install/ur_simulation_gz:/home/russell/ROS2_REPAS/install/ur_description:/home/russell/ROS2_REPAS/install/serial:/home/russell/ROS2_REPAS/install/robotiq_2f_gripper_description:/home/russell/ROS2_REPAS/install/ur5e_moveit_demo:/home/russell/ROS2_REPAS/install/robotiq_2f_gripper_hardware:/home/russell/ROS2_REPAS/install/robotiq_2f_gripper_interfaces:/home/russell/ROS2_REPAS/install/robotiq_2f_gripper_msgs:/opt/ros/jazzy/opt/gz_sim_vendor:/opt/ros/jazzy/opt/gz_sensors_vendor:/opt/ros/jazzy/opt/gz_physics_vendor:/opt/ros/jazzy/opt/sdformat_vendor:/opt/ros/jazzy/opt/gz_gui_vendor:/opt/ros/jazzy/opt/gz_transport_vendor:/opt/ros/jazzy/opt/gz_rendering_vendor:/opt/ros/jazzy/opt/gz_plugin_vendor:/opt/ros/jazzy/opt/gz_fuel_tools_vendor:/opt/ros/jazzy/opt/gz_msgs_vendor:/opt/ros/jazzy/opt/gz_common_vendor:/opt/ros/jazzy/opt/gz_math_vendor:/opt/ros/jazzy/opt/gz_utils_vendor:/opt/ros/jazzy/opt/gz_tools_vendor:/opt/ros/jazzy/opt/gz_ogre_next_vendor:/opt/ros/jazzy/opt/gz_dartsim_vendor:/opt/ros/jazzy/opt/gz_cmake_vendor:/home/russell/ROS2_REPAS/install/camera_sensor:/opt/ros/jazzy DEBUGINFOD_URLS=https://debuginfod.ubuntu.com /usr/bin/cmake --build /home/russell/ROS2_REPAS/build/ur5e_moveit_demo -- -j24 -l24
[0.112s] [ 61%] Built target rpm_simple
[0.112s] [ 61%] Built target home
[0.112s] [ 61%] Built target parlight_grid
[0.112s] [ 61%] Built target hydroponic_waypoint_grid
[0.112s] [ 61%] Built target russell_script1
[0.112s] [ 61%] Built target move_ur5e
[0.112s] [ 61%] Built target hydroponic_waypoint_grid_v2
[0.112s] [ 61%] Built target waypoint_grid
[0.113s] [ 65%] [32mBuilding CXX object CMakeFiles/rpm_continuous.dir/src/rpm_continuous.cpp.o[0m
[0.114s] [ 73%] Built target rpm_simple_with_data
[0.116s] [ 80%] Built target parlight_grid_with_hydrosystem
[0.118s] [ 96%] Built target parlight_grid_with_cadsensor
[0.118s] [ 96%] Built target parlight_grid_with_parsensor
[1.129s] [01m[K/home/russell/ROS2_REPAS/src/ur5e_moveit_demo/src/rpm_continuous.cpp:8:10:[m[K [01;31m[Kfatal error: [m[Ktf2_geometry_msgs/tf2_geometry_msgs.h: No such file or directory
[1.130s]     8 | #include [01;31m[K<tf2_geometry_msgs/tf2_geometry_msgs.h>[m[K  // Remove for Jazzy, we will use manual conversion
[1.130s]       |          [01;31m[K^~~~~~~~~~~~~~~~~~~~~~~~~~~~~~~~~~~~~~~[m[K
[1.130s] compilation terminated.
[1.141s] gmake[2]: *** [CMakeFiles/rpm_continuous.dir/build.make:76: CMakeFiles/rpm_continuous.dir/src/rpm_continuous.cpp.o] Error 1
[1.142s] gmake[1]: *** [CMakeFiles/Makefile2:473: CMakeFiles/rpm_continuous.dir/all] Error 2
[1.142s] gmake: *** [Makefile:146: all] Error 2
[1.146s] Invoked command in '/home/russell/ROS2_REPAS/build/ur5e_moveit_demo' returned '2': CMAKE_PREFIX_PATH=/home/russell/ROS2_REPAS/install/ur_simulation_gz:/home/russell/ROS2_REPAS/install/ur_description:/home/russell/ROS2_REPAS/install/serial:/home/russell/ROS2_REPAS/install/robotiq_2f_gripper_description:/home/russell/ROS2_REPAS/install/ur5e_moveit_demo:/home/russell/ROS2_REPAS/install/robotiq_2f_gripper_hardware:/home/russell/ROS2_REPAS/install/robotiq_2f_gripper_interfaces:/home/russell/ROS2_REPAS/install/robotiq_2f_gripper_msgs:/opt/ros/jazzy/opt/gz_sim_vendor:/opt/ros/jazzy/opt/gz_sensors_vendor:/opt/ros/jazzy/opt/gz_physics_vendor:/opt/ros/jazzy/opt/sdformat_vendor:/opt/ros/jazzy/opt/gz_gui_vendor:/opt/ros/jazzy/opt/gz_transport_vendor:/opt/ros/jazzy/opt/gz_rendering_vendor:/opt/ros/jazzy/opt/gz_plugin_vendor:/opt/ros/jazzy/opt/gz_fuel_tools_vendor:/opt/ros/jazzy/opt/gz_msgs_vendor:/opt/ros/jazzy/opt/gz_common_vendor:/opt/ros/jazzy/opt/gz_math_vendor:/opt/ros/jazzy/opt/gz_utils_vendor:/opt/ros/jazzy/opt/gz_tools_vendor:/opt/ros/jazzy/opt/gz_ogre_next_vendor:/opt/ros/jazzy/opt/gz_dartsim_vendor:/opt/ros/jazzy/opt/gz_cmake_vendor:/home/russell/ROS2_REPAS/install/camera_sensor:/opt/ros/jazzy DEBUGINFOD_URLS=https://debuginfod.ubuntu.com /usr/bin/cmake --build /home/russell/ROS2_REPAS/build/ur5e_moveit_demo -- -j24 -l24
