[0.090s] DEBUG:colcon:Command line arguments: ['/usr/bin/colcon', 'build', '--packages-select', 'ur5e_moveit_demo', 'camera_sensor', '--symlink-install']
[0.090s] DEBUG:colcon:Parsed command line arguments: Namespace(log_base=None, log_level=None, verb_name='build', build_base='build', install_base='install', merge_install=False, symlink_install=True, test_result_base=None, continue_on_error=False, executor='parallel', parallel_workers=24, event_handlers=None, ignore_user_meta=False, metas=['./colcon.meta'], base_paths=['.'], packages_ignore=None, packages_ignore_regex=None, paths=None, packages_up_to=None, packages_up_to_regex=None, packages_above=None, packages_above_and_dependencies=None, packages_above_depth=None, packages_select_by_dep=None, packages_skip_by_dep=None, packages_skip_up_to=None, packages_select_build_failed=False, packages_skip_build_finished=False, packages_select_test_failures=False, packages_skip_test_passed=False, packages_select=['ur5e_moveit_demo', 'camera_sensor'], packages_skip=None, packages_select_regex=None, packages_skip_regex=None, packages_start=None, packages_end=None, allow_overriding=[], cmake_args=None, cmake_target=None, cmake_target_skip_unavailable=False, cmake_clean_cache=False, cmake_clean_first=False, cmake_force_configure=False, ament_cmake_args=None, catkin_cmake_args=None, catkin_skip_building_tests=False, mixin_files=None, mixin=None, verb_parser=<colcon_mixin.mixin.mixin_argument.MixinArgumentDecorator object at 0x7411831a5c10>, verb_extension=<colcon_core.verb.build.BuildVerb object at 0x7411831a58b0>, main=<bound method BuildVerb.main of <colcon_core.verb.build.BuildVerb object at 0x7411831a58b0>>, mixin_verb=('build',))
[0.121s] Level 1:colcon.colcon_core.package_discovery:discover_packages(colcon_meta) check parameters
[0.121s] Level 1:colcon.colcon_core.package_discovery:discover_packages(recursive) check parameters
[0.121s] Level 1:colcon.colcon_core.package_discovery:discover_packages(ignore) check parameters
[0.121s] Level 1:colcon.colcon_core.package_discovery:discover_packages(path) check parameters
[0.121s] Level 1:colcon.colcon_core.package_discovery:discover_packages(colcon_meta) discover
[0.121s] Level 1:colcon.colcon_core.package_discovery:discover_packages(recursive) discover
[0.121s] INFO:colcon.colcon_core.package_discovery:Crawling recursively for packages in '/home/russell/ROS2_REPAS'
[0.122s] Level 1:colcon.colcon_core.package_identification:_identify(.) by extensions ['ignore', 'ignore_ament_install']
[0.122s] Level 1:colcon.colcon_core.package_identification:_identify(.) by extension 'ignore'
[0.122s] Level 1:colcon.colcon_core.package_identification:_identify(.) by extension 'ignore_ament_install'
[0.122s] Level 1:colcon.colcon_core.package_identification:_identify(.) by extensions ['colcon_pkg']
[0.122s] Level 1:colcon.colcon_core.package_identification:_identify(.) by extension 'colcon_pkg'
[0.122s] Level 1:colcon.colcon_core.package_identification:_identify(.) by extensions ['colcon_meta']
[0.122s] Level 1:colcon.colcon_core.package_identification:_identify(.) by extension 'colcon_meta'
[0.122s] Level 1:colcon.colcon_core.package_identification:_identify(.) by extensions ['ros']
[0.122s] Level 1:colcon.colcon_core.package_identification:_identify(.) by extension 'ros'
[0.143s] Level 1:colcon.colcon_core.package_identification:_identify(.) by extensions ['cmake', 'python']
[0.143s] Level 1:colcon.colcon_core.package_identification:_identify(.) by extension 'cmake'
[0.143s] Level 1:colcon.colcon_core.package_identification:_identify(.) by extension 'python'
[0.143s] Level 1:colcon.colcon_core.package_identification:_identify(.) by extensions ['python_setup_py']
[0.143s] Level 1:colcon.colcon_core.package_identification:_identify(.) by extension 'python_setup_py'
[0.143s] Level 1:colcon.colcon_core.package_identification:_identify(build) by extensions ['ignore', 'ignore_ament_install']
[0.143s] Level 1:colcon.colcon_core.package_identification:_identify(build) by extension 'ignore'
[0.143s] Level 1:colcon.colcon_core.package_identification:_identify(build) ignored
[0.143s] Level 1:colcon.colcon_core.package_identification:_identify(install) by extensions ['ignore', 'ignore_ament_install']
[0.143s] Level 1:colcon.colcon_core.package_identification:_identify(install) by extension 'ignore'
[0.143s] Level 1:colcon.colcon_core.package_identification:_identify(install) ignored
[0.143s] Level 1:colcon.colcon_core.package_identification:_identify(librealsense) by extensions ['ignore', 'ignore_ament_install']
[0.143s] Level 1:colcon.colcon_core.package_identification:_identify(librealsense) by extension 'ignore'
[0.143s] Level 1:colcon.colcon_core.package_identification:_identify(librealsense) by extension 'ignore_ament_install'
[0.143s] Level 1:colcon.colcon_core.package_identification:_identify(librealsense) by extensions ['colcon_pkg']
[0.143s] Level 1:colcon.colcon_core.package_identification:_identify(librealsense) by extension 'colcon_pkg'
[0.144s] Level 1:colcon.colcon_core.package_identification:_identify(librealsense) by extensions ['colcon_meta']
[0.144s] Level 1:colcon.colcon_core.package_identification:_identify(librealsense) by extension 'colcon_meta'
[0.144s] Level 1:colcon.colcon_core.package_identification:_identify(librealsense) by extensions ['ros']
[0.144s] Level 1:colcon.colcon_core.package_identification:_identify(librealsense) by extension 'ros'
[0.145s] DEBUG:colcon.colcon_core.package_identification:Package 'librealsense' with type 'ros.cmake' and name 'librealsense2'
[0.146s] Level 1:colcon.colcon_core.package_identification:_identify(log) by extensions ['ignore', 'ignore_ament_install']
[0.146s] Level 1:colcon.colcon_core.package_identification:_identify(log) by extension 'ignore'
[0.146s] Level 1:colcon.colcon_core.package_identification:_identify(log) ignored
[0.146s] Level 1:colcon.colcon_core.package_identification:_identify(src) by extensions ['ignore', 'ignore_ament_install']
[0.146s] Level 1:colcon.colcon_core.package_identification:_identify(src) by extension 'ignore'
[0.146s] Level 1:colcon.colcon_core.package_identification:_identify(src) by extension 'ignore_ament_install'
[0.146s] Level 1:colcon.colcon_core.package_identification:_identify(src) by extensions ['colcon_pkg']
[0.146s] Level 1:colcon.colcon_core.package_identification:_identify(src) by extension 'colcon_pkg'
[0.146s] Level 1:colcon.colcon_core.package_identification:_identify(src) by extensions ['colcon_meta']
[0.146s] Level 1:colcon.colcon_core.package_identification:_identify(src) by extension 'colcon_meta'
[0.146s] Level 1:colcon.colcon_core.package_identification:_identify(src) by extensions ['ros']
[0.146s] Level 1:colcon.colcon_core.package_identification:_identify(src) by extension 'ros'
[0.146s] Level 1:colcon.colcon_core.package_identification:_identify(src) by extensions ['cmake', 'python']
[0.146s] Level 1:colcon.colcon_core.package_identification:_identify(src) by extension 'cmake'
[0.146s] Level 1:colcon.colcon_core.package_identification:_identify(src) by extension 'python'
[0.146s] Level 1:colcon.colcon_core.package_identification:_identify(src) by extensions ['python_setup_py']
[0.146s] Level 1:colcon.colcon_core.package_identification:_identify(src) by extension 'python_setup_py'
[0.146s] Level 1:colcon.colcon_core.package_identification:_identify(src/Universal_Robots_ROS2_Description) by extensions ['ignore', 'ignore_ament_install']
[0.146s] Level 1:colcon.colcon_core.package_identification:_identify(src/Universal_Robots_ROS2_Description) by extension 'ignore'
[0.146s] Level 1:colcon.colcon_core.package_identification:_identify(src/Universal_Robots_ROS2_Description) by extension 'ignore_ament_install'
[0.146s] Level 1:colcon.colcon_core.package_identification:_identify(src/Universal_Robots_ROS2_Description) by extensions ['colcon_pkg']
[0.146s] Level 1:colcon.colcon_core.package_identification:_identify(src/Universal_Robots_ROS2_Description) by extension 'colcon_pkg'
[0.146s] Level 1:colcon.colcon_core.package_identification:_identify(src/Universal_Robots_ROS2_Description) by extensions ['colcon_meta']
[0.147s] Level 1:colcon.colcon_core.package_identification:_identify(src/Universal_Robots_ROS2_Description) by extension 'colcon_meta'
[0.147s] Level 1:colcon.colcon_core.package_identification:_identify(src/Universal_Robots_ROS2_Description) by extensions ['ros']
[0.147s] Level 1:colcon.colcon_core.package_identification:_identify(src/Universal_Robots_ROS2_Description) by extension 'ros'
[0.147s] DEBUG:colcon.colcon_core.package_identification:Package 'src/Universal_Robots_ROS2_Description' with type 'ros.ament_cmake' and name 'ur_description'
[0.147s] Level 1:colcon.colcon_core.package_identification:_identify(src/Universal_Robots_ROS2_GZ_Simulation) by extensions ['ignore', 'ignore_ament_install']
[0.147s] Level 1:colcon.colcon_core.package_identification:_identify(src/Universal_Robots_ROS2_GZ_Simulation) by extension 'ignore'
[0.147s] Level 1:colcon.colcon_core.package_identification:_identify(src/Universal_Robots_ROS2_GZ_Simulation) by extension 'ignore_ament_install'
[0.147s] Level 1:colcon.colcon_core.package_identification:_identify(src/Universal_Robots_ROS2_GZ_Simulation) by extensions ['colcon_pkg']
[0.147s] Level 1:colcon.colcon_core.package_identification:_identify(src/Universal_Robots_ROS2_GZ_Simulation) by extension 'colcon_pkg'
[0.147s] Level 1:colcon.colcon_core.package_identification:_identify(src/Universal_Robots_ROS2_GZ_Simulation) by extensions ['colcon_meta']
[0.147s] Level 1:colcon.colcon_core.package_identification:_identify(src/Universal_Robots_ROS2_GZ_Simulation) by extension 'colcon_meta'
[0.148s] Level 1:colcon.colcon_core.package_identification:_identify(src/Universal_Robots_ROS2_GZ_Simulation) by extensions ['ros']
[0.148s] Level 1:colcon.colcon_core.package_identification:_identify(src/Universal_Robots_ROS2_GZ_Simulation) by extension 'ros'
[0.148s] Level 1:colcon.colcon_core.package_identification:_identify(src/Universal_Robots_ROS2_GZ_Simulation) by extensions ['cmake', 'python']
[0.148s] Level 1:colcon.colcon_core.package_identification:_identify(src/Universal_Robots_ROS2_GZ_Simulation) by extension 'cmake'
[0.148s] Level 1:colcon.colcon_core.package_identification:_identify(src/Universal_Robots_ROS2_GZ_Simulation) by extension 'python'
[0.148s] Level 1:colcon.colcon_core.package_identification:_identify(src/Universal_Robots_ROS2_GZ_Simulation) by extensions ['python_setup_py']
[0.148s] Level 1:colcon.colcon_core.package_identification:_identify(src/Universal_Robots_ROS2_GZ_Simulation) by extension 'python_setup_py'
[0.148s] Level 1:colcon.colcon_core.package_identification:_identify(src/Universal_Robots_ROS2_GZ_Simulation/ur_simulation_gz) by extensions ['ignore', 'ignore_ament_install']
[0.148s] Level 1:colcon.colcon_core.package_identification:_identify(src/Universal_Robots_ROS2_GZ_Simulation/ur_simulation_gz) by extension 'ignore'
[0.148s] Level 1:colcon.colcon_core.package_identification:_identify(src/Universal_Robots_ROS2_GZ_Simulation/ur_simulation_gz) by extension 'ignore_ament_install'
[0.148s] Level 1:colcon.colcon_core.package_identification:_identify(src/Universal_Robots_ROS2_GZ_Simulation/ur_simulation_gz) by extensions ['colcon_pkg']
[0.148s] Level 1:colcon.colcon_core.package_identification:_identify(src/Universal_Robots_ROS2_GZ_Simulation/ur_simulation_gz) by extension 'colcon_pkg'
[0.148s] Level 1:colcon.colcon_core.package_identification:_identify(src/Universal_Robots_ROS2_GZ_Simulation/ur_simulation_gz) by extensions ['colcon_meta']
[0.148s] Level 1:colcon.colcon_core.package_identification:_identify(src/Universal_Robots_ROS2_GZ_Simulation/ur_simulation_gz) by extension 'colcon_meta'
[0.148s] Level 1:colcon.colcon_core.package_identification:_identify(src/Universal_Robots_ROS2_GZ_Simulation/ur_simulation_gz) by extensions ['ros']
[0.148s] Level 1:colcon.colcon_core.package_identification:_identify(src/Universal_Robots_ROS2_GZ_Simulation/ur_simulation_gz) by extension 'ros'
[0.149s] DEBUG:colcon.colcon_core.package_identification:Package 'src/Universal_Robots_ROS2_GZ_Simulation/ur_simulation_gz' with type 'ros.ament_cmake' and name 'ur_simulation_gz'
[0.149s] Level 1:colcon.colcon_core.package_identification:_identify(src/camera_sensor) by extensions ['ignore', 'ignore_ament_install']
[0.149s] Level 1:colcon.colcon_core.package_identification:_identify(src/camera_sensor) by extension 'ignore'
[0.149s] Level 1:colcon.colcon_core.package_identification:_identify(src/camera_sensor) by extension 'ignore_ament_install'
[0.149s] Level 1:colcon.colcon_core.package_identification:_identify(src/camera_sensor) by extensions ['colcon_pkg']
[0.149s] Level 1:colcon.colcon_core.package_identification:_identify(src/camera_sensor) by extension 'colcon_pkg'
[0.149s] Level 1:colcon.colcon_core.package_identification:_identify(src/camera_sensor) by extensions ['colcon_meta']
[0.149s] Level 1:colcon.colcon_core.package_identification:_identify(src/camera_sensor) by extension 'colcon_meta'
[0.149s] Level 1:colcon.colcon_core.package_identification:_identify(src/camera_sensor) by extensions ['ros']
[0.149s] Level 1:colcon.colcon_core.package_identification:_identify(src/camera_sensor) by extension 'ros'
[0.149s] DEBUG:colcon.colcon_core.package_identification:Package 'src/camera_sensor' with type 'ros.ament_python' and name 'camera_sensor'
[0.149s] Level 1:colcon.colcon_core.package_identification:_identify(src/robotiq_2f_gripper_ros2) by extensions ['ignore', 'ignore_ament_install']
[0.149s] Level 1:colcon.colcon_core.package_identification:_identify(src/robotiq_2f_gripper_ros2) by extension 'ignore'
[0.149s] Level 1:colcon.colcon_core.package_identification:_identify(src/robotiq_2f_gripper_ros2) by extension 'ignore_ament_install'
[0.150s] Level 1:colcon.colcon_core.package_identification:_identify(src/robotiq_2f_gripper_ros2) by extensions ['colcon_pkg']
[0.150s] Level 1:colcon.colcon_core.package_identification:_identify(src/robotiq_2f_gripper_ros2) by extension 'colcon_pkg'
[0.150s] Level 1:colcon.colcon_core.package_identification:_identify(src/robotiq_2f_gripper_ros2) by extensions ['colcon_meta']
[0.150s] Level 1:colcon.colcon_core.package_identification:_identify(src/robotiq_2f_gripper_ros2) by extension 'colcon_meta'
[0.150s] Level 1:colcon.colcon_core.package_identification:_identify(src/robotiq_2f_gripper_ros2) by extensions ['ros']
[0.150s] Level 1:colcon.colcon_core.package_identification:_identify(src/robotiq_2f_gripper_ros2) by extension 'ros'
[0.150s] Level 1:colcon.colcon_core.package_identification:_identify(src/robotiq_2f_gripper_ros2) by extensions ['cmake', 'python']
[0.150s] Level 1:colcon.colcon_core.package_identification:_identify(src/robotiq_2f_gripper_ros2) by extension 'cmake'
[0.150s] Level 1:colcon.colcon_core.package_identification:_identify(src/robotiq_2f_gripper_ros2) by extension 'python'
[0.150s] Level 1:colcon.colcon_core.package_identification:_identify(src/robotiq_2f_gripper_ros2) by extensions ['python_setup_py']
[0.150s] Level 1:colcon.colcon_core.package_identification:_identify(src/robotiq_2f_gripper_ros2) by extension 'python_setup_py'
[0.150s] Level 1:colcon.colcon_core.package_identification:_identify(src/robotiq_2f_gripper_ros2/robotiq_2f_gripper_description) by extensions ['ignore', 'ignore_ament_install']
[0.150s] Level 1:colcon.colcon_core.package_identification:_identify(src/robotiq_2f_gripper_ros2/robotiq_2f_gripper_description) by extension 'ignore'
[0.150s] Level 1:colcon.colcon_core.package_identification:_identify(src/robotiq_2f_gripper_ros2/robotiq_2f_gripper_description) by extension 'ignore_ament_install'
[0.150s] Level 1:colcon.colcon_core.package_identification:_identify(src/robotiq_2f_gripper_ros2/robotiq_2f_gripper_description) by extensions ['colcon_pkg']
[0.150s] Level 1:colcon.colcon_core.package_identification:_identify(src/robotiq_2f_gripper_ros2/robotiq_2f_gripper_description) by extension 'colcon_pkg'
[0.150s] Level 1:colcon.colcon_core.package_identification:_identify(src/robotiq_2f_gripper_ros2/robotiq_2f_gripper_description) by extensions ['colcon_meta']
[0.150s] Level 1:colcon.colcon_core.package_identification:_identify(src/robotiq_2f_gripper_ros2/robotiq_2f_gripper_description) by extension 'colcon_meta'
[0.150s] Level 1:colcon.colcon_core.package_identification:_identify(src/robotiq_2f_gripper_ros2/robotiq_2f_gripper_description) by extensions ['ros']
[0.150s] Level 1:colcon.colcon_core.package_identification:_identify(src/robotiq_2f_gripper_ros2/robotiq_2f_gripper_description) by extension 'ros'
[0.150s] DEBUG:colcon.colcon_core.package_identification:Package 'src/robotiq_2f_gripper_ros2/robotiq_2f_gripper_description' with type 'ros.ament_cmake' and name 'robotiq_2f_gripper_description'
[0.151s] Level 1:colcon.colcon_core.package_identification:_identify(src/robotiq_2f_gripper_ros2/robotiq_2f_gripper_hardware) by extensions ['ignore', 'ignore_ament_install']
[0.151s] Level 1:colcon.colcon_core.package_identification:_identify(src/robotiq_2f_gripper_ros2/robotiq_2f_gripper_hardware) by extension 'ignore'
[0.151s] Level 1:colcon.colcon_core.package_identification:_identify(src/robotiq_2f_gripper_ros2/robotiq_2f_gripper_hardware) by extension 'ignore_ament_install'
[0.151s] Level 1:colcon.colcon_core.package_identification:_identify(src/robotiq_2f_gripper_ros2/robotiq_2f_gripper_hardware) by extensions ['colcon_pkg']
[0.151s] Level 1:colcon.colcon_core.package_identification:_identify(src/robotiq_2f_gripper_ros2/robotiq_2f_gripper_hardware) by extension 'colcon_pkg'
[0.151s] Level 1:colcon.colcon_core.package_identification:_identify(src/robotiq_2f_gripper_ros2/robotiq_2f_gripper_hardware) by extensions ['colcon_meta']
[0.151s] Level 1:colcon.colcon_core.package_identification:_identify(src/robotiq_2f_gripper_ros2/robotiq_2f_gripper_hardware) by extension 'colcon_meta'
[0.151s] Level 1:colcon.colcon_core.package_identification:_identify(src/robotiq_2f_gripper_ros2/robotiq_2f_gripper_hardware) by extensions ['ros']
[0.151s] Level 1:colcon.colcon_core.package_identification:_identify(src/robotiq_2f_gripper_ros2/robotiq_2f_gripper_hardware) by extension 'ros'
[0.151s] DEBUG:colcon.colcon_core.package_identification:Package 'src/robotiq_2f_gripper_ros2/robotiq_2f_gripper_hardware' with type 'ros.ament_cmake' and name 'robotiq_2f_gripper_hardware'
[0.151s] Level 1:colcon.colcon_core.package_identification:_identify(src/robotiq_2f_gripper_ros2/robotiq_2f_gripper_interfaces) by extensions ['ignore', 'ignore_ament_install']
[0.151s] Level 1:colcon.colcon_core.package_identification:_identify(src/robotiq_2f_gripper_ros2/robotiq_2f_gripper_interfaces) by extension 'ignore'
[0.151s] Level 1:colcon.colcon_core.package_identification:_identify(src/robotiq_2f_gripper_ros2/robotiq_2f_gripper_interfaces) by extension 'ignore_ament_install'
[0.152s] Level 1:colcon.colcon_core.package_identification:_identify(src/robotiq_2f_gripper_ros2/robotiq_2f_gripper_interfaces) by extensions ['colcon_pkg']
[0.152s] Level 1:colcon.colcon_core.package_identification:_identify(src/robotiq_2f_gripper_ros2/robotiq_2f_gripper_interfaces) by extension 'colcon_pkg'
[0.152s] Level 1:colcon.colcon_core.package_identification:_identify(src/robotiq_2f_gripper_ros2/robotiq_2f_gripper_interfaces) by extensions ['colcon_meta']
[0.152s] Level 1:colcon.colcon_core.package_identification:_identify(src/robotiq_2f_gripper_ros2/robotiq_2f_gripper_interfaces) by extension 'colcon_meta'
[0.152s] Level 1:colcon.colcon_core.package_identification:_identify(src/robotiq_2f_gripper_ros2/robotiq_2f_gripper_interfaces) by extensions ['ros']
[0.152s] Level 1:colcon.colcon_core.package_identification:_identify(src/robotiq_2f_gripper_ros2/robotiq_2f_gripper_interfaces) by extension 'ros'
[0.152s] DEBUG:colcon.colcon_core.package_identification:Package 'src/robotiq_2f_gripper_ros2/robotiq_2f_gripper_interfaces' with type 'ros.ament_cmake' and name 'robotiq_2f_gripper_interfaces'
[0.152s] Level 1:colcon.colcon_core.package_identification:_identify(src/robotiq_2f_gripper_ros2/robotiq_2f_gripper_msgs) by extensions ['ignore', 'ignore_ament_install']
[0.152s] Level 1:colcon.colcon_core.package_identification:_identify(src/robotiq_2f_gripper_ros2/robotiq_2f_gripper_msgs) by extension 'ignore'
[0.153s] Level 1:colcon.colcon_core.package_identification:_identify(src/robotiq_2f_gripper_ros2/robotiq_2f_gripper_msgs) by extension 'ignore_ament_install'
[0.153s] Level 1:colcon.colcon_core.package_identification:_identify(src/robotiq_2f_gripper_ros2/robotiq_2f_gripper_msgs) by extensions ['colcon_pkg']
[0.153s] Level 1:colcon.colcon_core.package_identification:_identify(src/robotiq_2f_gripper_ros2/robotiq_2f_gripper_msgs) by extension 'colcon_pkg'
[0.153s] Level 1:colcon.colcon_core.package_identification:_identify(src/robotiq_2f_gripper_ros2/robotiq_2f_gripper_msgs) by extensions ['colcon_meta']
[0.153s] Level 1:colcon.colcon_core.package_identification:_identify(src/robotiq_2f_gripper_ros2/robotiq_2f_gripper_msgs) by extension 'colcon_meta'
[0.153s] Level 1:colcon.colcon_core.package_identification:_identify(src/robotiq_2f_gripper_ros2/robotiq_2f_gripper_msgs) by extensions ['ros']
[0.153s] Level 1:colcon.colcon_core.package_identification:_identify(src/robotiq_2f_gripper_ros2/robotiq_2f_gripper_msgs) by extension 'ros'
[0.153s] DEBUG:colcon.colcon_core.package_identification:Package 'src/robotiq_2f_gripper_ros2/robotiq_2f_gripper_msgs' with type 'ros.ament_cmake' and name 'robotiq_2f_gripper_msgs'
[0.153s] Level 1:colcon.colcon_core.package_identification:_identify(src/robotiq_2f_gripper_ros2/serial-ros2) by extensions ['ignore', 'ignore_ament_install']
[0.153s] Level 1:colcon.colcon_core.package_identification:_identify(src/robotiq_2f_gripper_ros2/serial-ros2) by extension 'ignore'
[0.153s] Level 1:colcon.colcon_core.package_identification:_identify(src/robotiq_2f_gripper_ros2/serial-ros2) by extension 'ignore_ament_install'
[0.153s] Level 1:colcon.colcon_core.package_identification:_identify(src/robotiq_2f_gripper_ros2/serial-ros2) by extensions ['colcon_pkg']
[0.153s] Level 1:colcon.colcon_core.package_identification:_identify(src/robotiq_2f_gripper_ros2/serial-ros2) by extension 'colcon_pkg'
[0.153s] Level 1:colcon.colcon_core.package_identification:_identify(src/robotiq_2f_gripper_ros2/serial-ros2) by extensions ['colcon_meta']
[0.153s] Level 1:colcon.colcon_core.package_identification:_identify(src/robotiq_2f_gripper_ros2/serial-ros2) by extension 'colcon_meta'
[0.153s] Level 1:colcon.colcon_core.package_identification:_identify(src/robotiq_2f_gripper_ros2/serial-ros2) by extensions ['ros']
[0.153s] Level 1:colcon.colcon_core.package_identification:_identify(src/robotiq_2f_gripper_ros2/serial-ros2) by extension 'ros'
[0.154s] Level 1:colcon.colcon_core.package_identification:_identify(src/robotiq_2f_gripper_ros2/serial-ros2) by extensions ['cmake', 'python']
[0.154s] Level 1:colcon.colcon_core.package_identification:_identify(src/robotiq_2f_gripper_ros2/serial-ros2) by extension 'cmake'
[0.154s] Level 1:colcon.colcon_core.package_identification:_identify(src/robotiq_2f_gripper_ros2/serial-ros2) by extension 'python'
[0.154s] Level 1:colcon.colcon_core.package_identification:_identify(src/robotiq_2f_gripper_ros2/serial-ros2) by extensions ['python_setup_py']
[0.154s] Level 1:colcon.colcon_core.package_identification:_identify(src/robotiq_2f_gripper_ros2/serial-ros2) by extension 'python_setup_py'
[0.154s] Level 1:colcon.colcon_core.package_identification:_identify(src/robotiq_2f_gripper_ros2/serial-ros2/serial-ros2) by extensions ['ignore', 'ignore_ament_install']
[0.154s] Level 1:colcon.colcon_core.package_identification:_identify(src/robotiq_2f_gripper_ros2/serial-ros2/serial-ros2) by extension 'ignore'
[0.154s] Level 1:colcon.colcon_core.package_identification:_identify(src/robotiq_2f_gripper_ros2/serial-ros2/serial-ros2) by extension 'ignore_ament_install'
[0.154s] Level 1:colcon.colcon_core.package_identification:_identify(src/robotiq_2f_gripper_ros2/serial-ros2/serial-ros2) by extensions ['colcon_pkg']
[0.154s] Level 1:colcon.colcon_core.package_identification:_identify(src/robotiq_2f_gripper_ros2/serial-ros2/serial-ros2) by extension 'colcon_pkg'
[0.154s] Level 1:colcon.colcon_core.package_identification:_identify(src/robotiq_2f_gripper_ros2/serial-ros2/serial-ros2) by extensions ['colcon_meta']
[0.154s] Level 1:colcon.colcon_core.package_identification:_identify(src/robotiq_2f_gripper_ros2/serial-ros2/serial-ros2) by extension 'colcon_meta'
[0.154s] Level 1:colcon.colcon_core.package_identification:_identify(src/robotiq_2f_gripper_ros2/serial-ros2/serial-ros2) by extensions ['ros']
[0.154s] Level 1:colcon.colcon_core.package_identification:_identify(src/robotiq_2f_gripper_ros2/serial-ros2/serial-ros2) by extension 'ros'
[0.154s] DEBUG:colcon.colcon_core.package_identification:Package 'src/robotiq_2f_gripper_ros2/serial-ros2/serial-ros2' with type 'ros.ament_cmake' and name 'serial'
[0.154s] Level 1:colcon.colcon_core.package_identification:_identify(src/ur5e_moveit_demo) by extensions ['ignore', 'ignore_ament_install']
[0.155s] Level 1:colcon.colcon_core.package_identification:_identify(src/ur5e_moveit_demo) by extension 'ignore'
[0.155s] Level 1:colcon.colcon_core.package_identification:_identify(src/ur5e_moveit_demo) by extension 'ignore_ament_install'
[0.155s] Level 1:colcon.colcon_core.package_identification:_identify(src/ur5e_moveit_demo) by extensions ['colcon_pkg']
[0.155s] Level 1:colcon.colcon_core.package_identification:_identify(src/ur5e_moveit_demo) by extension 'colcon_pkg'
[0.155s] Level 1:colcon.colcon_core.package_identification:_identify(src/ur5e_moveit_demo) by extensions ['colcon_meta']
[0.155s] Level 1:colcon.colcon_core.package_identification:_identify(src/ur5e_moveit_demo) by extension 'colcon_meta'
[0.155s] Level 1:colcon.colcon_core.package_identification:_identify(src/ur5e_moveit_demo) by extensions ['ros']
[0.155s] Level 1:colcon.colcon_core.package_identification:_identify(src/ur5e_moveit_demo) by extension 'ros'
[0.155s] DEBUG:colcon.colcon_core.package_identification:Package 'src/ur5e_moveit_demo' with type 'ros.ament_cmake' and name 'ur5e_moveit_demo'
[0.156s] Level 1:colcon.colcon_core.package_discovery:discover_packages(recursive) using defaults
[0.156s] Level 1:colcon.colcon_core.package_discovery:discover_packages(ignore) discover
[0.156s] Level 1:colcon.colcon_core.package_discovery:discover_packages(ignore) using defaults
[0.156s] Level 1:colcon.colcon_core.package_discovery:discover_packages(path) discover
[0.156s] Level 1:colcon.colcon_core.package_discovery:discover_packages(path) using defaults
[0.171s] INFO:colcon.colcon_core.package_selection:Skipping not selected package 'librealsense2' in 'librealsense'
[0.171s] INFO:colcon.colcon_core.package_selection:Skipping not selected package 'robotiq_2f_gripper_description' in 'src/robotiq_2f_gripper_ros2/robotiq_2f_gripper_description'
[0.171s] INFO:colcon.colcon_core.package_selection:Skipping not selected package 'robotiq_2f_gripper_msgs' in 'src/robotiq_2f_gripper_ros2/robotiq_2f_gripper_msgs'
[0.171s] INFO:colcon.colcon_core.package_selection:Skipping not selected package 'serial' in 'src/robotiq_2f_gripper_ros2/serial-ros2/serial-ros2'
[0.171s] INFO:colcon.colcon_core.package_selection:Skipping not selected package 'ur_description' in 'src/Universal_Robots_ROS2_Description'
[0.171s] INFO:colcon.colcon_core.package_selection:Skipping not selected package 'robotiq_2f_gripper_interfaces' in 'src/robotiq_2f_gripper_ros2/robotiq_2f_gripper_interfaces'
[0.171s] INFO:colcon.colcon_core.package_selection:Skipping not selected package 'ur_simulation_gz' in 'src/Universal_Robots_ROS2_GZ_Simulation/ur_simulation_gz'
[0.171s] INFO:colcon.colcon_core.package_selection:Skipping not selected package 'robotiq_2f_gripper_hardware' in 'src/robotiq_2f_gripper_ros2/robotiq_2f_gripper_hardware'
[0.171s] Level 1:colcon.colcon_core.package_discovery:discover_packages(prefix_path) check parameters
[0.171s] Level 1:colcon.colcon_core.package_discovery:discover_packages(prefix_path) discover
[0.174s] DEBUG:colcon.colcon_installed_package_information.package_discovery:Found 438 installed packages in /opt/ros/jazzy
[0.175s] Level 1:colcon.colcon_core.package_discovery:discover_packages(prefix_path) using defaults
[0.228s] Level 5:colcon.colcon_core.verb:set package 'camera_sensor' build argument 'cmake_args' from command line to 'None'
[0.228s] Level 5:colcon.colcon_core.verb:set package 'camera_sensor' build argument 'cmake_target' from command line to 'None'
[0.228s] Level 5:colcon.colcon_core.verb:set package 'camera_sensor' build argument 'cmake_target_skip_unavailable' from command line to 'False'
[0.228s] Level 5:colcon.colcon_core.verb:set package 'camera_sensor' build argument 'cmake_clean_cache' from command line to 'False'
[0.228s] Level 5:colcon.colcon_core.verb:set package 'camera_sensor' build argument 'cmake_clean_first' from command line to 'False'
[0.228s] Level 5:colcon.colcon_core.verb:set package 'camera_sensor' build argument 'cmake_force_configure' from command line to 'False'
[0.228s] Level 5:colcon.colcon_core.verb:set package 'camera_sensor' build argument 'ament_cmake_args' from command line to 'None'
[0.228s] Level 5:colcon.colcon_core.verb:set package 'camera_sensor' build argument 'catkin_cmake_args' from command line to 'None'
[0.228s] Level 5:colcon.colcon_core.verb:set package 'camera_sensor' build argument 'catkin_skip_building_tests' from command line to 'False'
[0.228s] DEBUG:colcon.colcon_core.verb:Building package 'camera_sensor' with the following arguments: {'ament_cmake_args': None, 'build_base': '/home/russell/ROS2_REPAS/build/camera_sensor', 'catkin_cmake_args': None, 'catkin_skip_building_tests': False, 'cmake_args': None, 'cmake_clean_cache': False, 'cmake_clean_first': False, 'cmake_force_configure': False, 'cmake_target': None, 'cmake_target_skip_unavailable': False, 'install_base': '/home/russell/ROS2_REPAS/install/camera_sensor', 'merge_install': False, 'path': '/home/russell/ROS2_REPAS/src/camera_sensor', 'symlink_install': True, 'test_result_base': None}
[0.228s] Level 5:colcon.colcon_core.verb:set package 'ur5e_moveit_demo' build argument 'cmake_args' from command line to 'None'
[0.228s] Level 5:colcon.colcon_core.verb:set package 'ur5e_moveit_demo' build argument 'cmake_target' from command line to 'None'
[0.228s] Level 5:colcon.colcon_core.verb:set package 'ur5e_moveit_demo' build argument 'cmake_target_skip_unavailable' from command line to 'False'
[0.228s] Level 5:colcon.colcon_core.verb:set package 'ur5e_moveit_demo' build argument 'cmake_clean_cache' from command line to 'False'
[0.228s] Level 5:colcon.colcon_core.verb:set package 'ur5e_moveit_demo' build argument 'cmake_clean_first' from command line to 'False'
[0.228s] Level 5:colcon.colcon_core.verb:set package 'ur5e_moveit_demo' build argument 'cmake_force_configure' from command line to 'False'
[0.228s] Level 5:colcon.colcon_core.verb:set package 'ur5e_moveit_demo' build argument 'ament_cmake_args' from command line to 'None'
[0.228s] Level 5:colcon.colcon_core.verb:set package 'ur5e_moveit_demo' build argument 'catkin_cmake_args' from command line to 'None'
[0.228s] Level 5:colcon.colcon_core.verb:set package 'ur5e_moveit_demo' build argument 'catkin_skip_building_tests' from command line to 'False'
[0.228s] DEBUG:colcon.colcon_core.verb:Building package 'ur5e_moveit_demo' with the following arguments: {'ament_cmake_args': None, 'build_base': '/home/russell/ROS2_REPAS/build/ur5e_moveit_demo', 'catkin_cmake_args': None, 'catkin_skip_building_tests': False, 'cmake_args': None, 'cmake_clean_cache': False, 'cmake_clean_first': False, 'cmake_force_configure': False, 'cmake_target': None, 'cmake_target_skip_unavailable': False, 'install_base': '/home/russell/ROS2_REPAS/install/ur5e_moveit_demo', 'merge_install': False, 'path': '/home/russell/ROS2_REPAS/src/ur5e_moveit_demo', 'symlink_install': True, 'test_result_base': None}
[0.228s] INFO:colcon.colcon_core.executor:Executing jobs using 'parallel' executor
[0.229s] DEBUG:colcon.colcon_parallel_executor.executor.parallel:run_until_complete
[0.230s] INFO:colcon.colcon_ros.task.ament_python.build:Building ROS package in '/home/russell/ROS2_REPAS/src/camera_sensor' with build type 'ament_python'
[0.230s] Level 1:colcon.colcon_core.shell:create_environment_hook('camera_sensor', 'ament_prefix_path')
[0.232s] INFO:colcon.colcon_core.plugin_system:Skipping extension 'colcon_core.shell.bat': Not used on non-Windows systems
[0.232s] INFO:colcon.colcon_core.shell:Creating environment hook '/home/russell/ROS2_REPAS/install/camera_sensor/share/camera_sensor/hook/ament_prefix_path.ps1'
[0.232s] INFO:colcon.colcon_core.shell:Creating environment descriptor '/home/russell/ROS2_REPAS/install/camera_sensor/share/camera_sensor/hook/ament_prefix_path.dsv'
[0.233s] INFO:colcon.colcon_core.shell:Creating environment hook '/home/russell/ROS2_REPAS/install/camera_sensor/share/camera_sensor/hook/ament_prefix_path.sh'
[0.233s] INFO:colcon.colcon_core.shell:Skip shell extension 'powershell' for command environment: Not usable outside of PowerShell
[0.233s] DEBUG:colcon.colcon_core.shell:Skip shell extension 'dsv' for command environment
[0.236s] INFO:colcon.colcon_ros.task.ament_cmake.build:Building ROS package in '/home/russell/ROS2_REPAS/src/ur5e_moveit_demo' with build type 'ament_cmake'
[0.237s] INFO:colcon.colcon_cmake.task.cmake.build:Building CMake package in '/home/russell/ROS2_REPAS/src/ur5e_moveit_demo'
[0.237s] INFO:colcon.colcon_core.shell:Skip shell extension 'powershell' for command environment: Not usable outside of PowerShell
[0.237s] DEBUG:colcon.colcon_core.shell:Skip shell extension 'dsv' for command environment
[0.434s] INFO:colcon.colcon_core.task.python.build:Building Python package in '/home/russell/ROS2_REPAS/src/camera_sensor'
[0.435s] INFO:colcon.colcon_core.shell:Skip shell extension 'powershell' for command environment: Not usable outside of PowerShell
[0.435s] DEBUG:colcon.colcon_core.shell:Skip shell extension 'dsv' for command environment
[0.442s] DEBUG:colcon.colcon_core.event_handler.log_command:Invoking command in '/home/russell/ROS2_REPAS/build/ur5e_moveit_demo': AMENT_PREFIX_PATH=/home/russell/ROS2_REPAS/install/ur_simulation_gz:/home/russell/ROS2_REPAS/install/ur_description:${AMENT_PREFIX_PATH} CMAKE_PREFIX_PATH=/home/russell/ROS2_REPAS/install/ur_simulation_gz:/home/russell/ROS2_REPAS/install/ur_description:/opt/ros/jazzy/opt/gz_sim_vendor:/opt/ros/jazzy/opt/gz_sensors_vendor:/opt/ros/jazzy/opt/gz_physics_vendor:/opt/ros/jazzy/opt/sdformat_vendor:/opt/ros/jazzy/opt/gz_gui_vendor:/opt/ros/jazzy/opt/gz_transport_vendor:/opt/ros/jazzy/opt/gz_rendering_vendor:/opt/ros/jazzy/opt/gz_plugin_vendor:/opt/ros/jazzy/opt/gz_fuel_tools_vendor:/opt/ros/jazzy/opt/gz_msgs_vendor:/opt/ros/jazzy/opt/gz_common_vendor:/opt/ros/jazzy/opt/gz_math_vendor:/opt/ros/jazzy/opt/gz_utils_vendor:/opt/ros/jazzy/opt/gz_tools_vendor:/opt/ros/jazzy/opt/gz_ogre_next_vendor:/opt/ros/jazzy/opt/gz_dartsim_vendor:/opt/ros/jazzy/opt/gz_cmake_vendor:/opt/ros/jazzy DEBUGINFOD_URLS=https://debuginfod.ubuntu.com /usr/bin/cmake --build /home/russell/ROS2_REPAS/build/ur5e_moveit_demo -- -j24 -l24
[0.990s] DEBUG:colcon.colcon_core.event_handler.log_command:Invoking command in '/home/russell/ROS2_REPAS/build/camera_sensor': DEBUGINFOD_URLS=https://debuginfod.ubuntu.com PYTHONPATH=/home/russell/ROS2_REPAS/build/camera_sensor/prefix_override:/usr/lib/python3/dist-packages/colcon_core/task/python/colcon_distutils_commands:/home/russell/ROS2_REPAS/install/camera_sensor/lib/python3.12/site-packages:${PYTHONPATH} /usr/bin/python3 -W ignore:setup.py install is deprecated -W ignore:easy_install command is deprecated setup.py develop --editable --build-directory /home/russell/ROS2_REPAS/build/camera_sensor/build --no-deps symlink_data
[1.613s] Level 1:colcon.colcon_core.shell:create_environment_hook('camera_sensor', 'pythonpath_develop')
[1.613s] INFO:colcon.colcon_core.shell:Creating environment hook '/home/russell/ROS2_REPAS/build/camera_sensor/share/camera_sensor/hook/pythonpath_develop.ps1'
[1.613s] DEBUG:colcon.colcon_core.event_handler.log_command:Invoked command in '/home/russell/ROS2_REPAS/build/camera_sensor' returned '0': DEBUGINFOD_URLS=https://debuginfod.ubuntu.com PYTHONPATH=/home/russell/ROS2_REPAS/build/camera_sensor/prefix_override:/usr/lib/python3/dist-packages/colcon_core/task/python/colcon_distutils_commands:/home/russell/ROS2_REPAS/install/camera_sensor/lib/python3.12/site-packages:${PYTHONPATH} /usr/bin/python3 -W ignore:setup.py install is deprecated -W ignore:easy_install command is deprecated setup.py develop --editable --build-directory /home/russell/ROS2_REPAS/build/camera_sensor/build --no-deps symlink_data
[1.614s] INFO:colcon.colcon_core.shell:Creating environment descriptor '/home/russell/ROS2_REPAS/build/camera_sensor/share/camera_sensor/hook/pythonpath_develop.dsv'
[1.614s] INFO:colcon.colcon_core.shell:Creating environment hook '/home/russell/ROS2_REPAS/build/camera_sensor/share/camera_sensor/hook/pythonpath_develop.sh'
[1.616s] Level 1:colcon.colcon_core.environment:checking '/home/russell/ROS2_REPAS/install/camera_sensor' for CMake module files
[1.616s] Level 1:colcon.colcon_core.environment:checking '/home/russell/ROS2_REPAS/install/camera_sensor' for CMake config files
[1.617s] Level 1:colcon.colcon_core.environment:checking '/home/russell/ROS2_REPAS/install/camera_sensor/lib'
[1.617s] Level 1:colcon.colcon_core.environment:checking '/home/russell/ROS2_REPAS/install/camera_sensor/bin'
[1.617s] Level 1:colcon.colcon_core.environment:checking '/home/russell/ROS2_REPAS/install/camera_sensor/lib/pkgconfig/camera_sensor.pc'
[1.617s] Level 1:colcon.colcon_core.environment:checking '/home/russell/ROS2_REPAS/install/camera_sensor/lib/python3.12/site-packages'
[1.617s] Level 1:colcon.colcon_core.shell:create_environment_hook('camera_sensor', 'pythonpath')
[1.617s] INFO:colcon.colcon_core.shell:Creating environment hook '/home/russell/ROS2_REPAS/install/camera_sensor/share/camera_sensor/hook/pythonpath.ps1'
[1.618s] INFO:colcon.colcon_core.shell:Creating environment descriptor '/home/russell/ROS2_REPAS/install/camera_sensor/share/camera_sensor/hook/pythonpath.dsv'
[1.618s] INFO:colcon.colcon_core.shell:Creating environment hook '/home/russell/ROS2_REPAS/install/camera_sensor/share/camera_sensor/hook/pythonpath.sh'
[1.618s] Level 1:colcon.colcon_core.environment:checking '/home/russell/ROS2_REPAS/install/camera_sensor/bin'
[1.618s] Level 1:colcon.colcon_core.environment:create_environment_scripts_only(camera_sensor)
[1.619s] INFO:colcon.colcon_core.shell:Creating package script '/home/russell/ROS2_REPAS/install/camera_sensor/share/camera_sensor/package.ps1'
[1.619s] INFO:colcon.colcon_core.shell:Creating package descriptor '/home/russell/ROS2_REPAS/install/camera_sensor/share/camera_sensor/package.dsv'
[1.620s] INFO:colcon.colcon_core.shell:Creating package script '/home/russell/ROS2_REPAS/install/camera_sensor/share/camera_sensor/package.sh'
[1.620s] INFO:colcon.colcon_core.shell:Creating package script '/home/russell/ROS2_REPAS/install/camera_sensor/share/camera_sensor/package.bash'
[1.621s] INFO:colcon.colcon_core.shell:Creating package script '/home/russell/ROS2_REPAS/install/camera_sensor/share/camera_sensor/package.zsh'
[1.621s] Level 1:colcon.colcon_core.environment:create_file_with_runtime_dependencies(/home/russell/ROS2_REPAS/install/camera_sensor/share/colcon-core/packages/camera_sensor)
[11.905s] DEBUG:colcon.colcon_core.event_handler.log_command:Invoked command in '/home/russell/ROS2_REPAS/build/ur5e_moveit_demo' returned '0': AMENT_PREFIX_PATH=/home/russell/ROS2_REPAS/install/ur_simulation_gz:/home/russell/ROS2_REPAS/install/ur_description:${AMENT_PREFIX_PATH} CMAKE_PREFIX_PATH=/home/russell/ROS2_REPAS/install/ur_simulation_gz:/home/russell/ROS2_REPAS/install/ur_description:/opt/ros/jazzy/opt/gz_sim_vendor:/opt/ros/jazzy/opt/gz_sensors_vendor:/opt/ros/jazzy/opt/gz_physics_vendor:/opt/ros/jazzy/opt/sdformat_vendor:/opt/ros/jazzy/opt/gz_gui_vendor:/opt/ros/jazzy/opt/gz_transport_vendor:/opt/ros/jazzy/opt/gz_rendering_vendor:/opt/ros/jazzy/opt/gz_plugin_vendor:/opt/ros/jazzy/opt/gz_fuel_tools_vendor:/opt/ros/jazzy/opt/gz_msgs_vendor:/opt/ros/jazzy/opt/gz_common_vendor:/opt/ros/jazzy/opt/gz_math_vendor:/opt/ros/jazzy/opt/gz_utils_vendor:/opt/ros/jazzy/opt/gz_tools_vendor:/opt/ros/jazzy/opt/gz_ogre_next_vendor:/opt/ros/jazzy/opt/gz_dartsim_vendor:/opt/ros/jazzy/opt/gz_cmake_vendor:/opt/ros/jazzy DEBUGINFOD_URLS=https://debuginfod.ubuntu.com /usr/bin/cmake --build /home/russell/ROS2_REPAS/build/ur5e_moveit_demo -- -j24 -l24
[11.917s] DEBUG:colcon.colcon_core.event_handler.log_command:Invoking command in '/home/russell/ROS2_REPAS/build/ur5e_moveit_demo': AMENT_PREFIX_PATH=/home/russell/ROS2_REPAS/install/ur_simulation_gz:/home/russell/ROS2_REPAS/install/ur_description:${AMENT_PREFIX_PATH} CMAKE_PREFIX_PATH=/home/russell/ROS2_REPAS/install/ur_simulation_gz:/home/russell/ROS2_REPAS/install/ur_description:/opt/ros/jazzy/opt/gz_sim_vendor:/opt/ros/jazzy/opt/gz_sensors_vendor:/opt/ros/jazzy/opt/gz_physics_vendor:/opt/ros/jazzy/opt/sdformat_vendor:/opt/ros/jazzy/opt/gz_gui_vendor:/opt/ros/jazzy/opt/gz_transport_vendor:/opt/ros/jazzy/opt/gz_rendering_vendor:/opt/ros/jazzy/opt/gz_plugin_vendor:/opt/ros/jazzy/opt/gz_fuel_tools_vendor:/opt/ros/jazzy/opt/gz_msgs_vendor:/opt/ros/jazzy/opt/gz_common_vendor:/opt/ros/jazzy/opt/gz_math_vendor:/opt/ros/jazzy/opt/gz_utils_vendor:/opt/ros/jazzy/opt/gz_tools_vendor:/opt/ros/jazzy/opt/gz_ogre_next_vendor:/opt/ros/jazzy/opt/gz_dartsim_vendor:/opt/ros/jazzy/opt/gz_cmake_vendor:/opt/ros/jazzy DEBUGINFOD_URLS=https://debuginfod.ubuntu.com /usr/bin/cmake --install /home/russell/ROS2_REPAS/build/ur5e_moveit_demo
[11.949s] Level 1:colcon.colcon_core.environment:create_environment_scripts_only(ur5e_moveit_demo)
[11.949s] Level 1:colcon.colcon_core.environment:checking '/home/russell/ROS2_REPAS/install/ur5e_moveit_demo' for CMake module files
[11.950s] DEBUG:colcon.colcon_core.event_handler.log_command:Invoked command in '/home/russell/ROS2_REPAS/build/ur5e_moveit_demo' returned '0': AMENT_PREFIX_PATH=/home/russell/ROS2_REPAS/install/ur_simulation_gz:/home/russell/ROS2_REPAS/install/ur_description:${AMENT_PREFIX_PATH} CMAKE_PREFIX_PATH=/home/russell/ROS2_REPAS/install/ur_simulation_gz:/home/russell/ROS2_REPAS/install/ur_description:/opt/ros/jazzy/opt/gz_sim_vendor:/opt/ros/jazzy/opt/gz_sensors_vendor:/opt/ros/jazzy/opt/gz_physics_vendor:/opt/ros/jazzy/opt/sdformat_vendor:/opt/ros/jazzy/opt/gz_gui_vendor:/opt/ros/jazzy/opt/gz_transport_vendor:/opt/ros/jazzy/opt/gz_rendering_vendor:/opt/ros/jazzy/opt/gz_plugin_vendor:/opt/ros/jazzy/opt/gz_fuel_tools_vendor:/opt/ros/jazzy/opt/gz_msgs_vendor:/opt/ros/jazzy/opt/gz_common_vendor:/opt/ros/jazzy/opt/gz_math_vendor:/opt/ros/jazzy/opt/gz_utils_vendor:/opt/ros/jazzy/opt/gz_tools_vendor:/opt/ros/jazzy/opt/gz_ogre_next_vendor:/opt/ros/jazzy/opt/gz_dartsim_vendor:/opt/ros/jazzy/opt/gz_cmake_vendor:/opt/ros/jazzy DEBUGINFOD_URLS=https://debuginfod.ubuntu.com /usr/bin/cmake --install /home/russell/ROS2_REPAS/build/ur5e_moveit_demo
[11.950s] Level 1:colcon.colcon_core.environment:checking '/home/russell/ROS2_REPAS/install/ur5e_moveit_demo' for CMake config files
[11.951s] Level 1:colcon.colcon_core.shell:create_environment_hook('ur5e_moveit_demo', 'cmake_prefix_path')
[11.951s] INFO:colcon.colcon_core.shell:Creating environment hook '/home/russell/ROS2_REPAS/install/ur5e_moveit_demo/share/ur5e_moveit_demo/hook/cmake_prefix_path.ps1'
[11.952s] INFO:colcon.colcon_core.shell:Creating environment descriptor '/home/russell/ROS2_REPAS/install/ur5e_moveit_demo/share/ur5e_moveit_demo/hook/cmake_prefix_path.dsv'
[11.953s] INFO:colcon.colcon_core.shell:Creating environment hook '/home/russell/ROS2_REPAS/install/ur5e_moveit_demo/share/ur5e_moveit_demo/hook/cmake_prefix_path.sh'
[11.954s] Level 1:colcon.colcon_core.environment:checking '/home/russell/ROS2_REPAS/install/ur5e_moveit_demo/lib'
[11.954s] Level 1:colcon.colcon_core.environment:checking '/home/russell/ROS2_REPAS/install/ur5e_moveit_demo/bin'
[11.954s] Level 1:colcon.colcon_core.environment:checking '/home/russell/ROS2_REPAS/install/ur5e_moveit_demo/lib/pkgconfig/ur5e_moveit_demo.pc'
[11.954s] Level 1:colcon.colcon_core.environment:checking '/home/russell/ROS2_REPAS/install/ur5e_moveit_demo/lib/python3.12/site-packages'
[11.955s] Level 1:colcon.colcon_core.environment:checking '/home/russell/ROS2_REPAS/install/ur5e_moveit_demo/bin'
[11.955s] INFO:colcon.colcon_core.shell:Creating package script '/home/russell/ROS2_REPAS/install/ur5e_moveit_demo/share/ur5e_moveit_demo/package.ps1'
[11.956s] INFO:colcon.colcon_core.shell:Creating package descriptor '/home/russell/ROS2_REPAS/install/ur5e_moveit_demo/share/ur5e_moveit_demo/package.dsv'
[11.956s] INFO:colcon.colcon_core.shell:Creating package script '/home/russell/ROS2_REPAS/install/ur5e_moveit_demo/share/ur5e_moveit_demo/package.sh'
[11.957s] INFO:colcon.colcon_core.shell:Creating package script '/home/russell/ROS2_REPAS/install/ur5e_moveit_demo/share/ur5e_moveit_demo/package.bash'
[11.957s] INFO:colcon.colcon_core.shell:Creating package script '/home/russell/ROS2_REPAS/install/ur5e_moveit_demo/share/ur5e_moveit_demo/package.zsh'
[11.958s] Level 1:colcon.colcon_core.environment:create_file_with_runtime_dependencies(/home/russell/ROS2_REPAS/install/ur5e_moveit_demo/share/colcon-core/packages/ur5e_moveit_demo)
[11.958s] Level 1:colcon.colcon_core.environment:create_environment_scripts_only(ur5e_moveit_demo)
[11.959s] Level 1:colcon.colcon_core.environment:checking '/home/russell/ROS2_REPAS/install/ur5e_moveit_demo' for CMake module files
[11.960s] Level 1:colcon.colcon_core.environment:checking '/home/russell/ROS2_REPAS/install/ur5e_moveit_demo' for CMake config files
[11.961s] Level 1:colcon.colcon_core.shell:create_environment_hook('ur5e_moveit_demo', 'cmake_prefix_path')
[11.961s] INFO:colcon.colcon_core.shell:Creating environment hook '/home/russell/ROS2_REPAS/install/ur5e_moveit_demo/share/ur5e_moveit_demo/hook/cmake_prefix_path.ps1'
[11.961s] INFO:colcon.colcon_core.shell:Creating environment descriptor '/home/russell/ROS2_REPAS/install/ur5e_moveit_demo/share/ur5e_moveit_demo/hook/cmake_prefix_path.dsv'
[11.962s] INFO:colcon.colcon_core.shell:Creating environment hook '/home/russell/ROS2_REPAS/install/ur5e_moveit_demo/share/ur5e_moveit_demo/hook/cmake_prefix_path.sh'
[11.963s] Level 1:colcon.colcon_core.environment:checking '/home/russell/ROS2_REPAS/install/ur5e_moveit_demo/lib'
[11.963s] Level 1:colcon.colcon_core.environment:checking '/home/russell/ROS2_REPAS/install/ur5e_moveit_demo/bin'
[11.963s] Level 1:colcon.colcon_core.environment:checking '/home/russell/ROS2_REPAS/install/ur5e_moveit_demo/lib/pkgconfig/ur5e_moveit_demo.pc'
[11.964s] Level 1:colcon.colcon_core.environment:checking '/home/russell/ROS2_REPAS/install/ur5e_moveit_demo/lib/python3.12/site-packages'
[11.964s] Level 1:colcon.colcon_core.environment:checking '/home/russell/ROS2_REPAS/install/ur5e_moveit_demo/bin'
[11.965s] INFO:colcon.colcon_core.shell:Creating package script '/home/russell/ROS2_REPAS/install/ur5e_moveit_demo/share/ur5e_moveit_demo/package.ps1'
[11.965s] INFO:colcon.colcon_core.shell:Creating package descriptor '/home/russell/ROS2_REPAS/install/ur5e_moveit_demo/share/ur5e_moveit_demo/package.dsv'
[11.966s] INFO:colcon.colcon_core.shell:Creating package script '/home/russell/ROS2_REPAS/install/ur5e_moveit_demo/share/ur5e_moveit_demo/package.sh'
[11.967s] INFO:colcon.colcon_core.shell:Creating package script '/home/russell/ROS2_REPAS/install/ur5e_moveit_demo/share/ur5e_moveit_demo/package.bash'
[11.967s] INFO:colcon.colcon_core.shell:Creating package script '/home/russell/ROS2_REPAS/install/ur5e_moveit_demo/share/ur5e_moveit_demo/package.zsh'
[11.968s] Level 1:colcon.colcon_core.environment:create_file_with_runtime_dependencies(/home/russell/ROS2_REPAS/install/ur5e_moveit_demo/share/colcon-core/packages/ur5e_moveit_demo)
[11.968s] DEBUG:colcon.colcon_parallel_executor.executor.parallel:closing loop
[11.969s] DEBUG:colcon.colcon_parallel_executor.executor.parallel:loop closed
[11.969s] DEBUG:colcon.colcon_parallel_executor.executor.parallel:run_until_complete finished with '0'
[11.969s] DEBUG:colcon.colcon_core.event_reactor:joining thread
[11.974s] INFO:colcon.colcon_core.plugin_system:Skipping extension 'colcon_notification.desktop_notification.terminal_notifier': Not used on non-Darwin systems
[11.974s] INFO:colcon.colcon_core.plugin_system:Skipping extension 'colcon_notification.desktop_notification.win32': Not used on non-Windows systems
[11.974s] INFO:colcon.colcon_notification.desktop_notification:Sending desktop notification using 'notify2'
[11.998s] DEBUG:colcon.colcon_core.event_reactor:joined thread
[11.998s] INFO:colcon.colcon_core.shell:Creating prefix script '/home/russell/ROS2_REPAS/install/local_setup.ps1'
[12.000s] INFO:colcon.colcon_core.shell:Creating prefix util module '/home/russell/ROS2_REPAS/install/_local_setup_util_ps1.py'
[12.001s] INFO:colcon.colcon_core.shell:Creating prefix chain script '/home/russell/ROS2_REPAS/install/setup.ps1'
[12.003s] INFO:colcon.colcon_core.shell:Creating prefix script '/home/russell/ROS2_REPAS/install/local_setup.sh'
[12.004s] INFO:colcon.colcon_core.shell:Creating prefix util module '/home/russell/ROS2_REPAS/install/_local_setup_util_sh.py'
[12.005s] INFO:colcon.colcon_core.shell:Creating prefix chain script '/home/russell/ROS2_REPAS/install/setup.sh'
[12.007s] INFO:colcon.colcon_core.shell:Creating prefix script '/home/russell/ROS2_REPAS/install/local_setup.bash'
[12.012s] INFO:colcon.colcon_core.shell:Creating prefix chain script '/home/russell/ROS2_REPAS/install/setup.bash'
[12.014s] INFO:colcon.colcon_core.shell:Creating prefix script '/home/russell/ROS2_REPAS/install/local_setup.zsh'
[12.014s] INFO:colcon.colcon_core.shell:Creating prefix chain script '/home/russell/ROS2_REPAS/install/setup.zsh'
