[0.024s] Invoking command in '/home/russell/ROS2_REPAS/build/robotiq_2f_gripper_interfaces': AMENT_PREFIX_PATH=/home/russell/ROS2_REPAS/install/serial:${AMENT_PREFIX_PATH} CMAKE_PREFIX_PATH=/home/russell/ROS2_REPAS/install/serial:/home/russell/ROS2_REPAS/install/ur5e_moveit_demo:/home/russell/ROS2_REPAS/install/ur_simulation_gz:/home/russell/ROS2_REPAS/install/ur_description:/home/russell/ROS2_REPAS/install/robotiq_2f_gripper_description:/opt/ros/jazzy/opt/gz_sim_vendor:/opt/ros/jazzy/opt/gz_sensors_vendor:/opt/ros/jazzy/opt/gz_physics_vendor:/opt/ros/jazzy/opt/sdformat_vendor:/opt/ros/jazzy/opt/gz_gui_vendor:/opt/ros/jazzy/opt/gz_transport_vendor:/opt/ros/jazzy/opt/gz_rendering_vendor:/opt/ros/jazzy/opt/gz_plugin_vendor:/opt/ros/jazzy/opt/gz_fuel_tools_vendor:/opt/ros/jazzy/opt/gz_msgs_vendor:/opt/ros/jazzy/opt/gz_common_vendor:/opt/ros/jazzy/opt/gz_math_vendor:/opt/ros/jazzy/opt/gz_utils_vendor:/opt/ros/jazzy/opt/gz_tools_vendor:/opt/ros/jazzy/opt/gz_ogre_next_vendor:/opt/ros/jazzy/opt/gz_dartsim_vendor:/opt/ros/jazzy/opt/gz_cmake_vendor:/opt/ros/jazzy DEBUGINFOD_URLS=https://debuginfod.ubuntu.com LD_LIBRARY_PATH=/home/russell/ROS2_REPAS/install/serial/lib:${LD_LIBRARY_PATH} /usr/bin/cmake /home/russell/ROS2_REPAS/src/robotiq_2f_gripper_ros2/robotiq_2f_gripper_interfaces -DCMAKE_INSTALL_PREFIX=/home/russell/ROS2_REPAS/install/robotiq_2f_gripper_interfaces
[0.025s] -- Found ament_cmake: 2.5.4 (/opt/ros/jazzy/share/ament_cmake/cmake)
[0.209s] -- Found hardware_interface: 4.32.0 (/opt/ros/jazzy/share/hardware_interface/cmake)
[0.245s] -- Found rosidl_generator_c: 4.6.5 (/opt/ros/jazzy/share/rosidl_generator_c/cmake)
[0.253s] -- Found rosidl_generator_cpp: 4.6.5 (/opt/ros/jazzy/share/rosidl_generator_cpp/cmake)
[0.262s] -- Using all available rosidl_typesupport_c: rosidl_typesupport_fastrtps_c;rosidl_typesupport_introspection_c
[0.274s] -- Using all available rosidl_typesupport_cpp: rosidl_typesupport_fastrtps_cpp;rosidl_typesupport_introspection_cpp
[0.440s] -- Found TinyXML2 via Config file: /usr/lib/x86_64-linux-gnu/cmake/tinyxml2
[0.471s] -- Found rmw_implementation_cmake: 7.3.2 (/opt/ros/jazzy/share/rmw_implementation_cmake/cmake)
[0.472s] -- Found rmw_fastrtps_cpp: 8.4.2 (/opt/ros/jazzy/share/rmw_fastrtps_cpp/cmake)
[0.487s] -- Found TinyXML2 via Config file: /usr/lib/x86_64-linux-gnu/cmake/tinyxml2
[0.497s] -- Found TinyXML2 via Config file: /usr/lib/x86_64-linux-gnu/cmake/tinyxml2
[0.515s] -- Found TinyXML2 via Config file: /usr/lib/x86_64-linux-gnu/cmake/tinyxml2
[0.524s] -- Found TinyXML2 via Config file: /usr/lib/x86_64-linux-gnu/cmake/tinyxml2
[0.537s] -- Using RMW implementation 'rmw_fastrtps_cpp' as default
[0.654s] -- Found serial: 1.2.1 (/home/russell/ROS2_REPAS/install/serial/share/serial/cmake)
[0.757s] -- Configuring done (0.7s)
[0.823s] -- Generating done (0.1s)
[0.833s] -- Build files have been written to: /home/russell/ROS2_REPAS/build/robotiq_2f_gripper_interfaces
[0.843s] Invoked command in '/home/russell/ROS2_REPAS/build/robotiq_2f_gripper_interfaces' returned '0': AMENT_PREFIX_PATH=/home/russell/ROS2_REPAS/install/serial:${AMENT_PREFIX_PATH} CMAKE_PREFIX_PATH=/home/russell/ROS2_REPAS/install/serial:/home/russell/ROS2_REPAS/install/ur5e_moveit_demo:/home/russell/ROS2_REPAS/install/ur_simulation_gz:/home/russell/ROS2_REPAS/install/ur_description:/home/russell/ROS2_REPAS/install/robotiq_2f_gripper_description:/opt/ros/jazzy/opt/gz_sim_vendor:/opt/ros/jazzy/opt/gz_sensors_vendor:/opt/ros/jazzy/opt/gz_physics_vendor:/opt/ros/jazzy/opt/sdformat_vendor:/opt/ros/jazzy/opt/gz_gui_vendor:/opt/ros/jazzy/opt/gz_transport_vendor:/opt/ros/jazzy/opt/gz_rendering_vendor:/opt/ros/jazzy/opt/gz_plugin_vendor:/opt/ros/jazzy/opt/gz_fuel_tools_vendor:/opt/ros/jazzy/opt/gz_msgs_vendor:/opt/ros/jazzy/opt/gz_common_vendor:/opt/ros/jazzy/opt/gz_math_vendor:/opt/ros/jazzy/opt/gz_utils_vendor:/opt/ros/jazzy/opt/gz_tools_vendor:/opt/ros/jazzy/opt/gz_ogre_next_vendor:/opt/ros/jazzy/opt/gz_dartsim_vendor:/opt/ros/jazzy/opt/gz_cmake_vendor:/opt/ros/jazzy DEBUGINFOD_URLS=https://debuginfod.ubuntu.com LD_LIBRARY_PATH=/home/russell/ROS2_REPAS/install/serial/lib:${LD_LIBRARY_PATH} /usr/bin/cmake /home/russell/ROS2_REPAS/src/robotiq_2f_gripper_ros2/robotiq_2f_gripper_interfaces -DCMAKE_INSTALL_PREFIX=/home/russell/ROS2_REPAS/install/robotiq_2f_gripper_interfaces
[0.844s] Invoking command in '/home/russell/ROS2_REPAS/build/robotiq_2f_gripper_interfaces': AMENT_PREFIX_PATH=/home/russell/ROS2_REPAS/install/serial:${AMENT_PREFIX_PATH} CMAKE_PREFIX_PATH=/home/russell/ROS2_REPAS/install/serial:/home/russell/ROS2_REPAS/install/ur5e_moveit_demo:/home/russell/ROS2_REPAS/install/ur_simulation_gz:/home/russell/ROS2_REPAS/install/ur_description:/home/russell/ROS2_REPAS/install/robotiq_2f_gripper_description:/opt/ros/jazzy/opt/gz_sim_vendor:/opt/ros/jazzy/opt/gz_sensors_vendor:/opt/ros/jazzy/opt/gz_physics_vendor:/opt/ros/jazzy/opt/sdformat_vendor:/opt/ros/jazzy/opt/gz_gui_vendor:/opt/ros/jazzy/opt/gz_transport_vendor:/opt/ros/jazzy/opt/gz_rendering_vendor:/opt/ros/jazzy/opt/gz_plugin_vendor:/opt/ros/jazzy/opt/gz_fuel_tools_vendor:/opt/ros/jazzy/opt/gz_msgs_vendor:/opt/ros/jazzy/opt/gz_common_vendor:/opt/ros/jazzy/opt/gz_math_vendor:/opt/ros/jazzy/opt/gz_utils_vendor:/opt/ros/jazzy/opt/gz_tools_vendor:/opt/ros/jazzy/opt/gz_ogre_next_vendor:/opt/ros/jazzy/opt/gz_dartsim_vendor:/opt/ros/jazzy/opt/gz_cmake_vendor:/opt/ros/jazzy DEBUGINFOD_URLS=https://debuginfod.ubuntu.com LD_LIBRARY_PATH=/home/russell/ROS2_REPAS/install/serial/lib:${LD_LIBRARY_PATH} /usr/bin/cmake --build /home/russell/ROS2_REPAS/build/robotiq_2f_gripper_interfaces -- -j24 -l24
[0.913s] [ 11%] [32mBuilding CXX object CMakeFiles/robotiq_2f_gripper_interfaces.dir/src/crc_utils.cpp.o[0m
[0.913s] [ 22%] [32mBuilding CXX object CMakeFiles/robotiq_2f_gripper_interfaces.dir/src/default_serial_factory.cpp.o[0m
[0.913s] [ 55%] [32mBuilding CXX object CMakeFiles/robotiq_2f_gripper_interfaces.dir/src/default_driver.cpp.o[0m
[0.914s] [ 55%] [32mBuilding CXX object CMakeFiles/robotiq_2f_gripper_interfaces.dir/src/hardware_interface.cpp.o[0m
[0.914s] [ 88%] [32mBuilding CXX object CMakeFiles/robotiq_2f_gripper_interfaces.dir/src/default_serial.cpp.o[0m
[0.914s] [ 88%] [32mBuilding CXX object CMakeFiles/robotiq_2f_gripper_interfaces.dir/src/fake/fake_driver.cpp.o[0m
[0.914s] [ 88%] [32mBuilding CXX object CMakeFiles/robotiq_2f_gripper_interfaces.dir/src/default_driver_factory.cpp.o[0m
[0.914s] [ 88%] [32mBuilding CXX object CMakeFiles/robotiq_2f_gripper_interfaces.dir/src/data_utils.cpp.o[0m
[5.359s] [100%] [32m[1mLinking CXX shared library librobotiq_2f_gripper_interfaces.so[0m
[5.630s] [100%] Built target robotiq_2f_gripper_interfaces
[5.644s] Invoked command in '/home/russell/ROS2_REPAS/build/robotiq_2f_gripper_interfaces' returned '0': AMENT_PREFIX_PATH=/home/russell/ROS2_REPAS/install/serial:${AMENT_PREFIX_PATH} CMAKE_PREFIX_PATH=/home/russell/ROS2_REPAS/install/serial:/home/russell/ROS2_REPAS/install/ur5e_moveit_demo:/home/russell/ROS2_REPAS/install/ur_simulation_gz:/home/russell/ROS2_REPAS/install/ur_description:/home/russell/ROS2_REPAS/install/robotiq_2f_gripper_description:/opt/ros/jazzy/opt/gz_sim_vendor:/opt/ros/jazzy/opt/gz_sensors_vendor:/opt/ros/jazzy/opt/gz_physics_vendor:/opt/ros/jazzy/opt/sdformat_vendor:/opt/ros/jazzy/opt/gz_gui_vendor:/opt/ros/jazzy/opt/gz_transport_vendor:/opt/ros/jazzy/opt/gz_rendering_vendor:/opt/ros/jazzy/opt/gz_plugin_vendor:/opt/ros/jazzy/opt/gz_fuel_tools_vendor:/opt/ros/jazzy/opt/gz_msgs_vendor:/opt/ros/jazzy/opt/gz_common_vendor:/opt/ros/jazzy/opt/gz_math_vendor:/opt/ros/jazzy/opt/gz_utils_vendor:/opt/ros/jazzy/opt/gz_tools_vendor:/opt/ros/jazzy/opt/gz_ogre_next_vendor:/opt/ros/jazzy/opt/gz_dartsim_vendor:/opt/ros/jazzy/opt/gz_cmake_vendor:/opt/ros/jazzy DEBUGINFOD_URLS=https://debuginfod.ubuntu.com LD_LIBRARY_PATH=/home/russell/ROS2_REPAS/install/serial/lib:${LD_LIBRARY_PATH} /usr/bin/cmake --build /home/russell/ROS2_REPAS/build/robotiq_2f_gripper_interfaces -- -j24 -l24
[5.646s] Invoking command in '/home/russell/ROS2_REPAS/build/robotiq_2f_gripper_interfaces': AMENT_PREFIX_PATH=/home/russell/ROS2_REPAS/install/serial:${AMENT_PREFIX_PATH} CMAKE_PREFIX_PATH=/home/russell/ROS2_REPAS/install/serial:/home/russell/ROS2_REPAS/install/ur5e_moveit_demo:/home/russell/ROS2_REPAS/install/ur_simulation_gz:/home/russell/ROS2_REPAS/install/ur_description:/home/russell/ROS2_REPAS/install/robotiq_2f_gripper_description:/opt/ros/jazzy/opt/gz_sim_vendor:/opt/ros/jazzy/opt/gz_sensors_vendor:/opt/ros/jazzy/opt/gz_physics_vendor:/opt/ros/jazzy/opt/sdformat_vendor:/opt/ros/jazzy/opt/gz_gui_vendor:/opt/ros/jazzy/opt/gz_transport_vendor:/opt/ros/jazzy/opt/gz_rendering_vendor:/opt/ros/jazzy/opt/gz_plugin_vendor:/opt/ros/jazzy/opt/gz_fuel_tools_vendor:/opt/ros/jazzy/opt/gz_msgs_vendor:/opt/ros/jazzy/opt/gz_common_vendor:/opt/ros/jazzy/opt/gz_math_vendor:/opt/ros/jazzy/opt/gz_utils_vendor:/opt/ros/jazzy/opt/gz_tools_vendor:/opt/ros/jazzy/opt/gz_ogre_next_vendor:/opt/ros/jazzy/opt/gz_dartsim_vendor:/opt/ros/jazzy/opt/gz_cmake_vendor:/opt/ros/jazzy DEBUGINFOD_URLS=https://debuginfod.ubuntu.com LD_LIBRARY_PATH=/home/russell/ROS2_REPAS/install/serial/lib:${LD_LIBRARY_PATH} /usr/bin/cmake --install /home/russell/ROS2_REPAS/build/robotiq_2f_gripper_interfaces
[5.654s] -- Install configuration: ""
[5.654s] -- Installing: /home/russell/ROS2_REPAS/install/robotiq_2f_gripper_interfaces/share/robotiq_2f_gripper_interfaces/hardware_interface_plugin.xml
[5.654s] -- Installing: /home/russell/ROS2_REPAS/install/robotiq_2f_gripper_interfaces/share/robotiq_2f_gripper_interfaces/environment/library_path.sh
[5.654s] -- Installing: /home/russell/ROS2_REPAS/install/robotiq_2f_gripper_interfaces/share/robotiq_2f_gripper_interfaces/environment/library_path.dsv
[5.655s] -- Installing: /home/russell/ROS2_REPAS/install/robotiq_2f_gripper_interfaces/include
[5.655s] -- Installing: /home/russell/ROS2_REPAS/install/robotiq_2f_gripper_interfaces/include/robotiq_2f_gripper_interfaces
[5.655s] -- Installing: /home/russell/ROS2_REPAS/install/robotiq_2f_gripper_interfaces/include/robotiq_2f_gripper_interfaces/driver.hpp
[5.655s] -- Installing: /home/russell/ROS2_REPAS/install/robotiq_2f_gripper_interfaces/include/robotiq_2f_gripper_interfaces/data_utils.hpp
[5.655s] -- Installing: /home/russell/ROS2_REPAS/install/robotiq_2f_gripper_interfaces/include/robotiq_2f_gripper_interfaces/default_driver_factory.hpp
[5.655s] -- Installing: /home/russell/ROS2_REPAS/install/robotiq_2f_gripper_interfaces/include/robotiq_2f_gripper_interfaces/default_driver.hpp
[5.655s] -- Installing: /home/russell/ROS2_REPAS/install/robotiq_2f_gripper_interfaces/include/robotiq_2f_gripper_interfaces/visibility_control.hpp
[5.655s] -- Installing: /home/russell/ROS2_REPAS/install/robotiq_2f_gripper_interfaces/include/robotiq_2f_gripper_interfaces/crc_utils.hpp
[5.655s] -- Installing: /home/russell/ROS2_REPAS/install/robotiq_2f_gripper_interfaces/include/robotiq_2f_gripper_interfaces/fake
[5.655s] -- Installing: /home/russell/ROS2_REPAS/install/robotiq_2f_gripper_interfaces/include/robotiq_2f_gripper_interfaces/fake/fake_driver.hpp
[5.656s] -- Installing: /home/russell/ROS2_REPAS/install/robotiq_2f_gripper_interfaces/include/robotiq_2f_gripper_interfaces/driver_factory.hpp
[5.656s] -- Installing: /home/russell/ROS2_REPAS/install/robotiq_2f_gripper_interfaces/include/robotiq_2f_gripper_interfaces/default_serial_factory.hpp
[5.656s] -- Installing: /home/russell/ROS2_REPAS/install/robotiq_2f_gripper_interfaces/include/robotiq_2f_gripper_interfaces/default_serial.hpp
[5.656s] -- Installing: /home/russell/ROS2_REPAS/install/robotiq_2f_gripper_interfaces/include/robotiq_2f_gripper_interfaces/driver_exception.hpp
[5.656s] -- Installing: /home/russell/ROS2_REPAS/install/robotiq_2f_gripper_interfaces/include/robotiq_2f_gripper_interfaces/hardware_interface.hpp
[5.656s] -- Installing: /home/russell/ROS2_REPAS/install/robotiq_2f_gripper_interfaces/include/robotiq_2f_gripper_interfaces/serial_factory.hpp
[5.656s] -- Installing: /home/russell/ROS2_REPAS/install/robotiq_2f_gripper_interfaces/include/robotiq_2f_gripper_interfaces/serial.hpp
[5.656s] -- Installing: /home/russell/ROS2_REPAS/install/robotiq_2f_gripper_interfaces/lib/librobotiq_2f_gripper_interfaces.so
[5.658s] -- Set non-toolchain portion of runtime path of "/home/russell/ROS2_REPAS/install/robotiq_2f_gripper_interfaces/lib/librobotiq_2f_gripper_interfaces.so" to ""
[5.658s] -- Installing: /home/russell/ROS2_REPAS/install/robotiq_2f_gripper_interfaces/share/ament_index/resource_index/package_run_dependencies/robotiq_2f_gripper_interfaces
[5.658s] -- Installing: /home/russell/ROS2_REPAS/install/robotiq_2f_gripper_interfaces/share/ament_index/resource_index/parent_prefix_path/robotiq_2f_gripper_interfaces
[5.659s] -- Installing: /home/russell/ROS2_REPAS/install/robotiq_2f_gripper_interfaces/share/robotiq_2f_gripper_interfaces/environment/ament_prefix_path.sh
[5.659s] -- Installing: /home/russell/ROS2_REPAS/install/robotiq_2f_gripper_interfaces/share/robotiq_2f_gripper_interfaces/environment/ament_prefix_path.dsv
[5.659s] -- Installing: /home/russell/ROS2_REPAS/install/robotiq_2f_gripper_interfaces/share/robotiq_2f_gripper_interfaces/environment/path.sh
[5.659s] -- Installing: /home/russell/ROS2_REPAS/install/robotiq_2f_gripper_interfaces/share/robotiq_2f_gripper_interfaces/environment/path.dsv
[5.659s] -- Installing: /home/russell/ROS2_REPAS/install/robotiq_2f_gripper_interfaces/share/robotiq_2f_gripper_interfaces/local_setup.bash
[5.659s] -- Installing: /home/russell/ROS2_REPAS/install/robotiq_2f_gripper_interfaces/share/robotiq_2f_gripper_interfaces/local_setup.sh
[5.659s] -- Installing: /home/russell/ROS2_REPAS/install/robotiq_2f_gripper_interfaces/share/robotiq_2f_gripper_interfaces/local_setup.zsh
[5.659s] -- Installing: /home/russell/ROS2_REPAS/install/robotiq_2f_gripper_interfaces/share/robotiq_2f_gripper_interfaces/local_setup.dsv
[5.660s] -- Installing: /home/russell/ROS2_REPAS/install/robotiq_2f_gripper_interfaces/share/robotiq_2f_gripper_interfaces/package.dsv
[5.660s] -- Installing: /home/russell/ROS2_REPAS/install/robotiq_2f_gripper_interfaces/share/ament_index/resource_index/packages/robotiq_2f_gripper_interfaces
[5.660s] -- Installing: /home/russell/ROS2_REPAS/install/robotiq_2f_gripper_interfaces/share/ament_index/resource_index/hardware_interface__pluginlib__plugin/robotiq_2f_gripper_interfaces
[5.660s] -- Installing: /home/russell/ROS2_REPAS/install/robotiq_2f_gripper_interfaces/share/robotiq_2f_gripper_interfaces/cmake/robotiq_2f_gripper_interfaces_targetsExport.cmake
[5.660s] -- Installing: /home/russell/ROS2_REPAS/install/robotiq_2f_gripper_interfaces/share/robotiq_2f_gripper_interfaces/cmake/robotiq_2f_gripper_interfaces_targetsExport-noconfig.cmake
[5.660s] -- Installing: /home/russell/ROS2_REPAS/install/robotiq_2f_gripper_interfaces/share/robotiq_2f_gripper_interfaces/cmake/ament_cmake_export_targets-extras.cmake
[5.661s] -- Installing: /home/russell/ROS2_REPAS/install/robotiq_2f_gripper_interfaces/share/robotiq_2f_gripper_interfaces/cmake/ament_cmake_export_dependencies-extras.cmake
[5.661s] -- Installing: /home/russell/ROS2_REPAS/install/robotiq_2f_gripper_interfaces/share/robotiq_2f_gripper_interfaces/cmake/ament_cmake_export_include_directories-extras.cmake
[5.661s] -- Installing: /home/russell/ROS2_REPAS/install/robotiq_2f_gripper_interfaces/share/robotiq_2f_gripper_interfaces/cmake/ament_cmake_export_libraries-extras.cmake
[5.661s] -- Installing: /home/russell/ROS2_REPAS/install/robotiq_2f_gripper_interfaces/share/robotiq_2f_gripper_interfaces/cmake/robotiq_2f_gripper_interfacesConfig.cmake
[5.661s] -- Installing: /home/russell/ROS2_REPAS/install/robotiq_2f_gripper_interfaces/share/robotiq_2f_gripper_interfaces/cmake/robotiq_2f_gripper_interfacesConfig-version.cmake
[5.661s] -- Installing: /home/russell/ROS2_REPAS/install/robotiq_2f_gripper_interfaces/share/robotiq_2f_gripper_interfaces/package.xml
[5.663s] Invoked command in '/home/russell/ROS2_REPAS/build/robotiq_2f_gripper_interfaces' returned '0': AMENT_PREFIX_PATH=/home/russell/ROS2_REPAS/install/serial:${AMENT_PREFIX_PATH} CMAKE_PREFIX_PATH=/home/russell/ROS2_REPAS/install/serial:/home/russell/ROS2_REPAS/install/ur5e_moveit_demo:/home/russell/ROS2_REPAS/install/ur_simulation_gz:/home/russell/ROS2_REPAS/install/ur_description:/home/russell/ROS2_REPAS/install/robotiq_2f_gripper_description:/opt/ros/jazzy/opt/gz_sim_vendor:/opt/ros/jazzy/opt/gz_sensors_vendor:/opt/ros/jazzy/opt/gz_physics_vendor:/opt/ros/jazzy/opt/sdformat_vendor:/opt/ros/jazzy/opt/gz_gui_vendor:/opt/ros/jazzy/opt/gz_transport_vendor:/opt/ros/jazzy/opt/gz_rendering_vendor:/opt/ros/jazzy/opt/gz_plugin_vendor:/opt/ros/jazzy/opt/gz_fuel_tools_vendor:/opt/ros/jazzy/opt/gz_msgs_vendor:/opt/ros/jazzy/opt/gz_common_vendor:/opt/ros/jazzy/opt/gz_math_vendor:/opt/ros/jazzy/opt/gz_utils_vendor:/opt/ros/jazzy/opt/gz_tools_vendor:/opt/ros/jazzy/opt/gz_ogre_next_vendor:/opt/ros/jazzy/opt/gz_dartsim_vendor:/opt/ros/jazzy/opt/gz_cmake_vendor:/opt/ros/jazzy DEBUGINFOD_URLS=https://debuginfod.ubuntu.com LD_LIBRARY_PATH=/home/russell/ROS2_REPAS/install/serial/lib:${LD_LIBRARY_PATH} /usr/bin/cmake --install /home/russell/ROS2_REPAS/build/robotiq_2f_gripper_interfaces
