[0.021s] Invoking command in '/home/russell/ROS2_REPAS/build/ur_description': CMAKE_PREFIX_PATH=${CMAKE_PREFIX_PATH}:/home/russell/ROS2_REPAS/install/camera_sensor:/opt/ros/jazzy DEBUGINFOD_URLS=https://debuginfod.ubuntu.com /usr/bin/cmake /home/russell/ROS2_REPAS/src/Universal_Robots_ROS2_Description -DAMENT_CMAKE_SYMLINK_INSTALL=1 -DCMAKE_INSTALL_PREFIX=/home/russell/ROS2_REPAS/install/ur_description
[0.217s] -- Found ament_cmake: 2.5.4 (/opt/ros/jazzy/share/ament_cmake/cmake)
[0.513s] -- Override CMake install command with custom implementation using symlinks instead of copying resources
[0.655s] -- Found ament_cmake_pytest: 2.5.4 (/opt/ros/jazzy/share/ament_cmake_pytest/cmake)
[2.450s] -- Configuring done (2.4s)
[2.458s] -- Generating done (0.0s)
[2.459s] -- Build files have been written to: /home/russell/ROS2_REPAS/build/ur_description
[2.463s] Invoked command in '/home/russell/ROS2_REPAS/build/ur_description' returned '0': CMAKE_PREFIX_PATH=${CMAKE_PREFIX_PATH}:/home/russell/ROS2_REPAS/install/camera_sensor:/opt/ros/jazzy DEBUGINFOD_URLS=https://debuginfod.ubuntu.com /usr/bin/cmake /home/russell/ROS2_REPAS/src/Universal_Robots_ROS2_Description -DAMENT_CMAKE_SYMLINK_INSTALL=1 -DCMAKE_INSTALL_PREFIX=/home/russell/ROS2_REPAS/install/ur_description
[2.464s] Invoking command in '/home/russell/ROS2_REPAS/build/ur_description': CMAKE_PREFIX_PATH=${CMAKE_PREFIX_PATH}:/home/russell/ROS2_REPAS/install/camera_sensor:/opt/ros/jazzy DEBUGINFOD_URLS=https://debuginfod.ubuntu.com /usr/bin/cmake --build /home/russell/ROS2_REPAS/build/ur_description -- -j24 -l24
[2.513s] Invoked command in '/home/russell/ROS2_REPAS/build/ur_description' returned '0': CMAKE_PREFIX_PATH=${CMAKE_PREFIX_PATH}:/home/russell/ROS2_REPAS/install/camera_sensor:/opt/ros/jazzy DEBUGINFOD_URLS=https://debuginfod.ubuntu.com /usr/bin/cmake --build /home/russell/ROS2_REPAS/build/ur_description -- -j24 -l24
[2.514s] Invoking command in '/home/russell/ROS2_REPAS/build/ur_description': CMAKE_PREFIX_PATH=${CMAKE_PREFIX_PATH}:/home/russell/ROS2_REPAS/install/camera_sensor:/opt/ros/jazzy DEBUGINFOD_URLS=https://debuginfod.ubuntu.com /usr/bin/cmake --install /home/russell/ROS2_REPAS/build/ur_description
[2.524s] -- Install configuration: ""
[2.525s] -- Execute custom install script
[2.525s] -- Symlinking: /home/russell/ROS2_REPAS/install/ur_description/share/ur_description/config/initial_positions.yaml
[2.538s] -- Symlinking: /home/russell/ROS2_REPAS/install/ur_description/share/ur_description/config/ur10/default_kinematics.yaml
[2.549s] -- Symlinking: /home/russell/ROS2_REPAS/install/ur_description/share/ur_description/config/ur10/joint_limits.yaml
[2.559s] -- Symlinking: /home/russell/ROS2_REPAS/install/ur_description/share/ur_description/config/ur10/physical_parameters.yaml
[2.571s] -- Symlinking: /home/russell/ROS2_REPAS/install/ur_description/share/ur_description/config/ur10/visual_parameters.yaml
[2.583s] -- Symlinking: /home/russell/ROS2_REPAS/install/ur_description/share/ur_description/config/ur10e/default_kinematics.yaml
[2.595s] -- Symlinking: /home/russell/ROS2_REPAS/install/ur_description/share/ur_description/config/ur10e/joint_limits.yaml
[2.606s] -- Symlinking: /home/russell/ROS2_REPAS/install/ur_description/share/ur_description/config/ur10e/physical_parameters.yaml
[2.618s] -- Symlinking: /home/russell/ROS2_REPAS/install/ur_description/share/ur_description/config/ur10e/visual_parameters.yaml
[2.632s] -- Symlinking: /home/russell/ROS2_REPAS/install/ur_description/share/ur_description/config/ur12e/default_kinematics.yaml
[2.645s] -- Symlinking: /home/russell/ROS2_REPAS/install/ur_description/share/ur_description/config/ur12e/joint_limits.yaml
[2.657s] -- Symlinking: /home/russell/ROS2_REPAS/install/ur_description/share/ur_description/config/ur12e/physical_parameters.yaml
[2.671s] -- Symlinking: /home/russell/ROS2_REPAS/install/ur_description/share/ur_description/config/ur12e/visual_parameters.yaml
[2.683s] -- Symlinking: /home/russell/ROS2_REPAS/install/ur_description/share/ur_description/config/ur16e/default_kinematics.yaml
[2.694s] -- Symlinking: /home/russell/ROS2_REPAS/install/ur_description/share/ur_description/config/ur16e/joint_limits.yaml
[2.706s] -- Symlinking: /home/russell/ROS2_REPAS/install/ur_description/share/ur_description/config/ur16e/physical_parameters.yaml
[2.718s] -- Symlinking: /home/russell/ROS2_REPAS/install/ur_description/share/ur_description/config/ur16e/visual_parameters.yaml
[2.730s] -- Symlinking: /home/russell/ROS2_REPAS/install/ur_description/share/ur_description/config/ur20/default_kinematics.yaml
[2.743s] -- Symlinking: /home/russell/ROS2_REPAS/install/ur_description/share/ur_description/config/ur20/joint_limits.yaml
[2.753s] -- Symlinking: /home/russell/ROS2_REPAS/install/ur_description/share/ur_description/config/ur20/physical_parameters.yaml
[2.765s] -- Symlinking: /home/russell/ROS2_REPAS/install/ur_description/share/ur_description/config/ur20/visual_parameters.yaml
[2.777s] -- Symlinking: /home/russell/ROS2_REPAS/install/ur_description/share/ur_description/config/ur3/default_kinematics.yaml
[2.786s] -- Symlinking: /home/russell/ROS2_REPAS/install/ur_description/share/ur_description/config/ur3/joint_limits.yaml
[2.799s] -- Symlinking: /home/russell/ROS2_REPAS/install/ur_description/share/ur_description/config/ur3/physical_parameters.yaml
[2.810s] -- Symlinking: /home/russell/ROS2_REPAS/install/ur_description/share/ur_description/config/ur3/visual_parameters.yaml
[2.821s] -- Symlinking: /home/russell/ROS2_REPAS/install/ur_description/share/ur_description/config/ur30/default_kinematics.yaml
[2.834s] -- Symlinking: /home/russell/ROS2_REPAS/install/ur_description/share/ur_description/config/ur30/joint_limits.yaml
[2.845s] -- Symlinking: /home/russell/ROS2_REPAS/install/ur_description/share/ur_description/config/ur30/physical_parameters.yaml
[2.856s] -- Symlinking: /home/russell/ROS2_REPAS/install/ur_description/share/ur_description/config/ur30/visual_parameters.yaml
[2.866s] -- Symlinking: /home/russell/ROS2_REPAS/install/ur_description/share/ur_description/config/ur3e/default_kinematics.yaml
[2.876s] -- Symlinking: /home/russell/ROS2_REPAS/install/ur_description/share/ur_description/config/ur3e/joint_limits.yaml
[2.887s] -- Symlinking: /home/russell/ROS2_REPAS/install/ur_description/share/ur_description/config/ur3e/physical_parameters.yaml
[2.899s] -- Symlinking: /home/russell/ROS2_REPAS/install/ur_description/share/ur_description/config/ur3e/visual_parameters.yaml
[2.910s] -- Symlinking: /home/russell/ROS2_REPAS/install/ur_description/share/ur_description/config/ur5/default_kinematics.yaml
[2.924s] -- Symlinking: /home/russell/ROS2_REPAS/install/ur_description/share/ur_description/config/ur5/joint_limits.yaml
[2.937s] -- Symlinking: /home/russell/ROS2_REPAS/install/ur_description/share/ur_description/config/ur5/physical_parameters.yaml
[2.951s] -- Symlinking: /home/russell/ROS2_REPAS/install/ur_description/share/ur_description/config/ur5/visual_parameters.yaml
[2.962s] -- Symlinking: /home/russell/ROS2_REPAS/install/ur_description/share/ur_description/config/ur5e/default_kinematics.yaml
[2.973s] -- Symlinking: /home/russell/ROS2_REPAS/install/ur_description/share/ur_description/config/ur5e/joint_limits.yaml
[2.985s] -- Symlinking: /home/russell/ROS2_REPAS/install/ur_description/share/ur_description/config/ur5e/physical_parameters.yaml
[2.996s] -- Symlinking: /home/russell/ROS2_REPAS/install/ur_description/share/ur_description/config/ur5e/visual_parameters.yaml
[3.007s] -- Symlinking: /home/russell/ROS2_REPAS/install/ur_description/share/ur_description/config/ur7e/default_kinematics.yaml
[3.018s] -- Symlinking: /home/russell/ROS2_REPAS/install/ur_description/share/ur_description/config/ur7e/joint_limits.yaml
[3.029s] -- Symlinking: /home/russell/ROS2_REPAS/install/ur_description/share/ur_description/config/ur7e/physical_parameters.yaml
[3.041s] -- Symlinking: /home/russell/ROS2_REPAS/install/ur_description/share/ur_description/config/ur7e/visual_parameters.yaml
[3.052s] -- Symlinking: /home/russell/ROS2_REPAS/install/ur_description/share/ur_description/launch/view_ur.launch.py
[3.066s] -- Symlinking: /home/russell/ROS2_REPAS/install/ur_description/share/ur_description/meshes/ur10/collision/base.stl
[3.078s] -- Symlinking: /home/russell/ROS2_REPAS/install/ur_description/share/ur_description/meshes/ur10/collision/forearm.stl
[3.089s] -- Symlinking: /home/russell/ROS2_REPAS/install/ur_description/share/ur_description/meshes/ur10/collision/shoulder.stl
[3.102s] -- Symlinking: /home/russell/ROS2_REPAS/install/ur_description/share/ur_description/meshes/ur10/collision/upperarm.stl
[3.114s] -- Symlinking: /home/russell/ROS2_REPAS/install/ur_description/share/ur_description/meshes/ur10/collision/wrist1.stl
[3.126s] -- Symlinking: /home/russell/ROS2_REPAS/install/ur_description/share/ur_description/meshes/ur10/collision/wrist2.stl
[3.138s] -- Symlinking: /home/russell/ROS2_REPAS/install/ur_description/share/ur_description/meshes/ur10/collision/wrist3.stl
[3.152s] -- Symlinking: /home/russell/ROS2_REPAS/install/ur_description/share/ur_description/meshes/ur10/visual/base.dae
[3.163s] -- Symlinking: /home/russell/ROS2_REPAS/install/ur_description/share/ur_description/meshes/ur10/visual/forearm.dae
[3.175s] -- Symlinking: /home/russell/ROS2_REPAS/install/ur_description/share/ur_description/meshes/ur10/visual/shoulder.dae
[3.187s] -- Symlinking: /home/russell/ROS2_REPAS/install/ur_description/share/ur_description/meshes/ur10/visual/upperarm.dae
[3.198s] -- Symlinking: /home/russell/ROS2_REPAS/install/ur_description/share/ur_description/meshes/ur10/visual/wrist1.dae
[3.209s] -- Symlinking: /home/russell/ROS2_REPAS/install/ur_description/share/ur_description/meshes/ur10/visual/wrist2.dae
[3.223s] -- Symlinking: /home/russell/ROS2_REPAS/install/ur_description/share/ur_description/meshes/ur10/visual/wrist3.dae
[3.235s] -- Symlinking: /home/russell/ROS2_REPAS/install/ur_description/share/ur_description/meshes/ur10e/collision/base.stl
[3.246s] -- Symlinking: /home/russell/ROS2_REPAS/install/ur_description/share/ur_description/meshes/ur10e/collision/forearm.stl
[3.262s] -- Symlinking: /home/russell/ROS2_REPAS/install/ur_description/share/ur_description/meshes/ur10e/collision/shoulder.stl
[3.275s] -- Symlinking: /home/russell/ROS2_REPAS/install/ur_description/share/ur_description/meshes/ur10e/collision/upperarm.stl
[3.287s] -- Symlinking: /home/russell/ROS2_REPAS/install/ur_description/share/ur_description/meshes/ur10e/collision/wrist1.stl
[3.298s] -- Symlinking: /home/russell/ROS2_REPAS/install/ur_description/share/ur_description/meshes/ur10e/collision/wrist2.stl
[3.311s] -- Symlinking: /home/russell/ROS2_REPAS/install/ur_description/share/ur_description/meshes/ur10e/collision/wrist3.stl
[3.323s] -- Symlinking: /home/russell/ROS2_REPAS/install/ur_description/share/ur_description/meshes/ur10e/visual/base.dae
[3.335s] -- Symlinking: /home/russell/ROS2_REPAS/install/ur_description/share/ur_description/meshes/ur10e/visual/forearm.dae
[3.346s] -- Symlinking: /home/russell/ROS2_REPAS/install/ur_description/share/ur_description/meshes/ur10e/visual/shoulder.dae
[3.357s] -- Symlinking: /home/russell/ROS2_REPAS/install/ur_description/share/ur_description/meshes/ur10e/visual/upperarm.dae
[3.372s] -- Symlinking: /home/russell/ROS2_REPAS/install/ur_description/share/ur_description/meshes/ur10e/visual/wrist1.dae
[3.383s] -- Symlinking: /home/russell/ROS2_REPAS/install/ur_description/share/ur_description/meshes/ur10e/visual/wrist2.dae
[3.395s] -- Symlinking: /home/russell/ROS2_REPAS/install/ur_description/share/ur_description/meshes/ur10e/visual/wrist3.dae
[3.406s] -- Symlinking: /home/russell/ROS2_REPAS/install/ur_description/share/ur_description/meshes/ur16e/collision/forearm.stl
[3.418s] -- Symlinking: /home/russell/ROS2_REPAS/install/ur_description/share/ur_description/meshes/ur16e/collision/upperarm.stl
[3.430s] -- Symlinking: /home/russell/ROS2_REPAS/install/ur_description/share/ur_description/meshes/ur16e/visual/forearm.dae
[3.443s] -- Symlinking: /home/russell/ROS2_REPAS/install/ur_description/share/ur_description/meshes/ur16e/visual/upperarm.dae
[3.458s] -- Symlinking: /home/russell/ROS2_REPAS/install/ur_description/share/ur_description/meshes/ur20/LICENSE.txt
[3.471s] -- Symlinking: /home/russell/ROS2_REPAS/install/ur_description/share/ur_description/meshes/ur20/collision/base.stl
[3.483s] -- Symlinking: /home/russell/ROS2_REPAS/install/ur_description/share/ur_description/meshes/ur20/collision/forearm.stl
[3.495s] -- Symlinking: /home/russell/ROS2_REPAS/install/ur_description/share/ur_description/meshes/ur20/collision/shoulder.stl
[3.506s] -- Symlinking: /home/russell/ROS2_REPAS/install/ur_description/share/ur_description/meshes/ur20/collision/upperarm.stl
[3.518s] -- Symlinking: /home/russell/ROS2_REPAS/install/ur_description/share/ur_description/meshes/ur20/collision/wrist1.stl
[3.532s] -- Symlinking: /home/russell/ROS2_REPAS/install/ur_description/share/ur_description/meshes/ur20/collision/wrist2.stl
[3.593s] -- Symlinking: /home/russell/ROS2_REPAS/install/ur_description/share/ur_description/meshes/ur20/collision/wrist3.stl
[3.606s] -- Symlinking: /home/russell/ROS2_REPAS/install/ur_description/share/ur_description/meshes/ur20/visual/UR20_DIFF_8bit_2K.png
[3.617s] -- Symlinking: /home/russell/ROS2_REPAS/install/ur_description/share/ur_description/meshes/ur20/visual/base.dae
[3.630s] -- Symlinking: /home/russell/ROS2_REPAS/install/ur_description/share/ur_description/meshes/ur20/visual/forearm.dae
[3.642s] -- Symlinking: /home/russell/ROS2_REPAS/install/ur_description/share/ur_description/meshes/ur20/visual/shoulder.dae
[3.654s] -- Symlinking: /home/russell/ROS2_REPAS/install/ur_description/share/ur_description/meshes/ur20/visual/upperarm.dae
[3.665s] -- Symlinking: /home/russell/ROS2_REPAS/install/ur_description/share/ur_description/meshes/ur20/visual/wrist1.dae
[3.677s] -- Symlinking: /home/russell/ROS2_REPAS/install/ur_description/share/ur_description/meshes/ur20/visual/wrist2.dae
[3.689s] -- Symlinking: /home/russell/ROS2_REPAS/install/ur_description/share/ur_description/meshes/ur20/visual/wrist3.dae
[3.703s] -- Symlinking: /home/russell/ROS2_REPAS/install/ur_description/share/ur_description/meshes/ur3/collision/base.stl
[3.714s] -- Symlinking: /home/russell/ROS2_REPAS/install/ur_description/share/ur_description/meshes/ur3/collision/forearm.stl
[3.726s] -- Symlinking: /home/russell/ROS2_REPAS/install/ur_description/share/ur_description/meshes/ur3/collision/shoulder.stl
[3.737s] -- Symlinking: /home/russell/ROS2_REPAS/install/ur_description/share/ur_description/meshes/ur3/collision/upperarm.stl
[3.790s] -- Symlinking: /home/russell/ROS2_REPAS/install/ur_description/share/ur_description/meshes/ur3/collision/wrist1.stl
[3.803s] -- Symlinking: /home/russell/ROS2_REPAS/install/ur_description/share/ur_description/meshes/ur3/collision/wrist2.stl
[3.814s] -- Symlinking: /home/russell/ROS2_REPAS/install/ur_description/share/ur_description/meshes/ur3/collision/wrist3.stl
[3.826s] -- Symlinking: /home/russell/ROS2_REPAS/install/ur_description/share/ur_description/meshes/ur3/visual/base.dae
[3.837s] -- Symlinking: /home/russell/ROS2_REPAS/install/ur_description/share/ur_description/meshes/ur3/visual/forearm.dae
[3.849s] -- Symlinking: /home/russell/ROS2_REPAS/install/ur_description/share/ur_description/meshes/ur3/visual/shoulder.dae
[3.860s] -- Symlinking: /home/russell/ROS2_REPAS/install/ur_description/share/ur_description/meshes/ur3/visual/upperarm.dae
[3.871s] -- Symlinking: /home/russell/ROS2_REPAS/install/ur_description/share/ur_description/meshes/ur3/visual/wrist1.dae
[3.884s] -- Symlinking: /home/russell/ROS2_REPAS/install/ur_description/share/ur_description/meshes/ur3/visual/wrist2.dae
[3.898s] -- Symlinking: /home/russell/ROS2_REPAS/install/ur_description/share/ur_description/meshes/ur3/visual/wrist3.dae
[3.911s] -- Symlinking: /home/russell/ROS2_REPAS/install/ur_description/share/ur_description/meshes/ur30/LICENSE.txt
[3.925s] -- Symlinking: /home/russell/ROS2_REPAS/install/ur_description/share/ur_description/meshes/ur30/collision/forearm.stl
[3.936s] -- Symlinking: /home/russell/ROS2_REPAS/install/ur_description/share/ur_description/meshes/ur30/collision/upperarm.stl
[3.948s] -- Symlinking: /home/russell/ROS2_REPAS/install/ur_description/share/ur_description/meshes/ur30/visual/UR30_DIFF_8bit_2K.png
[3.960s] -- Symlinking: /home/russell/ROS2_REPAS/install/ur_description/share/ur_description/meshes/ur30/visual/forearm.dae
[3.974s] -- Symlinking: /home/russell/ROS2_REPAS/install/ur_description/share/ur_description/meshes/ur30/visual/upperarm.dae
[3.985s] -- Symlinking: /home/russell/ROS2_REPAS/install/ur_description/share/ur_description/meshes/ur3e/collision/base.stl
[3.996s] -- Symlinking: /home/russell/ROS2_REPAS/install/ur_description/share/ur_description/meshes/ur3e/collision/forearm.stl
[4.007s] -- Symlinking: /home/russell/ROS2_REPAS/install/ur_description/share/ur_description/meshes/ur3e/collision/shoulder.stl
[4.020s] -- Symlinking: /home/russell/ROS2_REPAS/install/ur_description/share/ur_description/meshes/ur3e/collision/upperarm.stl
[4.031s] -- Symlinking: /home/russell/ROS2_REPAS/install/ur_description/share/ur_description/meshes/ur3e/collision/wrist1.stl
[4.043s] -- Symlinking: /home/russell/ROS2_REPAS/install/ur_description/share/ur_description/meshes/ur3e/collision/wrist2.stl
[4.054s] -- Symlinking: /home/russell/ROS2_REPAS/install/ur_description/share/ur_description/meshes/ur3e/collision/wrist3.stl
[4.066s] -- Symlinking: /home/russell/ROS2_REPAS/install/ur_description/share/ur_description/meshes/ur3e/visual/base.dae
[4.079s] -- Symlinking: /home/russell/ROS2_REPAS/install/ur_description/share/ur_description/meshes/ur3e/visual/forearm.dae
[4.089s] -- Symlinking: /home/russell/ROS2_REPAS/install/ur_description/share/ur_description/meshes/ur3e/visual/shoulder.dae
[4.101s] -- Symlinking: /home/russell/ROS2_REPAS/install/ur_description/share/ur_description/meshes/ur3e/visual/upperarm.dae
[4.113s] -- Symlinking: /home/russell/ROS2_REPAS/install/ur_description/share/ur_description/meshes/ur3e/visual/wrist1.dae
[4.124s] -- Symlinking: /home/russell/ROS2_REPAS/install/ur_description/share/ur_description/meshes/ur3e/visual/wrist2.dae
[4.138s] -- Symlinking: /home/russell/ROS2_REPAS/install/ur_description/share/ur_description/meshes/ur3e/visual/wrist3.dae
[4.149s] -- Symlinking: /home/russell/ROS2_REPAS/install/ur_description/share/ur_description/meshes/ur5/collision/base.stl
[4.160s] -- Symlinking: /home/russell/ROS2_REPAS/install/ur_description/share/ur_description/meshes/ur5/collision/forearm.stl
[4.173s] -- Symlinking: /home/russell/ROS2_REPAS/install/ur_description/share/ur_description/meshes/ur5/collision/shoulder.stl
[4.186s] -- Symlinking: /home/russell/ROS2_REPAS/install/ur_description/share/ur_description/meshes/ur5/collision/upperarm.stl
[4.197s] -- Symlinking: /home/russell/ROS2_REPAS/install/ur_description/share/ur_description/meshes/ur5/collision/wrist1.stl
[4.209s] -- Symlinking: /home/russell/ROS2_REPAS/install/ur_description/share/ur_description/meshes/ur5/collision/wrist2.stl
[4.219s] -- Symlinking: /home/russell/ROS2_REPAS/install/ur_description/share/ur_description/meshes/ur5/collision/wrist3.stl
[4.232s] -- Symlinking: /home/russell/ROS2_REPAS/install/ur_description/share/ur_description/meshes/ur5/visual/base.dae
[4.243s] -- Symlinking: /home/russell/ROS2_REPAS/install/ur_description/share/ur_description/meshes/ur5/visual/forearm.dae
[4.254s] -- Symlinking: /home/russell/ROS2_REPAS/install/ur_description/share/ur_description/meshes/ur5/visual/shoulder.dae
[4.267s] -- Symlinking: /home/russell/ROS2_REPAS/install/ur_description/share/ur_description/meshes/ur5/visual/upperarm.dae
[4.280s] -- Symlinking: /home/russell/ROS2_REPAS/install/ur_description/share/ur_description/meshes/ur5/visual/wrist1.dae
[4.291s] -- Symlinking: /home/russell/ROS2_REPAS/install/ur_description/share/ur_description/meshes/ur5/visual/wrist2.dae
[4.301s] -- Symlinking: /home/russell/ROS2_REPAS/install/ur_description/share/ur_description/meshes/ur5/visual/wrist3.dae
[4.313s] -- Symlinking: /home/russell/ROS2_REPAS/install/ur_description/share/ur_description/meshes/ur5e/collision/base.stl
[4.325s] -- Symlinking: /home/russell/ROS2_REPAS/install/ur_description/share/ur_description/meshes/ur5e/collision/forearm.stl
[4.337s] -- Symlinking: /home/russell/ROS2_REPAS/install/ur_description/share/ur_description/meshes/ur5e/collision/shoulder.stl
[4.349s] -- Symlinking: /home/russell/ROS2_REPAS/install/ur_description/share/ur_description/meshes/ur5e/collision/upperarm.stl
[4.359s] -- Symlinking: /home/russell/ROS2_REPAS/install/ur_description/share/ur_description/meshes/ur5e/collision/wrist1.stl
[4.370s] -- Symlinking: /home/russell/ROS2_REPAS/install/ur_description/share/ur_description/meshes/ur5e/collision/wrist2.stl
[4.380s] -- Symlinking: /home/russell/ROS2_REPAS/install/ur_description/share/ur_description/meshes/ur5e/collision/wrist3.stl
[4.392s] -- Symlinking: /home/russell/ROS2_REPAS/install/ur_description/share/ur_description/meshes/ur5e/visual/base.dae
[4.402s] -- Symlinking: /home/russell/ROS2_REPAS/install/ur_description/share/ur_description/meshes/ur5e/visual/forearm.dae
[4.414s] -- Symlinking: /home/russell/ROS2_REPAS/install/ur_description/share/ur_description/meshes/ur5e/visual/shoulder.dae
[4.427s] -- Symlinking: /home/russell/ROS2_REPAS/install/ur_description/share/ur_description/meshes/ur5e/visual/upperarm.dae
[4.441s] -- Symlinking: /home/russell/ROS2_REPAS/install/ur_description/share/ur_description/meshes/ur5e/visual/wrist1.dae
[4.451s] -- Symlinking: /home/russell/ROS2_REPAS/install/ur_description/share/ur_description/meshes/ur5e/visual/wrist2.dae
[4.463s] -- Symlinking: /home/russell/ROS2_REPAS/install/ur_description/share/ur_description/meshes/ur5e/visual/wrist3.dae
[4.473s] -- Symlinking: /home/russell/ROS2_REPAS/install/ur_description/share/ur_description/rviz/view_robot.rviz
[4.486s] -- Symlinking: /home/russell/ROS2_REPAS/install/ur_description/share/ur_description/urdf/inc/ur_common.xacro
[4.497s] -- Symlinking: /home/russell/ROS2_REPAS/install/ur_description/share/ur_description/urdf/inc/ur_joint_control.xacro
[4.509s] -- Symlinking: /home/russell/ROS2_REPAS/install/ur_description/share/ur_description/urdf/inc/ur_sensors.xacro
[4.521s] -- Symlinking: /home/russell/ROS2_REPAS/install/ur_description/share/ur_description/urdf/inc/ur_transmissions.xacro
[4.533s] -- Symlinking: /home/russell/ROS2_REPAS/install/ur_description/share/ur_description/urdf/ros2_control_mock_hardware.xacro
[4.544s] -- Symlinking: /home/russell/ROS2_REPAS/install/ur_description/share/ur_description/urdf/ur.urdf.xacro
[4.554s] -- Symlinking: /home/russell/ROS2_REPAS/install/ur_description/share/ur_description/urdf/ur_macro.xacro
[4.565s] -- Symlinking: /home/russell/ROS2_REPAS/install/ur_description/share/ur_description/urdf/ur_mocked.urdf.xacro
[4.576s] -- Symlinking: /home/russell/ROS2_REPAS/install/ur_description/share/ur_description/test/test_ur_urdf_xacro.py
[4.588s] -- Symlinking: /home/russell/ROS2_REPAS/install/ur_description/share/ur_description/test/test_view_ur_launch.py
[4.600s] -- Symlinking: /home/russell/ROS2_REPAS/install/ur_description/share/ament_index/resource_index/package_run_dependencies/ur_description
[4.611s] -- Symlinking: /home/russell/ROS2_REPAS/install/ur_description/share/ament_index/resource_index/parent_prefix_path/ur_description
[4.622s] -- Symlinking: /home/russell/ROS2_REPAS/install/ur_description/share/ur_description/environment/ament_prefix_path.sh
[4.632s] -- Symlinking: /home/russell/ROS2_REPAS/install/ur_description/share/ur_description/environment/ament_prefix_path.dsv
[4.643s] -- Symlinking: /home/russell/ROS2_REPAS/install/ur_description/share/ur_description/environment/path.sh
[4.655s] -- Symlinking: /home/russell/ROS2_REPAS/install/ur_description/share/ur_description/environment/path.dsv
[4.667s] -- Symlinking: /home/russell/ROS2_REPAS/install/ur_description/share/ur_description/local_setup.bash
[4.680s] -- Symlinking: /home/russell/ROS2_REPAS/install/ur_description/share/ur_description/local_setup.sh
[4.695s] -- Symlinking: /home/russell/ROS2_REPAS/install/ur_description/share/ur_description/local_setup.zsh
[4.705s] -- Symlinking: /home/russell/ROS2_REPAS/install/ur_description/share/ur_description/local_setup.dsv
[4.718s] -- Symlinking: /home/russell/ROS2_REPAS/install/ur_description/share/ur_description/package.dsv
[4.729s] -- Symlinking: /home/russell/ROS2_REPAS/install/ur_description/share/ament_index/resource_index/packages/ur_description
[4.739s] -- Symlinking: /home/russell/ROS2_REPAS/install/ur_description/share/ur_description/cmake/ur_descriptionConfig.cmake
[4.750s] -- Symlinking: /home/russell/ROS2_REPAS/install/ur_description/share/ur_description/cmake/ur_descriptionConfig-version.cmake
[4.762s] -- Symlinking: /home/russell/ROS2_REPAS/install/ur_description/share/ur_description/package.xml
