[0.071s] Invoking command in '/home/russell/ROS2_REPAS/build/serial': CMAKE_PREFIX_PATH=${CMAKE_PREFIX_PATH}:/opt/ros/jazzy DEBUGINFOD_URLS=https://debuginfod.ubuntu.com /usr/bin/cmake --build /home/russell/ROS2_REPAS/build/serial -- -j24 -l24
[1.360s] [100%] Built target serial
[1.469s] Invoked command in '/home/russell/ROS2_REPAS/build/serial' returned '0': CMAKE_PREFIX_PATH=${CMAKE_PREFIX_PATH}:/opt/ros/jazzy DEBUGINFOD_URLS=https://debuginfod.ubuntu.com /usr/bin/cmake --build /home/russell/ROS2_REPAS/build/serial -- -j24 -l24
[1.487s] Invoking command in '/home/russell/ROS2_REPAS/build/serial': CMAKE_PREFIX_PATH=${CMAKE_PREFIX_PATH}:/opt/ros/jazzy DEBUGINFOD_URLS=https://debuginfod.ubuntu.com /usr/bin/cmake --install /home/russell/ROS2_REPAS/build/serial
[1.508s] -- Install configuration: ""
[1.509s] -- Up-to-date: /home/russell/ROS2_REPAS/install/serial/share/serial/environment/library_path.sh
[1.509s] -- Up-to-date: /home/russell/ROS2_REPAS/install/serial/share/serial/environment/library_path.dsv
[1.536s] -- Up-to-date: /home/russell/ROS2_REPAS/install/serial/lib/libserial.so
[1.537s] -- Up-to-date: /home/russell/ROS2_REPAS/install/serial/include/serial/serial.h
[1.537s] -- Up-to-date: /home/russell/ROS2_REPAS/install/serial/include/serial/v8stdint.h
[1.537s] -- Up-to-date: /home/russell/ROS2_REPAS/install/serial/share/ament_index/resource_index/package_run_dependencies/serial
[1.537s] -- Up-to-date: /home/russell/ROS2_REPAS/install/serial/share/ament_index/resource_index/parent_prefix_path/serial
[1.537s] -- Up-to-date: /home/russell/ROS2_REPAS/install/serial/share/serial/environment/ament_prefix_path.sh
[1.538s] -- Up-to-date: /home/russell/ROS2_REPAS/install/serial/share/serial/environment/ament_prefix_path.dsv
[1.538s] -- Up-to-date: /home/russell/ROS2_REPAS/install/serial/share/serial/environment/path.sh
[1.538s] -- Up-to-date: /home/russell/ROS2_REPAS/install/serial/share/serial/environment/path.dsv
[1.538s] -- Up-to-date: /home/russell/ROS2_REPAS/install/serial/share/serial/local_setup.bash
[1.538s] -- Up-to-date: /home/russell/ROS2_REPAS/install/serial/share/serial/local_setup.sh
[1.538s] -- Up-to-date: /home/russell/ROS2_REPAS/install/serial/share/serial/local_setup.zsh
[1.538s] -- Up-to-date: /home/russell/ROS2_REPAS/install/serial/share/serial/local_setup.dsv
[1.538s] -- Installing: /home/russell/ROS2_REPAS/install/serial/share/serial/package.dsv
[1.539s] -- Up-to-date: /home/russell/ROS2_REPAS/install/serial/share/ament_index/resource_index/packages/serial
[1.539s] -- Up-to-date: /home/russell/ROS2_REPAS/install/serial/share/serial/cmake/ament_cmake_export_include_directories-extras.cmake
[1.539s] -- Up-to-date: /home/russell/ROS2_REPAS/install/serial/share/serial/cmake/ament_cmake_export_libraries-extras.cmake
[1.539s] -- Up-to-date: /home/russell/ROS2_REPAS/install/serial/share/serial/cmake/serialConfig.cmake
[1.539s] -- Up-to-date: /home/russell/ROS2_REPAS/install/serial/share/serial/cmake/serialConfig-version.cmake
[1.539s] -- Up-to-date: /home/russell/ROS2_REPAS/install/serial/share/serial/package.xml
[1.541s] Invoked command in '/home/russell/ROS2_REPAS/build/serial' returned '0': CMAKE_PREFIX_PATH=${CMAKE_PREFIX_PATH}:/opt/ros/jazzy DEBUGINFOD_URLS=https://debuginfod.ubuntu.com /usr/bin/cmake --install /home/russell/ROS2_REPAS/build/serial
