running egg_info
writing ../../build/camera_sensor/camera_sensor.egg-info/PKG-INFO
writing dependency_links to ../../build/camera_sensor/camera_sensor.egg-info/dependency_links.txt
writing entry points to ../../build/camera_sensor/camera_sensor.egg-info/entry_points.txt
writing requirements to ../../build/camera_sensor/camera_sensor.egg-info/requires.txt
writing top-level names to ../../build/camera_sensor/camera_sensor.egg-info/top_level.txt
reading manifest file '../../build/camera_sensor/camera_sensor.egg-info/SOURCES.txt'
writing manifest file '../../build/camera_sensor/camera_sensor.egg-info/SOURCES.txt'
running build
running build_py
copying camera_sensor/camera_return_z.py -> /home/russell/ROS2_REPAS/build/camera_sensor/build/lib/camera_sensor
running install
running install_lib
copying /home/russell/ROS2_REPAS/build/camera_sensor/build/lib/camera_sensor/camera_return_z.py -> /home/russell/ROS2_REPAS/install/camera_sensor/lib/python3.12/site-packages/camera_sensor
byte-compiling /home/russell/ROS2_REPAS/install/camera_sensor/lib/python3.12/site-packages/camera_sensor/camera_return_z.py to camera_return_z.cpython-312.pyc
running install_data
running install_egg_info
removing '/home/russell/ROS2_REPAS/install/camera_sensor/lib/python3.12/site-packages/camera_sensor-0.0.0-py3.12.egg-info' (and everything under it)
Copying ../../build/camera_sensor/camera_sensor.egg-info to /home/russell/ROS2_REPAS/install/camera_sensor/lib/python3.12/site-packages/camera_sensor-0.0.0-py3.12.egg-info
running install_scripts
Installing camera_return_z_publisher script to /home/russell/ROS2_REPAS/install/camera_sensor/lib/camera_sensor
writing list of installed files to '/home/russell/ROS2_REPAS/build/camera_sensor/install.log'
