[0.317s] Invoking command in '/home/russell/ROS2_REPAS/build/librealsense2': CMAKE_PREFIX_PATH=${CMAKE_PREFIX_PATH}:/opt/ros/jazzy DEBUGINFOD_URLS=https://debuginfod.ubuntu.com /usr/bin/cmake /home/russell/ROS2_REPAS/librealsense -DCMAKE_INSTALL_PREFIX=/home/russell/ROS2_REPAS/install/librealsense2
[1.825s] -- The CXX compiler identification is GNU 13.3.0
[3.222s] -- The C compiler identification is GNU 13.3.0
[3.423s] -- Detecting CXX compiler ABI info
[3.815s] -- Detecting CXX compiler ABI info - done
[3.826s] -- Check for working CXX compiler: /usr/bin/c++ - skipped
[3.835s] -- Detecting CXX compile features
[3.836s] -- Detecting CXX compile features - done
[3.865s] -- Detecting C compiler ABI info
[4.291s] -- Detecting C compiler ABI info - done
[4.309s] -- Check for working C compiler: /usr/bin/cc - skipped
[4.309s] -- Detecting C compile features
[4.310s] -- Detecting C compile features - done
[4.335s] -- Checking internet connection...
[4.970s] -- Internet connection identified
[5.027s] -- Info: REALSENSE_VERSION_STRING=2.56.5
[5.042s] -- Setting Unix configurations
[5.042s] -- No output directory set; using /home/russell/ROS2_REPAS/build/librealsense2/Release/
[5.109s] -- Building libcurl enabled
[5.868s] -- Found OpenSSL: /usr/lib/x86_64-linux-gnu/libcrypto.so (found version "3.0.13")  
[6.073s] -- using RS2_USE_V4L2_BACKEND
[6.111s] -- Found usb: /usr/lib/x86_64-linux-gnu/libusb-1.0.so  
[6.130s] -- Found PkgConfig: /usr/bin/pkg-config (found version "1.8.1") 
[6.132s] -- Checking for module 'libudev'
[6.190s] --   Found libudev, version 255
[6.240s] -- Found Udev: /usr/include  
[6.277s] -- Fetching nlohmann/json...
[6.437s] Cloning into 'json'...
[8.610s] -- Using the multi-header code from /home/russell/ROS2_REPAS/build/librealsense2/third-party/json/include/
[8.630s] -- Fetching nlohmann/json - Done
[8.887s] -- Found OpenGL: /usr/lib/x86_64-linux-gnu/libOpenGL.so   
[8.957s] -- Performing Test CMAKE_HAVE_LIBC_PTHREAD
[9.176s] -- Performing Test CMAKE_HAVE_LIBC_PTHREAD - Success
[9.177s] -- Found Threads: TRUE  
[9.195s] -- Check for updates capability added to realsense-viewer
[9.197s] -- Check for updates capability added to realsense-depth-quality
[9.209s] -- Fetching recommended firmwares:
[9.209s] -- disable link time optimization for fw project
[9.209s] -- ... https://librealsense.intel.com/Releases/RS4xx/FW/D4XX_FW_Image-5.17.0.10.bin
[10.064s] -- Configuring done (9.7s)
[10.265s] -- Generating done (0.2s)
[10.299s] -- Build files have been written to: /home/russell/ROS2_REPAS/build/librealsense2
