[  2%] [34m[1mGenerating type hashes for ROS interfaces[0m
[  2%] Built target ament_cmake_python_copy_robotiq_2f_gripper_msgs
running egg_info
creating robotiq_2f_gripper_msgs.egg-info
writing robotiq_2f_gripper_msgs.egg-info/PKG-INFO
writing dependency_links to robotiq_2f_gripper_msgs.egg-info/dependency_links.txt
writing top-level names to robotiq_2f_gripper_msgs.egg-info/top_level.txt
writing manifest file 'robotiq_2f_gripper_msgs.egg-info/SOURCES.txt'
reading manifest file 'robotiq_2f_gripper_msgs.egg-info/SOURCES.txt'
writing manifest file 'robotiq_2f_gripper_msgs.egg-info/SOURCES.txt'
[  2%] Built target ament_cmake_python_build_robotiq_2f_gripper_msgs_egg
[  2%] Built target robotiq_2f_gripper_msgs__rosidl_generator_type_description
[  5%] [34m[1mGenerating C code for ROS interfaces[0m
[  8%] [34m[1mGenerating C++ code for ROS interfaces[0m
[  8%] Built target robotiq_2f_gripper_msgs__cpp
[ 17%] [32mBuilding C object CMakeFiles/robotiq_2f_gripper_msgs__rosidl_generator_c.dir/rosidl_generator_c/robotiq_2f_gripper_msgs/action/detail/move_two_finger_gripper__functions.c.o[0m
[ 17%] [32mBuilding C object CMakeFiles/robotiq_2f_gripper_msgs__rosidl_generator_c.dir/rosidl_generator_c/robotiq_2f_gripper_msgs/action/detail/move_two_finger_gripper__description.c.o[0m
[ 17%] [32mBuilding C object CMakeFiles/robotiq_2f_gripper_msgs__rosidl_generator_c.dir/rosidl_generator_c/robotiq_2f_gripper_msgs/action/detail/move_two_finger_gripper__type_support.c.o[0m
[ 20%] [32m[1mLinking C shared library librobotiq_2f_gripper_msgs__rosidl_generator_c.so[0m
[ 20%] Built target robotiq_2f_gripper_msgs__rosidl_generator_c
[ 26%] [34m[1mGenerating C type support for eProsima Fast-RTPS[0m
[ 26%] [34m[1mGenerating C type support dispatch for ROS interfaces[0m
[ 32%] [34m[1mGenerating C++ type support for eProsima Fast-RTPS[0m
[ 32%] [34m[1mGenerating C introspection for ROS interfaces[0m
[ 35%] [34m[1mGenerating C++ introspection for ROS interfaces[0m
[ 38%] [34m[1mGenerating C++ type support dispatch for ROS interfaces[0m
[ 41%] [32mBuilding CXX object CMakeFiles/robotiq_2f_gripper_msgs__rosidl_typesupport_cpp.dir/rosidl_typesupport_cpp/robotiq_2f_gripper_msgs/action/move_two_finger_gripper__type_support.cpp.o[0m
[ 44%] [32mBuilding CXX object CMakeFiles/robotiq_2f_gripper_msgs__rosidl_typesupport_c.dir/rosidl_typesupport_c/robotiq_2f_gripper_msgs/action/move_two_finger_gripper__type_support.cpp.o[0m
[ 47%] [32mBuilding C object CMakeFiles/robotiq_2f_gripper_msgs__rosidl_typesupport_introspection_c.dir/rosidl_typesupport_introspection_c/robotiq_2f_gripper_msgs/action/detail/move_two_finger_gripper__type_support.c.o[0m
[ 50%] [32m[1mLinking CXX shared library librobotiq_2f_gripper_msgs__rosidl_typesupport_c.so[0m
[ 52%] [32mBuilding CXX object CMakeFiles/robotiq_2f_gripper_msgs__rosidl_typesupport_introspection_cpp.dir/rosidl_typesupport_introspection_cpp/robotiq_2f_gripper_msgs/action/detail/move_two_finger_gripper__type_support.cpp.o[0m
[ 55%] [32m[1mLinking C shared library librobotiq_2f_gripper_msgs__rosidl_typesupport_introspection_c.so[0m
[ 58%] [32mBuilding CXX object CMakeFiles/robotiq_2f_gripper_msgs__rosidl_typesupport_fastrtps_cpp.dir/rosidl_typesupport_fastrtps_cpp/robotiq_2f_gripper_msgs/action/detail/dds_fastrtps/move_two_finger_gripper__type_support.cpp.o[0m
[ 58%] Built target robotiq_2f_gripper_msgs__rosidl_typesupport_c
[ 58%] Built target robotiq_2f_gripper_msgs__rosidl_typesupport_introspection_c
[ 61%] [32mBuilding CXX object CMakeFiles/robotiq_2f_gripper_msgs__rosidl_typesupport_fastrtps_c.dir/rosidl_typesupport_fastrtps_c/robotiq_2f_gripper_msgs/action/detail/move_two_finger_gripper__type_support_c.cpp.o[0m
[ 64%] [32m[1mLinking CXX shared library librobotiq_2f_gripper_msgs__rosidl_typesupport_cpp.so[0m
[ 64%] Built target robotiq_2f_gripper_msgs__rosidl_typesupport_cpp
[ 67%] [32m[1mLinking CXX shared library librobotiq_2f_gripper_msgs__rosidl_typesupport_fastrtps_c.so[0m
[ 70%] [32m[1mLinking CXX shared library librobotiq_2f_gripper_msgs__rosidl_typesupport_introspection_cpp.so[0m
[ 70%] Built target robotiq_2f_gripper_msgs__rosidl_typesupport_fastrtps_c
[ 70%] Built target robotiq_2f_gripper_msgs__rosidl_typesupport_introspection_cpp
[ 73%] [32m[1mLinking CXX shared library librobotiq_2f_gripper_msgs__rosidl_typesupport_fastrtps_cpp.so[0m
[ 73%] Built target robotiq_2f_gripper_msgs__rosidl_typesupport_fastrtps_cpp
[ 73%] Built target robotiq_2f_gripper_msgs
[ 76%] [34m[1mGenerating Python code for ROS interfaces[0m
[ 76%] Built target robotiq_2f_gripper_msgs__py
[ 79%] [32mBuilding C object CMakeFiles/robotiq_2f_gripper_msgs__rosidl_generator_py.dir/rosidl_generator_py/robotiq_2f_gripper_msgs/action/_move_two_finger_gripper_s.c.o[0m
[ 82%] [32m[1mLinking C shared library librobotiq_2f_gripper_msgs__rosidl_generator_py.so[0m
[ 82%] Built target robotiq_2f_gripper_msgs__rosidl_generator_py
[ 85%] [32mBuilding C object CMakeFiles/robotiq_2f_gripper_msgs_s__rosidl_typesupport_fastrtps_c.dir/rosidl_generator_py/robotiq_2f_gripper_msgs/_robotiq_2f_gripper_msgs_s.ep.rosidl_typesupport_fastrtps_c.c.o[0m
[ 88%] [32mBuilding C object CMakeFiles/robotiq_2f_gripper_msgs_s__rosidl_typesupport_c.dir/rosidl_generator_py/robotiq_2f_gripper_msgs/_robotiq_2f_gripper_msgs_s.ep.rosidl_typesupport_c.c.o[0m
[ 91%] [32mBuilding C object CMakeFiles/robotiq_2f_gripper_msgs_s__rosidl_typesupport_introspection_c.dir/rosidl_generator_py/robotiq_2f_gripper_msgs/_robotiq_2f_gripper_msgs_s.ep.rosidl_typesupport_introspection_c.c.o[0m
[ 94%] [32m[1mLinking C shared module rosidl_generator_py/robotiq_2f_gripper_msgs/robotiq_2f_gripper_msgs_s__rosidl_typesupport_introspection_c.so[0m
[ 97%] [32m[1mLinking C shared module rosidl_generator_py/robotiq_2f_gripper_msgs/robotiq_2f_gripper_msgs_s__rosidl_typesupport_c.so[0m
[100%] [32m[1mLinking C shared module rosidl_generator_py/robotiq_2f_gripper_msgs/robotiq_2f_gripper_msgs_s__rosidl_typesupport_fastrtps_c.so[0m
[100%] Built target robotiq_2f_gripper_msgs_s__rosidl_typesupport_introspection_c
[100%] Built target robotiq_2f_gripper_msgs_s__rosidl_typesupport_c
[100%] Built target robotiq_2f_gripper_msgs_s__rosidl_typesupport_fastrtps_c
