[0.016s] Invoking command in '/home/russell/ROS2_REPAS/build/robotiq_2f_gripper_msgs': CMAKE_PREFIX_PATH=${CMAKE_PREFIX_PATH}:/home/russell/ROS2_REPAS/install/scene_manipulation_marker:/home/russell/ROS2_REPAS/install/scene_manipulation_gui:/opt/ros/jazzy DEBUGINFOD_URLS=https://debuginfod.ubuntu.com /usr/bin/cmake --build /home/russell/ROS2_REPAS/build/robotiq_2f_gripper_msgs -- -j24 -l24
[0.069s] [  2%] [34m[1mGenerating type hashes for ROS interfaces[0m
[0.087s] [  2%] Built target ament_cmake_python_copy_robotiq_2f_gripper_msgs
[0.356s] running egg_info
[0.357s] creating robotiq_2f_gripper_msgs.egg-info
[0.388s] writing robotiq_2f_gripper_msgs.egg-info/PKG-INFO
[0.388s] writing dependency_links to robotiq_2f_gripper_msgs.egg-info/dependency_links.txt
[0.388s] writing top-level names to robotiq_2f_gripper_msgs.egg-info/top_level.txt
[0.388s] writing manifest file 'robotiq_2f_gripper_msgs.egg-info/SOURCES.txt'
[0.443s] reading manifest file 'robotiq_2f_gripper_msgs.egg-info/SOURCES.txt'
[0.444s] writing manifest file 'robotiq_2f_gripper_msgs.egg-info/SOURCES.txt'
[0.469s] [  2%] Built target ament_cmake_python_build_robotiq_2f_gripper_msgs_egg
[0.496s] [  2%] Built target robotiq_2f_gripper_msgs__rosidl_generator_type_description
[0.511s] [  5%] [34m[1mGenerating C code for ROS interfaces[0m
[0.525s] [  8%] [34m[1mGenerating C++ code for ROS interfaces[0m
[0.963s] [  8%] Built target robotiq_2f_gripper_msgs__cpp
[0.973s] [ 17%] [32mBuilding C object CMakeFiles/robotiq_2f_gripper_msgs__rosidl_generator_c.dir/rosidl_generator_c/robotiq_2f_gripper_msgs/action/detail/move_two_finger_gripper__functions.c.o[0m
[0.973s] [ 17%] [32mBuilding C object CMakeFiles/robotiq_2f_gripper_msgs__rosidl_generator_c.dir/rosidl_generator_c/robotiq_2f_gripper_msgs/action/detail/move_two_finger_gripper__description.c.o[0m
[0.973s] [ 17%] [32mBuilding C object CMakeFiles/robotiq_2f_gripper_msgs__rosidl_generator_c.dir/rosidl_generator_c/robotiq_2f_gripper_msgs/action/detail/move_two_finger_gripper__type_support.c.o[0m
[1.224s] [ 20%] [32m[1mLinking C shared library librobotiq_2f_gripper_msgs__rosidl_generator_c.so[0m
[1.263s] [ 20%] Built target robotiq_2f_gripper_msgs__rosidl_generator_c
[1.274s] [ 26%] [34m[1mGenerating C type support for eProsima Fast-RTPS[0m
[1.274s] [ 26%] [34m[1mGenerating C type support dispatch for ROS interfaces[0m
[1.274s] [ 32%] [34m[1mGenerating C++ type support for eProsima Fast-RTPS[0m
[1.275s] [ 32%] [34m[1mGenerating C introspection for ROS interfaces[0m
[1.275s] [ 35%] [34m[1mGenerating C++ introspection for ROS interfaces[0m
[1.278s] [ 38%] [34m[1mGenerating C++ type support dispatch for ROS interfaces[0m
[1.562s] [ 41%] [32mBuilding CXX object CMakeFiles/robotiq_2f_gripper_msgs__rosidl_typesupport_cpp.dir/rosidl_typesupport_cpp/robotiq_2f_gripper_msgs/action/move_two_finger_gripper__type_support.cpp.o[0m
[1.605s] [ 44%] [32mBuilding CXX object CMakeFiles/robotiq_2f_gripper_msgs__rosidl_typesupport_c.dir/rosidl_typesupport_c/robotiq_2f_gripper_msgs/action/move_two_finger_gripper__type_support.cpp.o[0m
[1.618s] [ 47%] [32mBuilding C object CMakeFiles/robotiq_2f_gripper_msgs__rosidl_typesupport_introspection_c.dir/rosidl_typesupport_introspection_c/robotiq_2f_gripper_msgs/action/detail/move_two_finger_gripper__type_support.c.o[0m
[1.666s] [ 50%] [32m[1mLinking CXX shared library librobotiq_2f_gripper_msgs__rosidl_typesupport_c.so[0m
[1.670s] [ 52%] [32mBuilding CXX object CMakeFiles/robotiq_2f_gripper_msgs__rosidl_typesupport_introspection_cpp.dir/rosidl_typesupport_introspection_cpp/robotiq_2f_gripper_msgs/action/detail/move_two_finger_gripper__type_support.cpp.o[0m
[1.685s] [ 55%] [32m[1mLinking C shared library librobotiq_2f_gripper_msgs__rosidl_typesupport_introspection_c.so[0m
[1.710s] [ 58%] [32mBuilding CXX object CMakeFiles/robotiq_2f_gripper_msgs__rosidl_typesupport_fastrtps_cpp.dir/rosidl_typesupport_fastrtps_cpp/robotiq_2f_gripper_msgs/action/detail/dds_fastrtps/move_two_finger_gripper__type_support.cpp.o[0m
[1.711s] [ 58%] Built target robotiq_2f_gripper_msgs__rosidl_typesupport_c
[1.721s] [ 58%] Built target robotiq_2f_gripper_msgs__rosidl_typesupport_introspection_c
[1.742s] [ 61%] [32mBuilding CXX object CMakeFiles/robotiq_2f_gripper_msgs__rosidl_typesupport_fastrtps_c.dir/rosidl_typesupport_fastrtps_c/robotiq_2f_gripper_msgs/action/detail/move_two_finger_gripper__type_support_c.cpp.o[0m
[2.091s] [ 64%] [32m[1mLinking CXX shared library librobotiq_2f_gripper_msgs__rosidl_typesupport_cpp.so[0m
[2.322s] [ 64%] Built target robotiq_2f_gripper_msgs__rosidl_typesupport_cpp
[2.353s] [ 67%] [32m[1mLinking CXX shared library librobotiq_2f_gripper_msgs__rosidl_typesupport_fastrtps_c.so[0m
[2.362s] [ 70%] [32m[1mLinking CXX shared library librobotiq_2f_gripper_msgs__rosidl_typesupport_introspection_cpp.so[0m
[2.427s] [ 70%] Built target robotiq_2f_gripper_msgs__rosidl_typesupport_fastrtps_c
[2.440s] [ 70%] Built target robotiq_2f_gripper_msgs__rosidl_typesupport_introspection_cpp
[2.509s] [ 73%] [32m[1mLinking CXX shared library librobotiq_2f_gripper_msgs__rosidl_typesupport_fastrtps_cpp.so[0m
[2.584s] [ 73%] Built target robotiq_2f_gripper_msgs__rosidl_typesupport_fastrtps_cpp
[2.608s] [ 73%] Built target robotiq_2f_gripper_msgs
[2.629s] [ 76%] [34m[1mGenerating Python code for ROS interfaces[0m
[3.329s] [ 76%] Built target robotiq_2f_gripper_msgs__py
[3.351s] [ 79%] [32mBuilding C object CMakeFiles/robotiq_2f_gripper_msgs__rosidl_generator_py.dir/rosidl_generator_py/robotiq_2f_gripper_msgs/action/_move_two_finger_gripper_s.c.o[0m
[3.779s] [ 82%] [32m[1mLinking C shared library librobotiq_2f_gripper_msgs__rosidl_generator_py.so[0m
[3.851s] [ 82%] Built target robotiq_2f_gripper_msgs__rosidl_generator_py
[3.874s] [ 85%] [32mBuilding C object CMakeFiles/robotiq_2f_gripper_msgs_s__rosidl_typesupport_fastrtps_c.dir/rosidl_generator_py/robotiq_2f_gripper_msgs/_robotiq_2f_gripper_msgs_s.ep.rosidl_typesupport_fastrtps_c.c.o[0m
[3.874s] [ 88%] [32mBuilding C object CMakeFiles/robotiq_2f_gripper_msgs_s__rosidl_typesupport_c.dir/rosidl_generator_py/robotiq_2f_gripper_msgs/_robotiq_2f_gripper_msgs_s.ep.rosidl_typesupport_c.c.o[0m
[3.875s] [ 91%] [32mBuilding C object CMakeFiles/robotiq_2f_gripper_msgs_s__rosidl_typesupport_introspection_c.dir/rosidl_generator_py/robotiq_2f_gripper_msgs/_robotiq_2f_gripper_msgs_s.ep.rosidl_typesupport_introspection_c.c.o[0m
[3.992s] [ 94%] [32m[1mLinking C shared module rosidl_generator_py/robotiq_2f_gripper_msgs/robotiq_2f_gripper_msgs_s__rosidl_typesupport_introspection_c.so[0m
[3.993s] [ 97%] [32m[1mLinking C shared module rosidl_generator_py/robotiq_2f_gripper_msgs/robotiq_2f_gripper_msgs_s__rosidl_typesupport_c.so[0m
[3.999s] [100%] [32m[1mLinking C shared module rosidl_generator_py/robotiq_2f_gripper_msgs/robotiq_2f_gripper_msgs_s__rosidl_typesupport_fastrtps_c.so[0m
[4.029s] [100%] Built target robotiq_2f_gripper_msgs_s__rosidl_typesupport_introspection_c
[4.029s] [100%] Built target robotiq_2f_gripper_msgs_s__rosidl_typesupport_c
[4.035s] [100%] Built target robotiq_2f_gripper_msgs_s__rosidl_typesupport_fastrtps_c
