[0.020s] Invoking command in '/home/russell/ROS2_REPAS/build/robotiq_2f_gripper_hardware': AMENT_PREFIX_PATH=/home/russell/ROS2_REPAS/install/robotiq_2f_gripper_interfaces:/home/russell/ROS2_REPAS/install/serial:/home/russell/ROS2_REPAS/install/robotiq_2f_gripper_msgs:${AMENT_PREFIX_PATH} CMAKE_PREFIX_PATH=/home/russell/ROS2_REPAS/install/robotiq_2f_gripper_interfaces:/home/russell/ROS2_REPAS/install/serial:/home/russell/ROS2_REPAS/install/robotiq_2f_gripper_msgs:/opt/ros/jazzy/opt/gz_sim_vendor:/opt/ros/jazzy/opt/gz_sensors_vendor:/opt/ros/jazzy/opt/gz_physics_vendor:/opt/ros/jazzy/opt/sdformat_vendor:/opt/ros/jazzy/opt/gz_gui_vendor:/opt/ros/jazzy/opt/gz_transport_vendor:/opt/ros/jazzy/opt/gz_rendering_vendor:/opt/ros/jazzy/opt/gz_plugin_vendor:/opt/ros/jazzy/opt/gz_fuel_tools_vendor:/opt/ros/jazzy/opt/gz_msgs_vendor:/opt/ros/jazzy/opt/gz_common_vendor:/opt/ros/jazzy/opt/gz_math_vendor:/opt/ros/jazzy/opt/gz_utils_vendor:/opt/ros/jazzy/opt/gz_tools_vendor:/opt/ros/jazzy/opt/gz_ogre_next_vendor:/opt/ros/jazzy/opt/gz_dartsim_vendor:/opt/ros/jazzy/opt/gz_cmake_vendor:/opt/ros/jazzy DEBUGINFOD_URLS=https://debuginfod.ubuntu.com LD_LIBRARY_PATH=/home/russell/ROS2_REPAS/install/robotiq_2f_gripper_interfaces/lib:/home/russell/ROS2_REPAS/install/serial/lib:/home/russell/ROS2_REPAS/install/robotiq_2f_gripper_msgs/lib:${LD_LIBRARY_PATH} PYTHONPATH=/home/russell/ROS2_REPAS/install/robotiq_2f_gripper_msgs/lib/python3.12/site-packages:${PYTHONPATH} /usr/bin/cmake /home/russell/ROS2_REPAS/src/robotiq_2f_gripper_ros2/robotiq_2f_gripper_hardware -DCMAKE_INSTALL_PREFIX=/home/russell/ROS2_REPAS/install/robotiq_2f_gripper_hardware
[0.116s] -- The CXX compiler identification is GNU 13.3.0
[0.141s] -- Detecting CXX compiler ABI info
[0.292s] -- Detecting CXX compiler ABI info - done
[0.307s] -- Check for working CXX compiler: /usr/bin/c++ - skipped
[0.307s] -- Detecting CXX compile features
[0.307s] -- Detecting CXX compile features - done
[0.318s] -- Found ament_cmake: 2.5.4 (/opt/ros/jazzy/share/ament_cmake/cmake)
[0.543s] -- Found Python3: /usr/bin/python3 (found version "3.12.3") found components: Interpreter 
[0.738s] -- Found hardware_interface: 4.32.0 (/opt/ros/jazzy/share/hardware_interface/cmake)
[0.836s] -- Found rosidl_generator_c: 4.6.5 (/opt/ros/jazzy/share/rosidl_generator_c/cmake)
[0.864s] -- Found rosidl_generator_cpp: 4.6.5 (/opt/ros/jazzy/share/rosidl_generator_cpp/cmake)
[0.897s] -- Using all available rosidl_typesupport_c: rosidl_typesupport_fastrtps_c;rosidl_typesupport_introspection_c
[0.932s] -- Using all available rosidl_typesupport_cpp: rosidl_typesupport_fastrtps_cpp;rosidl_typesupport_introspection_cpp
[1.288s] -- Found TinyXML2 via Config file: /usr/lib/x86_64-linux-gnu/cmake/tinyxml2
[1.374s] -- Found rmw_implementation_cmake: 7.3.2 (/opt/ros/jazzy/share/rmw_implementation_cmake/cmake)
[1.381s] -- Found rmw_fastrtps_cpp: 8.4.2 (/opt/ros/jazzy/share/rmw_fastrtps_cpp/cmake)
[1.427s] -- Found TinyXML2 via Config file: /usr/lib/x86_64-linux-gnu/cmake/tinyxml2
[1.535s] -- Found OpenSSL: /usr/lib/x86_64-linux-gnu/libcrypto.so (found version "3.0.13")  
[1.539s] -- Found TinyXML2 via Config file: /usr/lib/x86_64-linux-gnu/cmake/tinyxml2
[1.569s] -- Found FastRTPS: /opt/ros/jazzy/include (Required is at least version "2.13") 
[1.574s] -- Found TinyXML2 via Config file: /usr/lib/x86_64-linux-gnu/cmake/tinyxml2
[1.587s] -- Found TinyXML2 via Config file: /usr/lib/x86_64-linux-gnu/cmake/tinyxml2
[1.607s] -- Using RMW implementation 'rmw_fastrtps_cpp' as default
[2.094s] -- Found robotiq_2f_gripper_msgs: 0.0.0 (/home/russell/ROS2_REPAS/install/robotiq_2f_gripper_msgs/share/robotiq_2f_gripper_msgs/cmake)
[2.128s] -- Found serial: 1.2.1 (/home/russell/ROS2_REPAS/install/serial/share/serial/cmake)
[2.131s] -- Found robotiq_2f_gripper_interfaces: 0.0.1 (/home/russell/ROS2_REPAS/install/robotiq_2f_gripper_interfaces/share/robotiq_2f_gripper_interfaces/cmake)
[2.266s] -- Configuring done (2.2s)
[2.340s] -- Generating done (0.0s)
[2.349s] -- Build files have been written to: /home/russell/ROS2_REPAS/build/robotiq_2f_gripper_hardware
[2.368s] Invoked command in '/home/russell/ROS2_REPAS/build/robotiq_2f_gripper_hardware' returned '0': AMENT_PREFIX_PATH=/home/russell/ROS2_REPAS/install/robotiq_2f_gripper_interfaces:/home/russell/ROS2_REPAS/install/serial:/home/russell/ROS2_REPAS/install/robotiq_2f_gripper_msgs:${AMENT_PREFIX_PATH} CMAKE_PREFIX_PATH=/home/russell/ROS2_REPAS/install/robotiq_2f_gripper_interfaces:/home/russell/ROS2_REPAS/install/serial:/home/russell/ROS2_REPAS/install/robotiq_2f_gripper_msgs:/opt/ros/jazzy/opt/gz_sim_vendor:/opt/ros/jazzy/opt/gz_sensors_vendor:/opt/ros/jazzy/opt/gz_physics_vendor:/opt/ros/jazzy/opt/sdformat_vendor:/opt/ros/jazzy/opt/gz_gui_vendor:/opt/ros/jazzy/opt/gz_transport_vendor:/opt/ros/jazzy/opt/gz_rendering_vendor:/opt/ros/jazzy/opt/gz_plugin_vendor:/opt/ros/jazzy/opt/gz_fuel_tools_vendor:/opt/ros/jazzy/opt/gz_msgs_vendor:/opt/ros/jazzy/opt/gz_common_vendor:/opt/ros/jazzy/opt/gz_math_vendor:/opt/ros/jazzy/opt/gz_utils_vendor:/opt/ros/jazzy/opt/gz_tools_vendor:/opt/ros/jazzy/opt/gz_ogre_next_vendor:/opt/ros/jazzy/opt/gz_dartsim_vendor:/opt/ros/jazzy/opt/gz_cmake_vendor:/opt/ros/jazzy DEBUGINFOD_URLS=https://debuginfod.ubuntu.com LD_LIBRARY_PATH=/home/russell/ROS2_REPAS/install/robotiq_2f_gripper_interfaces/lib:/home/russell/ROS2_REPAS/install/serial/lib:/home/russell/ROS2_REPAS/install/robotiq_2f_gripper_msgs/lib:${LD_LIBRARY_PATH} PYTHONPATH=/home/russell/ROS2_REPAS/install/robotiq_2f_gripper_msgs/lib/python3.12/site-packages:${PYTHONPATH} /usr/bin/cmake /home/russell/ROS2_REPAS/src/robotiq_2f_gripper_ros2/robotiq_2f_gripper_hardware -DCMAKE_INSTALL_PREFIX=/home/russell/ROS2_REPAS/install/robotiq_2f_gripper_hardware
[2.369s] Invoking command in '/home/russell/ROS2_REPAS/build/robotiq_2f_gripper_hardware': AMENT_PREFIX_PATH=/home/russell/ROS2_REPAS/install/robotiq_2f_gripper_interfaces:/home/russell/ROS2_REPAS/install/serial:/home/russell/ROS2_REPAS/install/robotiq_2f_gripper_msgs:${AMENT_PREFIX_PATH} CMAKE_PREFIX_PATH=/home/russell/ROS2_REPAS/install/robotiq_2f_gripper_interfaces:/home/russell/ROS2_REPAS/install/serial:/home/russell/ROS2_REPAS/install/robotiq_2f_gripper_msgs:/opt/ros/jazzy/opt/gz_sim_vendor:/opt/ros/jazzy/opt/gz_sensors_vendor:/opt/ros/jazzy/opt/gz_physics_vendor:/opt/ros/jazzy/opt/sdformat_vendor:/opt/ros/jazzy/opt/gz_gui_vendor:/opt/ros/jazzy/opt/gz_transport_vendor:/opt/ros/jazzy/opt/gz_rendering_vendor:/opt/ros/jazzy/opt/gz_plugin_vendor:/opt/ros/jazzy/opt/gz_fuel_tools_vendor:/opt/ros/jazzy/opt/gz_msgs_vendor:/opt/ros/jazzy/opt/gz_common_vendor:/opt/ros/jazzy/opt/gz_math_vendor:/opt/ros/jazzy/opt/gz_utils_vendor:/opt/ros/jazzy/opt/gz_tools_vendor:/opt/ros/jazzy/opt/gz_ogre_next_vendor:/opt/ros/jazzy/opt/gz_dartsim_vendor:/opt/ros/jazzy/opt/gz_cmake_vendor:/opt/ros/jazzy DEBUGINFOD_URLS=https://debuginfod.ubuntu.com LD_LIBRARY_PATH=/home/russell/ROS2_REPAS/install/robotiq_2f_gripper_interfaces/lib:/home/russell/ROS2_REPAS/install/serial/lib:/home/russell/ROS2_REPAS/install/robotiq_2f_gripper_msgs/lib:${LD_LIBRARY_PATH} PYTHONPATH=/home/russell/ROS2_REPAS/install/robotiq_2f_gripper_msgs/lib/python3.12/site-packages:${PYTHONPATH} /usr/bin/cmake --build /home/russell/ROS2_REPAS/build/robotiq_2f_gripper_hardware -- -j24 -l24
[2.464s] [ 50%] [32mBuilding CXX object CMakeFiles/robotiq_2f_gripper_node.dir/src/robotiq_2f_gripper_node.cpp.o[0m
[8.607s] [100%] [32m[1mLinking CXX executable robotiq_2f_gripper_node[0m
[9.085s] [100%] Built target robotiq_2f_gripper_node
[9.100s] Invoked command in '/home/russell/ROS2_REPAS/build/robotiq_2f_gripper_hardware' returned '0': AMENT_PREFIX_PATH=/home/russell/ROS2_REPAS/install/robotiq_2f_gripper_interfaces:/home/russell/ROS2_REPAS/install/serial:/home/russell/ROS2_REPAS/install/robotiq_2f_gripper_msgs:${AMENT_PREFIX_PATH} CMAKE_PREFIX_PATH=/home/russell/ROS2_REPAS/install/robotiq_2f_gripper_interfaces:/home/russell/ROS2_REPAS/install/serial:/home/russell/ROS2_REPAS/install/robotiq_2f_gripper_msgs:/opt/ros/jazzy/opt/gz_sim_vendor:/opt/ros/jazzy/opt/gz_sensors_vendor:/opt/ros/jazzy/opt/gz_physics_vendor:/opt/ros/jazzy/opt/sdformat_vendor:/opt/ros/jazzy/opt/gz_gui_vendor:/opt/ros/jazzy/opt/gz_transport_vendor:/opt/ros/jazzy/opt/gz_rendering_vendor:/opt/ros/jazzy/opt/gz_plugin_vendor:/opt/ros/jazzy/opt/gz_fuel_tools_vendor:/opt/ros/jazzy/opt/gz_msgs_vendor:/opt/ros/jazzy/opt/gz_common_vendor:/opt/ros/jazzy/opt/gz_math_vendor:/opt/ros/jazzy/opt/gz_utils_vendor:/opt/ros/jazzy/opt/gz_tools_vendor:/opt/ros/jazzy/opt/gz_ogre_next_vendor:/opt/ros/jazzy/opt/gz_dartsim_vendor:/opt/ros/jazzy/opt/gz_cmake_vendor:/opt/ros/jazzy DEBUGINFOD_URLS=https://debuginfod.ubuntu.com LD_LIBRARY_PATH=/home/russell/ROS2_REPAS/install/robotiq_2f_gripper_interfaces/lib:/home/russell/ROS2_REPAS/install/serial/lib:/home/russell/ROS2_REPAS/install/robotiq_2f_gripper_msgs/lib:${LD_LIBRARY_PATH} PYTHONPATH=/home/russell/ROS2_REPAS/install/robotiq_2f_gripper_msgs/lib/python3.12/site-packages:${PYTHONPATH} /usr/bin/cmake --build /home/russell/ROS2_REPAS/build/robotiq_2f_gripper_hardware -- -j24 -l24
[9.101s] Invoking command in '/home/russell/ROS2_REPAS/build/robotiq_2f_gripper_hardware': AMENT_PREFIX_PATH=/home/russell/ROS2_REPAS/install/robotiq_2f_gripper_interfaces:/home/russell/ROS2_REPAS/install/serial:/home/russell/ROS2_REPAS/install/robotiq_2f_gripper_msgs:${AMENT_PREFIX_PATH} CMAKE_PREFIX_PATH=/home/russell/ROS2_REPAS/install/robotiq_2f_gripper_interfaces:/home/russell/ROS2_REPAS/install/serial:/home/russell/ROS2_REPAS/install/robotiq_2f_gripper_msgs:/opt/ros/jazzy/opt/gz_sim_vendor:/opt/ros/jazzy/opt/gz_sensors_vendor:/opt/ros/jazzy/opt/gz_physics_vendor:/opt/ros/jazzy/opt/sdformat_vendor:/opt/ros/jazzy/opt/gz_gui_vendor:/opt/ros/jazzy/opt/gz_transport_vendor:/opt/ros/jazzy/opt/gz_rendering_vendor:/opt/ros/jazzy/opt/gz_plugin_vendor:/opt/ros/jazzy/opt/gz_fuel_tools_vendor:/opt/ros/jazzy/opt/gz_msgs_vendor:/opt/ros/jazzy/opt/gz_common_vendor:/opt/ros/jazzy/opt/gz_math_vendor:/opt/ros/jazzy/opt/gz_utils_vendor:/opt/ros/jazzy/opt/gz_tools_vendor:/opt/ros/jazzy/opt/gz_ogre_next_vendor:/opt/ros/jazzy/opt/gz_dartsim_vendor:/opt/ros/jazzy/opt/gz_cmake_vendor:/opt/ros/jazzy DEBUGINFOD_URLS=https://debuginfod.ubuntu.com LD_LIBRARY_PATH=/home/russell/ROS2_REPAS/install/robotiq_2f_gripper_interfaces/lib:/home/russell/ROS2_REPAS/install/serial/lib:/home/russell/ROS2_REPAS/install/robotiq_2f_gripper_msgs/lib:${LD_LIBRARY_PATH} PYTHONPATH=/home/russell/ROS2_REPAS/install/robotiq_2f_gripper_msgs/lib/python3.12/site-packages:${PYTHONPATH} /usr/bin/cmake --install /home/russell/ROS2_REPAS/build/robotiq_2f_gripper_hardware
[9.110s] -- Install configuration: ""
[9.111s] -- Installing: /home/russell/ROS2_REPAS/install/robotiq_2f_gripper_hardware/lib/robotiq_2f_gripper_hardware/robotiq_2f_gripper_node
[9.114s] -- Set non-toolchain portion of runtime path of "/home/russell/ROS2_REPAS/install/robotiq_2f_gripper_hardware/lib/robotiq_2f_gripper_hardware/robotiq_2f_gripper_node" to ""
[9.114s] -- Installing: /home/russell/ROS2_REPAS/install/robotiq_2f_gripper_hardware/include/robotiq_2f_gripper_hardware
[9.114s] -- Installing: /home/russell/ROS2_REPAS/install/robotiq_2f_gripper_hardware/include/robotiq_2f_gripper_hardware/robotiq_2f_gripper_node.hpp
[9.115s] -- Installing: /home/russell/ROS2_REPAS/install/robotiq_2f_gripper_hardware/share/robotiq_2f_gripper_hardware/launch
[9.115s] -- Installing: /home/russell/ROS2_REPAS/install/robotiq_2f_gripper_hardware/share/robotiq_2f_gripper_hardware/launch/robotiq_2f_gripper_launch.py
[9.115s] -- Installing: /home/russell/ROS2_REPAS/install/robotiq_2f_gripper_hardware/share/ament_index/resource_index/package_run_dependencies/robotiq_2f_gripper_hardware
[9.115s] -- Installing: /home/russell/ROS2_REPAS/install/robotiq_2f_gripper_hardware/share/ament_index/resource_index/parent_prefix_path/robotiq_2f_gripper_hardware
[9.116s] -- Installing: /home/russell/ROS2_REPAS/install/robotiq_2f_gripper_hardware/share/robotiq_2f_gripper_hardware/environment/ament_prefix_path.sh
[9.116s] -- Installing: /home/russell/ROS2_REPAS/install/robotiq_2f_gripper_hardware/share/robotiq_2f_gripper_hardware/environment/ament_prefix_path.dsv
[9.116s] -- Installing: /home/russell/ROS2_REPAS/install/robotiq_2f_gripper_hardware/share/robotiq_2f_gripper_hardware/environment/path.sh
[9.116s] -- Installing: /home/russell/ROS2_REPAS/install/robotiq_2f_gripper_hardware/share/robotiq_2f_gripper_hardware/environment/path.dsv
[9.117s] -- Installing: /home/russell/ROS2_REPAS/install/robotiq_2f_gripper_hardware/share/robotiq_2f_gripper_hardware/local_setup.bash
[9.117s] -- Installing: /home/russell/ROS2_REPAS/install/robotiq_2f_gripper_hardware/share/robotiq_2f_gripper_hardware/local_setup.sh
[9.117s] -- Installing: /home/russell/ROS2_REPAS/install/robotiq_2f_gripper_hardware/share/robotiq_2f_gripper_hardware/local_setup.zsh
[9.117s] -- Installing: /home/russell/ROS2_REPAS/install/robotiq_2f_gripper_hardware/share/robotiq_2f_gripper_hardware/local_setup.dsv
[9.117s] -- Installing: /home/russell/ROS2_REPAS/install/robotiq_2f_gripper_hardware/share/robotiq_2f_gripper_hardware/package.dsv
[9.117s] -- Installing: /home/russell/ROS2_REPAS/install/robotiq_2f_gripper_hardware/share/ament_index/resource_index/packages/robotiq_2f_gripper_hardware
[9.118s] -- Installing: /home/russell/ROS2_REPAS/install/robotiq_2f_gripper_hardware/share/robotiq_2f_gripper_hardware/cmake/robotiq_2f_gripper_hardwareConfig.cmake
[9.118s] -- Installing: /home/russell/ROS2_REPAS/install/robotiq_2f_gripper_hardware/share/robotiq_2f_gripper_hardware/cmake/robotiq_2f_gripper_hardwareConfig-version.cmake
[9.118s] -- Installing: /home/russell/ROS2_REPAS/install/robotiq_2f_gripper_hardware/share/robotiq_2f_gripper_hardware/package.xml
[9.121s] Invoked command in '/home/russell/ROS2_REPAS/build/robotiq_2f_gripper_hardware' returned '0': AMENT_PREFIX_PATH=/home/russell/ROS2_REPAS/install/robotiq_2f_gripper_interfaces:/home/russell/ROS2_REPAS/install/serial:/home/russell/ROS2_REPAS/install/robotiq_2f_gripper_msgs:${AMENT_PREFIX_PATH} CMAKE_PREFIX_PATH=/home/russell/ROS2_REPAS/install/robotiq_2f_gripper_interfaces:/home/russell/ROS2_REPAS/install/serial:/home/russell/ROS2_REPAS/install/robotiq_2f_gripper_msgs:/opt/ros/jazzy/opt/gz_sim_vendor:/opt/ros/jazzy/opt/gz_sensors_vendor:/opt/ros/jazzy/opt/gz_physics_vendor:/opt/ros/jazzy/opt/sdformat_vendor:/opt/ros/jazzy/opt/gz_gui_vendor:/opt/ros/jazzy/opt/gz_transport_vendor:/opt/ros/jazzy/opt/gz_rendering_vendor:/opt/ros/jazzy/opt/gz_plugin_vendor:/opt/ros/jazzy/opt/gz_fuel_tools_vendor:/opt/ros/jazzy/opt/gz_msgs_vendor:/opt/ros/jazzy/opt/gz_common_vendor:/opt/ros/jazzy/opt/gz_math_vendor:/opt/ros/jazzy/opt/gz_utils_vendor:/opt/ros/jazzy/opt/gz_tools_vendor:/opt/ros/jazzy/opt/gz_ogre_next_vendor:/opt/ros/jazzy/opt/gz_dartsim_vendor:/opt/ros/jazzy/opt/gz_cmake_vendor:/opt/ros/jazzy DEBUGINFOD_URLS=https://debuginfod.ubuntu.com LD_LIBRARY_PATH=/home/russell/ROS2_REPAS/install/robotiq_2f_gripper_interfaces/lib:/home/russell/ROS2_REPAS/install/serial/lib:/home/russell/ROS2_REPAS/install/robotiq_2f_gripper_msgs/lib:${LD_LIBRARY_PATH} PYTHONPATH=/home/russell/ROS2_REPAS/install/robotiq_2f_gripper_msgs/lib/python3.12/site-packages:${PYTHONPATH} /usr/bin/cmake --install /home/russell/ROS2_REPAS/build/robotiq_2f_gripper_hardware
